-- The C compiler identification is GNU 11.4.0
-- The CXX compiler identification is GNU 11.4.0
-- Detecting C compiler ABI info
-- Detecting C compiler ABI info - done
-- Check for working C compiler: /usr/local/cuda-11.5/bin/cc - skipped
-- Detecting C compile features
-- Detecting C compile features - done
-- Detecting CXX compiler ABI info
-- Detecting CXX compiler ABI info - done
-- Check for working CXX compiler: /usr/local/cuda-11.5/bin/c++ - skipped
-- Detecting CXX compile features
-- Detecting CXX compile features - done
-- Found ament_cmake: 1.3.11 (/opt/ros/humble/share/ament_cmake/cmake)
-- Found Python3: /usr/local/cuda-11.5/bin/python3 (found version "3.10.12") found components: Interpreter 
-- Found builtin_interfaces: 1.2.1 (/opt/ros/humble/share/builtin_interfaces/cmake)
-- Found rosidl_generator_c: 3.1.6 (/opt/ros/humble/share/rosidl_generator_c/cmake)
-- Found rosidl_adapter: 3.1.6 (/opt/ros/humble/share/rosidl_adapter/cmake)
-- Found rosidl_generator_cpp: 3.1.6 (/opt/ros/humble/share/rosidl_generator_cpp/cmake)
-- Using all available rosidl_typesupport_c: rosidl_typesupport_fastrtps_c;rosidl_typesupport_introspection_c
-- Using all available rosidl_typesupport_cpp: rosidl_typesupport_fastrtps_cpp;rosidl_typesupport_introspection_cpp
-- Found std_msgs: 4.2.4 (/opt/ros/humble/share/std_msgs/cmake)
-- Found rosidl_default_generators: 1.2.0 (/opt/ros/humble/share/rosidl_default_generators/cmake)
-- Found ament_cmake_ros: 0.10.0 (/opt/ros/humble/share/ament_cmake_ros/cmake)
-- Using all available rosidl_typesupport_c: rosidl_typesupport_fastrtps_c;rosidl_typesupport_introspection_c
-- Using all available rosidl_typesupport_cpp: rosidl_typesupport_fastrtps_cpp;rosidl_typesupport_introspection_cpp
-- Found PythonInterp: /usr/local/cuda-11.5/bin/python3 (found suitable version "3.10.12", minimum required is "3.6") 
-- Found python_cmake_module: 0.10.0 (/opt/ros/humble/share/python_cmake_module/cmake)
-- Found PythonLibs: /usr/lib/x86_64-linux-gnu/libpython3.10.so (found suitable version "3.10.12", minimum required is "3.5") 
-- Using PYTHON_EXECUTABLE: /usr/local/cuda-11.5/bin/python3
-- Using PYTHON_INCLUDE_DIRS: /usr/include/python3.10
-- Using PYTHON_LIBRARIES: /usr/lib/x86_64-linux-gnu/libpython3.10.so
-- Found PythonExtra: .so  
-- Configuring done
-- Generating done
-- Build files have been written to: /home/jason9308/robot_ws/src/build/grpr2f85_ifaces
[  2%] [34m[1mGenerating C code for ROS interfaces[0m
[  4%] [34m[1mGenerating C++ code for ROS interfaces[0m
[  4%] Built target ament_cmake_python_copy_grpr2f85_ifaces
running egg_info
creating grpr2f85_ifaces.egg-info
writing grpr2f85_ifaces.egg-info/PKG-INFO
writing dependency_links to grpr2f85_ifaces.egg-info/dependency_links.txt
writing top-level names to grpr2f85_ifaces.egg-info/top_level.txt
writing manifest file 'grpr2f85_ifaces.egg-info/SOURCES.txt'
reading manifest file 'grpr2f85_ifaces.egg-info/SOURCES.txt'
writing manifest file 'grpr2f85_ifaces.egg-info/SOURCES.txt'
[  4%] Built target ament_cmake_python_build_grpr2f85_ifaces_egg
[  4%] Built target grpr2f85_ifaces__cpp
[  6%] [34m[1mGenerating C++ introspection for ROS interfaces[0m
[  8%] [34m[1mGenerating C++ type support for eProsima Fast-RTPS[0m
[ 10%] [34m[1mGenerating C++ type support dispatch for ROS interfaces[0m
[ 12%] [32mBuilding CXX object CMakeFiles/grpr2f85_ifaces__rosidl_typesupport_introspection_cpp.dir/rosidl_typesupport_introspection_cpp/grpr2f85_ifaces/srv/detail/reset__type_support.cpp.o[0m
[ 14%] [32mBuilding CXX object CMakeFiles/grpr2f85_ifaces__rosidl_typesupport_introspection_cpp.dir/rosidl_typesupport_introspection_cpp/grpr2f85_ifaces/srv/detail/get_gripper_status__type_support.cpp.o[0m
[ 17%] [32mBuilding CXX object CMakeFiles/grpr2f85_ifaces__rosidl_typesupport_introspection_cpp.dir/rosidl_typesupport_introspection_cpp/grpr2f85_ifaces/srv/detail/set_gripper_state__type_support.cpp.o[0m
[ 19%] [32mBuilding C object CMakeFiles/grpr2f85_ifaces__rosidl_generator_c.dir/rosidl_generator_c/grpr2f85_ifaces/srv/detail/reset__functions.c.o[0m
[ 21%] [32mBuilding C object CMakeFiles/grpr2f85_ifaces__rosidl_generator_c.dir/rosidl_generator_c/grpr2f85_ifaces/srv/detail/get_gripper_status__functions.c.o[0m
[ 23%] [32mBuilding C object CMakeFiles/grpr2f85_ifaces__rosidl_generator_c.dir/rosidl_generator_c/grpr2f85_ifaces/srv/detail/set_gripper_state__functions.c.o[0m
[ 25%] [32mBuilding CXX object CMakeFiles/grpr2f85_ifaces__rosidl_typesupport_cpp.dir/rosidl_typesupport_cpp/grpr2f85_ifaces/srv/get_gripper_status__type_support.cpp.o[0m
[ 27%] [32mBuilding CXX object CMakeFiles/grpr2f85_ifaces__rosidl_typesupport_cpp.dir/rosidl_typesupport_cpp/grpr2f85_ifaces/srv/reset__type_support.cpp.o[0m
[ 29%] [32mBuilding CXX object CMakeFiles/grpr2f85_ifaces__rosidl_typesupport_cpp.dir/rosidl_typesupport_cpp/grpr2f85_ifaces/srv/set_gripper_state__type_support.cpp.o[0m
[ 31%] [32m[1mLinking C shared library libgrpr2f85_ifaces__rosidl_generator_c.so[0m
[ 31%] Built target grpr2f85_ifaces__rosidl_generator_c
[ 34%] [34m[1mGenerating C type support dispatch for ROS interfaces[0m
[ 36%] [34m[1mGenerating C type support for eProsima Fast-RTPS[0m
[ 38%] [34m[1mGenerating C introspection for ROS interfaces[0m
[ 40%] [32mBuilding CXX object CMakeFiles/grpr2f85_ifaces__rosidl_typesupport_fastrtps_cpp.dir/rosidl_typesupport_fastrtps_cpp/grpr2f85_ifaces/srv/detail/dds_fastrtps/get_gripper_status__type_support.cpp.o[0m
[ 42%] [32mBuilding CXX object CMakeFiles/grpr2f85_ifaces__rosidl_typesupport_fastrtps_cpp.dir/rosidl_typesupport_fastrtps_cpp/grpr2f85_ifaces/srv/detail/dds_fastrtps/reset__type_support.cpp.o[0m
[ 44%] [32mBuilding CXX object CMakeFiles/grpr2f85_ifaces__rosidl_typesupport_fastrtps_cpp.dir/rosidl_typesupport_fastrtps_cpp/grpr2f85_ifaces/srv/detail/dds_fastrtps/set_gripper_state__type_support.cpp.o[0m
[ 46%] [32m[1mLinking CXX shared library libgrpr2f85_ifaces__rosidl_typesupport_introspection_cpp.so[0m
[ 46%] Built target grpr2f85_ifaces__rosidl_typesupport_introspection_cpp
[ 48%] [32mBuilding C object CMakeFiles/grpr2f85_ifaces__rosidl_typesupport_introspection_c.dir/rosidl_typesupport_introspection_c/grpr2f85_ifaces/srv/detail/reset__type_support.c.o[0m
[ 51%] [32mBuilding C object CMakeFiles/grpr2f85_ifaces__rosidl_typesupport_introspection_c.dir/rosidl_typesupport_introspection_c/grpr2f85_ifaces/srv/detail/set_gripper_state__type_support.c.o[0m
[ 53%] [32mBuilding C object CMakeFiles/grpr2f85_ifaces__rosidl_typesupport_introspection_c.dir/rosidl_typesupport_introspection_c/grpr2f85_ifaces/srv/detail/get_gripper_status__type_support.c.o[0m
[ 55%] [32mBuilding CXX object CMakeFiles/grpr2f85_ifaces__rosidl_typesupport_c.dir/rosidl_typesupport_c/grpr2f85_ifaces/srv/reset__type_support.cpp.o[0m
[ 57%] [32mBuilding CXX object CMakeFiles/grpr2f85_ifaces__rosidl_typesupport_c.dir/rosidl_typesupport_c/grpr2f85_ifaces/srv/get_gripper_status__type_support.cpp.o[0m
[ 59%] [32mBuilding CXX object CMakeFiles/grpr2f85_ifaces__rosidl_typesupport_c.dir/rosidl_typesupport_c/grpr2f85_ifaces/srv/set_gripper_state__type_support.cpp.o[0m
[ 61%] [32m[1mLinking C shared library libgrpr2f85_ifaces__rosidl_typesupport_introspection_c.so[0m
[ 63%] [32m[1mLinking CXX shared library libgrpr2f85_ifaces__rosidl_typesupport_c.so[0m
[ 63%] Built target grpr2f85_ifaces__rosidl_typesupport_introspection_c
[ 63%] Built target grpr2f85_ifaces__rosidl_typesupport_c
[ 65%] [32m[1mLinking CXX shared library libgrpr2f85_ifaces__rosidl_typesupport_fastrtps_cpp.so[0m
[ 68%] [32m[1mLinking CXX shared library libgrpr2f85_ifaces__rosidl_typesupport_cpp.so[0m
[ 68%] Built target grpr2f85_ifaces__rosidl_typesupport_cpp
[ 68%] Built target grpr2f85_ifaces__rosidl_typesupport_fastrtps_cpp
[ 72%] [32mBuilding CXX object CMakeFiles/grpr2f85_ifaces__rosidl_typesupport_fastrtps_c.dir/rosidl_typesupport_fastrtps_c/grpr2f85_ifaces/srv/detail/get_gripper_status__type_support_c.cpp.o[0m
[ 72%] [32mBuilding CXX object CMakeFiles/grpr2f85_ifaces__rosidl_typesupport_fastrtps_c.dir/rosidl_typesupport_fastrtps_c/grpr2f85_ifaces/srv/detail/reset__type_support_c.cpp.o[0m
[ 74%] [32mBuilding CXX object CMakeFiles/grpr2f85_ifaces__rosidl_typesupport_fastrtps_c.dir/rosidl_typesupport_fastrtps_c/grpr2f85_ifaces/srv/detail/set_gripper_state__type_support_c.cpp.o[0m
[ 76%] [32m[1mLinking CXX shared library libgrpr2f85_ifaces__rosidl_typesupport_fastrtps_c.so[0m
[ 76%] Built target grpr2f85_ifaces__rosidl_typesupport_fastrtps_c
[ 76%] Built target grpr2f85_ifaces
[ 78%] [34m[1mGenerating Python code for ROS interfaces[0m
[ 78%] Built target grpr2f85_ifaces__py
[ 80%] [32mBuilding C object CMakeFiles/grpr2f85_ifaces__rosidl_generator_py.dir/rosidl_generator_py/grpr2f85_ifaces/srv/_reset_s.c.o[0m
[ 82%] [32mBuilding C object CMakeFiles/grpr2f85_ifaces__rosidl_generator_py.dir/rosidl_generator_py/grpr2f85_ifaces/srv/_get_gripper_status_s.c.o[0m
[ 85%] [32mBuilding C object CMakeFiles/grpr2f85_ifaces__rosidl_generator_py.dir/rosidl_generator_py/grpr2f85_ifaces/srv/_set_gripper_state_s.c.o[0m
[ 87%] [32m[1mLinking C shared library rosidl_generator_py/grpr2f85_ifaces/libgrpr2f85_ifaces__rosidl_generator_py.so[0m
[ 87%] Built target grpr2f85_ifaces__rosidl_generator_py
[ 89%] [32mBuilding C object CMakeFiles/grpr2f85_ifaces__rosidl_typesupport_introspection_c__pyext.dir/rosidl_generator_py/grpr2f85_ifaces/_grpr2f85_ifaces_s.ep.rosidl_typesupport_introspection_c.c.o[0m
[ 91%] [32mBuilding C object CMakeFiles/grpr2f85_ifaces__rosidl_typesupport_c__pyext.dir/rosidl_generator_py/grpr2f85_ifaces/_grpr2f85_ifaces_s.ep.rosidl_typesupport_c.c.o[0m
[ 93%] [32mBuilding C object CMakeFiles/grpr2f85_ifaces__rosidl_typesupport_fastrtps_c__pyext.dir/rosidl_generator_py/grpr2f85_ifaces/_grpr2f85_ifaces_s.ep.rosidl_typesupport_fastrtps_c.c.o[0m
[ 95%] [32m[1mLinking C shared library rosidl_generator_py/grpr2f85_ifaces/grpr2f85_ifaces_s__rosidl_typesupport_introspection_c.cpython-310-x86_64-linux-gnu.so[0m
[ 97%] [32m[1mLinking C shared library rosidl_generator_py/grpr2f85_ifaces/grpr2f85_ifaces_s__rosidl_typesupport_fastrtps_c.cpython-310-x86_64-linux-gnu.so[0m
[100%] [32m[1mLinking C shared library rosidl_generator_py/grpr2f85_ifaces/grpr2f85_ifaces_s__rosidl_typesupport_c.cpython-310-x86_64-linux-gnu.so[0m
[100%] Built target grpr2f85_ifaces__rosidl_typesupport_fastrtps_c__pyext
[100%] Built target grpr2f85_ifaces__rosidl_typesupport_c__pyext
[100%] Built target grpr2f85_ifaces__rosidl_typesupport_introspection_c__pyext
-- Install configuration: ""
-- Installing: /home/jason9308/robot_ws/src/install/grpr2f85_ifaces/share/ament_index/resource_index/rosidl_interfaces/grpr2f85_ifaces
-- Installing: /home/jason9308/robot_ws/src/install/grpr2f85_ifaces/include/grpr2f85_ifaces/grpr2f85_ifaces
-- Installing: /home/jason9308/robot_ws/src/install/grpr2f85_ifaces/include/grpr2f85_ifaces/grpr2f85_ifaces/msg
-- Installing: /home/jason9308/robot_ws/src/install/grpr2f85_ifaces/include/grpr2f85_ifaces/grpr2f85_ifaces/msg/rosidl_generator_c__visibility_control.h
-- Installing: /home/jason9308/robot_ws/src/install/grpr2f85_ifaces/include/grpr2f85_ifaces/grpr2f85_ifaces/srv
-- Installing: /home/jason9308/robot_ws/src/install/grpr2f85_ifaces/include/grpr2f85_ifaces/grpr2f85_ifaces/srv/set_gripper_state.h
-- Installing: /home/jason9308/robot_ws/src/install/grpr2f85_ifaces/include/grpr2f85_ifaces/grpr2f85_ifaces/srv/detail
-- Installing: /home/jason9308/robot_ws/src/install/grpr2f85_ifaces/include/grpr2f85_ifaces/grpr2f85_ifaces/srv/detail/get_gripper_status__functions.c
-- Installing: /home/jason9308/robot_ws/src/install/grpr2f85_ifaces/include/grpr2f85_ifaces/grpr2f85_ifaces/srv/detail/set_gripper_state__type_support.h
-- Installing: /home/jason9308/robot_ws/src/install/grpr2f85_ifaces/include/grpr2f85_ifaces/grpr2f85_ifaces/srv/detail/set_gripper_state__functions.c
-- Installing: /home/jason9308/robot_ws/src/install/grpr2f85_ifaces/include/grpr2f85_ifaces/grpr2f85_ifaces/srv/detail/reset__functions.c
-- Installing: /home/jason9308/robot_ws/src/install/grpr2f85_ifaces/include/grpr2f85_ifaces/grpr2f85_ifaces/srv/detail/get_gripper_status__struct.h
-- Installing: /home/jason9308/robot_ws/src/install/grpr2f85_ifaces/include/grpr2f85_ifaces/grpr2f85_ifaces/srv/detail/reset__functions.h
-- Installing: /home/jason9308/robot_ws/src/install/grpr2f85_ifaces/include/grpr2f85_ifaces/grpr2f85_ifaces/srv/detail/reset__type_support.h
-- Installing: /home/jason9308/robot_ws/src/install/grpr2f85_ifaces/include/grpr2f85_ifaces/grpr2f85_ifaces/srv/detail/get_gripper_status__functions.h
-- Installing: /home/jason9308/robot_ws/src/install/grpr2f85_ifaces/include/grpr2f85_ifaces/grpr2f85_ifaces/srv/detail/reset__struct.h
-- Installing: /home/jason9308/robot_ws/src/install/grpr2f85_ifaces/include/grpr2f85_ifaces/grpr2f85_ifaces/srv/detail/get_gripper_status__type_support.h
-- Installing: /home/jason9308/robot_ws/src/install/grpr2f85_ifaces/include/grpr2f85_ifaces/grpr2f85_ifaces/srv/detail/set_gripper_state__functions.h
-- Installing: /home/jason9308/robot_ws/src/install/grpr2f85_ifaces/include/grpr2f85_ifaces/grpr2f85_ifaces/srv/detail/set_gripper_state__struct.h
-- Installing: /home/jason9308/robot_ws/src/install/grpr2f85_ifaces/include/grpr2f85_ifaces/grpr2f85_ifaces/srv/get_gripper_status.h
-- Installing: /home/jason9308/robot_ws/src/install/grpr2f85_ifaces/include/grpr2f85_ifaces/grpr2f85_ifaces/srv/reset.h
-- Installing: /home/jason9308/robot_ws/src/install/grpr2f85_ifaces/share/grpr2f85_ifaces/environment/library_path.sh
-- Installing: /home/jason9308/robot_ws/src/install/grpr2f85_ifaces/share/grpr2f85_ifaces/environment/library_path.dsv
-- Installing: /home/jason9308/robot_ws/src/install/grpr2f85_ifaces/lib/libgrpr2f85_ifaces__rosidl_generator_c.so
-- Set runtime path of "/home/jason9308/robot_ws/src/install/grpr2f85_ifaces/lib/libgrpr2f85_ifaces__rosidl_generator_c.so" to ""
-- Up-to-date: /home/jason9308/robot_ws/src/install/grpr2f85_ifaces/include/grpr2f85_ifaces/grpr2f85_ifaces
-- Up-to-date: /home/jason9308/robot_ws/src/install/grpr2f85_ifaces/include/grpr2f85_ifaces/grpr2f85_ifaces/msg
-- Installing: /home/jason9308/robot_ws/src/install/grpr2f85_ifaces/include/grpr2f85_ifaces/grpr2f85_ifaces/msg/rosidl_typesupport_fastrtps_c__visibility_control.h
-- Up-to-date: /home/jason9308/robot_ws/src/install/grpr2f85_ifaces/include/grpr2f85_ifaces/grpr2f85_ifaces/srv
-- Up-to-date: /home/jason9308/robot_ws/src/install/grpr2f85_ifaces/include/grpr2f85_ifaces/grpr2f85_ifaces/srv/detail
-- Installing: /home/jason9308/robot_ws/src/install/grpr2f85_ifaces/include/grpr2f85_ifaces/grpr2f85_ifaces/srv/detail/reset__rosidl_typesupport_fastrtps_c.h
-- Installing: /home/jason9308/robot_ws/src/install/grpr2f85_ifaces/include/grpr2f85_ifaces/grpr2f85_ifaces/srv/detail/set_gripper_state__rosidl_typesupport_fastrtps_c.h
-- Installing: /home/jason9308/robot_ws/src/install/grpr2f85_ifaces/include/grpr2f85_ifaces/grpr2f85_ifaces/srv/detail/get_gripper_status__rosidl_typesupport_fastrtps_c.h
-- Installing: /home/jason9308/robot_ws/src/install/grpr2f85_ifaces/lib/libgrpr2f85_ifaces__rosidl_typesupport_fastrtps_c.so
-- Set runtime path of "/home/jason9308/robot_ws/src/install/grpr2f85_ifaces/lib/libgrpr2f85_ifaces__rosidl_typesupport_fastrtps_c.so" to ""
-- Up-to-date: /home/jason9308/robot_ws/src/install/grpr2f85_ifaces/include/grpr2f85_ifaces/grpr2f85_ifaces
-- Up-to-date: /home/jason9308/robot_ws/src/install/grpr2f85_ifaces/include/grpr2f85_ifaces/grpr2f85_ifaces/msg
-- Installing: /home/jason9308/robot_ws/src/install/grpr2f85_ifaces/include/grpr2f85_ifaces/grpr2f85_ifaces/msg/rosidl_generator_cpp__visibility_control.hpp
-- Up-to-date: /home/jason9308/robot_ws/src/install/grpr2f85_ifaces/include/grpr2f85_ifaces/grpr2f85_ifaces/srv
-- Installing: /home/jason9308/robot_ws/src/install/grpr2f85_ifaces/include/grpr2f85_ifaces/grpr2f85_ifaces/srv/get_gripper_status.hpp
-- Installing: /home/jason9308/robot_ws/src/install/grpr2f85_ifaces/include/grpr2f85_ifaces/grpr2f85_ifaces/srv/reset.hpp
-- Up-to-date: /home/jason9308/robot_ws/src/install/grpr2f85_ifaces/include/grpr2f85_ifaces/grpr2f85_ifaces/srv/detail
-- Installing: /home/jason9308/robot_ws/src/install/grpr2f85_ifaces/include/grpr2f85_ifaces/grpr2f85_ifaces/srv/detail/set_gripper_state__builder.hpp
-- Installing: /home/jason9308/robot_ws/src/install/grpr2f85_ifaces/include/grpr2f85_ifaces/grpr2f85_ifaces/srv/detail/get_gripper_status__type_support.hpp
-- Installing: /home/jason9308/robot_ws/src/install/grpr2f85_ifaces/include/grpr2f85_ifaces/grpr2f85_ifaces/srv/detail/reset__type_support.hpp
-- Installing: /home/jason9308/robot_ws/src/install/grpr2f85_ifaces/include/grpr2f85_ifaces/grpr2f85_ifaces/srv/detail/reset__builder.hpp
-- Installing: /home/jason9308/robot_ws/src/install/grpr2f85_ifaces/include/grpr2f85_ifaces/grpr2f85_ifaces/srv/detail/reset__traits.hpp
-- Installing: /home/jason9308/robot_ws/src/install/grpr2f85_ifaces/include/grpr2f85_ifaces/grpr2f85_ifaces/srv/detail/get_gripper_status__builder.hpp
-- Installing: /home/jason9308/robot_ws/src/install/grpr2f85_ifaces/include/grpr2f85_ifaces/grpr2f85_ifaces/srv/detail/get_gripper_status__traits.hpp
-- Installing: /home/jason9308/robot_ws/src/install/grpr2f85_ifaces/include/grpr2f85_ifaces/grpr2f85_ifaces/srv/detail/set_gripper_state__type_support.hpp
-- Installing: /home/jason9308/robot_ws/src/install/grpr2f85_ifaces/include/grpr2f85_ifaces/grpr2f85_ifaces/srv/detail/set_gripper_state__struct.hpp
-- Installing: /home/jason9308/robot_ws/src/install/grpr2f85_ifaces/include/grpr2f85_ifaces/grpr2f85_ifaces/srv/detail/reset__struct.hpp
-- Installing: /home/jason9308/robot_ws/src/install/grpr2f85_ifaces/include/grpr2f85_ifaces/grpr2f85_ifaces/srv/detail/get_gripper_status__struct.hpp
-- Installing: /home/jason9308/robot_ws/src/install/grpr2f85_ifaces/include/grpr2f85_ifaces/grpr2f85_ifaces/srv/detail/set_gripper_state__traits.hpp
-- Installing: /home/jason9308/robot_ws/src/install/grpr2f85_ifaces/include/grpr2f85_ifaces/grpr2f85_ifaces/srv/set_gripper_state.hpp
-- Up-to-date: /home/jason9308/robot_ws/src/install/grpr2f85_ifaces/include/grpr2f85_ifaces/grpr2f85_ifaces
-- Up-to-date: /home/jason9308/robot_ws/src/install/grpr2f85_ifaces/include/grpr2f85_ifaces/grpr2f85_ifaces/msg
-- Installing: /home/jason9308/robot_ws/src/install/grpr2f85_ifaces/include/grpr2f85_ifaces/grpr2f85_ifaces/msg/rosidl_typesupport_fastrtps_cpp__visibility_control.h
-- Up-to-date: /home/jason9308/robot_ws/src/install/grpr2f85_ifaces/include/grpr2f85_ifaces/grpr2f85_ifaces/srv
-- Up-to-date: /home/jason9308/robot_ws/src/install/grpr2f85_ifaces/include/grpr2f85_ifaces/grpr2f85_ifaces/srv/detail
-- Installing: /home/jason9308/robot_ws/src/install/grpr2f85_ifaces/include/grpr2f85_ifaces/grpr2f85_ifaces/srv/detail/dds_fastrtps
-- Installing: /home/jason9308/robot_ws/src/install/grpr2f85_ifaces/include/grpr2f85_ifaces/grpr2f85_ifaces/srv/detail/reset__rosidl_typesupport_fastrtps_cpp.hpp
-- Installing: /home/jason9308/robot_ws/src/install/grpr2f85_ifaces/include/grpr2f85_ifaces/grpr2f85_ifaces/srv/detail/set_gripper_state__rosidl_typesupport_fastrtps_cpp.hpp
-- Installing: /home/jason9308/robot_ws/src/install/grpr2f85_ifaces/include/grpr2f85_ifaces/grpr2f85_ifaces/srv/detail/get_gripper_status__rosidl_typesupport_fastrtps_cpp.hpp
-- Installing: /home/jason9308/robot_ws/src/install/grpr2f85_ifaces/lib/libgrpr2f85_ifaces__rosidl_typesupport_fastrtps_cpp.so
-- Set runtime path of "/home/jason9308/robot_ws/src/install/grpr2f85_ifaces/lib/libgrpr2f85_ifaces__rosidl_typesupport_fastrtps_cpp.so" to ""
-- Up-to-date: /home/jason9308/robot_ws/src/install/grpr2f85_ifaces/include/grpr2f85_ifaces/grpr2f85_ifaces
-- Up-to-date: /home/jason9308/robot_ws/src/install/grpr2f85_ifaces/include/grpr2f85_ifaces/grpr2f85_ifaces/msg
-- Installing: /home/jason9308/robot_ws/src/install/grpr2f85_ifaces/include/grpr2f85_ifaces/grpr2f85_ifaces/msg/rosidl_typesupport_introspection_c__visibility_control.h
-- Up-to-date: /home/jason9308/robot_ws/src/install/grpr2f85_ifaces/include/grpr2f85_ifaces/grpr2f85_ifaces/srv
-- Up-to-date: /home/jason9308/robot_ws/src/install/grpr2f85_ifaces/include/grpr2f85_ifaces/grpr2f85_ifaces/srv/detail
-- Installing: /home/jason9308/robot_ws/src/install/grpr2f85_ifaces/include/grpr2f85_ifaces/grpr2f85_ifaces/srv/detail/reset__type_support.c
-- Installing: /home/jason9308/robot_ws/src/install/grpr2f85_ifaces/include/grpr2f85_ifaces/grpr2f85_ifaces/srv/detail/reset__rosidl_typesupport_introspection_c.h
-- Installing: /home/jason9308/robot_ws/src/install/grpr2f85_ifaces/include/grpr2f85_ifaces/grpr2f85_ifaces/srv/detail/set_gripper_state__type_support.c
-- Installing: /home/jason9308/robot_ws/src/install/grpr2f85_ifaces/include/grpr2f85_ifaces/grpr2f85_ifaces/srv/detail/get_gripper_status__type_support.c
-- Installing: /home/jason9308/robot_ws/src/install/grpr2f85_ifaces/include/grpr2f85_ifaces/grpr2f85_ifaces/srv/detail/get_gripper_status__rosidl_typesupport_introspection_c.h
-- Installing: /home/jason9308/robot_ws/src/install/grpr2f85_ifaces/include/grpr2f85_ifaces/grpr2f85_ifaces/srv/detail/set_gripper_state__rosidl_typesupport_introspection_c.h
-- Installing: /home/jason9308/robot_ws/src/install/grpr2f85_ifaces/lib/libgrpr2f85_ifaces__rosidl_typesupport_introspection_c.so
-- Set runtime path of "/home/jason9308/robot_ws/src/install/grpr2f85_ifaces/lib/libgrpr2f85_ifaces__rosidl_typesupport_introspection_c.so" to ""
-- Installing: /home/jason9308/robot_ws/src/install/grpr2f85_ifaces/lib/libgrpr2f85_ifaces__rosidl_typesupport_c.so
-- Set runtime path of "/home/jason9308/robot_ws/src/install/grpr2f85_ifaces/lib/libgrpr2f85_ifaces__rosidl_typesupport_c.so" to ""
-- Up-to-date: /home/jason9308/robot_ws/src/install/grpr2f85_ifaces/include/grpr2f85_ifaces/grpr2f85_ifaces
-- Up-to-date: /home/jason9308/robot_ws/src/install/grpr2f85_ifaces/include/grpr2f85_ifaces/grpr2f85_ifaces/srv
-- Up-to-date: /home/jason9308/robot_ws/src/install/grpr2f85_ifaces/include/grpr2f85_ifaces/grpr2f85_ifaces/srv/detail
-- Installing: /home/jason9308/robot_ws/src/install/grpr2f85_ifaces/include/grpr2f85_ifaces/grpr2f85_ifaces/srv/detail/reset__rosidl_typesupport_introspection_cpp.hpp
-- Installing: /home/jason9308/robot_ws/src/install/grpr2f85_ifaces/include/grpr2f85_ifaces/grpr2f85_ifaces/srv/detail/set_gripper_state__rosidl_typesupport_introspection_cpp.hpp
-- Installing: /home/jason9308/robot_ws/src/install/grpr2f85_ifaces/include/grpr2f85_ifaces/grpr2f85_ifaces/srv/detail/get_gripper_status__rosidl_typesupport_introspection_cpp.hpp
-- Installing: /home/jason9308/robot_ws/src/install/grpr2f85_ifaces/include/grpr2f85_ifaces/grpr2f85_ifaces/srv/detail/set_gripper_state__type_support.cpp
-- Installing: /home/jason9308/robot_ws/src/install/grpr2f85_ifaces/include/grpr2f85_ifaces/grpr2f85_ifaces/srv/detail/get_gripper_status__type_support.cpp
-- Installing: /home/jason9308/robot_ws/src/install/grpr2f85_ifaces/include/grpr2f85_ifaces/grpr2f85_ifaces/srv/detail/reset__type_support.cpp
-- Installing: /home/jason9308/robot_ws/src/install/grpr2f85_ifaces/lib/libgrpr2f85_ifaces__rosidl_typesupport_introspection_cpp.so
-- Set runtime path of "/home/jason9308/robot_ws/src/install/grpr2f85_ifaces/lib/libgrpr2f85_ifaces__rosidl_typesupport_introspection_cpp.so" to ""
-- Installing: /home/jason9308/robot_ws/src/install/grpr2f85_ifaces/lib/libgrpr2f85_ifaces__rosidl_typesupport_cpp.so
-- Set runtime path of "/home/jason9308/robot_ws/src/install/grpr2f85_ifaces/lib/libgrpr2f85_ifaces__rosidl_typesupport_cpp.so" to ""
-- Installing: /home/jason9308/robot_ws/src/install/grpr2f85_ifaces/share/grpr2f85_ifaces/environment/pythonpath.sh
-- Installing: /home/jason9308/robot_ws/src/install/grpr2f85_ifaces/share/grpr2f85_ifaces/environment/pythonpath.dsv
-- Installing: /home/jason9308/robot_ws/src/install/grpr2f85_ifaces/local/lib/python3.10/dist-packages/grpr2f85_ifaces-0.0.0-py3.10.egg-info
-- Installing: /home/jason9308/robot_ws/src/install/grpr2f85_ifaces/local/lib/python3.10/dist-packages/grpr2f85_ifaces-0.0.0-py3.10.egg-info/dependency_links.txt
-- Installing: /home/jason9308/robot_ws/src/install/grpr2f85_ifaces/local/lib/python3.10/dist-packages/grpr2f85_ifaces-0.0.0-py3.10.egg-info/PKG-INFO
-- Installing: /home/jason9308/robot_ws/src/install/grpr2f85_ifaces/local/lib/python3.10/dist-packages/grpr2f85_ifaces-0.0.0-py3.10.egg-info/top_level.txt
-- Installing: /home/jason9308/robot_ws/src/install/grpr2f85_ifaces/local/lib/python3.10/dist-packages/grpr2f85_ifaces-0.0.0-py3.10.egg-info/SOURCES.txt
-- Installing: /home/jason9308/robot_ws/src/install/grpr2f85_ifaces/local/lib/python3.10/dist-packages/grpr2f85_ifaces
-- Installing: /home/jason9308/robot_ws/src/install/grpr2f85_ifaces/local/lib/python3.10/dist-packages/grpr2f85_ifaces/grpr2f85_ifaces_s__rosidl_typesupport_c.cpython-310-x86_64-linux-gnu.so
-- Installing: /home/jason9308/robot_ws/src/install/grpr2f85_ifaces/local/lib/python3.10/dist-packages/grpr2f85_ifaces/__init__.py
-- Installing: /home/jason9308/robot_ws/src/install/grpr2f85_ifaces/local/lib/python3.10/dist-packages/grpr2f85_ifaces/_grpr2f85_ifaces_s.ep.rosidl_typesupport_introspection_c.c
-- Installing: /home/jason9308/robot_ws/src/install/grpr2f85_ifaces/local/lib/python3.10/dist-packages/grpr2f85_ifaces/_grpr2f85_ifaces_s.ep.rosidl_typesupport_c.c
-- Installing: /home/jason9308/robot_ws/src/install/grpr2f85_ifaces/local/lib/python3.10/dist-packages/grpr2f85_ifaces/libgrpr2f85_ifaces__rosidl_generator_py.so
-- Installing: /home/jason9308/robot_ws/src/install/grpr2f85_ifaces/local/lib/python3.10/dist-packages/grpr2f85_ifaces/grpr2f85_ifaces_s__rosidl_typesupport_fastrtps_c.cpython-310-x86_64-linux-gnu.so
-- Installing: /home/jason9308/robot_ws/src/install/grpr2f85_ifaces/local/lib/python3.10/dist-packages/grpr2f85_ifaces/grpr2f85_ifaces_s__rosidl_typesupport_introspection_c.cpython-310-x86_64-linux-gnu.so
-- Installing: /home/jason9308/robot_ws/src/install/grpr2f85_ifaces/local/lib/python3.10/dist-packages/grpr2f85_ifaces/srv
-- Installing: /home/jason9308/robot_ws/src/install/grpr2f85_ifaces/local/lib/python3.10/dist-packages/grpr2f85_ifaces/srv/_reset.py
-- Installing: /home/jason9308/robot_ws/src/install/grpr2f85_ifaces/local/lib/python3.10/dist-packages/grpr2f85_ifaces/srv/_get_gripper_status_s.c
-- Installing: /home/jason9308/robot_ws/src/install/grpr2f85_ifaces/local/lib/python3.10/dist-packages/grpr2f85_ifaces/srv/_reset_s.c
-- Installing: /home/jason9308/robot_ws/src/install/grpr2f85_ifaces/local/lib/python3.10/dist-packages/grpr2f85_ifaces/srv/__init__.py
-- Installing: /home/jason9308/robot_ws/src/install/grpr2f85_ifaces/local/lib/python3.10/dist-packages/grpr2f85_ifaces/srv/_set_gripper_state_s.c
-- Installing: /home/jason9308/robot_ws/src/install/grpr2f85_ifaces/local/lib/python3.10/dist-packages/grpr2f85_ifaces/srv/_get_gripper_status.py
-- Installing: /home/jason9308/robot_ws/src/install/grpr2f85_ifaces/local/lib/python3.10/dist-packages/grpr2f85_ifaces/srv/_set_gripper_state.py
-- Installing: /home/jason9308/robot_ws/src/install/grpr2f85_ifaces/local/lib/python3.10/dist-packages/grpr2f85_ifaces/_grpr2f85_ifaces_s.ep.rosidl_typesupport_fastrtps_c.c
Listing '/home/jason9308/robot_ws/src/install/grpr2f85_ifaces/local/lib/python3.10/dist-packages/grpr2f85_ifaces'...
Compiling '/home/jason9308/robot_ws/src/install/grpr2f85_ifaces/local/lib/python3.10/dist-packages/grpr2f85_ifaces/__init__.py'...
Listing '/home/jason9308/robot_ws/src/install/grpr2f85_ifaces/local/lib/python3.10/dist-packages/grpr2f85_ifaces/srv'...
Compiling '/home/jason9308/robot_ws/src/install/grpr2f85_ifaces/local/lib/python3.10/dist-packages/grpr2f85_ifaces/srv/__init__.py'...
Compiling '/home/jason9308/robot_ws/src/install/grpr2f85_ifaces/local/lib/python3.10/dist-packages/grpr2f85_ifaces/srv/_get_gripper_status.py'...
Compiling '/home/jason9308/robot_ws/src/install/grpr2f85_ifaces/local/lib/python3.10/dist-packages/grpr2f85_ifaces/srv/_reset.py'...
Compiling '/home/jason9308/robot_ws/src/install/grpr2f85_ifaces/local/lib/python3.10/dist-packages/grpr2f85_ifaces/srv/_set_gripper_state.py'...
-- Installing: /home/jason9308/robot_ws/src/install/grpr2f85_ifaces/local/lib/python3.10/dist-packages/grpr2f85_ifaces/grpr2f85_ifaces_s__rosidl_typesupport_fastrtps_c.cpython-310-x86_64-linux-gnu.so
-- Set runtime path of "/home/jason9308/robot_ws/src/install/grpr2f85_ifaces/local/lib/python3.10/dist-packages/grpr2f85_ifaces/grpr2f85_ifaces_s__rosidl_typesupport_fastrtps_c.cpython-310-x86_64-linux-gnu.so" to ""
-- Installing: /home/jason9308/robot_ws/src/install/grpr2f85_ifaces/local/lib/python3.10/dist-packages/grpr2f85_ifaces/grpr2f85_ifaces_s__rosidl_typesupport_introspection_c.cpython-310-x86_64-linux-gnu.so
-- Set runtime path of "/home/jason9308/robot_ws/src/install/grpr2f85_ifaces/local/lib/python3.10/dist-packages/grpr2f85_ifaces/grpr2f85_ifaces_s__rosidl_typesupport_introspection_c.cpython-310-x86_64-linux-gnu.so" to ""
-- Installing: /home/jason9308/robot_ws/src/install/grpr2f85_ifaces/local/lib/python3.10/dist-packages/grpr2f85_ifaces/grpr2f85_ifaces_s__rosidl_typesupport_c.cpython-310-x86_64-linux-gnu.so
-- Set runtime path of "/home/jason9308/robot_ws/src/install/grpr2f85_ifaces/local/lib/python3.10/dist-packages/grpr2f85_ifaces/grpr2f85_ifaces_s__rosidl_typesupport_c.cpython-310-x86_64-linux-gnu.so" to ""
-- Installing: /home/jason9308/robot_ws/src/install/grpr2f85_ifaces/lib/libgrpr2f85_ifaces__rosidl_generator_py.so
-- Set runtime path of "/home/jason9308/robot_ws/src/install/grpr2f85_ifaces/lib/libgrpr2f85_ifaces__rosidl_generator_py.so" to ""
-- Installing: /home/jason9308/robot_ws/src/install/grpr2f85_ifaces/share/grpr2f85_ifaces/srv/Reset.idl
-- Installing: /home/jason9308/robot_ws/src/install/grpr2f85_ifaces/share/grpr2f85_ifaces/srv/GetGripperStatus.idl
-- Installing: /home/jason9308/robot_ws/src/install/grpr2f85_ifaces/share/grpr2f85_ifaces/srv/SetGripperState.idl
-- Installing: /home/jason9308/robot_ws/src/install/grpr2f85_ifaces/share/grpr2f85_ifaces/srv/Reset.srv
-- Installing: /home/jason9308/robot_ws/src/install/grpr2f85_ifaces/share/grpr2f85_ifaces/srv/Reset_Request.msg
-- Installing: /home/jason9308/robot_ws/src/install/grpr2f85_ifaces/share/grpr2f85_ifaces/srv/Reset_Response.msg
-- Installing: /home/jason9308/robot_ws/src/install/grpr2f85_ifaces/share/grpr2f85_ifaces/srv/GetGripperStatus.srv
-- Installing: /home/jason9308/robot_ws/src/install/grpr2f85_ifaces/share/grpr2f85_ifaces/srv/GetGripperStatus_Request.msg
-- Installing: /home/jason9308/robot_ws/src/install/grpr2f85_ifaces/share/grpr2f85_ifaces/srv/GetGripperStatus_Response.msg
-- Installing: /home/jason9308/robot_ws/src/install/grpr2f85_ifaces/share/grpr2f85_ifaces/srv/SetGripperState.srv
-- Installing: /home/jason9308/robot_ws/src/install/grpr2f85_ifaces/share/grpr2f85_ifaces/srv/SetGripperState_Request.msg
-- Installing: /home/jason9308/robot_ws/src/install/grpr2f85_ifaces/share/grpr2f85_ifaces/srv/SetGripperState_Response.msg
-- Installing: /home/jason9308/robot_ws/src/install/grpr2f85_ifaces/share/ament_index/resource_index/package_run_dependencies/grpr2f85_ifaces
-- Installing: /home/jason9308/robot_ws/src/install/grpr2f85_ifaces/share/ament_index/resource_index/parent_prefix_path/grpr2f85_ifaces
-- Installing: /home/jason9308/robot_ws/src/install/grpr2f85_ifaces/share/grpr2f85_ifaces/environment/ament_prefix_path.sh
-- Installing: /home/jason9308/robot_ws/src/install/grpr2f85_ifaces/share/grpr2f85_ifaces/environment/ament_prefix_path.dsv
-- Installing: /home/jason9308/robot_ws/src/install/grpr2f85_ifaces/share/grpr2f85_ifaces/environment/path.sh
-- Installing: /home/jason9308/robot_ws/src/install/grpr2f85_ifaces/share/grpr2f85_ifaces/environment/path.dsv
-- Installing: /home/jason9308/robot_ws/src/install/grpr2f85_ifaces/share/grpr2f85_ifaces/local_setup.bash
-- Installing: /home/jason9308/robot_ws/src/install/grpr2f85_ifaces/share/grpr2f85_ifaces/local_setup.sh
-- Installing: /home/jason9308/robot_ws/src/install/grpr2f85_ifaces/share/grpr2f85_ifaces/local_setup.zsh
-- Installing: /home/jason9308/robot_ws/src/install/grpr2f85_ifaces/share/grpr2f85_ifaces/local_setup.dsv
-- Installing: /home/jason9308/robot_ws/src/install/grpr2f85_ifaces/share/grpr2f85_ifaces/package.dsv
-- Installing: /home/jason9308/robot_ws/src/install/grpr2f85_ifaces/share/ament_index/resource_index/packages/grpr2f85_ifaces
-- Installing: /home/jason9308/robot_ws/src/install/grpr2f85_ifaces/share/grpr2f85_ifaces/cmake/export_grpr2f85_ifaces__rosidl_generator_cExport.cmake
-- Installing: /home/jason9308/robot_ws/src/install/grpr2f85_ifaces/share/grpr2f85_ifaces/cmake/export_grpr2f85_ifaces__rosidl_generator_cExport-noconfig.cmake
-- Installing: /home/jason9308/robot_ws/src/install/grpr2f85_ifaces/share/grpr2f85_ifaces/cmake/export_grpr2f85_ifaces__rosidl_typesupport_fastrtps_cExport.cmake
-- Installing: /home/jason9308/robot_ws/src/install/grpr2f85_ifaces/share/grpr2f85_ifaces/cmake/export_grpr2f85_ifaces__rosidl_typesupport_fastrtps_cExport-noconfig.cmake
-- Installing: /home/jason9308/robot_ws/src/install/grpr2f85_ifaces/share/grpr2f85_ifaces/cmake/export_grpr2f85_ifaces__rosidl_generator_cppExport.cmake
-- Installing: /home/jason9308/robot_ws/src/install/grpr2f85_ifaces/share/grpr2f85_ifaces/cmake/export_grpr2f85_ifaces__rosidl_typesupport_fastrtps_cppExport.cmake
-- Installing: /home/jason9308/robot_ws/src/install/grpr2f85_ifaces/share/grpr2f85_ifaces/cmake/export_grpr2f85_ifaces__rosidl_typesupport_fastrtps_cppExport-noconfig.cmake
-- Installing: /home/jason9308/robot_ws/src/install/grpr2f85_ifaces/share/grpr2f85_ifaces/cmake/grpr2f85_ifaces__rosidl_typesupport_introspection_cExport.cmake
-- Installing: /home/jason9308/robot_ws/src/install/grpr2f85_ifaces/share/grpr2f85_ifaces/cmake/grpr2f85_ifaces__rosidl_typesupport_introspection_cExport-noconfig.cmake
-- Installing: /home/jason9308/robot_ws/src/install/grpr2f85_ifaces/share/grpr2f85_ifaces/cmake/grpr2f85_ifaces__rosidl_typesupport_cExport.cmake
-- Installing: /home/jason9308/robot_ws/src/install/grpr2f85_ifaces/share/grpr2f85_ifaces/cmake/grpr2f85_ifaces__rosidl_typesupport_cExport-noconfig.cmake
-- Installing: /home/jason9308/robot_ws/src/install/grpr2f85_ifaces/share/grpr2f85_ifaces/cmake/grpr2f85_ifaces__rosidl_typesupport_introspection_cppExport.cmake
-- Installing: /home/jason9308/robot_ws/src/install/grpr2f85_ifaces/share/grpr2f85_ifaces/cmake/grpr2f85_ifaces__rosidl_typesupport_introspection_cppExport-noconfig.cmake
-- Installing: /home/jason9308/robot_ws/src/install/grpr2f85_ifaces/share/grpr2f85_ifaces/cmake/grpr2f85_ifaces__rosidl_typesupport_cppExport.cmake
-- Installing: /home/jason9308/robot_ws/src/install/grpr2f85_ifaces/share/grpr2f85_ifaces/cmake/grpr2f85_ifaces__rosidl_typesupport_cppExport-noconfig.cmake
-- Installing: /home/jason9308/robot_ws/src/install/grpr2f85_ifaces/share/grpr2f85_ifaces/cmake/export_grpr2f85_ifaces__rosidl_generator_pyExport.cmake
-- Installing: /home/jason9308/robot_ws/src/install/grpr2f85_ifaces/share/grpr2f85_ifaces/cmake/export_grpr2f85_ifaces__rosidl_generator_pyExport-noconfig.cmake
-- Installing: /home/jason9308/robot_ws/src/install/grpr2f85_ifaces/share/grpr2f85_ifaces/cmake/rosidl_cmake-extras.cmake
-- Installing: /home/jason9308/robot_ws/src/install/grpr2f85_ifaces/share/grpr2f85_ifaces/cmake/ament_cmake_export_dependencies-extras.cmake
-- Installing: /home/jason9308/robot_ws/src/install/grpr2f85_ifaces/share/grpr2f85_ifaces/cmake/ament_cmake_export_include_directories-extras.cmake
-- Installing: /home/jason9308/robot_ws/src/install/grpr2f85_ifaces/share/grpr2f85_ifaces/cmake/ament_cmake_export_libraries-extras.cmake
-- Installing: /home/jason9308/robot_ws/src/install/grpr2f85_ifaces/share/grpr2f85_ifaces/cmake/ament_cmake_export_targets-extras.cmake
-- Installing: /home/jason9308/robot_ws/src/install/grpr2f85_ifaces/share/grpr2f85_ifaces/cmake/rosidl_cmake_export_typesupport_targets-extras.cmake
-- Installing: /home/jason9308/robot_ws/src/install/grpr2f85_ifaces/share/grpr2f85_ifaces/cmake/rosidl_cmake_export_typesupport_libraries-extras.cmake
-- Installing: /home/jason9308/robot_ws/src/install/grpr2f85_ifaces/share/grpr2f85_ifaces/cmake/grpr2f85_ifacesConfig.cmake
-- Installing: /home/jason9308/robot_ws/src/install/grpr2f85_ifaces/share/grpr2f85_ifaces/cmake/grpr2f85_ifacesConfig-version.cmake
-- Installing: /home/jason9308/robot_ws/src/install/grpr2f85_ifaces/share/grpr2f85_ifaces/package.xml
