[0.362s] Invoking command in '/home/jason9308/robot_ws/src/build/grpr2f85_ifaces': CMAKE_PREFIX_PATH=/home/jason9308/robot_ws/install/xarm_planner:/home/jason9308/robot_ws/install/xarm_moveit_servo:/home/jason9308/robot_ws/install/xarm_moveit_config:/home/jason9308/robot_ws/install/xarm_gazebo:/home/jason9308/robot_ws/install/xarm_controller:/home/jason9308/robot_ws/install/xarm_api:/home/jason9308/robot_ws/install/xarm_sdk:/home/jason9308/robot_ws/install/move_arm:/home/jason9308/robot_ws/install/medicine_grabber:/home/jason9308/robot_ws/install/lite6_handeye:/home/jason9308/robot_ws/install/json_file_watcher:/home/jason9308/robot_ws/install/aruco_grab:/home/jason9308/robot_ws/install/xarm_msgs:/home/jason9308/robot_ws/install/xarm_description:/home/jason9308/robot_ws/install/ui_for_debug_and_demo:/home/jason9308/robot_ws/install/tracer_base:/home/jason9308/robot_ws/install/xarm_simulation:/home/jason9308/robot_ws/install/write_pose:/home/jason9308/robot_ws/install/voice_control:/home/jason9308/robot_ws/install/uf_ros_lib:/home/jason9308/robot_ws/install/tm_simulation_node:/home/jason9308/robot_ws/install/tm_mod_urdf:/home/jason9308/robot_ws/install/tm_get_status:/home/jason9308/robot_ws/install/speech_recognition_pkg:/home/jason9308/robot_ws/install/my_2f85gripper_py:/home/jason9308/robot_ws/install/hand_detection:/home/jason9308/robot_ws/install/face_recognition:/home/jason9308/robot_ws/install/chatbot:/home/jason9308/robot_ws/install/calibration_cross:/opt/ros/humble:/home/jason9308/robot_ws/install/ugv_sdk:/home/jason9308/robot_ws/install/tracer_msgs:/home/jason9308/robot_ws/install/tm_driver:/home/jason9308/robot_ws/install/demo:/home/jason9308/robot_ws/install/tm_msgs:/home/jason9308/robot_ws/install/tm_description:/home/jason9308/robot_ws/install/custom_package:/home/jason9308/robot_ws/install/techman_robot_msgs:/home/jason9308/robot_ws/install/realsense_gazebo_plugin:/home/jason9308/robot_ws/install/navigation_server:/home/jason9308/robot_ws/install/navigation_interfaces:/home/jason9308/robot_ws/install/mbot_demo:/home/jason9308/robot_ws/install/lslidar_driver:/home/jason9308/robot_ws/install/lslidar_msgs:/home/jason9308/robot_ws/install/grpr2f85_ifaces:/home/jason9308/robot_ws/install/control_node /usr/local/cuda-11.5/bin/cmake /home/jason9308/robot_ws/src/my_2f85gripper/grpr2f85_ifaces -DCMAKE_INSTALL_PREFIX=/home/jason9308/robot_ws/src/install/grpr2f85_ifaces
[2.690s] -- The C compiler identification is GNU 11.4.0
[2.690s] -- The CXX compiler identification is GNU 11.4.0
[2.690s] -- Detecting C compiler ABI info
[2.690s] -- Detecting C compiler ABI info - done
[2.690s] -- Check for working C compiler: /usr/local/cuda-11.5/bin/cc - skipped
[2.692s] -- Detecting C compile features
[2.694s] -- Detecting C compile features - done
[2.694s] -- Detecting CXX compiler ABI info
[2.695s] -- Detecting CXX compiler ABI info - done
[2.695s] -- Check for working CXX compiler: /usr/local/cuda-11.5/bin/c++ - skipped
[2.695s] -- Detecting CXX compile features
[2.695s] -- Detecting CXX compile features - done
[2.695s] -- Found ament_cmake: 1.3.11 (/opt/ros/humble/share/ament_cmake/cmake)
[2.695s] -- Found Python3: /usr/local/cuda-11.5/bin/python3 (found version "3.10.12") found components: Interpreter 
[2.695s] -- Found builtin_interfaces: 1.2.1 (/opt/ros/humble/share/builtin_interfaces/cmake)
[2.695s] -- Found rosidl_generator_c: 3.1.6 (/opt/ros/humble/share/rosidl_generator_c/cmake)
[2.695s] -- Found rosidl_adapter: 3.1.6 (/opt/ros/humble/share/rosidl_adapter/cmake)
[2.695s] -- Found rosidl_generator_cpp: 3.1.6 (/opt/ros/humble/share/rosidl_generator_cpp/cmake)
[2.695s] -- Using all available rosidl_typesupport_c: rosidl_typesupport_fastrtps_c;rosidl_typesupport_introspection_c
[2.696s] -- Using all available rosidl_typesupport_cpp: rosidl_typesupport_fastrtps_cpp;rosidl_typesupport_introspection_cpp
[2.696s] -- Found std_msgs: 4.2.4 (/opt/ros/humble/share/std_msgs/cmake)
[2.696s] -- Found rosidl_default_generators: 1.2.0 (/opt/ros/humble/share/rosidl_default_generators/cmake)
[2.696s] -- Found ament_cmake_ros: 0.10.0 (/opt/ros/humble/share/ament_cmake_ros/cmake)
[2.696s] -- Using all available rosidl_typesupport_c: rosidl_typesupport_fastrtps_c;rosidl_typesupport_introspection_c
[2.696s] -- Using all available rosidl_typesupport_cpp: rosidl_typesupport_fastrtps_cpp;rosidl_typesupport_introspection_cpp
[2.763s] -- Found PythonInterp: /usr/local/cuda-11.5/bin/python3 (found suitable version "3.10.12", minimum required is "3.6") 
[2.784s] -- Found python_cmake_module: 0.10.0 (/opt/ros/humble/share/python_cmake_module/cmake)
[2.805s] -- Found PythonLibs: /usr/lib/x86_64-linux-gnu/libpython3.10.so (found suitable version "3.10.12", minimum required is "3.5") 
[2.805s] -- Using PYTHON_EXECUTABLE: /usr/local/cuda-11.5/bin/python3
[2.805s] -- Using PYTHON_INCLUDE_DIRS: /usr/include/python3.10
[2.805s] -- Using PYTHON_LIBRARIES: /usr/lib/x86_64-linux-gnu/libpython3.10.so
[2.837s] -- Found PythonExtra: .so  
[3.141s] -- Configuring done
[3.282s] -- Generating done
[3.387s] -- Build files have been written to: /home/jason9308/robot_ws/src/build/grpr2f85_ifaces
[3.435s] Invoked command in '/home/jason9308/robot_ws/src/build/grpr2f85_ifaces' returned '0': CMAKE_PREFIX_PATH=/home/jason9308/robot_ws/install/xarm_planner:/home/jason9308/robot_ws/install/xarm_moveit_servo:/home/jason9308/robot_ws/install/xarm_moveit_config:/home/jason9308/robot_ws/install/xarm_gazebo:/home/jason9308/robot_ws/install/xarm_controller:/home/jason9308/robot_ws/install/xarm_api:/home/jason9308/robot_ws/install/xarm_sdk:/home/jason9308/robot_ws/install/move_arm:/home/jason9308/robot_ws/install/medicine_grabber:/home/jason9308/robot_ws/install/lite6_handeye:/home/jason9308/robot_ws/install/json_file_watcher:/home/jason9308/robot_ws/install/aruco_grab:/home/jason9308/robot_ws/install/xarm_msgs:/home/jason9308/robot_ws/install/xarm_description:/home/jason9308/robot_ws/install/ui_for_debug_and_demo:/home/jason9308/robot_ws/install/tracer_base:/home/jason9308/robot_ws/install/xarm_simulation:/home/jason9308/robot_ws/install/write_pose:/home/jason9308/robot_ws/install/voice_control:/home/jason9308/robot_ws/install/uf_ros_lib:/home/jason9308/robot_ws/install/tm_simulation_node:/home/jason9308/robot_ws/install/tm_mod_urdf:/home/jason9308/robot_ws/install/tm_get_status:/home/jason9308/robot_ws/install/speech_recognition_pkg:/home/jason9308/robot_ws/install/my_2f85gripper_py:/home/jason9308/robot_ws/install/hand_detection:/home/jason9308/robot_ws/install/face_recognition:/home/jason9308/robot_ws/install/chatbot:/home/jason9308/robot_ws/install/calibration_cross:/opt/ros/humble:/home/jason9308/robot_ws/install/ugv_sdk:/home/jason9308/robot_ws/install/tracer_msgs:/home/jason9308/robot_ws/install/tm_driver:/home/jason9308/robot_ws/install/demo:/home/jason9308/robot_ws/install/tm_msgs:/home/jason9308/robot_ws/install/tm_description:/home/jason9308/robot_ws/install/custom_package:/home/jason9308/robot_ws/install/techman_robot_msgs:/home/jason9308/robot_ws/install/realsense_gazebo_plugin:/home/jason9308/robot_ws/install/navigation_server:/home/jason9308/robot_ws/install/navigation_interfaces:/home/jason9308/robot_ws/install/mbot_demo:/home/jason9308/robot_ws/install/lslidar_driver:/home/jason9308/robot_ws/install/lslidar_msgs:/home/jason9308/robot_ws/install/grpr2f85_ifaces:/home/jason9308/robot_ws/install/control_node /usr/local/cuda-11.5/bin/cmake /home/jason9308/robot_ws/src/my_2f85gripper/grpr2f85_ifaces -DCMAKE_INSTALL_PREFIX=/home/jason9308/robot_ws/src/install/grpr2f85_ifaces
[3.436s] Invoking command in '/home/jason9308/robot_ws/src/build/grpr2f85_ifaces': CMAKE_PREFIX_PATH=/home/jason9308/robot_ws/install/xarm_planner:/home/jason9308/robot_ws/install/xarm_moveit_servo:/home/jason9308/robot_ws/install/xarm_moveit_config:/home/jason9308/robot_ws/install/xarm_gazebo:/home/jason9308/robot_ws/install/xarm_controller:/home/jason9308/robot_ws/install/xarm_api:/home/jason9308/robot_ws/install/xarm_sdk:/home/jason9308/robot_ws/install/move_arm:/home/jason9308/robot_ws/install/medicine_grabber:/home/jason9308/robot_ws/install/lite6_handeye:/home/jason9308/robot_ws/install/json_file_watcher:/home/jason9308/robot_ws/install/aruco_grab:/home/jason9308/robot_ws/install/xarm_msgs:/home/jason9308/robot_ws/install/xarm_description:/home/jason9308/robot_ws/install/ui_for_debug_and_demo:/home/jason9308/robot_ws/install/tracer_base:/home/jason9308/robot_ws/install/xarm_simulation:/home/jason9308/robot_ws/install/write_pose:/home/jason9308/robot_ws/install/voice_control:/home/jason9308/robot_ws/install/uf_ros_lib:/home/jason9308/robot_ws/install/tm_simulation_node:/home/jason9308/robot_ws/install/tm_mod_urdf:/home/jason9308/robot_ws/install/tm_get_status:/home/jason9308/robot_ws/install/speech_recognition_pkg:/home/jason9308/robot_ws/install/my_2f85gripper_py:/home/jason9308/robot_ws/install/hand_detection:/home/jason9308/robot_ws/install/face_recognition:/home/jason9308/robot_ws/install/chatbot:/home/jason9308/robot_ws/install/calibration_cross:/opt/ros/humble:/home/jason9308/robot_ws/install/ugv_sdk:/home/jason9308/robot_ws/install/tracer_msgs:/home/jason9308/robot_ws/install/tm_driver:/home/jason9308/robot_ws/install/demo:/home/jason9308/robot_ws/install/tm_msgs:/home/jason9308/robot_ws/install/tm_description:/home/jason9308/robot_ws/install/custom_package:/home/jason9308/robot_ws/install/techman_robot_msgs:/home/jason9308/robot_ws/install/realsense_gazebo_plugin:/home/jason9308/robot_ws/install/navigation_server:/home/jason9308/robot_ws/install/navigation_interfaces:/home/jason9308/robot_ws/install/mbot_demo:/home/jason9308/robot_ws/install/lslidar_driver:/home/jason9308/robot_ws/install/lslidar_msgs:/home/jason9308/robot_ws/install/grpr2f85_ifaces:/home/jason9308/robot_ws/install/control_node /usr/local/cuda-11.5/bin/cmake --build /home/jason9308/robot_ws/src/build/grpr2f85_ifaces -- -j20 -l20
[3.940s] [  2%] [34m[1mGenerating C code for ROS interfaces[0m
[3.940s] [  4%] [34m[1mGenerating C++ code for ROS interfaces[0m
[3.940s] [  4%] Built target ament_cmake_python_copy_grpr2f85_ifaces
[4.958s] running egg_info
[4.962s] creating grpr2f85_ifaces.egg-info
[4.963s] writing grpr2f85_ifaces.egg-info/PKG-INFO
[4.964s] writing dependency_links to grpr2f85_ifaces.egg-info/dependency_links.txt
[4.965s] writing top-level names to grpr2f85_ifaces.egg-info/top_level.txt
[4.966s] writing manifest file 'grpr2f85_ifaces.egg-info/SOURCES.txt'
[5.005s] reading manifest file 'grpr2f85_ifaces.egg-info/SOURCES.txt'
[5.009s] writing manifest file 'grpr2f85_ifaces.egg-info/SOURCES.txt'
[5.110s] [  4%] Built target ament_cmake_python_build_grpr2f85_ifaces_egg
[6.044s] [  4%] Built target grpr2f85_ifaces__cpp
[6.101s] [  6%] [34m[1mGenerating C++ introspection for ROS interfaces[0m
[6.165s] [  8%] [34m[1mGenerating C++ type support for eProsima Fast-RTPS[0m
[6.165s] [ 10%] [34m[1mGenerating C++ type support dispatch for ROS interfaces[0m
[7.317s] [ 12%] [32mBuilding CXX object CMakeFiles/grpr2f85_ifaces__rosidl_typesupport_introspection_cpp.dir/rosidl_typesupport_introspection_cpp/grpr2f85_ifaces/srv/detail/reset__type_support.cpp.o[0m
[7.325s] [ 14%] [32mBuilding CXX object CMakeFiles/grpr2f85_ifaces__rosidl_typesupport_introspection_cpp.dir/rosidl_typesupport_introspection_cpp/grpr2f85_ifaces/srv/detail/get_gripper_status__type_support.cpp.o[0m
[7.327s] [ 17%] [32mBuilding CXX object CMakeFiles/grpr2f85_ifaces__rosidl_typesupport_introspection_cpp.dir/rosidl_typesupport_introspection_cpp/grpr2f85_ifaces/srv/detail/set_gripper_state__type_support.cpp.o[0m
[8.073s] [ 19%] [32mBuilding C object CMakeFiles/grpr2f85_ifaces__rosidl_generator_c.dir/rosidl_generator_c/grpr2f85_ifaces/srv/detail/reset__functions.c.o[0m
[8.080s] [ 21%] [32mBuilding C object CMakeFiles/grpr2f85_ifaces__rosidl_generator_c.dir/rosidl_generator_c/grpr2f85_ifaces/srv/detail/get_gripper_status__functions.c.o[0m
[8.095s] [ 23%] [32mBuilding C object CMakeFiles/grpr2f85_ifaces__rosidl_generator_c.dir/rosidl_generator_c/grpr2f85_ifaces/srv/detail/set_gripper_state__functions.c.o[0m
[8.320s] [ 25%] [32mBuilding CXX object CMakeFiles/grpr2f85_ifaces__rosidl_typesupport_cpp.dir/rosidl_typesupport_cpp/grpr2f85_ifaces/srv/get_gripper_status__type_support.cpp.o[0m
[8.411s] [ 27%] [32mBuilding CXX object CMakeFiles/grpr2f85_ifaces__rosidl_typesupport_cpp.dir/rosidl_typesupport_cpp/grpr2f85_ifaces/srv/reset__type_support.cpp.o[0m
[8.412s] [ 29%] [32mBuilding CXX object CMakeFiles/grpr2f85_ifaces__rosidl_typesupport_cpp.dir/rosidl_typesupport_cpp/grpr2f85_ifaces/srv/set_gripper_state__type_support.cpp.o[0m
[8.672s] [ 31%] [32m[1mLinking C shared library libgrpr2f85_ifaces__rosidl_generator_c.so[0m
[8.973s] [ 31%] Built target grpr2f85_ifaces__rosidl_generator_c
[9.009s] [ 34%] [34m[1mGenerating C type support dispatch for ROS interfaces[0m
[9.023s] [ 36%] [34m[1mGenerating C type support for eProsima Fast-RTPS[0m
[9.068s] [ 38%] [34m[1mGenerating C introspection for ROS interfaces[0m
[9.338s] [ 40%] [32mBuilding CXX object CMakeFiles/grpr2f85_ifaces__rosidl_typesupport_fastrtps_cpp.dir/rosidl_typesupport_fastrtps_cpp/grpr2f85_ifaces/srv/detail/dds_fastrtps/get_gripper_status__type_support.cpp.o[0m
[9.339s] [ 42%] [32mBuilding CXX object CMakeFiles/grpr2f85_ifaces__rosidl_typesupport_fastrtps_cpp.dir/rosidl_typesupport_fastrtps_cpp/grpr2f85_ifaces/srv/detail/dds_fastrtps/reset__type_support.cpp.o[0m
[9.339s] [ 44%] [32mBuilding CXX object CMakeFiles/grpr2f85_ifaces__rosidl_typesupport_fastrtps_cpp.dir/rosidl_typesupport_fastrtps_cpp/grpr2f85_ifaces/srv/detail/dds_fastrtps/set_gripper_state__type_support.cpp.o[0m
[10.226s] [ 46%] [32m[1mLinking CXX shared library libgrpr2f85_ifaces__rosidl_typesupport_introspection_cpp.so[0m
[10.527s] [ 46%] Built target grpr2f85_ifaces__rosidl_typesupport_introspection_cpp
[10.591s] [ 48%] [32mBuilding C object CMakeFiles/grpr2f85_ifaces__rosidl_typesupport_introspection_c.dir/rosidl_typesupport_introspection_c/grpr2f85_ifaces/srv/detail/reset__type_support.c.o[0m
[10.599s] [ 51%] [32mBuilding C object CMakeFiles/grpr2f85_ifaces__rosidl_typesupport_introspection_c.dir/rosidl_typesupport_introspection_c/grpr2f85_ifaces/srv/detail/set_gripper_state__type_support.c.o[0m
[10.604s] [ 53%] [32mBuilding C object CMakeFiles/grpr2f85_ifaces__rosidl_typesupport_introspection_c.dir/rosidl_typesupport_introspection_c/grpr2f85_ifaces/srv/detail/get_gripper_status__type_support.c.o[0m
[10.834s] [ 55%] [32mBuilding CXX object CMakeFiles/grpr2f85_ifaces__rosidl_typesupport_c.dir/rosidl_typesupport_c/grpr2f85_ifaces/srv/reset__type_support.cpp.o[0m
[10.839s] [ 57%] [32mBuilding CXX object CMakeFiles/grpr2f85_ifaces__rosidl_typesupport_c.dir/rosidl_typesupport_c/grpr2f85_ifaces/srv/get_gripper_status__type_support.cpp.o[0m
[10.843s] [ 59%] [32mBuilding CXX object CMakeFiles/grpr2f85_ifaces__rosidl_typesupport_c.dir/rosidl_typesupport_c/grpr2f85_ifaces/srv/set_gripper_state__type_support.cpp.o[0m
[10.977s] [ 61%] [32m[1mLinking C shared library libgrpr2f85_ifaces__rosidl_typesupport_introspection_c.so[0m
[11.029s] [ 63%] [32m[1mLinking CXX shared library libgrpr2f85_ifaces__rosidl_typesupport_c.so[0m
[11.078s] [ 63%] Built target grpr2f85_ifaces__rosidl_typesupport_introspection_c
[11.166s] [ 63%] Built target grpr2f85_ifaces__rosidl_typesupport_c
[11.745s] [ 65%] [32m[1mLinking CXX shared library libgrpr2f85_ifaces__rosidl_typesupport_fastrtps_cpp.so[0m
[11.778s] [ 68%] [32m[1mLinking CXX shared library libgrpr2f85_ifaces__rosidl_typesupport_cpp.so[0m
[11.901s] [ 68%] Built target grpr2f85_ifaces__rosidl_typesupport_cpp
[12.194s] [ 68%] Built target grpr2f85_ifaces__rosidl_typesupport_fastrtps_cpp
[12.342s] [ 72%] [32mBuilding CXX object CMakeFiles/grpr2f85_ifaces__rosidl_typesupport_fastrtps_c.dir/rosidl_typesupport_fastrtps_c/grpr2f85_ifaces/srv/detail/get_gripper_status__type_support_c.cpp.o[0m
[12.344s] [ 72%] [32mBuilding CXX object CMakeFiles/grpr2f85_ifaces__rosidl_typesupport_fastrtps_c.dir/rosidl_typesupport_fastrtps_c/grpr2f85_ifaces/srv/detail/reset__type_support_c.cpp.o[0m
[12.376s] [ 74%] [32mBuilding CXX object CMakeFiles/grpr2f85_ifaces__rosidl_typesupport_fastrtps_c.dir/rosidl_typesupport_fastrtps_c/grpr2f85_ifaces/srv/detail/set_gripper_state__type_support_c.cpp.o[0m
[14.153s] [ 76%] [32m[1mLinking CXX shared library libgrpr2f85_ifaces__rosidl_typesupport_fastrtps_c.so[0m
[14.358s] [ 76%] Built target grpr2f85_ifaces__rosidl_typesupport_fastrtps_c
[14.466s] [ 76%] Built target grpr2f85_ifaces
[14.640s] [ 78%] [34m[1mGenerating Python code for ROS interfaces[0m
[18.484s] [ 78%] Built target grpr2f85_ifaces__py
[18.564s] [ 80%] [32mBuilding C object CMakeFiles/grpr2f85_ifaces__rosidl_generator_py.dir/rosidl_generator_py/grpr2f85_ifaces/srv/_reset_s.c.o[0m
[18.566s] [ 82%] [32mBuilding C object CMakeFiles/grpr2f85_ifaces__rosidl_generator_py.dir/rosidl_generator_py/grpr2f85_ifaces/srv/_get_gripper_status_s.c.o[0m
[18.644s] [ 85%] [32mBuilding C object CMakeFiles/grpr2f85_ifaces__rosidl_generator_py.dir/rosidl_generator_py/grpr2f85_ifaces/srv/_set_gripper_state_s.c.o[0m
[18.842s] [ 87%] [32m[1mLinking C shared library rosidl_generator_py/grpr2f85_ifaces/libgrpr2f85_ifaces__rosidl_generator_py.so[0m
[18.914s] [ 87%] Built target grpr2f85_ifaces__rosidl_generator_py
[18.977s] [ 89%] [32mBuilding C object CMakeFiles/grpr2f85_ifaces__rosidl_typesupport_introspection_c__pyext.dir/rosidl_generator_py/grpr2f85_ifaces/_grpr2f85_ifaces_s.ep.rosidl_typesupport_introspection_c.c.o[0m
[18.981s] [ 91%] [32mBuilding C object CMakeFiles/grpr2f85_ifaces__rosidl_typesupport_c__pyext.dir/rosidl_generator_py/grpr2f85_ifaces/_grpr2f85_ifaces_s.ep.rosidl_typesupport_c.c.o[0m
[18.988s] [ 93%] [32mBuilding C object CMakeFiles/grpr2f85_ifaces__rosidl_typesupport_fastrtps_c__pyext.dir/rosidl_generator_py/grpr2f85_ifaces/_grpr2f85_ifaces_s.ep.rosidl_typesupport_fastrtps_c.c.o[0m
[19.238s] [ 95%] [32m[1mLinking C shared library rosidl_generator_py/grpr2f85_ifaces/grpr2f85_ifaces_s__rosidl_typesupport_introspection_c.cpython-310-x86_64-linux-gnu.so[0m
[19.242s] [ 97%] [32m[1mLinking C shared library rosidl_generator_py/grpr2f85_ifaces/grpr2f85_ifaces_s__rosidl_typesupport_fastrtps_c.cpython-310-x86_64-linux-gnu.so[0m
[19.262s] [100%] [32m[1mLinking C shared library rosidl_generator_py/grpr2f85_ifaces/grpr2f85_ifaces_s__rosidl_typesupport_c.cpython-310-x86_64-linux-gnu.so[0m
[19.368s] [100%] Built target grpr2f85_ifaces__rosidl_typesupport_fastrtps_c__pyext
[19.399s] [100%] Built target grpr2f85_ifaces__rosidl_typesupport_c__pyext
[19.411s] [100%] Built target grpr2f85_ifaces__rosidl_typesupport_introspection_c__pyext
[19.446s] Invoked command in '/home/jason9308/robot_ws/src/build/grpr2f85_ifaces' returned '0': CMAKE_PREFIX_PATH=/home/jason9308/robot_ws/install/xarm_planner:/home/jason9308/robot_ws/install/xarm_moveit_servo:/home/jason9308/robot_ws/install/xarm_moveit_config:/home/jason9308/robot_ws/install/xarm_gazebo:/home/jason9308/robot_ws/install/xarm_controller:/home/jason9308/robot_ws/install/xarm_api:/home/jason9308/robot_ws/install/xarm_sdk:/home/jason9308/robot_ws/install/move_arm:/home/jason9308/robot_ws/install/medicine_grabber:/home/jason9308/robot_ws/install/lite6_handeye:/home/jason9308/robot_ws/install/json_file_watcher:/home/jason9308/robot_ws/install/aruco_grab:/home/jason9308/robot_ws/install/xarm_msgs:/home/jason9308/robot_ws/install/xarm_description:/home/jason9308/robot_ws/install/ui_for_debug_and_demo:/home/jason9308/robot_ws/install/tracer_base:/home/jason9308/robot_ws/install/xarm_simulation:/home/jason9308/robot_ws/install/write_pose:/home/jason9308/robot_ws/install/voice_control:/home/jason9308/robot_ws/install/uf_ros_lib:/home/jason9308/robot_ws/install/tm_simulation_node:/home/jason9308/robot_ws/install/tm_mod_urdf:/home/jason9308/robot_ws/install/tm_get_status:/home/jason9308/robot_ws/install/speech_recognition_pkg:/home/jason9308/robot_ws/install/my_2f85gripper_py:/home/jason9308/robot_ws/install/hand_detection:/home/jason9308/robot_ws/install/face_recognition:/home/jason9308/robot_ws/install/chatbot:/home/jason9308/robot_ws/install/calibration_cross:/opt/ros/humble:/home/jason9308/robot_ws/install/ugv_sdk:/home/jason9308/robot_ws/install/tracer_msgs:/home/jason9308/robot_ws/install/tm_driver:/home/jason9308/robot_ws/install/demo:/home/jason9308/robot_ws/install/tm_msgs:/home/jason9308/robot_ws/install/tm_description:/home/jason9308/robot_ws/install/custom_package:/home/jason9308/robot_ws/install/techman_robot_msgs:/home/jason9308/robot_ws/install/realsense_gazebo_plugin:/home/jason9308/robot_ws/install/navigation_server:/home/jason9308/robot_ws/install/navigation_interfaces:/home/jason9308/robot_ws/install/mbot_demo:/home/jason9308/robot_ws/install/lslidar_driver:/home/jason9308/robot_ws/install/lslidar_msgs:/home/jason9308/robot_ws/install/grpr2f85_ifaces:/home/jason9308/robot_ws/install/control_node /usr/local/cuda-11.5/bin/cmake --build /home/jason9308/robot_ws/src/build/grpr2f85_ifaces -- -j20 -l20
[19.449s] Invoking command in '/home/jason9308/robot_ws/src/build/grpr2f85_ifaces': CMAKE_PREFIX_PATH=/home/jason9308/robot_ws/install/xarm_planner:/home/jason9308/robot_ws/install/xarm_moveit_servo:/home/jason9308/robot_ws/install/xarm_moveit_config:/home/jason9308/robot_ws/install/xarm_gazebo:/home/jason9308/robot_ws/install/xarm_controller:/home/jason9308/robot_ws/install/xarm_api:/home/jason9308/robot_ws/install/xarm_sdk:/home/jason9308/robot_ws/install/move_arm:/home/jason9308/robot_ws/install/medicine_grabber:/home/jason9308/robot_ws/install/lite6_handeye:/home/jason9308/robot_ws/install/json_file_watcher:/home/jason9308/robot_ws/install/aruco_grab:/home/jason9308/robot_ws/install/xarm_msgs:/home/jason9308/robot_ws/install/xarm_description:/home/jason9308/robot_ws/install/ui_for_debug_and_demo:/home/jason9308/robot_ws/install/tracer_base:/home/jason9308/robot_ws/install/xarm_simulation:/home/jason9308/robot_ws/install/write_pose:/home/jason9308/robot_ws/install/voice_control:/home/jason9308/robot_ws/install/uf_ros_lib:/home/jason9308/robot_ws/install/tm_simulation_node:/home/jason9308/robot_ws/install/tm_mod_urdf:/home/jason9308/robot_ws/install/tm_get_status:/home/jason9308/robot_ws/install/speech_recognition_pkg:/home/jason9308/robot_ws/install/my_2f85gripper_py:/home/jason9308/robot_ws/install/hand_detection:/home/jason9308/robot_ws/install/face_recognition:/home/jason9308/robot_ws/install/chatbot:/home/jason9308/robot_ws/install/calibration_cross:/opt/ros/humble:/home/jason9308/robot_ws/install/ugv_sdk:/home/jason9308/robot_ws/install/tracer_msgs:/home/jason9308/robot_ws/install/tm_driver:/home/jason9308/robot_ws/install/demo:/home/jason9308/robot_ws/install/tm_msgs:/home/jason9308/robot_ws/install/tm_description:/home/jason9308/robot_ws/install/custom_package:/home/jason9308/robot_ws/install/techman_robot_msgs:/home/jason9308/robot_ws/install/realsense_gazebo_plugin:/home/jason9308/robot_ws/install/navigation_server:/home/jason9308/robot_ws/install/navigation_interfaces:/home/jason9308/robot_ws/install/mbot_demo:/home/jason9308/robot_ws/install/lslidar_driver:/home/jason9308/robot_ws/install/lslidar_msgs:/home/jason9308/robot_ws/install/grpr2f85_ifaces:/home/jason9308/robot_ws/install/control_node /usr/local/cuda-11.5/bin/cmake --install /home/jason9308/robot_ws/src/build/grpr2f85_ifaces
[19.486s] -- Install configuration: ""
[19.486s] -- Installing: /home/jason9308/robot_ws/src/install/grpr2f85_ifaces/share/ament_index/resource_index/rosidl_interfaces/grpr2f85_ifaces
[19.486s] -- Installing: /home/jason9308/robot_ws/src/install/grpr2f85_ifaces/include/grpr2f85_ifaces/grpr2f85_ifaces
[19.487s] -- Installing: /home/jason9308/robot_ws/src/install/grpr2f85_ifaces/include/grpr2f85_ifaces/grpr2f85_ifaces/msg
[19.487s] -- Installing: /home/jason9308/robot_ws/src/install/grpr2f85_ifaces/include/grpr2f85_ifaces/grpr2f85_ifaces/msg/rosidl_generator_c__visibility_control.h
[19.487s] -- Installing: /home/jason9308/robot_ws/src/install/grpr2f85_ifaces/include/grpr2f85_ifaces/grpr2f85_ifaces/srv
[19.487s] -- Installing: /home/jason9308/robot_ws/src/install/grpr2f85_ifaces/include/grpr2f85_ifaces/grpr2f85_ifaces/srv/set_gripper_state.h
[19.487s] -- Installing: /home/jason9308/robot_ws/src/install/grpr2f85_ifaces/include/grpr2f85_ifaces/grpr2f85_ifaces/srv/detail
[19.487s] -- Installing: /home/jason9308/robot_ws/src/install/grpr2f85_ifaces/include/grpr2f85_ifaces/grpr2f85_ifaces/srv/detail/get_gripper_status__functions.c
[19.487s] -- Installing: /home/jason9308/robot_ws/src/install/grpr2f85_ifaces/include/grpr2f85_ifaces/grpr2f85_ifaces/srv/detail/set_gripper_state__type_support.h
[19.488s] -- Installing: /home/jason9308/robot_ws/src/install/grpr2f85_ifaces/include/grpr2f85_ifaces/grpr2f85_ifaces/srv/detail/set_gripper_state__functions.c
[19.488s] -- Installing: /home/jason9308/robot_ws/src/install/grpr2f85_ifaces/include/grpr2f85_ifaces/grpr2f85_ifaces/srv/detail/reset__functions.c
[19.488s] -- Installing: /home/jason9308/robot_ws/src/install/grpr2f85_ifaces/include/grpr2f85_ifaces/grpr2f85_ifaces/srv/detail/get_gripper_status__struct.h
[19.488s] -- Installing: /home/jason9308/robot_ws/src/install/grpr2f85_ifaces/include/grpr2f85_ifaces/grpr2f85_ifaces/srv/detail/reset__functions.h
[19.489s] -- Installing: /home/jason9308/robot_ws/src/install/grpr2f85_ifaces/include/grpr2f85_ifaces/grpr2f85_ifaces/srv/detail/reset__type_support.h
[19.489s] -- Installing: /home/jason9308/robot_ws/src/install/grpr2f85_ifaces/include/grpr2f85_ifaces/grpr2f85_ifaces/srv/detail/get_gripper_status__functions.h
[19.489s] -- Installing: /home/jason9308/robot_ws/src/install/grpr2f85_ifaces/include/grpr2f85_ifaces/grpr2f85_ifaces/srv/detail/reset__struct.h
[19.490s] -- Installing: /home/jason9308/robot_ws/src/install/grpr2f85_ifaces/include/grpr2f85_ifaces/grpr2f85_ifaces/srv/detail/get_gripper_status__type_support.h
[19.490s] -- Installing: /home/jason9308/robot_ws/src/install/grpr2f85_ifaces/include/grpr2f85_ifaces/grpr2f85_ifaces/srv/detail/set_gripper_state__functions.h
[19.490s] -- Installing: /home/jason9308/robot_ws/src/install/grpr2f85_ifaces/include/grpr2f85_ifaces/grpr2f85_ifaces/srv/detail/set_gripper_state__struct.h
[19.490s] -- Installing: /home/jason9308/robot_ws/src/install/grpr2f85_ifaces/include/grpr2f85_ifaces/grpr2f85_ifaces/srv/get_gripper_status.h
[19.490s] -- Installing: /home/jason9308/robot_ws/src/install/grpr2f85_ifaces/include/grpr2f85_ifaces/grpr2f85_ifaces/srv/reset.h
[19.490s] -- Installing: /home/jason9308/robot_ws/src/install/grpr2f85_ifaces/share/grpr2f85_ifaces/environment/library_path.sh
[19.491s] -- Installing: /home/jason9308/robot_ws/src/install/grpr2f85_ifaces/share/grpr2f85_ifaces/environment/library_path.dsv
[19.491s] -- Installing: /home/jason9308/robot_ws/src/install/grpr2f85_ifaces/lib/libgrpr2f85_ifaces__rosidl_generator_c.so
[19.491s] -- Set runtime path of "/home/jason9308/robot_ws/src/install/grpr2f85_ifaces/lib/libgrpr2f85_ifaces__rosidl_generator_c.so" to ""
[19.491s] -- Up-to-date: /home/jason9308/robot_ws/src/install/grpr2f85_ifaces/include/grpr2f85_ifaces/grpr2f85_ifaces
[19.491s] -- Up-to-date: /home/jason9308/robot_ws/src/install/grpr2f85_ifaces/include/grpr2f85_ifaces/grpr2f85_ifaces/msg
[19.491s] -- Installing: /home/jason9308/robot_ws/src/install/grpr2f85_ifaces/include/grpr2f85_ifaces/grpr2f85_ifaces/msg/rosidl_typesupport_fastrtps_c__visibility_control.h
[19.491s] -- Up-to-date: /home/jason9308/robot_ws/src/install/grpr2f85_ifaces/include/grpr2f85_ifaces/grpr2f85_ifaces/srv
[19.492s] -- Up-to-date: /home/jason9308/robot_ws/src/install/grpr2f85_ifaces/include/grpr2f85_ifaces/grpr2f85_ifaces/srv/detail
[19.492s] -- Installing: /home/jason9308/robot_ws/src/install/grpr2f85_ifaces/include/grpr2f85_ifaces/grpr2f85_ifaces/srv/detail/reset__rosidl_typesupport_fastrtps_c.h
[19.492s] -- Installing: /home/jason9308/robot_ws/src/install/grpr2f85_ifaces/include/grpr2f85_ifaces/grpr2f85_ifaces/srv/detail/set_gripper_state__rosidl_typesupport_fastrtps_c.h
[19.492s] -- Installing: /home/jason9308/robot_ws/src/install/grpr2f85_ifaces/include/grpr2f85_ifaces/grpr2f85_ifaces/srv/detail/get_gripper_status__rosidl_typesupport_fastrtps_c.h
[19.493s] -- Installing: /home/jason9308/robot_ws/src/install/grpr2f85_ifaces/lib/libgrpr2f85_ifaces__rosidl_typesupport_fastrtps_c.so
[19.493s] -- Set runtime path of "/home/jason9308/robot_ws/src/install/grpr2f85_ifaces/lib/libgrpr2f85_ifaces__rosidl_typesupport_fastrtps_c.so" to ""
[19.493s] -- Up-to-date: /home/jason9308/robot_ws/src/install/grpr2f85_ifaces/include/grpr2f85_ifaces/grpr2f85_ifaces
[19.493s] -- Up-to-date: /home/jason9308/robot_ws/src/install/grpr2f85_ifaces/include/grpr2f85_ifaces/grpr2f85_ifaces/msg
[19.493s] -- Installing: /home/jason9308/robot_ws/src/install/grpr2f85_ifaces/include/grpr2f85_ifaces/grpr2f85_ifaces/msg/rosidl_generator_cpp__visibility_control.hpp
[19.493s] -- Up-to-date: /home/jason9308/robot_ws/src/install/grpr2f85_ifaces/include/grpr2f85_ifaces/grpr2f85_ifaces/srv
[19.494s] -- Installing: /home/jason9308/robot_ws/src/install/grpr2f85_ifaces/include/grpr2f85_ifaces/grpr2f85_ifaces/srv/get_gripper_status.hpp
[19.494s] -- Installing: /home/jason9308/robot_ws/src/install/grpr2f85_ifaces/include/grpr2f85_ifaces/grpr2f85_ifaces/srv/reset.hpp
[19.494s] -- Up-to-date: /home/jason9308/robot_ws/src/install/grpr2f85_ifaces/include/grpr2f85_ifaces/grpr2f85_ifaces/srv/detail
[19.494s] -- Installing: /home/jason9308/robot_ws/src/install/grpr2f85_ifaces/include/grpr2f85_ifaces/grpr2f85_ifaces/srv/detail/set_gripper_state__builder.hpp
[19.494s] -- Installing: /home/jason9308/robot_ws/src/install/grpr2f85_ifaces/include/grpr2f85_ifaces/grpr2f85_ifaces/srv/detail/get_gripper_status__type_support.hpp
[19.494s] -- Installing: /home/jason9308/robot_ws/src/install/grpr2f85_ifaces/include/grpr2f85_ifaces/grpr2f85_ifaces/srv/detail/reset__type_support.hpp
[19.494s] -- Installing: /home/jason9308/robot_ws/src/install/grpr2f85_ifaces/include/grpr2f85_ifaces/grpr2f85_ifaces/srv/detail/reset__builder.hpp
[19.494s] -- Installing: /home/jason9308/robot_ws/src/install/grpr2f85_ifaces/include/grpr2f85_ifaces/grpr2f85_ifaces/srv/detail/reset__traits.hpp
[19.494s] -- Installing: /home/jason9308/robot_ws/src/install/grpr2f85_ifaces/include/grpr2f85_ifaces/grpr2f85_ifaces/srv/detail/get_gripper_status__builder.hpp
[19.494s] -- Installing: /home/jason9308/robot_ws/src/install/grpr2f85_ifaces/include/grpr2f85_ifaces/grpr2f85_ifaces/srv/detail/get_gripper_status__traits.hpp
[19.495s] -- Installing: /home/jason9308/robot_ws/src/install/grpr2f85_ifaces/include/grpr2f85_ifaces/grpr2f85_ifaces/srv/detail/set_gripper_state__type_support.hpp
[19.495s] -- Installing: /home/jason9308/robot_ws/src/install/grpr2f85_ifaces/include/grpr2f85_ifaces/grpr2f85_ifaces/srv/detail/set_gripper_state__struct.hpp
[19.495s] -- Installing: /home/jason9308/robot_ws/src/install/grpr2f85_ifaces/include/grpr2f85_ifaces/grpr2f85_ifaces/srv/detail/reset__struct.hpp
[19.495s] -- Installing: /home/jason9308/robot_ws/src/install/grpr2f85_ifaces/include/grpr2f85_ifaces/grpr2f85_ifaces/srv/detail/get_gripper_status__struct.hpp
[19.498s] -- Installing: /home/jason9308/robot_ws/src/install/grpr2f85_ifaces/include/grpr2f85_ifaces/grpr2f85_ifaces/srv/detail/set_gripper_state__traits.hpp
[19.498s] -- Installing: /home/jason9308/robot_ws/src/install/grpr2f85_ifaces/include/grpr2f85_ifaces/grpr2f85_ifaces/srv/set_gripper_state.hpp
[19.498s] -- Up-to-date: /home/jason9308/robot_ws/src/install/grpr2f85_ifaces/include/grpr2f85_ifaces/grpr2f85_ifaces
[19.498s] -- Up-to-date: /home/jason9308/robot_ws/src/install/grpr2f85_ifaces/include/grpr2f85_ifaces/grpr2f85_ifaces/msg
[19.498s] -- Installing: /home/jason9308/robot_ws/src/install/grpr2f85_ifaces/include/grpr2f85_ifaces/grpr2f85_ifaces/msg/rosidl_typesupport_fastrtps_cpp__visibility_control.h
[19.498s] -- Up-to-date: /home/jason9308/robot_ws/src/install/grpr2f85_ifaces/include/grpr2f85_ifaces/grpr2f85_ifaces/srv
[19.498s] -- Up-to-date: /home/jason9308/robot_ws/src/install/grpr2f85_ifaces/include/grpr2f85_ifaces/grpr2f85_ifaces/srv/detail
[19.498s] -- Installing: /home/jason9308/robot_ws/src/install/grpr2f85_ifaces/include/grpr2f85_ifaces/grpr2f85_ifaces/srv/detail/dds_fastrtps
[19.498s] -- Installing: /home/jason9308/robot_ws/src/install/grpr2f85_ifaces/include/grpr2f85_ifaces/grpr2f85_ifaces/srv/detail/reset__rosidl_typesupport_fastrtps_cpp.hpp
[19.498s] -- Installing: /home/jason9308/robot_ws/src/install/grpr2f85_ifaces/include/grpr2f85_ifaces/grpr2f85_ifaces/srv/detail/set_gripper_state__rosidl_typesupport_fastrtps_cpp.hpp
[19.499s] -- Installing: /home/jason9308/robot_ws/src/install/grpr2f85_ifaces/include/grpr2f85_ifaces/grpr2f85_ifaces/srv/detail/get_gripper_status__rosidl_typesupport_fastrtps_cpp.hpp
[19.499s] -- Installing: /home/jason9308/robot_ws/src/install/grpr2f85_ifaces/lib/libgrpr2f85_ifaces__rosidl_typesupport_fastrtps_cpp.so
[19.499s] -- Set runtime path of "/home/jason9308/robot_ws/src/install/grpr2f85_ifaces/lib/libgrpr2f85_ifaces__rosidl_typesupport_fastrtps_cpp.so" to ""
[19.499s] -- Up-to-date: /home/jason9308/robot_ws/src/install/grpr2f85_ifaces/include/grpr2f85_ifaces/grpr2f85_ifaces
[19.499s] -- Up-to-date: /home/jason9308/robot_ws/src/install/grpr2f85_ifaces/include/grpr2f85_ifaces/grpr2f85_ifaces/msg
[19.499s] -- Installing: /home/jason9308/robot_ws/src/install/grpr2f85_ifaces/include/grpr2f85_ifaces/grpr2f85_ifaces/msg/rosidl_typesupport_introspection_c__visibility_control.h
[19.499s] -- Up-to-date: /home/jason9308/robot_ws/src/install/grpr2f85_ifaces/include/grpr2f85_ifaces/grpr2f85_ifaces/srv
[19.499s] -- Up-to-date: /home/jason9308/robot_ws/src/install/grpr2f85_ifaces/include/grpr2f85_ifaces/grpr2f85_ifaces/srv/detail
[19.499s] -- Installing: /home/jason9308/robot_ws/src/install/grpr2f85_ifaces/include/grpr2f85_ifaces/grpr2f85_ifaces/srv/detail/reset__type_support.c
[19.499s] -- Installing: /home/jason9308/robot_ws/src/install/grpr2f85_ifaces/include/grpr2f85_ifaces/grpr2f85_ifaces/srv/detail/reset__rosidl_typesupport_introspection_c.h
[19.499s] -- Installing: /home/jason9308/robot_ws/src/install/grpr2f85_ifaces/include/grpr2f85_ifaces/grpr2f85_ifaces/srv/detail/set_gripper_state__type_support.c
[19.500s] -- Installing: /home/jason9308/robot_ws/src/install/grpr2f85_ifaces/include/grpr2f85_ifaces/grpr2f85_ifaces/srv/detail/get_gripper_status__type_support.c
[19.500s] -- Installing: /home/jason9308/robot_ws/src/install/grpr2f85_ifaces/include/grpr2f85_ifaces/grpr2f85_ifaces/srv/detail/get_gripper_status__rosidl_typesupport_introspection_c.h
[19.500s] -- Installing: /home/jason9308/robot_ws/src/install/grpr2f85_ifaces/include/grpr2f85_ifaces/grpr2f85_ifaces/srv/detail/set_gripper_state__rosidl_typesupport_introspection_c.h
[19.500s] -- Installing: /home/jason9308/robot_ws/src/install/grpr2f85_ifaces/lib/libgrpr2f85_ifaces__rosidl_typesupport_introspection_c.so
[19.500s] -- Set runtime path of "/home/jason9308/robot_ws/src/install/grpr2f85_ifaces/lib/libgrpr2f85_ifaces__rosidl_typesupport_introspection_c.so" to ""
[19.500s] -- Installing: /home/jason9308/robot_ws/src/install/grpr2f85_ifaces/lib/libgrpr2f85_ifaces__rosidl_typesupport_c.so
[19.500s] -- Set runtime path of "/home/jason9308/robot_ws/src/install/grpr2f85_ifaces/lib/libgrpr2f85_ifaces__rosidl_typesupport_c.so" to ""
[19.501s] -- Up-to-date: /home/jason9308/robot_ws/src/install/grpr2f85_ifaces/include/grpr2f85_ifaces/grpr2f85_ifaces
[19.501s] -- Up-to-date: /home/jason9308/robot_ws/src/install/grpr2f85_ifaces/include/grpr2f85_ifaces/grpr2f85_ifaces/srv
[19.501s] -- Up-to-date: /home/jason9308/robot_ws/src/install/grpr2f85_ifaces/include/grpr2f85_ifaces/grpr2f85_ifaces/srv/detail
[19.501s] -- Installing: /home/jason9308/robot_ws/src/install/grpr2f85_ifaces/include/grpr2f85_ifaces/grpr2f85_ifaces/srv/detail/reset__rosidl_typesupport_introspection_cpp.hpp
[19.502s] -- Installing: /home/jason9308/robot_ws/src/install/grpr2f85_ifaces/include/grpr2f85_ifaces/grpr2f85_ifaces/srv/detail/set_gripper_state__rosidl_typesupport_introspection_cpp.hpp
[19.502s] -- Installing: /home/jason9308/robot_ws/src/install/grpr2f85_ifaces/include/grpr2f85_ifaces/grpr2f85_ifaces/srv/detail/get_gripper_status__rosidl_typesupport_introspection_cpp.hpp
[19.502s] -- Installing: /home/jason9308/robot_ws/src/install/grpr2f85_ifaces/include/grpr2f85_ifaces/grpr2f85_ifaces/srv/detail/set_gripper_state__type_support.cpp
[19.502s] -- Installing: /home/jason9308/robot_ws/src/install/grpr2f85_ifaces/include/grpr2f85_ifaces/grpr2f85_ifaces/srv/detail/get_gripper_status__type_support.cpp
[19.502s] -- Installing: /home/jason9308/robot_ws/src/install/grpr2f85_ifaces/include/grpr2f85_ifaces/grpr2f85_ifaces/srv/detail/reset__type_support.cpp
[19.502s] -- Installing: /home/jason9308/robot_ws/src/install/grpr2f85_ifaces/lib/libgrpr2f85_ifaces__rosidl_typesupport_introspection_cpp.so
[19.503s] -- Set runtime path of "/home/jason9308/robot_ws/src/install/grpr2f85_ifaces/lib/libgrpr2f85_ifaces__rosidl_typesupport_introspection_cpp.so" to ""
[19.503s] -- Installing: /home/jason9308/robot_ws/src/install/grpr2f85_ifaces/lib/libgrpr2f85_ifaces__rosidl_typesupport_cpp.so
[19.503s] -- Set runtime path of "/home/jason9308/robot_ws/src/install/grpr2f85_ifaces/lib/libgrpr2f85_ifaces__rosidl_typesupport_cpp.so" to ""
[19.503s] -- Installing: /home/jason9308/robot_ws/src/install/grpr2f85_ifaces/share/grpr2f85_ifaces/environment/pythonpath.sh
[19.503s] -- Installing: /home/jason9308/robot_ws/src/install/grpr2f85_ifaces/share/grpr2f85_ifaces/environment/pythonpath.dsv
[19.503s] -- Installing: /home/jason9308/robot_ws/src/install/grpr2f85_ifaces/local/lib/python3.10/dist-packages/grpr2f85_ifaces-0.0.0-py3.10.egg-info
[19.505s] -- Installing: /home/jason9308/robot_ws/src/install/grpr2f85_ifaces/local/lib/python3.10/dist-packages/grpr2f85_ifaces-0.0.0-py3.10.egg-info/dependency_links.txt
[19.505s] -- Installing: /home/jason9308/robot_ws/src/install/grpr2f85_ifaces/local/lib/python3.10/dist-packages/grpr2f85_ifaces-0.0.0-py3.10.egg-info/PKG-INFO
[19.505s] -- Installing: /home/jason9308/robot_ws/src/install/grpr2f85_ifaces/local/lib/python3.10/dist-packages/grpr2f85_ifaces-0.0.0-py3.10.egg-info/top_level.txt
[19.505s] -- Installing: /home/jason9308/robot_ws/src/install/grpr2f85_ifaces/local/lib/python3.10/dist-packages/grpr2f85_ifaces-0.0.0-py3.10.egg-info/SOURCES.txt
[19.505s] -- Installing: /home/jason9308/robot_ws/src/install/grpr2f85_ifaces/local/lib/python3.10/dist-packages/grpr2f85_ifaces
[19.506s] -- Installing: /home/jason9308/robot_ws/src/install/grpr2f85_ifaces/local/lib/python3.10/dist-packages/grpr2f85_ifaces/grpr2f85_ifaces_s__rosidl_typesupport_c.cpython-310-x86_64-linux-gnu.so
[19.507s] -- Installing: /home/jason9308/robot_ws/src/install/grpr2f85_ifaces/local/lib/python3.10/dist-packages/grpr2f85_ifaces/__init__.py
[19.507s] -- Installing: /home/jason9308/robot_ws/src/install/grpr2f85_ifaces/local/lib/python3.10/dist-packages/grpr2f85_ifaces/_grpr2f85_ifaces_s.ep.rosidl_typesupport_introspection_c.c
[19.508s] -- Installing: /home/jason9308/robot_ws/src/install/grpr2f85_ifaces/local/lib/python3.10/dist-packages/grpr2f85_ifaces/_grpr2f85_ifaces_s.ep.rosidl_typesupport_c.c
[19.509s] -- Installing: /home/jason9308/robot_ws/src/install/grpr2f85_ifaces/local/lib/python3.10/dist-packages/grpr2f85_ifaces/libgrpr2f85_ifaces__rosidl_generator_py.so
[19.510s] -- Installing: /home/jason9308/robot_ws/src/install/grpr2f85_ifaces/local/lib/python3.10/dist-packages/grpr2f85_ifaces/grpr2f85_ifaces_s__rosidl_typesupport_fastrtps_c.cpython-310-x86_64-linux-gnu.so
[19.510s] -- Installing: /home/jason9308/robot_ws/src/install/grpr2f85_ifaces/local/lib/python3.10/dist-packages/grpr2f85_ifaces/grpr2f85_ifaces_s__rosidl_typesupport_introspection_c.cpython-310-x86_64-linux-gnu.so
[19.512s] -- Installing: /home/jason9308/robot_ws/src/install/grpr2f85_ifaces/local/lib/python3.10/dist-packages/grpr2f85_ifaces/srv
[19.512s] -- Installing: /home/jason9308/robot_ws/src/install/grpr2f85_ifaces/local/lib/python3.10/dist-packages/grpr2f85_ifaces/srv/_reset.py
[19.512s] -- Installing: /home/jason9308/robot_ws/src/install/grpr2f85_ifaces/local/lib/python3.10/dist-packages/grpr2f85_ifaces/srv/_get_gripper_status_s.c
[19.513s] -- Installing: /home/jason9308/robot_ws/src/install/grpr2f85_ifaces/local/lib/python3.10/dist-packages/grpr2f85_ifaces/srv/_reset_s.c
[19.513s] -- Installing: /home/jason9308/robot_ws/src/install/grpr2f85_ifaces/local/lib/python3.10/dist-packages/grpr2f85_ifaces/srv/__init__.py
[19.513s] -- Installing: /home/jason9308/robot_ws/src/install/grpr2f85_ifaces/local/lib/python3.10/dist-packages/grpr2f85_ifaces/srv/_set_gripper_state_s.c
[19.514s] -- Installing: /home/jason9308/robot_ws/src/install/grpr2f85_ifaces/local/lib/python3.10/dist-packages/grpr2f85_ifaces/srv/_get_gripper_status.py
[19.514s] -- Installing: /home/jason9308/robot_ws/src/install/grpr2f85_ifaces/local/lib/python3.10/dist-packages/grpr2f85_ifaces/srv/_set_gripper_state.py
[19.514s] -- Installing: /home/jason9308/robot_ws/src/install/grpr2f85_ifaces/local/lib/python3.10/dist-packages/grpr2f85_ifaces/_grpr2f85_ifaces_s.ep.rosidl_typesupport_fastrtps_c.c
[19.609s] Listing '/home/jason9308/robot_ws/src/install/grpr2f85_ifaces/local/lib/python3.10/dist-packages/grpr2f85_ifaces'...
[19.609s] Compiling '/home/jason9308/robot_ws/src/install/grpr2f85_ifaces/local/lib/python3.10/dist-packages/grpr2f85_ifaces/__init__.py'...
[19.609s] Listing '/home/jason9308/robot_ws/src/install/grpr2f85_ifaces/local/lib/python3.10/dist-packages/grpr2f85_ifaces/srv'...
[19.609s] Compiling '/home/jason9308/robot_ws/src/install/grpr2f85_ifaces/local/lib/python3.10/dist-packages/grpr2f85_ifaces/srv/__init__.py'...
[19.609s] Compiling '/home/jason9308/robot_ws/src/install/grpr2f85_ifaces/local/lib/python3.10/dist-packages/grpr2f85_ifaces/srv/_get_gripper_status.py'...
[19.609s] Compiling '/home/jason9308/robot_ws/src/install/grpr2f85_ifaces/local/lib/python3.10/dist-packages/grpr2f85_ifaces/srv/_reset.py'...
[19.609s] Compiling '/home/jason9308/robot_ws/src/install/grpr2f85_ifaces/local/lib/python3.10/dist-packages/grpr2f85_ifaces/srv/_set_gripper_state.py'...
[19.618s] -- Installing: /home/jason9308/robot_ws/src/install/grpr2f85_ifaces/local/lib/python3.10/dist-packages/grpr2f85_ifaces/grpr2f85_ifaces_s__rosidl_typesupport_fastrtps_c.cpython-310-x86_64-linux-gnu.so
[19.618s] -- Set runtime path of "/home/jason9308/robot_ws/src/install/grpr2f85_ifaces/local/lib/python3.10/dist-packages/grpr2f85_ifaces/grpr2f85_ifaces_s__rosidl_typesupport_fastrtps_c.cpython-310-x86_64-linux-gnu.so" to ""
[19.618s] -- Installing: /home/jason9308/robot_ws/src/install/grpr2f85_ifaces/local/lib/python3.10/dist-packages/grpr2f85_ifaces/grpr2f85_ifaces_s__rosidl_typesupport_introspection_c.cpython-310-x86_64-linux-gnu.so
[19.618s] -- Set runtime path of "/home/jason9308/robot_ws/src/install/grpr2f85_ifaces/local/lib/python3.10/dist-packages/grpr2f85_ifaces/grpr2f85_ifaces_s__rosidl_typesupport_introspection_c.cpython-310-x86_64-linux-gnu.so" to ""
[19.619s] -- Installing: /home/jason9308/robot_ws/src/install/grpr2f85_ifaces/local/lib/python3.10/dist-packages/grpr2f85_ifaces/grpr2f85_ifaces_s__rosidl_typesupport_c.cpython-310-x86_64-linux-gnu.so
[19.619s] -- Set runtime path of "/home/jason9308/robot_ws/src/install/grpr2f85_ifaces/local/lib/python3.10/dist-packages/grpr2f85_ifaces/grpr2f85_ifaces_s__rosidl_typesupport_c.cpython-310-x86_64-linux-gnu.so" to ""
[19.621s] -- Installing: /home/jason9308/robot_ws/src/install/grpr2f85_ifaces/lib/libgrpr2f85_ifaces__rosidl_generator_py.so
[19.621s] -- Set runtime path of "/home/jason9308/robot_ws/src/install/grpr2f85_ifaces/lib/libgrpr2f85_ifaces__rosidl_generator_py.so" to ""
[19.621s] -- Installing: /home/jason9308/robot_ws/src/install/grpr2f85_ifaces/share/grpr2f85_ifaces/srv/Reset.idl
[19.621s] -- Installing: /home/jason9308/robot_ws/src/install/grpr2f85_ifaces/share/grpr2f85_ifaces/srv/GetGripperStatus.idl
[19.621s] -- Installing: /home/jason9308/robot_ws/src/install/grpr2f85_ifaces/share/grpr2f85_ifaces/srv/SetGripperState.idl
[19.622s] -- Installing: /home/jason9308/robot_ws/src/install/grpr2f85_ifaces/share/grpr2f85_ifaces/srv/Reset.srv
[19.622s] -- Installing: /home/jason9308/robot_ws/src/install/grpr2f85_ifaces/share/grpr2f85_ifaces/srv/Reset_Request.msg
[19.622s] -- Installing: /home/jason9308/robot_ws/src/install/grpr2f85_ifaces/share/grpr2f85_ifaces/srv/Reset_Response.msg
[19.628s] -- Installing: /home/jason9308/robot_ws/src/install/grpr2f85_ifaces/share/grpr2f85_ifaces/srv/GetGripperStatus.srv
[19.628s] -- Installing: /home/jason9308/robot_ws/src/install/grpr2f85_ifaces/share/grpr2f85_ifaces/srv/GetGripperStatus_Request.msg
[19.628s] -- Installing: /home/jason9308/robot_ws/src/install/grpr2f85_ifaces/share/grpr2f85_ifaces/srv/GetGripperStatus_Response.msg
[19.628s] -- Installing: /home/jason9308/robot_ws/src/install/grpr2f85_ifaces/share/grpr2f85_ifaces/srv/SetGripperState.srv
[19.628s] -- Installing: /home/jason9308/robot_ws/src/install/grpr2f85_ifaces/share/grpr2f85_ifaces/srv/SetGripperState_Request.msg
[19.629s] -- Installing: /home/jason9308/robot_ws/src/install/grpr2f85_ifaces/share/grpr2f85_ifaces/srv/SetGripperState_Response.msg
[19.629s] -- Installing: /home/jason9308/robot_ws/src/install/grpr2f85_ifaces/share/ament_index/resource_index/package_run_dependencies/grpr2f85_ifaces
[19.630s] -- Installing: /home/jason9308/robot_ws/src/install/grpr2f85_ifaces/share/ament_index/resource_index/parent_prefix_path/grpr2f85_ifaces
[19.631s] -- Installing: /home/jason9308/robot_ws/src/install/grpr2f85_ifaces/share/grpr2f85_ifaces/environment/ament_prefix_path.sh
[19.632s] -- Installing: /home/jason9308/robot_ws/src/install/grpr2f85_ifaces/share/grpr2f85_ifaces/environment/ament_prefix_path.dsv
[19.633s] -- Installing: /home/jason9308/robot_ws/src/install/grpr2f85_ifaces/share/grpr2f85_ifaces/environment/path.sh
[19.634s] -- Installing: /home/jason9308/robot_ws/src/install/grpr2f85_ifaces/share/grpr2f85_ifaces/environment/path.dsv
[19.635s] -- Installing: /home/jason9308/robot_ws/src/install/grpr2f85_ifaces/share/grpr2f85_ifaces/local_setup.bash
[19.637s] -- Installing: /home/jason9308/robot_ws/src/install/grpr2f85_ifaces/share/grpr2f85_ifaces/local_setup.sh
[19.637s] -- Installing: /home/jason9308/robot_ws/src/install/grpr2f85_ifaces/share/grpr2f85_ifaces/local_setup.zsh
[19.637s] -- Installing: /home/jason9308/robot_ws/src/install/grpr2f85_ifaces/share/grpr2f85_ifaces/local_setup.dsv
[19.638s] -- Installing: /home/jason9308/robot_ws/src/install/grpr2f85_ifaces/share/grpr2f85_ifaces/package.dsv
[19.638s] -- Installing: /home/jason9308/robot_ws/src/install/grpr2f85_ifaces/share/ament_index/resource_index/packages/grpr2f85_ifaces
[19.641s] -- Installing: /home/jason9308/robot_ws/src/install/grpr2f85_ifaces/share/grpr2f85_ifaces/cmake/export_grpr2f85_ifaces__rosidl_generator_cExport.cmake
[19.641s] -- Installing: /home/jason9308/robot_ws/src/install/grpr2f85_ifaces/share/grpr2f85_ifaces/cmake/export_grpr2f85_ifaces__rosidl_generator_cExport-noconfig.cmake
[19.645s] -- Installing: /home/jason9308/robot_ws/src/install/grpr2f85_ifaces/share/grpr2f85_ifaces/cmake/export_grpr2f85_ifaces__rosidl_typesupport_fastrtps_cExport.cmake
[19.649s] -- Installing: /home/jason9308/robot_ws/src/install/grpr2f85_ifaces/share/grpr2f85_ifaces/cmake/export_grpr2f85_ifaces__rosidl_typesupport_fastrtps_cExport-noconfig.cmake
[19.649s] -- Installing: /home/jason9308/robot_ws/src/install/grpr2f85_ifaces/share/grpr2f85_ifaces/cmake/export_grpr2f85_ifaces__rosidl_generator_cppExport.cmake
[19.649s] -- Installing: /home/jason9308/robot_ws/src/install/grpr2f85_ifaces/share/grpr2f85_ifaces/cmake/export_grpr2f85_ifaces__rosidl_typesupport_fastrtps_cppExport.cmake
[19.649s] -- Installing: /home/jason9308/robot_ws/src/install/grpr2f85_ifaces/share/grpr2f85_ifaces/cmake/export_grpr2f85_ifaces__rosidl_typesupport_fastrtps_cppExport-noconfig.cmake
[19.650s] -- Installing: /home/jason9308/robot_ws/src/install/grpr2f85_ifaces/share/grpr2f85_ifaces/cmake/grpr2f85_ifaces__rosidl_typesupport_introspection_cExport.cmake
[19.650s] -- Installing: /home/jason9308/robot_ws/src/install/grpr2f85_ifaces/share/grpr2f85_ifaces/cmake/grpr2f85_ifaces__rosidl_typesupport_introspection_cExport-noconfig.cmake
[19.651s] -- Installing: /home/jason9308/robot_ws/src/install/grpr2f85_ifaces/share/grpr2f85_ifaces/cmake/grpr2f85_ifaces__rosidl_typesupport_cExport.cmake
[19.654s] -- Installing: /home/jason9308/robot_ws/src/install/grpr2f85_ifaces/share/grpr2f85_ifaces/cmake/grpr2f85_ifaces__rosidl_typesupport_cExport-noconfig.cmake
[19.654s] -- Installing: /home/jason9308/robot_ws/src/install/grpr2f85_ifaces/share/grpr2f85_ifaces/cmake/grpr2f85_ifaces__rosidl_typesupport_introspection_cppExport.cmake
[19.655s] -- Installing: /home/jason9308/robot_ws/src/install/grpr2f85_ifaces/share/grpr2f85_ifaces/cmake/grpr2f85_ifaces__rosidl_typesupport_introspection_cppExport-noconfig.cmake
[19.655s] -- Installing: /home/jason9308/robot_ws/src/install/grpr2f85_ifaces/share/grpr2f85_ifaces/cmake/grpr2f85_ifaces__rosidl_typesupport_cppExport.cmake
[19.655s] -- Installing: /home/jason9308/robot_ws/src/install/grpr2f85_ifaces/share/grpr2f85_ifaces/cmake/grpr2f85_ifaces__rosidl_typesupport_cppExport-noconfig.cmake
[19.656s] -- Installing: /home/jason9308/robot_ws/src/install/grpr2f85_ifaces/share/grpr2f85_ifaces/cmake/export_grpr2f85_ifaces__rosidl_generator_pyExport.cmake
[19.660s] -- Installing: /home/jason9308/robot_ws/src/install/grpr2f85_ifaces/share/grpr2f85_ifaces/cmake/export_grpr2f85_ifaces__rosidl_generator_pyExport-noconfig.cmake
[19.660s] -- Installing: /home/jason9308/robot_ws/src/install/grpr2f85_ifaces/share/grpr2f85_ifaces/cmake/rosidl_cmake-extras.cmake
[19.660s] -- Installing: /home/jason9308/robot_ws/src/install/grpr2f85_ifaces/share/grpr2f85_ifaces/cmake/ament_cmake_export_dependencies-extras.cmake
[19.661s] -- Installing: /home/jason9308/robot_ws/src/install/grpr2f85_ifaces/share/grpr2f85_ifaces/cmake/ament_cmake_export_include_directories-extras.cmake
[19.662s] -- Installing: /home/jason9308/robot_ws/src/install/grpr2f85_ifaces/share/grpr2f85_ifaces/cmake/ament_cmake_export_libraries-extras.cmake
[19.662s] -- Installing: /home/jason9308/robot_ws/src/install/grpr2f85_ifaces/share/grpr2f85_ifaces/cmake/ament_cmake_export_targets-extras.cmake
[19.664s] -- Installing: /home/jason9308/robot_ws/src/install/grpr2f85_ifaces/share/grpr2f85_ifaces/cmake/rosidl_cmake_export_typesupport_targets-extras.cmake
[19.665s] -- Installing: /home/jason9308/robot_ws/src/install/grpr2f85_ifaces/share/grpr2f85_ifaces/cmake/rosidl_cmake_export_typesupport_libraries-extras.cmake
[19.665s] -- Installing: /home/jason9308/robot_ws/src/install/grpr2f85_ifaces/share/grpr2f85_ifaces/cmake/grpr2f85_ifacesConfig.cmake
[19.667s] -- Installing: /home/jason9308/robot_ws/src/install/grpr2f85_ifaces/share/grpr2f85_ifaces/cmake/grpr2f85_ifacesConfig-version.cmake
[19.668s] -- Installing: /home/jason9308/robot_ws/src/install/grpr2f85_ifaces/share/grpr2f85_ifaces/package.xml
[19.680s] Invoked command in '/home/jason9308/robot_ws/src/build/grpr2f85_ifaces' returned '0': CMAKE_PREFIX_PATH=/home/jason9308/robot_ws/install/xarm_planner:/home/jason9308/robot_ws/install/xarm_moveit_servo:/home/jason9308/robot_ws/install/xarm_moveit_config:/home/jason9308/robot_ws/install/xarm_gazebo:/home/jason9308/robot_ws/install/xarm_controller:/home/jason9308/robot_ws/install/xarm_api:/home/jason9308/robot_ws/install/xarm_sdk:/home/jason9308/robot_ws/install/move_arm:/home/jason9308/robot_ws/install/medicine_grabber:/home/jason9308/robot_ws/install/lite6_handeye:/home/jason9308/robot_ws/install/json_file_watcher:/home/jason9308/robot_ws/install/aruco_grab:/home/jason9308/robot_ws/install/xarm_msgs:/home/jason9308/robot_ws/install/xarm_description:/home/jason9308/robot_ws/install/ui_for_debug_and_demo:/home/jason9308/robot_ws/install/tracer_base:/home/jason9308/robot_ws/install/xarm_simulation:/home/jason9308/robot_ws/install/write_pose:/home/jason9308/robot_ws/install/voice_control:/home/jason9308/robot_ws/install/uf_ros_lib:/home/jason9308/robot_ws/install/tm_simulation_node:/home/jason9308/robot_ws/install/tm_mod_urdf:/home/jason9308/robot_ws/install/tm_get_status:/home/jason9308/robot_ws/install/speech_recognition_pkg:/home/jason9308/robot_ws/install/my_2f85gripper_py:/home/jason9308/robot_ws/install/hand_detection:/home/jason9308/robot_ws/install/face_recognition:/home/jason9308/robot_ws/install/chatbot:/home/jason9308/robot_ws/install/calibration_cross:/opt/ros/humble:/home/jason9308/robot_ws/install/ugv_sdk:/home/jason9308/robot_ws/install/tracer_msgs:/home/jason9308/robot_ws/install/tm_driver:/home/jason9308/robot_ws/install/demo:/home/jason9308/robot_ws/install/tm_msgs:/home/jason9308/robot_ws/install/tm_description:/home/jason9308/robot_ws/install/custom_package:/home/jason9308/robot_ws/install/techman_robot_msgs:/home/jason9308/robot_ws/install/realsense_gazebo_plugin:/home/jason9308/robot_ws/install/navigation_server:/home/jason9308/robot_ws/install/navigation_interfaces:/home/jason9308/robot_ws/install/mbot_demo:/home/jason9308/robot_ws/install/lslidar_driver:/home/jason9308/robot_ws/install/lslidar_msgs:/home/jason9308/robot_ws/install/grpr2f85_ifaces:/home/jason9308/robot_ws/install/control_node /usr/local/cuda-11.5/bin/cmake --install /home/jason9308/robot_ws/src/build/grpr2f85_ifaces
