running egg_info
creating ../../build/xarm_simulation/xarm_simulation.egg-info
writing ../../build/xarm_simulation/xarm_simulation.egg-info/PKG-INFO
writing dependency_links to ../../build/xarm_simulation/xarm_simulation.egg-info/dependency_links.txt
writing entry points to ../../build/xarm_simulation/xarm_simulation.egg-info/entry_points.txt
writing requirements to ../../build/xarm_simulation/xarm_simulation.egg-info/requires.txt
writing top-level names to ../../build/xarm_simulation/xarm_simulation.egg-info/top_level.txt
writing manifest file '../../build/xarm_simulation/xarm_simulation.egg-info/SOURCES.txt'
reading manifest file '../../build/xarm_simulation/xarm_simulation.egg-info/SOURCES.txt'
writing manifest file '../../build/xarm_simulation/xarm_simulation.egg-info/SOURCES.txt'
running build
running build_py
creating /home/jason9308/robot_ws/src/build/xarm_simulation/build
creating /home/jason9308/robot_ws/src/build/xarm_simulation/build/lib
creating /home/jason9308/robot_ws/src/build/xarm_simulation/build/lib/xarm_simulation
copying xarm_simulation/lite6_simulation_node.py -> /home/jason9308/robot_ws/src/build/xarm_simulation/build/lib/xarm_simulation
copying xarm_simulation/__init__.py -> /home/jason9308/robot_ws/src/build/xarm_simulation/build/lib/xarm_simulation
running install
running install_lib
creating /home/jason9308/robot_ws/src/install/xarm_simulation/lib/python3.10/site-packages/xarm_simulation
copying /home/jason9308/robot_ws/src/build/xarm_simulation/build/lib/xarm_simulation/lite6_simulation_node.py -> /home/jason9308/robot_ws/src/install/xarm_simulation/lib/python3.10/site-packages/xarm_simulation
copying /home/jason9308/robot_ws/src/build/xarm_simulation/build/lib/xarm_simulation/__init__.py -> /home/jason9308/robot_ws/src/install/xarm_simulation/lib/python3.10/site-packages/xarm_simulation
byte-compiling /home/jason9308/robot_ws/src/install/xarm_simulation/lib/python3.10/site-packages/xarm_simulation/lite6_simulation_node.py to lite6_simulation_node.cpython-310.pyc
byte-compiling /home/jason9308/robot_ws/src/install/xarm_simulation/lib/python3.10/site-packages/xarm_simulation/__init__.py to __init__.cpython-310.pyc
running install_data
creating /home/jason9308/robot_ws/src/install/xarm_simulation/share/ament_index
creating /home/jason9308/robot_ws/src/install/xarm_simulation/share/ament_index/resource_index
creating /home/jason9308/robot_ws/src/install/xarm_simulation/share/ament_index/resource_index/packages
copying resource/xarm_simulation -> /home/jason9308/robot_ws/src/install/xarm_simulation/share/ament_index/resource_index/packages
copying package.xml -> /home/jason9308/robot_ws/src/install/xarm_simulation/share/xarm_simulation
running install_egg_info
Copying ../../build/xarm_simulation/xarm_simulation.egg-info to /home/jason9308/robot_ws/src/install/xarm_simulation/lib/python3.10/site-packages/xarm_simulation-0.0.0-py3.10.egg-info
running install_scripts
Installing lite6_simulation_node script to /home/jason9308/robot_ws/src/install/xarm_simulation/lib/xarm_simulation
writing list of installed files to '/home/jason9308/robot_ws/src/build/xarm_simulation/install.log'
