[5.809s] Invoking command in '/home/jason9308/robot_ws/src/xarm_ros2/xarm_simulation': PYTHONPATH=/home/jason9308/robot_ws/src/build/xarm_simulation/prefix_override:/usr/lib/python3/dist-packages/colcon_core/task/python/colcon_distutils_commands:/home/jason9308/robot_ws/src/install/xarm_simulation/lib/python3.10/site-packages:${PYTHONPATH} /usr/bin/python3 -W ignore:setup.py install is deprecated -W ignore:easy_install command is deprecated setup.py egg_info --egg-base ../../build/xarm_simulation build --build-base /home/jason9308/robot_ws/src/build/xarm_simulation/build install --record /home/jason9308/robot_ws/src/build/xarm_simulation/install.log --single-version-externally-managed install_data
[6.506s] running egg_info
[6.509s] creating ../../build/xarm_simulation/xarm_simulation.egg-info
[6.510s] writing ../../build/xarm_simulation/xarm_simulation.egg-info/PKG-INFO
[6.514s] writing dependency_links to ../../build/xarm_simulation/xarm_simulation.egg-info/dependency_links.txt
[6.516s] writing entry points to ../../build/xarm_simulation/xarm_simulation.egg-info/entry_points.txt
[6.516s] writing requirements to ../../build/xarm_simulation/xarm_simulation.egg-info/requires.txt
[6.517s] writing top-level names to ../../build/xarm_simulation/xarm_simulation.egg-info/top_level.txt
[6.526s] writing manifest file '../../build/xarm_simulation/xarm_simulation.egg-info/SOURCES.txt'
[6.529s] reading manifest file '../../build/xarm_simulation/xarm_simulation.egg-info/SOURCES.txt'
[6.530s] writing manifest file '../../build/xarm_simulation/xarm_simulation.egg-info/SOURCES.txt'
[6.530s] running build
[6.530s] running build_py
[6.531s] creating /home/jason9308/robot_ws/src/build/xarm_simulation/build
[6.531s] creating /home/jason9308/robot_ws/src/build/xarm_simulation/build/lib
[6.531s] creating /home/jason9308/robot_ws/src/build/xarm_simulation/build/lib/xarm_simulation
[6.531s] copying xarm_simulation/lite6_simulation_node.py -> /home/jason9308/robot_ws/src/build/xarm_simulation/build/lib/xarm_simulation
[6.532s] copying xarm_simulation/__init__.py -> /home/jason9308/robot_ws/src/build/xarm_simulation/build/lib/xarm_simulation
[6.533s] running install
[6.535s] running install_lib
[6.535s] creating /home/jason9308/robot_ws/src/install/xarm_simulation/lib/python3.10/site-packages/xarm_simulation
[6.535s] copying /home/jason9308/robot_ws/src/build/xarm_simulation/build/lib/xarm_simulation/lite6_simulation_node.py -> /home/jason9308/robot_ws/src/install/xarm_simulation/lib/python3.10/site-packages/xarm_simulation
[6.535s] copying /home/jason9308/robot_ws/src/build/xarm_simulation/build/lib/xarm_simulation/__init__.py -> /home/jason9308/robot_ws/src/install/xarm_simulation/lib/python3.10/site-packages/xarm_simulation
[6.537s] byte-compiling /home/jason9308/robot_ws/src/install/xarm_simulation/lib/python3.10/site-packages/xarm_simulation/lite6_simulation_node.py to lite6_simulation_node.cpython-310.pyc
[6.545s] byte-compiling /home/jason9308/robot_ws/src/install/xarm_simulation/lib/python3.10/site-packages/xarm_simulation/__init__.py to __init__.cpython-310.pyc
[6.546s] running install_data
[6.551s] creating /home/jason9308/robot_ws/src/install/xarm_simulation/share/ament_index
[6.553s] creating /home/jason9308/robot_ws/src/install/xarm_simulation/share/ament_index/resource_index
[6.553s] creating /home/jason9308/robot_ws/src/install/xarm_simulation/share/ament_index/resource_index/packages
[6.553s] copying resource/xarm_simulation -> /home/jason9308/robot_ws/src/install/xarm_simulation/share/ament_index/resource_index/packages
[6.553s] copying package.xml -> /home/jason9308/robot_ws/src/install/xarm_simulation/share/xarm_simulation
[6.553s] running install_egg_info
[6.562s] Copying ../../build/xarm_simulation/xarm_simulation.egg-info to /home/jason9308/robot_ws/src/install/xarm_simulation/lib/python3.10/site-packages/xarm_simulation-0.0.0-py3.10.egg-info
[6.572s] running install_scripts
[6.691s] Installing lite6_simulation_node script to /home/jason9308/robot_ws/src/install/xarm_simulation/lib/xarm_simulation
[6.692s] writing list of installed files to '/home/jason9308/robot_ws/src/build/xarm_simulation/install.log'
[6.782s] Invoked command in '/home/jason9308/robot_ws/src/xarm_ros2/xarm_simulation' returned '0': PYTHONPATH=/home/jason9308/robot_ws/src/build/xarm_simulation/prefix_override:/usr/lib/python3/dist-packages/colcon_core/task/python/colcon_distutils_commands:/home/jason9308/robot_ws/src/install/xarm_simulation/lib/python3.10/site-packages:${PYTHONPATH} /usr/bin/python3 -W ignore:setup.py install is deprecated -W ignore:easy_install command is deprecated setup.py egg_info --egg-base ../../build/xarm_simulation build --build-base /home/jason9308/robot_ws/src/build/xarm_simulation/build install --record /home/jason9308/robot_ws/src/build/xarm_simulation/install.log --single-version-externally-managed install_data
