running egg_info
creating ../../build/my_2f85gripper_py/my_2f85gripper_py.egg-info
writing ../../build/my_2f85gripper_py/my_2f85gripper_py.egg-info/PKG-INFO
writing dependency_links to ../../build/my_2f85gripper_py/my_2f85gripper_py.egg-info/dependency_links.txt
writing entry points to ../../build/my_2f85gripper_py/my_2f85gripper_py.egg-info/entry_points.txt
writing requirements to ../../build/my_2f85gripper_py/my_2f85gripper_py.egg-info/requires.txt
writing top-level names to ../../build/my_2f85gripper_py/my_2f85gripper_py.egg-info/top_level.txt
writing manifest file '../../build/my_2f85gripper_py/my_2f85gripper_py.egg-info/SOURCES.txt'
reading manifest file '../../build/my_2f85gripper_py/my_2f85gripper_py.egg-info/SOURCES.txt'
writing manifest file '../../build/my_2f85gripper_py/my_2f85gripper_py.egg-info/SOURCES.txt'
running build
running build_py
creating /home/jason9308/robot_ws/src/build/my_2f85gripper_py/build
creating /home/jason9308/robot_ws/src/build/my_2f85gripper_py/build/lib
creating /home/jason9308/robot_ws/src/build/my_2f85gripper_py/build/lib/my_2f85gripper_py
copying my_2f85gripper_py/__init__.py -> /home/jason9308/robot_ws/src/build/my_2f85gripper_py/build/lib/my_2f85gripper_py
copying my_2f85gripper_py/my_2f85_gripper.py -> /home/jason9308/robot_ws/src/build/my_2f85gripper_py/build/lib/my_2f85gripper_py
running install
running install_lib
creating /home/jason9308/robot_ws/src/install/my_2f85gripper_py/lib/python3.10/site-packages/my_2f85gripper_py
copying /home/jason9308/robot_ws/src/build/my_2f85gripper_py/build/lib/my_2f85gripper_py/__init__.py -> /home/jason9308/robot_ws/src/install/my_2f85gripper_py/lib/python3.10/site-packages/my_2f85gripper_py
copying /home/jason9308/robot_ws/src/build/my_2f85gripper_py/build/lib/my_2f85gripper_py/my_2f85_gripper.py -> /home/jason9308/robot_ws/src/install/my_2f85gripper_py/lib/python3.10/site-packages/my_2f85gripper_py
byte-compiling /home/jason9308/robot_ws/src/install/my_2f85gripper_py/lib/python3.10/site-packages/my_2f85gripper_py/__init__.py to __init__.cpython-310.pyc
byte-compiling /home/jason9308/robot_ws/src/install/my_2f85gripper_py/lib/python3.10/site-packages/my_2f85gripper_py/my_2f85_gripper.py to my_2f85_gripper.cpython-310.pyc
running install_data
creating /home/jason9308/robot_ws/src/install/my_2f85gripper_py/share/ament_index
creating /home/jason9308/robot_ws/src/install/my_2f85gripper_py/share/ament_index/resource_index
creating /home/jason9308/robot_ws/src/install/my_2f85gripper_py/share/ament_index/resource_index/packages
copying resource/my_2f85gripper_py -> /home/jason9308/robot_ws/src/install/my_2f85gripper_py/share/ament_index/resource_index/packages
copying package.xml -> /home/jason9308/robot_ws/src/install/my_2f85gripper_py/share/my_2f85gripper_py
running install_egg_info
Copying ../../build/my_2f85gripper_py/my_2f85gripper_py.egg-info to /home/jason9308/robot_ws/src/install/my_2f85gripper_py/lib/python3.10/site-packages/my_2f85gripper_py-0.0.0-py3.10.egg-info
running install_scripts
Installing my_2f85gripper_py script to /home/jason9308/robot_ws/src/install/my_2f85gripper_py/lib/my_2f85gripper_py
writing list of installed files to '/home/jason9308/robot_ws/src/build/my_2f85gripper_py/install.log'
