running egg_info
creating ../../build/write_pose/write_pose.egg-info
writing ../../build/write_pose/write_pose.egg-info/PKG-INFO
writing dependency_links to ../../build/write_pose/write_pose.egg-info/dependency_links.txt
writing entry points to ../../build/write_pose/write_pose.egg-info/entry_points.txt
writing requirements to ../../build/write_pose/write_pose.egg-info/requires.txt
writing top-level names to ../../build/write_pose/write_pose.egg-info/top_level.txt
writing manifest file '../../build/write_pose/write_pose.egg-info/SOURCES.txt'
reading manifest file '../../build/write_pose/write_pose.egg-info/SOURCES.txt'
writing manifest file '../../build/write_pose/write_pose.egg-info/SOURCES.txt'
running build
running build_py
creating /home/jason9308/robot_ws/src/build/write_pose/build
creating /home/jason9308/robot_ws/src/build/write_pose/build/lib
creating /home/jason9308/robot_ws/src/build/write_pose/build/lib/write_pose
copying write_pose/write_pose.py -> /home/jason9308/robot_ws/src/build/write_pose/build/lib/write_pose
copying write_pose/__init__.py -> /home/jason9308/robot_ws/src/build/write_pose/build/lib/write_pose
running install
running install_lib
creating /home/jason9308/robot_ws/src/install/write_pose/lib/python3.10/site-packages/write_pose
copying /home/jason9308/robot_ws/src/build/write_pose/build/lib/write_pose/write_pose.py -> /home/jason9308/robot_ws/src/install/write_pose/lib/python3.10/site-packages/write_pose
copying /home/jason9308/robot_ws/src/build/write_pose/build/lib/write_pose/__init__.py -> /home/jason9308/robot_ws/src/install/write_pose/lib/python3.10/site-packages/write_pose
byte-compiling /home/jason9308/robot_ws/src/install/write_pose/lib/python3.10/site-packages/write_pose/write_pose.py to write_pose.cpython-310.pyc
byte-compiling /home/jason9308/robot_ws/src/install/write_pose/lib/python3.10/site-packages/write_pose/__init__.py to __init__.cpython-310.pyc
running install_data
creating /home/jason9308/robot_ws/src/install/write_pose/share/ament_index
creating /home/jason9308/robot_ws/src/install/write_pose/share/ament_index/resource_index
creating /home/jason9308/robot_ws/src/install/write_pose/share/ament_index/resource_index/packages
copying resource/write_pose -> /home/jason9308/robot_ws/src/install/write_pose/share/ament_index/resource_index/packages
copying package.xml -> /home/jason9308/robot_ws/src/install/write_pose/share/write_pose
running install_egg_info
Copying ../../build/write_pose/write_pose.egg-info to /home/jason9308/robot_ws/src/install/write_pose/lib/python3.10/site-packages/write_pose-0.0.0-py3.10.egg-info
running install_scripts
Installing write_pose script to /home/jason9308/robot_ws/src/install/write_pose/lib/write_pose
writing list of installed files to '/home/jason9308/robot_ws/src/build/write_pose/install.log'
