[6.313s] Invoking command in '/home/jason9308/robot_ws/src/tracer_ros2/write_pose': PYTHONPATH=/home/jason9308/robot_ws/src/build/write_pose/prefix_override:/usr/lib/python3/dist-packages/colcon_core/task/python/colcon_distutils_commands:/home/jason9308/robot_ws/src/install/write_pose/lib/python3.10/site-packages:${PYTHONPATH} /usr/bin/python3 -W ignore:setup.py install is deprecated -W ignore:easy_install command is deprecated setup.py egg_info --egg-base ../../build/write_pose build --build-base /home/jason9308/robot_ws/src/build/write_pose/build install --record /home/jason9308/robot_ws/src/build/write_pose/install.log --single-version-externally-managed install_data
[7.445s] running egg_info
[7.448s] creating ../../build/write_pose/write_pose.egg-info
[7.448s] writing ../../build/write_pose/write_pose.egg-info/PKG-INFO
[7.449s] writing dependency_links to ../../build/write_pose/write_pose.egg-info/dependency_links.txt
[7.450s] writing entry points to ../../build/write_pose/write_pose.egg-info/entry_points.txt
[7.451s] writing requirements to ../../build/write_pose/write_pose.egg-info/requires.txt
[7.452s] writing top-level names to ../../build/write_pose/write_pose.egg-info/top_level.txt
[7.453s] writing manifest file '../../build/write_pose/write_pose.egg-info/SOURCES.txt'
[7.458s] reading manifest file '../../build/write_pose/write_pose.egg-info/SOURCES.txt'
[7.460s] writing manifest file '../../build/write_pose/write_pose.egg-info/SOURCES.txt'
[7.460s] running build
[7.461s] running build_py
[7.463s] creating /home/jason9308/robot_ws/src/build/write_pose/build
[7.463s] creating /home/jason9308/robot_ws/src/build/write_pose/build/lib
[7.463s] creating /home/jason9308/robot_ws/src/build/write_pose/build/lib/write_pose
[7.463s] copying write_pose/write_pose.py -> /home/jason9308/robot_ws/src/build/write_pose/build/lib/write_pose
[7.464s] copying write_pose/__init__.py -> /home/jason9308/robot_ws/src/build/write_pose/build/lib/write_pose
[7.465s] running install
[7.465s] running install_lib
[7.466s] creating /home/jason9308/robot_ws/src/install/write_pose/lib/python3.10/site-packages/write_pose
[7.467s] copying /home/jason9308/robot_ws/src/build/write_pose/build/lib/write_pose/write_pose.py -> /home/jason9308/robot_ws/src/install/write_pose/lib/python3.10/site-packages/write_pose
[7.468s] copying /home/jason9308/robot_ws/src/build/write_pose/build/lib/write_pose/__init__.py -> /home/jason9308/robot_ws/src/install/write_pose/lib/python3.10/site-packages/write_pose
[7.471s] byte-compiling /home/jason9308/robot_ws/src/install/write_pose/lib/python3.10/site-packages/write_pose/write_pose.py to write_pose.cpython-310.pyc
[7.474s] byte-compiling /home/jason9308/robot_ws/src/install/write_pose/lib/python3.10/site-packages/write_pose/__init__.py to __init__.cpython-310.pyc
[7.476s] running install_data
[7.477s] creating /home/jason9308/robot_ws/src/install/write_pose/share/ament_index
[7.478s] creating /home/jason9308/robot_ws/src/install/write_pose/share/ament_index/resource_index
[7.479s] creating /home/jason9308/robot_ws/src/install/write_pose/share/ament_index/resource_index/packages
[7.479s] copying resource/write_pose -> /home/jason9308/robot_ws/src/install/write_pose/share/ament_index/resource_index/packages
[7.479s] copying package.xml -> /home/jason9308/robot_ws/src/install/write_pose/share/write_pose
[7.481s] running install_egg_info
[7.485s] Copying ../../build/write_pose/write_pose.egg-info to /home/jason9308/robot_ws/src/install/write_pose/lib/python3.10/site-packages/write_pose-0.0.0-py3.10.egg-info
[7.497s] running install_scripts
[7.562s] Installing write_pose script to /home/jason9308/robot_ws/src/install/write_pose/lib/write_pose
[7.562s] writing list of installed files to '/home/jason9308/robot_ws/src/build/write_pose/install.log'
[9.041s] Invoked command in '/home/jason9308/robot_ws/src/tracer_ros2/write_pose' returned '0': PYTHONPATH=/home/jason9308/robot_ws/src/build/write_pose/prefix_override:/usr/lib/python3/dist-packages/colcon_core/task/python/colcon_distutils_commands:/home/jason9308/robot_ws/src/install/write_pose/lib/python3.10/site-packages:${PYTHONPATH} /usr/bin/python3 -W ignore:setup.py install is deprecated -W ignore:easy_install command is deprecated setup.py egg_info --egg-base ../../build/write_pose build --build-base /home/jason9308/robot_ws/src/build/write_pose/build install --record /home/jason9308/robot_ws/src/build/write_pose/install.log --single-version-externally-managed install_data
