[0.360s] Invoking command in '/home/jason9308/robot_ws/src/build/navigation_interfaces': CMAKE_PREFIX_PATH=/home/jason9308/robot_ws/install/xarm_planner:/home/jason9308/robot_ws/install/xarm_moveit_servo:/home/jason9308/robot_ws/install/xarm_moveit_config:/home/jason9308/robot_ws/install/xarm_gazebo:/home/jason9308/robot_ws/install/xarm_controller:/home/jason9308/robot_ws/install/xarm_api:/home/jason9308/robot_ws/install/xarm_sdk:/home/jason9308/robot_ws/install/move_arm:/home/jason9308/robot_ws/install/medicine_grabber:/home/jason9308/robot_ws/install/lite6_handeye:/home/jason9308/robot_ws/install/json_file_watcher:/home/jason9308/robot_ws/install/aruco_grab:/home/jason9308/robot_ws/install/xarm_msgs:/home/jason9308/robot_ws/install/xarm_description:/home/jason9308/robot_ws/install/ui_for_debug_and_demo:/home/jason9308/robot_ws/install/tracer_base:/home/jason9308/robot_ws/install/xarm_simulation:/home/jason9308/robot_ws/install/write_pose:/home/jason9308/robot_ws/install/voice_control:/home/jason9308/robot_ws/install/uf_ros_lib:/home/jason9308/robot_ws/install/tm_simulation_node:/home/jason9308/robot_ws/install/tm_mod_urdf:/home/jason9308/robot_ws/install/tm_get_status:/home/jason9308/robot_ws/install/speech_recognition_pkg:/home/jason9308/robot_ws/install/my_2f85gripper_py:/home/jason9308/robot_ws/install/hand_detection:/home/jason9308/robot_ws/install/face_recognition:/home/jason9308/robot_ws/install/chatbot:/home/jason9308/robot_ws/install/calibration_cross:/opt/ros/humble:/home/jason9308/robot_ws/install/ugv_sdk:/home/jason9308/robot_ws/install/tracer_msgs:/home/jason9308/robot_ws/install/tm_driver:/home/jason9308/robot_ws/install/demo:/home/jason9308/robot_ws/install/tm_msgs:/home/jason9308/robot_ws/install/tm_description:/home/jason9308/robot_ws/install/custom_package:/home/jason9308/robot_ws/install/techman_robot_msgs:/home/jason9308/robot_ws/install/realsense_gazebo_plugin:/home/jason9308/robot_ws/install/navigation_server:/home/jason9308/robot_ws/install/navigation_interfaces:/home/jason9308/robot_ws/install/mbot_demo:/home/jason9308/robot_ws/install/lslidar_driver:/home/jason9308/robot_ws/install/lslidar_msgs:/home/jason9308/robot_ws/install/grpr2f85_ifaces:/home/jason9308/robot_ws/install/control_node /usr/local/cuda-11.5/bin/cmake /home/jason9308/robot_ws/src/tracer_ros2/navigation_interfaces -DCMAKE_INSTALL_PREFIX=/home/jason9308/robot_ws/src/install/navigation_interfaces
[2.690s] -- The C compiler identification is GNU 11.4.0
[2.690s] -- The CXX compiler identification is GNU 11.4.0
[2.690s] -- Detecting C compiler ABI info
[2.690s] -- Detecting C compiler ABI info - done
[2.690s] -- Check for working C compiler: /usr/local/cuda-11.5/bin/cc - skipped
[2.690s] -- Detecting C compile features
[2.690s] -- Detecting C compile features - done
[2.690s] -- Detecting CXX compiler ABI info
[2.690s] -- Detecting CXX compiler ABI info - done
[2.691s] -- Check for working CXX compiler: /usr/local/cuda-11.5/bin/c++ - skipped
[2.691s] -- Detecting CXX compile features
[2.691s] -- Detecting CXX compile features - done
[2.691s] -- Found ament_cmake: 1.3.11 (/opt/ros/humble/share/ament_cmake/cmake)
[2.691s] -- Found Python3: /usr/local/cuda-11.5/bin/python3 (found version "3.10.12") found components: Interpreter 
[2.691s] -- Found std_msgs: 4.2.4 (/opt/ros/humble/share/std_msgs/cmake)
[2.691s] -- Found rosidl_generator_c: 3.1.6 (/opt/ros/humble/share/rosidl_generator_c/cmake)
[2.691s] -- Found rosidl_adapter: 3.1.6 (/opt/ros/humble/share/rosidl_adapter/cmake)
[2.691s] -- Found rosidl_generator_cpp: 3.1.6 (/opt/ros/humble/share/rosidl_generator_cpp/cmake)
[2.693s] -- Using all available rosidl_typesupport_c: rosidl_typesupport_fastrtps_c;rosidl_typesupport_introspection_c
[2.693s] -- Using all available rosidl_typesupport_cpp: rosidl_typesupport_fastrtps_cpp;rosidl_typesupport_introspection_cpp
[2.693s] -- Found rosidl_default_generators: 1.2.0 (/opt/ros/humble/share/rosidl_default_generators/cmake)
[2.693s] -- Found ament_cmake_ros: 0.10.0 (/opt/ros/humble/share/ament_cmake_ros/cmake)
[2.693s] -- Using all available rosidl_typesupport_c: rosidl_typesupport_fastrtps_c;rosidl_typesupport_introspection_c
[2.693s] -- Using all available rosidl_typesupport_cpp: rosidl_typesupport_fastrtps_cpp;rosidl_typesupport_introspection_cpp
[2.744s] -- Found PythonInterp: /usr/local/cuda-11.5/bin/python3 (found suitable version "3.10.12", minimum required is "3.6") 
[2.775s] -- Found python_cmake_module: 0.10.0 (/opt/ros/humble/share/python_cmake_module/cmake)
[2.795s] -- Found PythonLibs: /usr/lib/x86_64-linux-gnu/libpython3.10.so (found suitable version "3.10.12", minimum required is "3.5") 
[2.795s] -- Using PYTHON_EXECUTABLE: /usr/local/cuda-11.5/bin/python3
[2.796s] -- Using PYTHON_INCLUDE_DIRS: /usr/include/python3.10
[2.796s] -- Using PYTHON_LIBRARIES: /usr/lib/x86_64-linux-gnu/libpython3.10.so
[2.798s] -- Found PythonExtra: .so  
[3.141s] -- Found ament_lint_auto: 0.12.11 (/opt/ros/humble/share/ament_lint_auto/cmake)
[3.210s] -- Added test 'lint_cmake' to check CMake code style
[3.210s] -- Added test 'xmllint' to check XML markup files
[3.227s] -- Configuring done
[3.312s] -- Generating done
[3.332s] -- Build files have been written to: /home/jason9308/robot_ws/src/build/navigation_interfaces
[3.362s] Invoked command in '/home/jason9308/robot_ws/src/build/navigation_interfaces' returned '0': CMAKE_PREFIX_PATH=/home/jason9308/robot_ws/install/xarm_planner:/home/jason9308/robot_ws/install/xarm_moveit_servo:/home/jason9308/robot_ws/install/xarm_moveit_config:/home/jason9308/robot_ws/install/xarm_gazebo:/home/jason9308/robot_ws/install/xarm_controller:/home/jason9308/robot_ws/install/xarm_api:/home/jason9308/robot_ws/install/xarm_sdk:/home/jason9308/robot_ws/install/move_arm:/home/jason9308/robot_ws/install/medicine_grabber:/home/jason9308/robot_ws/install/lite6_handeye:/home/jason9308/robot_ws/install/json_file_watcher:/home/jason9308/robot_ws/install/aruco_grab:/home/jason9308/robot_ws/install/xarm_msgs:/home/jason9308/robot_ws/install/xarm_description:/home/jason9308/robot_ws/install/ui_for_debug_and_demo:/home/jason9308/robot_ws/install/tracer_base:/home/jason9308/robot_ws/install/xarm_simulation:/home/jason9308/robot_ws/install/write_pose:/home/jason9308/robot_ws/install/voice_control:/home/jason9308/robot_ws/install/uf_ros_lib:/home/jason9308/robot_ws/install/tm_simulation_node:/home/jason9308/robot_ws/install/tm_mod_urdf:/home/jason9308/robot_ws/install/tm_get_status:/home/jason9308/robot_ws/install/speech_recognition_pkg:/home/jason9308/robot_ws/install/my_2f85gripper_py:/home/jason9308/robot_ws/install/hand_detection:/home/jason9308/robot_ws/install/face_recognition:/home/jason9308/robot_ws/install/chatbot:/home/jason9308/robot_ws/install/calibration_cross:/opt/ros/humble:/home/jason9308/robot_ws/install/ugv_sdk:/home/jason9308/robot_ws/install/tracer_msgs:/home/jason9308/robot_ws/install/tm_driver:/home/jason9308/robot_ws/install/demo:/home/jason9308/robot_ws/install/tm_msgs:/home/jason9308/robot_ws/install/tm_description:/home/jason9308/robot_ws/install/custom_package:/home/jason9308/robot_ws/install/techman_robot_msgs:/home/jason9308/robot_ws/install/realsense_gazebo_plugin:/home/jason9308/robot_ws/install/navigation_server:/home/jason9308/robot_ws/install/navigation_interfaces:/home/jason9308/robot_ws/install/mbot_demo:/home/jason9308/robot_ws/install/lslidar_driver:/home/jason9308/robot_ws/install/lslidar_msgs:/home/jason9308/robot_ws/install/grpr2f85_ifaces:/home/jason9308/robot_ws/install/control_node /usr/local/cuda-11.5/bin/cmake /home/jason9308/robot_ws/src/tracer_ros2/navigation_interfaces -DCMAKE_INSTALL_PREFIX=/home/jason9308/robot_ws/src/install/navigation_interfaces
[3.377s] Invoking command in '/home/jason9308/robot_ws/src/build/navigation_interfaces': CMAKE_PREFIX_PATH=/home/jason9308/robot_ws/install/xarm_planner:/home/jason9308/robot_ws/install/xarm_moveit_servo:/home/jason9308/robot_ws/install/xarm_moveit_config:/home/jason9308/robot_ws/install/xarm_gazebo:/home/jason9308/robot_ws/install/xarm_controller:/home/jason9308/robot_ws/install/xarm_api:/home/jason9308/robot_ws/install/xarm_sdk:/home/jason9308/robot_ws/install/move_arm:/home/jason9308/robot_ws/install/medicine_grabber:/home/jason9308/robot_ws/install/lite6_handeye:/home/jason9308/robot_ws/install/json_file_watcher:/home/jason9308/robot_ws/install/aruco_grab:/home/jason9308/robot_ws/install/xarm_msgs:/home/jason9308/robot_ws/install/xarm_description:/home/jason9308/robot_ws/install/ui_for_debug_and_demo:/home/jason9308/robot_ws/install/tracer_base:/home/jason9308/robot_ws/install/xarm_simulation:/home/jason9308/robot_ws/install/write_pose:/home/jason9308/robot_ws/install/voice_control:/home/jason9308/robot_ws/install/uf_ros_lib:/home/jason9308/robot_ws/install/tm_simulation_node:/home/jason9308/robot_ws/install/tm_mod_urdf:/home/jason9308/robot_ws/install/tm_get_status:/home/jason9308/robot_ws/install/speech_recognition_pkg:/home/jason9308/robot_ws/install/my_2f85gripper_py:/home/jason9308/robot_ws/install/hand_detection:/home/jason9308/robot_ws/install/face_recognition:/home/jason9308/robot_ws/install/chatbot:/home/jason9308/robot_ws/install/calibration_cross:/opt/ros/humble:/home/jason9308/robot_ws/install/ugv_sdk:/home/jason9308/robot_ws/install/tracer_msgs:/home/jason9308/robot_ws/install/tm_driver:/home/jason9308/robot_ws/install/demo:/home/jason9308/robot_ws/install/tm_msgs:/home/jason9308/robot_ws/install/tm_description:/home/jason9308/robot_ws/install/custom_package:/home/jason9308/robot_ws/install/techman_robot_msgs:/home/jason9308/robot_ws/install/realsense_gazebo_plugin:/home/jason9308/robot_ws/install/navigation_server:/home/jason9308/robot_ws/install/navigation_interfaces:/home/jason9308/robot_ws/install/mbot_demo:/home/jason9308/robot_ws/install/lslidar_driver:/home/jason9308/robot_ws/install/lslidar_msgs:/home/jason9308/robot_ws/install/grpr2f85_ifaces:/home/jason9308/robot_ws/install/control_node /usr/local/cuda-11.5/bin/cmake --build /home/jason9308/robot_ws/src/build/navigation_interfaces -- -j20 -l20
[3.630s] [  3%] [34m[1mGenerating C code for ROS interfaces[0m
[3.656s] [  6%] [34m[1mGenerating C++ code for ROS interfaces[0m
[3.698s] [  6%] Built target ament_cmake_python_copy_navigation_interfaces
[5.685s] [  6%] Built target navigation_interfaces__cpp
[5.730s] [  9%] [34m[1mGenerating C++ type support for eProsima Fast-RTPS[0m
[5.737s] [ 12%] [34m[1mGenerating C++ introspection for ROS interfaces[0m
[5.788s] [ 16%] [34m[1mGenerating C++ type support dispatch for ROS interfaces[0m
[6.254s] [ 19%] [32mBuilding C object CMakeFiles/navigation_interfaces__rosidl_generator_c.dir/rosidl_generator_c/navigation_interfaces/srv/detail/navigate_to_pose__functions.c.o[0m
[6.506s] [ 22%] [32mBuilding CXX object CMakeFiles/navigation_interfaces__rosidl_typesupport_cpp.dir/rosidl_typesupport_cpp/navigation_interfaces/srv/navigate_to_pose__type_support.cpp.o[0m
[6.631s] [ 25%] [32mBuilding CXX object CMakeFiles/navigation_interfaces__rosidl_typesupport_fastrtps_cpp.dir/rosidl_typesupport_fastrtps_cpp/navigation_interfaces/srv/detail/dds_fastrtps/navigate_to_pose__type_support.cpp.o[0m
[6.790s] [ 29%] [32m[1mLinking C shared library libnavigation_interfaces__rosidl_generator_c.so[0m
[6.940s] [ 29%] Built target navigation_interfaces__rosidl_generator_c
[6.947s] [ 32%] [32mBuilding CXX object CMakeFiles/navigation_interfaces__rosidl_typesupport_introspection_cpp.dir/rosidl_typesupport_introspection_cpp/navigation_interfaces/srv/detail/navigate_to_pose__type_support.cpp.o[0m
[7.000s] [ 35%] [34m[1mGenerating C introspection for ROS interfaces[0m
[7.003s] [ 38%] [34m[1mGenerating C type support for eProsima Fast-RTPS[0m
[7.014s] [ 41%] [34m[1mGenerating C type support dispatch for ROS interfaces[0m
[7.130s] [ 45%] [32m[1mLinking CXX shared library libnavigation_interfaces__rosidl_typesupport_cpp.so[0m
[7.305s] [ 45%] Built target navigation_interfaces__rosidl_typesupport_cpp
[7.529s] running egg_info
[7.537s] creating navigation_interfaces.egg-info
[7.538s] writing navigation_interfaces.egg-info/PKG-INFO
[7.538s] writing dependency_links to navigation_interfaces.egg-info/dependency_links.txt
[7.538s] writing top-level names to navigation_interfaces.egg-info/top_level.txt
[7.542s] writing manifest file 'navigation_interfaces.egg-info/SOURCES.txt'
[7.546s] reading manifest file 'navigation_interfaces.egg-info/SOURCES.txt'
[7.557s] writing manifest file 'navigation_interfaces.egg-info/SOURCES.txt'
[7.717s] [ 45%] Built target ament_cmake_python_build_navigation_interfaces_egg
[8.126s] [ 48%] [32m[1mLinking CXX shared library libnavigation_interfaces__rosidl_typesupport_fastrtps_cpp.so[0m
[8.304s] [ 51%] [32mBuilding C object CMakeFiles/navigation_interfaces__rosidl_typesupport_introspection_c.dir/rosidl_typesupport_introspection_c/navigation_interfaces/srv/detail/navigate_to_pose__type_support.c.o[0m
[8.360s] [ 54%] [32m[1mLinking CXX shared library libnavigation_interfaces__rosidl_typesupport_introspection_cpp.so[0m
[8.442s] [ 54%] Built target navigation_interfaces__rosidl_typesupport_fastrtps_cpp
[8.639s] [ 58%] [32m[1mLinking C shared library libnavigation_interfaces__rosidl_typesupport_introspection_c.so[0m
[8.958s] [ 58%] Built target navigation_interfaces__rosidl_typesupport_introspection_c
[9.218s] [ 58%] Built target navigation_interfaces__rosidl_typesupport_introspection_cpp
[9.309s] [ 61%] [32mBuilding CXX object CMakeFiles/navigation_interfaces__rosidl_typesupport_c.dir/rosidl_typesupport_c/navigation_interfaces/srv/navigate_to_pose__type_support.cpp.o[0m
[9.452s] [ 64%] [32m[1mLinking CXX shared library libnavigation_interfaces__rosidl_typesupport_c.so[0m
[9.532s] [ 67%] [32mBuilding CXX object CMakeFiles/navigation_interfaces__rosidl_typesupport_fastrtps_c.dir/rosidl_typesupport_fastrtps_c/navigation_interfaces/srv/detail/navigate_to_pose__type_support_c.cpp.o[0m
[9.635s] [ 67%] Built target navigation_interfaces__rosidl_typesupport_c
[13.224s] [ 70%] [32m[1mLinking CXX shared library libnavigation_interfaces__rosidl_typesupport_fastrtps_c.so[0m
[13.406s] [ 70%] Built target navigation_interfaces__rosidl_typesupport_fastrtps_c
[13.517s] [ 70%] Built target navigation_interfaces
[13.557s] [ 74%] [34m[1mGenerating Python code for ROS interfaces[0m
[14.578s] [ 74%] Built target navigation_interfaces__py
[14.706s] [ 77%] [32mBuilding C object CMakeFiles/navigation_interfaces__rosidl_generator_py.dir/rosidl_generator_py/navigation_interfaces/srv/_navigate_to_pose_s.c.o[0m
[15.216s] [ 80%] [32m[1mLinking C shared library rosidl_generator_py/navigation_interfaces/libnavigation_interfaces__rosidl_generator_py.so[0m
[15.375s] [ 80%] Built target navigation_interfaces__rosidl_generator_py
[15.447s] [ 83%] [32mBuilding C object CMakeFiles/navigation_interfaces__rosidl_typesupport_c__pyext.dir/rosidl_generator_py/navigation_interfaces/_navigation_interfaces_s.ep.rosidl_typesupport_c.c.o[0m
[15.499s] [ 87%] [32mBuilding C object CMakeFiles/navigation_interfaces__rosidl_typesupport_fastrtps_c__pyext.dir/rosidl_generator_py/navigation_interfaces/_navigation_interfaces_s.ep.rosidl_typesupport_fastrtps_c.c.o[0m
[15.514s] [ 90%] [32mBuilding C object CMakeFiles/navigation_interfaces__rosidl_typesupport_introspection_c__pyext.dir/rosidl_generator_py/navigation_interfaces/_navigation_interfaces_s.ep.rosidl_typesupport_introspection_c.c.o[0m
[15.833s] [ 93%] [32m[1mLinking C shared library rosidl_generator_py/navigation_interfaces/navigation_interfaces_s__rosidl_typesupport_fastrtps_c.cpython-310-x86_64-linux-gnu.so[0m
[15.937s] [ 96%] [32m[1mLinking C shared library rosidl_generator_py/navigation_interfaces/navigation_interfaces_s__rosidl_typesupport_introspection_c.cpython-310-x86_64-linux-gnu.so[0m
[15.961s] [100%] [32m[1mLinking C shared library rosidl_generator_py/navigation_interfaces/navigation_interfaces_s__rosidl_typesupport_c.cpython-310-x86_64-linux-gnu.so[0m
[15.980s] [100%] Built target navigation_interfaces__rosidl_typesupport_fastrtps_c__pyext
[16.080s] [100%] Built target navigation_interfaces__rosidl_typesupport_introspection_c__pyext
[16.198s] [100%] Built target navigation_interfaces__rosidl_typesupport_c__pyext
[16.741s] Invoked command in '/home/jason9308/robot_ws/src/build/navigation_interfaces' returned '0': CMAKE_PREFIX_PATH=/home/jason9308/robot_ws/install/xarm_planner:/home/jason9308/robot_ws/install/xarm_moveit_servo:/home/jason9308/robot_ws/install/xarm_moveit_config:/home/jason9308/robot_ws/install/xarm_gazebo:/home/jason9308/robot_ws/install/xarm_controller:/home/jason9308/robot_ws/install/xarm_api:/home/jason9308/robot_ws/install/xarm_sdk:/home/jason9308/robot_ws/install/move_arm:/home/jason9308/robot_ws/install/medicine_grabber:/home/jason9308/robot_ws/install/lite6_handeye:/home/jason9308/robot_ws/install/json_file_watcher:/home/jason9308/robot_ws/install/aruco_grab:/home/jason9308/robot_ws/install/xarm_msgs:/home/jason9308/robot_ws/install/xarm_description:/home/jason9308/robot_ws/install/ui_for_debug_and_demo:/home/jason9308/robot_ws/install/tracer_base:/home/jason9308/robot_ws/install/xarm_simulation:/home/jason9308/robot_ws/install/write_pose:/home/jason9308/robot_ws/install/voice_control:/home/jason9308/robot_ws/install/uf_ros_lib:/home/jason9308/robot_ws/install/tm_simulation_node:/home/jason9308/robot_ws/install/tm_mod_urdf:/home/jason9308/robot_ws/install/tm_get_status:/home/jason9308/robot_ws/install/speech_recognition_pkg:/home/jason9308/robot_ws/install/my_2f85gripper_py:/home/jason9308/robot_ws/install/hand_detection:/home/jason9308/robot_ws/install/face_recognition:/home/jason9308/robot_ws/install/chatbot:/home/jason9308/robot_ws/install/calibration_cross:/opt/ros/humble:/home/jason9308/robot_ws/install/ugv_sdk:/home/jason9308/robot_ws/install/tracer_msgs:/home/jason9308/robot_ws/install/tm_driver:/home/jason9308/robot_ws/install/demo:/home/jason9308/robot_ws/install/tm_msgs:/home/jason9308/robot_ws/install/tm_description:/home/jason9308/robot_ws/install/custom_package:/home/jason9308/robot_ws/install/techman_robot_msgs:/home/jason9308/robot_ws/install/realsense_gazebo_plugin:/home/jason9308/robot_ws/install/navigation_server:/home/jason9308/robot_ws/install/navigation_interfaces:/home/jason9308/robot_ws/install/mbot_demo:/home/jason9308/robot_ws/install/lslidar_driver:/home/jason9308/robot_ws/install/lslidar_msgs:/home/jason9308/robot_ws/install/grpr2f85_ifaces:/home/jason9308/robot_ws/install/control_node /usr/local/cuda-11.5/bin/cmake --build /home/jason9308/robot_ws/src/build/navigation_interfaces -- -j20 -l20
[16.742s] Invoking command in '/home/jason9308/robot_ws/src/build/navigation_interfaces': CMAKE_PREFIX_PATH=/home/jason9308/robot_ws/install/xarm_planner:/home/jason9308/robot_ws/install/xarm_moveit_servo:/home/jason9308/robot_ws/install/xarm_moveit_config:/home/jason9308/robot_ws/install/xarm_gazebo:/home/jason9308/robot_ws/install/xarm_controller:/home/jason9308/robot_ws/install/xarm_api:/home/jason9308/robot_ws/install/xarm_sdk:/home/jason9308/robot_ws/install/move_arm:/home/jason9308/robot_ws/install/medicine_grabber:/home/jason9308/robot_ws/install/lite6_handeye:/home/jason9308/robot_ws/install/json_file_watcher:/home/jason9308/robot_ws/install/aruco_grab:/home/jason9308/robot_ws/install/xarm_msgs:/home/jason9308/robot_ws/install/xarm_description:/home/jason9308/robot_ws/install/ui_for_debug_and_demo:/home/jason9308/robot_ws/install/tracer_base:/home/jason9308/robot_ws/install/xarm_simulation:/home/jason9308/robot_ws/install/write_pose:/home/jason9308/robot_ws/install/voice_control:/home/jason9308/robot_ws/install/uf_ros_lib:/home/jason9308/robot_ws/install/tm_simulation_node:/home/jason9308/robot_ws/install/tm_mod_urdf:/home/jason9308/robot_ws/install/tm_get_status:/home/jason9308/robot_ws/install/speech_recognition_pkg:/home/jason9308/robot_ws/install/my_2f85gripper_py:/home/jason9308/robot_ws/install/hand_detection:/home/jason9308/robot_ws/install/face_recognition:/home/jason9308/robot_ws/install/chatbot:/home/jason9308/robot_ws/install/calibration_cross:/opt/ros/humble:/home/jason9308/robot_ws/install/ugv_sdk:/home/jason9308/robot_ws/install/tracer_msgs:/home/jason9308/robot_ws/install/tm_driver:/home/jason9308/robot_ws/install/demo:/home/jason9308/robot_ws/install/tm_msgs:/home/jason9308/robot_ws/install/tm_description:/home/jason9308/robot_ws/install/custom_package:/home/jason9308/robot_ws/install/techman_robot_msgs:/home/jason9308/robot_ws/install/realsense_gazebo_plugin:/home/jason9308/robot_ws/install/navigation_server:/home/jason9308/robot_ws/install/navigation_interfaces:/home/jason9308/robot_ws/install/mbot_demo:/home/jason9308/robot_ws/install/lslidar_driver:/home/jason9308/robot_ws/install/lslidar_msgs:/home/jason9308/robot_ws/install/grpr2f85_ifaces:/home/jason9308/robot_ws/install/control_node /usr/local/cuda-11.5/bin/cmake --install /home/jason9308/robot_ws/src/build/navigation_interfaces
[16.842s] -- Install configuration: ""
[16.842s] -- Installing: /home/jason9308/robot_ws/src/install/navigation_interfaces/share/ament_index/resource_index/rosidl_interfaces/navigation_interfaces
[16.842s] -- Installing: /home/jason9308/robot_ws/src/install/navigation_interfaces/include/navigation_interfaces/navigation_interfaces
[16.842s] -- Installing: /home/jason9308/robot_ws/src/install/navigation_interfaces/include/navigation_interfaces/navigation_interfaces/msg
[16.842s] -- Installing: /home/jason9308/robot_ws/src/install/navigation_interfaces/include/navigation_interfaces/navigation_interfaces/msg/rosidl_generator_c__visibility_control.h
[16.842s] -- Installing: /home/jason9308/robot_ws/src/install/navigation_interfaces/include/navigation_interfaces/navigation_interfaces/srv
[16.842s] -- Installing: /home/jason9308/robot_ws/src/install/navigation_interfaces/include/navigation_interfaces/navigation_interfaces/srv/navigate_to_pose.h
[16.842s] -- Installing: /home/jason9308/robot_ws/src/install/navigation_interfaces/include/navigation_interfaces/navigation_interfaces/srv/detail
[16.842s] -- Installing: /home/jason9308/robot_ws/src/install/navigation_interfaces/include/navigation_interfaces/navigation_interfaces/srv/detail/navigate_to_pose__type_support.h
[16.842s] -- Installing: /home/jason9308/robot_ws/src/install/navigation_interfaces/include/navigation_interfaces/navigation_interfaces/srv/detail/navigate_to_pose__struct.h
[16.842s] -- Installing: /home/jason9308/robot_ws/src/install/navigation_interfaces/include/navigation_interfaces/navigation_interfaces/srv/detail/navigate_to_pose__functions.h
[16.843s] -- Installing: /home/jason9308/robot_ws/src/install/navigation_interfaces/include/navigation_interfaces/navigation_interfaces/srv/detail/navigate_to_pose__functions.c
[16.843s] -- Installing: /home/jason9308/robot_ws/src/install/navigation_interfaces/share/navigation_interfaces/environment/library_path.sh
[16.843s] -- Installing: /home/jason9308/robot_ws/src/install/navigation_interfaces/share/navigation_interfaces/environment/library_path.dsv
[16.843s] -- Installing: /home/jason9308/robot_ws/src/install/navigation_interfaces/lib/libnavigation_interfaces__rosidl_generator_c.so
[16.843s] -- Set runtime path of "/home/jason9308/robot_ws/src/install/navigation_interfaces/lib/libnavigation_interfaces__rosidl_generator_c.so" to ""
[16.843s] -- Up-to-date: /home/jason9308/robot_ws/src/install/navigation_interfaces/include/navigation_interfaces/navigation_interfaces
[16.843s] -- Up-to-date: /home/jason9308/robot_ws/src/install/navigation_interfaces/include/navigation_interfaces/navigation_interfaces/msg
[16.843s] -- Installing: /home/jason9308/robot_ws/src/install/navigation_interfaces/include/navigation_interfaces/navigation_interfaces/msg/rosidl_typesupport_fastrtps_c__visibility_control.h
[16.843s] -- Up-to-date: /home/jason9308/robot_ws/src/install/navigation_interfaces/include/navigation_interfaces/navigation_interfaces/srv
[16.843s] -- Up-to-date: /home/jason9308/robot_ws/src/install/navigation_interfaces/include/navigation_interfaces/navigation_interfaces/srv/detail
[16.843s] -- Installing: /home/jason9308/robot_ws/src/install/navigation_interfaces/include/navigation_interfaces/navigation_interfaces/srv/detail/navigate_to_pose__rosidl_typesupport_fastrtps_c.h
[16.843s] -- Installing: /home/jason9308/robot_ws/src/install/navigation_interfaces/lib/libnavigation_interfaces__rosidl_typesupport_fastrtps_c.so
[16.843s] -- Set runtime path of "/home/jason9308/robot_ws/src/install/navigation_interfaces/lib/libnavigation_interfaces__rosidl_typesupport_fastrtps_c.so" to ""
[16.843s] -- Up-to-date: /home/jason9308/robot_ws/src/install/navigation_interfaces/include/navigation_interfaces/navigation_interfaces
[16.843s] -- Up-to-date: /home/jason9308/robot_ws/src/install/navigation_interfaces/include/navigation_interfaces/navigation_interfaces/msg
[16.844s] -- Installing: /home/jason9308/robot_ws/src/install/navigation_interfaces/include/navigation_interfaces/navigation_interfaces/msg/rosidl_generator_cpp__visibility_control.hpp
[16.844s] -- Up-to-date: /home/jason9308/robot_ws/src/install/navigation_interfaces/include/navigation_interfaces/navigation_interfaces/srv
[16.844s] -- Up-to-date: /home/jason9308/robot_ws/src/install/navigation_interfaces/include/navigation_interfaces/navigation_interfaces/srv/detail
[16.844s] -- Installing: /home/jason9308/robot_ws/src/install/navigation_interfaces/include/navigation_interfaces/navigation_interfaces/srv/detail/navigate_to_pose__traits.hpp
[16.844s] -- Installing: /home/jason9308/robot_ws/src/install/navigation_interfaces/include/navigation_interfaces/navigation_interfaces/srv/detail/navigate_to_pose__builder.hpp
[16.844s] -- Installing: /home/jason9308/robot_ws/src/install/navigation_interfaces/include/navigation_interfaces/navigation_interfaces/srv/detail/navigate_to_pose__struct.hpp
[16.844s] -- Installing: /home/jason9308/robot_ws/src/install/navigation_interfaces/include/navigation_interfaces/navigation_interfaces/srv/detail/navigate_to_pose__type_support.hpp
[16.844s] -- Installing: /home/jason9308/robot_ws/src/install/navigation_interfaces/include/navigation_interfaces/navigation_interfaces/srv/navigate_to_pose.hpp
[16.844s] -- Up-to-date: /home/jason9308/robot_ws/src/install/navigation_interfaces/include/navigation_interfaces/navigation_interfaces
[16.844s] -- Up-to-date: /home/jason9308/robot_ws/src/install/navigation_interfaces/include/navigation_interfaces/navigation_interfaces/msg
[16.844s] -- Installing: /home/jason9308/robot_ws/src/install/navigation_interfaces/include/navigation_interfaces/navigation_interfaces/msg/rosidl_typesupport_fastrtps_cpp__visibility_control.h
[16.844s] -- Up-to-date: /home/jason9308/robot_ws/src/install/navigation_interfaces/include/navigation_interfaces/navigation_interfaces/srv
[16.844s] -- Up-to-date: /home/jason9308/robot_ws/src/install/navigation_interfaces/include/navigation_interfaces/navigation_interfaces/srv/detail
[16.844s] -- Installing: /home/jason9308/robot_ws/src/install/navigation_interfaces/include/navigation_interfaces/navigation_interfaces/srv/detail/dds_fastrtps
[16.844s] -- Installing: /home/jason9308/robot_ws/src/install/navigation_interfaces/include/navigation_interfaces/navigation_interfaces/srv/detail/navigate_to_pose__rosidl_typesupport_fastrtps_cpp.hpp
[16.844s] -- Installing: /home/jason9308/robot_ws/src/install/navigation_interfaces/lib/libnavigation_interfaces__rosidl_typesupport_fastrtps_cpp.so
[16.845s] -- Set runtime path of "/home/jason9308/robot_ws/src/install/navigation_interfaces/lib/libnavigation_interfaces__rosidl_typesupport_fastrtps_cpp.so" to ""
[16.845s] -- Up-to-date: /home/jason9308/robot_ws/src/install/navigation_interfaces/include/navigation_interfaces/navigation_interfaces
[16.845s] -- Up-to-date: /home/jason9308/robot_ws/src/install/navigation_interfaces/include/navigation_interfaces/navigation_interfaces/msg
[16.845s] -- Installing: /home/jason9308/robot_ws/src/install/navigation_interfaces/include/navigation_interfaces/navigation_interfaces/msg/rosidl_typesupport_introspection_c__visibility_control.h
[16.845s] -- Up-to-date: /home/jason9308/robot_ws/src/install/navigation_interfaces/include/navigation_interfaces/navigation_interfaces/srv
[16.845s] -- Up-to-date: /home/jason9308/robot_ws/src/install/navigation_interfaces/include/navigation_interfaces/navigation_interfaces/srv/detail
[16.845s] -- Installing: /home/jason9308/robot_ws/src/install/navigation_interfaces/include/navigation_interfaces/navigation_interfaces/srv/detail/navigate_to_pose__type_support.c
[16.845s] -- Installing: /home/jason9308/robot_ws/src/install/navigation_interfaces/include/navigation_interfaces/navigation_interfaces/srv/detail/navigate_to_pose__rosidl_typesupport_introspection_c.h
[16.845s] -- Installing: /home/jason9308/robot_ws/src/install/navigation_interfaces/lib/libnavigation_interfaces__rosidl_typesupport_introspection_c.so
[16.855s] -- Set runtime path of "/home/jason9308/robot_ws/src/install/navigation_interfaces/lib/libnavigation_interfaces__rosidl_typesupport_introspection_c.so" to ""
[16.855s] -- Installing: /home/jason9308/robot_ws/src/install/navigation_interfaces/lib/libnavigation_interfaces__rosidl_typesupport_c.so
[16.855s] -- Set runtime path of "/home/jason9308/robot_ws/src/install/navigation_interfaces/lib/libnavigation_interfaces__rosidl_typesupport_c.so" to ""
[16.855s] -- Up-to-date: /home/jason9308/robot_ws/src/install/navigation_interfaces/include/navigation_interfaces/navigation_interfaces
[16.855s] -- Up-to-date: /home/jason9308/robot_ws/src/install/navigation_interfaces/include/navigation_interfaces/navigation_interfaces/srv
[16.855s] -- Up-to-date: /home/jason9308/robot_ws/src/install/navigation_interfaces/include/navigation_interfaces/navigation_interfaces/srv/detail
[16.855s] -- Installing: /home/jason9308/robot_ws/src/install/navigation_interfaces/include/navigation_interfaces/navigation_interfaces/srv/detail/navigate_to_pose__type_support.cpp
[16.855s] -- Installing: /home/jason9308/robot_ws/src/install/navigation_interfaces/include/navigation_interfaces/navigation_interfaces/srv/detail/navigate_to_pose__rosidl_typesupport_introspection_cpp.hpp
[16.856s] -- Installing: /home/jason9308/robot_ws/src/install/navigation_interfaces/lib/libnavigation_interfaces__rosidl_typesupport_introspection_cpp.so
[16.856s] -- Set runtime path of "/home/jason9308/robot_ws/src/install/navigation_interfaces/lib/libnavigation_interfaces__rosidl_typesupport_introspection_cpp.so" to ""
[16.856s] -- Installing: /home/jason9308/robot_ws/src/install/navigation_interfaces/lib/libnavigation_interfaces__rosidl_typesupport_cpp.so
[16.856s] -- Set runtime path of "/home/jason9308/robot_ws/src/install/navigation_interfaces/lib/libnavigation_interfaces__rosidl_typesupport_cpp.so" to ""
[16.856s] -- Installing: /home/jason9308/robot_ws/src/install/navigation_interfaces/share/navigation_interfaces/environment/pythonpath.sh
[16.856s] -- Installing: /home/jason9308/robot_ws/src/install/navigation_interfaces/share/navigation_interfaces/environment/pythonpath.dsv
[16.856s] -- Installing: /home/jason9308/robot_ws/src/install/navigation_interfaces/local/lib/python3.10/dist-packages/navigation_interfaces-0.0.1-py3.10.egg-info
[16.856s] -- Installing: /home/jason9308/robot_ws/src/install/navigation_interfaces/local/lib/python3.10/dist-packages/navigation_interfaces-0.0.1-py3.10.egg-info/dependency_links.txt
[16.856s] -- Installing: /home/jason9308/robot_ws/src/install/navigation_interfaces/local/lib/python3.10/dist-packages/navigation_interfaces-0.0.1-py3.10.egg-info/PKG-INFO
[16.856s] -- Installing: /home/jason9308/robot_ws/src/install/navigation_interfaces/local/lib/python3.10/dist-packages/navigation_interfaces-0.0.1-py3.10.egg-info/top_level.txt
[16.856s] -- Installing: /home/jason9308/robot_ws/src/install/navigation_interfaces/local/lib/python3.10/dist-packages/navigation_interfaces-0.0.1-py3.10.egg-info/SOURCES.txt
[16.856s] -- Installing: /home/jason9308/robot_ws/src/install/navigation_interfaces/local/lib/python3.10/dist-packages/navigation_interfaces
[16.856s] -- Installing: /home/jason9308/robot_ws/src/install/navigation_interfaces/local/lib/python3.10/dist-packages/navigation_interfaces/libnavigation_interfaces__rosidl_generator_py.so
[16.856s] -- Installing: /home/jason9308/robot_ws/src/install/navigation_interfaces/local/lib/python3.10/dist-packages/navigation_interfaces/__init__.py
[16.856s] -- Installing: /home/jason9308/robot_ws/src/install/navigation_interfaces/local/lib/python3.10/dist-packages/navigation_interfaces/_navigation_interfaces_s.ep.rosidl_typesupport_c.c
[16.857s] -- Installing: /home/jason9308/robot_ws/src/install/navigation_interfaces/local/lib/python3.10/dist-packages/navigation_interfaces/navigation_interfaces_s__rosidl_typesupport_c.cpython-310-x86_64-linux-gnu.so
[16.857s] -- Installing: /home/jason9308/robot_ws/src/install/navigation_interfaces/local/lib/python3.10/dist-packages/navigation_interfaces/_navigation_interfaces_s.ep.rosidl_typesupport_fastrtps_c.c
[16.857s] -- Installing: /home/jason9308/robot_ws/src/install/navigation_interfaces/local/lib/python3.10/dist-packages/navigation_interfaces/_navigation_interfaces_s.ep.rosidl_typesupport_introspection_c.c
[16.857s] -- Installing: /home/jason9308/robot_ws/src/install/navigation_interfaces/local/lib/python3.10/dist-packages/navigation_interfaces/navigation_interfaces_s__rosidl_typesupport_fastrtps_c.cpython-310-x86_64-linux-gnu.so
[16.857s] -- Installing: /home/jason9308/robot_ws/src/install/navigation_interfaces/local/lib/python3.10/dist-packages/navigation_interfaces/navigation_interfaces_s__rosidl_typesupport_introspection_c.cpython-310-x86_64-linux-gnu.so
[16.857s] -- Installing: /home/jason9308/robot_ws/src/install/navigation_interfaces/local/lib/python3.10/dist-packages/navigation_interfaces/srv
[16.857s] -- Installing: /home/jason9308/robot_ws/src/install/navigation_interfaces/local/lib/python3.10/dist-packages/navigation_interfaces/srv/_navigate_to_pose_s.c
[16.857s] -- Installing: /home/jason9308/robot_ws/src/install/navigation_interfaces/local/lib/python3.10/dist-packages/navigation_interfaces/srv/_navigate_to_pose.py
[16.857s] -- Installing: /home/jason9308/robot_ws/src/install/navigation_interfaces/local/lib/python3.10/dist-packages/navigation_interfaces/srv/__init__.py
[17.129s] Listing '/home/jason9308/robot_ws/src/install/navigation_interfaces/local/lib/python3.10/dist-packages/navigation_interfaces'...
[17.129s] Compiling '/home/jason9308/robot_ws/src/install/navigation_interfaces/local/lib/python3.10/dist-packages/navigation_interfaces/__init__.py'...
[17.130s] Listing '/home/jason9308/robot_ws/src/install/navigation_interfaces/local/lib/python3.10/dist-packages/navigation_interfaces/srv'...
[17.130s] Compiling '/home/jason9308/robot_ws/src/install/navigation_interfaces/local/lib/python3.10/dist-packages/navigation_interfaces/srv/__init__.py'...
[17.130s] Compiling '/home/jason9308/robot_ws/src/install/navigation_interfaces/local/lib/python3.10/dist-packages/navigation_interfaces/srv/_navigate_to_pose.py'...
[17.176s] -- Installing: /home/jason9308/robot_ws/src/install/navigation_interfaces/local/lib/python3.10/dist-packages/navigation_interfaces/navigation_interfaces_s__rosidl_typesupport_fastrtps_c.cpython-310-x86_64-linux-gnu.so
[17.177s] -- Set runtime path of "/home/jason9308/robot_ws/src/install/navigation_interfaces/local/lib/python3.10/dist-packages/navigation_interfaces/navigation_interfaces_s__rosidl_typesupport_fastrtps_c.cpython-310-x86_64-linux-gnu.so" to ""
[17.177s] -- Installing: /home/jason9308/robot_ws/src/install/navigation_interfaces/local/lib/python3.10/dist-packages/navigation_interfaces/navigation_interfaces_s__rosidl_typesupport_introspection_c.cpython-310-x86_64-linux-gnu.so
[17.177s] -- Set runtime path of "/home/jason9308/robot_ws/src/install/navigation_interfaces/local/lib/python3.10/dist-packages/navigation_interfaces/navigation_interfaces_s__rosidl_typesupport_introspection_c.cpython-310-x86_64-linux-gnu.so" to ""
[17.177s] -- Installing: /home/jason9308/robot_ws/src/install/navigation_interfaces/local/lib/python3.10/dist-packages/navigation_interfaces/navigation_interfaces_s__rosidl_typesupport_c.cpython-310-x86_64-linux-gnu.so
[17.177s] -- Set runtime path of "/home/jason9308/robot_ws/src/install/navigation_interfaces/local/lib/python3.10/dist-packages/navigation_interfaces/navigation_interfaces_s__rosidl_typesupport_c.cpython-310-x86_64-linux-gnu.so" to ""
[17.177s] -- Installing: /home/jason9308/robot_ws/src/install/navigation_interfaces/lib/libnavigation_interfaces__rosidl_generator_py.so
[17.177s] -- Set runtime path of "/home/jason9308/robot_ws/src/install/navigation_interfaces/lib/libnavigation_interfaces__rosidl_generator_py.so" to ""
[17.177s] -- Installing: /home/jason9308/robot_ws/src/install/navigation_interfaces/share/navigation_interfaces/srv/NavigateToPose.idl
[17.177s] -- Installing: /home/jason9308/robot_ws/src/install/navigation_interfaces/share/navigation_interfaces/srv/NavigateToPose.srv
[17.185s] -- Installing: /home/jason9308/robot_ws/src/install/navigation_interfaces/share/navigation_interfaces/srv/NavigateToPose_Request.msg
[17.186s] -- Installing: /home/jason9308/robot_ws/src/install/navigation_interfaces/share/navigation_interfaces/srv/NavigateToPose_Response.msg
[17.186s] -- Installing: /home/jason9308/robot_ws/src/install/navigation_interfaces/share/ament_index/resource_index/package_run_dependencies/navigation_interfaces
[17.186s] -- Installing: /home/jason9308/robot_ws/src/install/navigation_interfaces/share/ament_index/resource_index/parent_prefix_path/navigation_interfaces
[17.186s] -- Installing: /home/jason9308/robot_ws/src/install/navigation_interfaces/share/navigation_interfaces/environment/ament_prefix_path.sh
[17.186s] -- Installing: /home/jason9308/robot_ws/src/install/navigation_interfaces/share/navigation_interfaces/environment/ament_prefix_path.dsv
[17.197s] -- Installing: /home/jason9308/robot_ws/src/install/navigation_interfaces/share/navigation_interfaces/environment/path.sh
[17.197s] -- Installing: /home/jason9308/robot_ws/src/install/navigation_interfaces/share/navigation_interfaces/environment/path.dsv
[17.197s] -- Installing: /home/jason9308/robot_ws/src/install/navigation_interfaces/share/navigation_interfaces/local_setup.bash
[17.197s] -- Installing: /home/jason9308/robot_ws/src/install/navigation_interfaces/share/navigation_interfaces/local_setup.sh
[17.197s] -- Installing: /home/jason9308/robot_ws/src/install/navigation_interfaces/share/navigation_interfaces/local_setup.zsh
[17.198s] -- Installing: /home/jason9308/robot_ws/src/install/navigation_interfaces/share/navigation_interfaces/local_setup.dsv
[17.198s] -- Installing: /home/jason9308/robot_ws/src/install/navigation_interfaces/share/navigation_interfaces/package.dsv
[17.198s] -- Installing: /home/jason9308/robot_ws/src/install/navigation_interfaces/share/ament_index/resource_index/packages/navigation_interfaces
[17.198s] -- Installing: /home/jason9308/robot_ws/src/install/navigation_interfaces/share/navigation_interfaces/cmake/export_navigation_interfaces__rosidl_generator_cExport.cmake
[17.199s] -- Installing: /home/jason9308/robot_ws/src/install/navigation_interfaces/share/navigation_interfaces/cmake/export_navigation_interfaces__rosidl_generator_cExport-noconfig.cmake
[17.199s] -- Installing: /home/jason9308/robot_ws/src/install/navigation_interfaces/share/navigation_interfaces/cmake/export_navigation_interfaces__rosidl_typesupport_fastrtps_cExport.cmake
[17.200s] -- Installing: /home/jason9308/robot_ws/src/install/navigation_interfaces/share/navigation_interfaces/cmake/export_navigation_interfaces__rosidl_typesupport_fastrtps_cExport-noconfig.cmake
[17.200s] -- Installing: /home/jason9308/robot_ws/src/install/navigation_interfaces/share/navigation_interfaces/cmake/export_navigation_interfaces__rosidl_generator_cppExport.cmake
[17.200s] -- Installing: /home/jason9308/robot_ws/src/install/navigation_interfaces/share/navigation_interfaces/cmake/export_navigation_interfaces__rosidl_typesupport_fastrtps_cppExport.cmake
[17.200s] -- Installing: /home/jason9308/robot_ws/src/install/navigation_interfaces/share/navigation_interfaces/cmake/export_navigation_interfaces__rosidl_typesupport_fastrtps_cppExport-noconfig.cmake
[17.203s] -- Installing: /home/jason9308/robot_ws/src/install/navigation_interfaces/share/navigation_interfaces/cmake/navigation_interfaces__rosidl_typesupport_introspection_cExport.cmake
[17.204s] -- Installing: /home/jason9308/robot_ws/src/install/navigation_interfaces/share/navigation_interfaces/cmake/navigation_interfaces__rosidl_typesupport_introspection_cExport-noconfig.cmake
[17.204s] -- Installing: /home/jason9308/robot_ws/src/install/navigation_interfaces/share/navigation_interfaces/cmake/navigation_interfaces__rosidl_typesupport_cExport.cmake
[17.208s] -- Installing: /home/jason9308/robot_ws/src/install/navigation_interfaces/share/navigation_interfaces/cmake/navigation_interfaces__rosidl_typesupport_cExport-noconfig.cmake
[17.212s] -- Installing: /home/jason9308/robot_ws/src/install/navigation_interfaces/share/navigation_interfaces/cmake/navigation_interfaces__rosidl_typesupport_introspection_cppExport.cmake
[17.213s] -- Installing: /home/jason9308/robot_ws/src/install/navigation_interfaces/share/navigation_interfaces/cmake/navigation_interfaces__rosidl_typesupport_introspection_cppExport-noconfig.cmake
[17.214s] -- Installing: /home/jason9308/robot_ws/src/install/navigation_interfaces/share/navigation_interfaces/cmake/navigation_interfaces__rosidl_typesupport_cppExport.cmake
[17.216s] -- Installing: /home/jason9308/robot_ws/src/install/navigation_interfaces/share/navigation_interfaces/cmake/navigation_interfaces__rosidl_typesupport_cppExport-noconfig.cmake
[17.216s] -- Installing: /home/jason9308/robot_ws/src/install/navigation_interfaces/share/navigation_interfaces/cmake/export_navigation_interfaces__rosidl_generator_pyExport.cmake
[17.216s] -- Installing: /home/jason9308/robot_ws/src/install/navigation_interfaces/share/navigation_interfaces/cmake/export_navigation_interfaces__rosidl_generator_pyExport-noconfig.cmake
[17.217s] -- Installing: /home/jason9308/robot_ws/src/install/navigation_interfaces/share/navigation_interfaces/cmake/rosidl_cmake-extras.cmake
[17.217s] -- Installing: /home/jason9308/robot_ws/src/install/navigation_interfaces/share/navigation_interfaces/cmake/ament_cmake_export_dependencies-extras.cmake
[17.217s] -- Installing: /home/jason9308/robot_ws/src/install/navigation_interfaces/share/navigation_interfaces/cmake/ament_cmake_export_include_directories-extras.cmake
[17.218s] -- Installing: /home/jason9308/robot_ws/src/install/navigation_interfaces/share/navigation_interfaces/cmake/ament_cmake_export_libraries-extras.cmake
[17.219s] -- Installing: /home/jason9308/robot_ws/src/install/navigation_interfaces/share/navigation_interfaces/cmake/ament_cmake_export_targets-extras.cmake
[17.219s] -- Installing: /home/jason9308/robot_ws/src/install/navigation_interfaces/share/navigation_interfaces/cmake/rosidl_cmake_export_typesupport_targets-extras.cmake
[17.219s] -- Installing: /home/jason9308/robot_ws/src/install/navigation_interfaces/share/navigation_interfaces/cmake/rosidl_cmake_export_typesupport_libraries-extras.cmake
[17.219s] -- Installing: /home/jason9308/robot_ws/src/install/navigation_interfaces/share/navigation_interfaces/cmake/navigation_interfacesConfig.cmake
[17.219s] -- Installing: /home/jason9308/robot_ws/src/install/navigation_interfaces/share/navigation_interfaces/cmake/navigation_interfacesConfig-version.cmake
[17.220s] -- Installing: /home/jason9308/robot_ws/src/install/navigation_interfaces/share/navigation_interfaces/package.xml
[17.228s] Invoked command in '/home/jason9308/robot_ws/src/build/navigation_interfaces' returned '0': CMAKE_PREFIX_PATH=/home/jason9308/robot_ws/install/xarm_planner:/home/jason9308/robot_ws/install/xarm_moveit_servo:/home/jason9308/robot_ws/install/xarm_moveit_config:/home/jason9308/robot_ws/install/xarm_gazebo:/home/jason9308/robot_ws/install/xarm_controller:/home/jason9308/robot_ws/install/xarm_api:/home/jason9308/robot_ws/install/xarm_sdk:/home/jason9308/robot_ws/install/move_arm:/home/jason9308/robot_ws/install/medicine_grabber:/home/jason9308/robot_ws/install/lite6_handeye:/home/jason9308/robot_ws/install/json_file_watcher:/home/jason9308/robot_ws/install/aruco_grab:/home/jason9308/robot_ws/install/xarm_msgs:/home/jason9308/robot_ws/install/xarm_description:/home/jason9308/robot_ws/install/ui_for_debug_and_demo:/home/jason9308/robot_ws/install/tracer_base:/home/jason9308/robot_ws/install/xarm_simulation:/home/jason9308/robot_ws/install/write_pose:/home/jason9308/robot_ws/install/voice_control:/home/jason9308/robot_ws/install/uf_ros_lib:/home/jason9308/robot_ws/install/tm_simulation_node:/home/jason9308/robot_ws/install/tm_mod_urdf:/home/jason9308/robot_ws/install/tm_get_status:/home/jason9308/robot_ws/install/speech_recognition_pkg:/home/jason9308/robot_ws/install/my_2f85gripper_py:/home/jason9308/robot_ws/install/hand_detection:/home/jason9308/robot_ws/install/face_recognition:/home/jason9308/robot_ws/install/chatbot:/home/jason9308/robot_ws/install/calibration_cross:/opt/ros/humble:/home/jason9308/robot_ws/install/ugv_sdk:/home/jason9308/robot_ws/install/tracer_msgs:/home/jason9308/robot_ws/install/tm_driver:/home/jason9308/robot_ws/install/demo:/home/jason9308/robot_ws/install/tm_msgs:/home/jason9308/robot_ws/install/tm_description:/home/jason9308/robot_ws/install/custom_package:/home/jason9308/robot_ws/install/techman_robot_msgs:/home/jason9308/robot_ws/install/realsense_gazebo_plugin:/home/jason9308/robot_ws/install/navigation_server:/home/jason9308/robot_ws/install/navigation_interfaces:/home/jason9308/robot_ws/install/mbot_demo:/home/jason9308/robot_ws/install/lslidar_driver:/home/jason9308/robot_ws/install/lslidar_msgs:/home/jason9308/robot_ws/install/grpr2f85_ifaces:/home/jason9308/robot_ws/install/control_node /usr/local/cuda-11.5/bin/cmake --install /home/jason9308/robot_ws/src/build/navigation_interfaces
