[0.363s] Invoking command in '/home/jason9308/robot_ws/src/build/tm_msgs': CMAKE_PREFIX_PATH=/home/jason9308/robot_ws/install/xarm_planner:/home/jason9308/robot_ws/install/xarm_moveit_servo:/home/jason9308/robot_ws/install/xarm_moveit_config:/home/jason9308/robot_ws/install/xarm_gazebo:/home/jason9308/robot_ws/install/xarm_controller:/home/jason9308/robot_ws/install/xarm_api:/home/jason9308/robot_ws/install/xarm_sdk:/home/jason9308/robot_ws/install/move_arm:/home/jason9308/robot_ws/install/medicine_grabber:/home/jason9308/robot_ws/install/lite6_handeye:/home/jason9308/robot_ws/install/json_file_watcher:/home/jason9308/robot_ws/install/aruco_grab:/home/jason9308/robot_ws/install/xarm_msgs:/home/jason9308/robot_ws/install/xarm_description:/home/jason9308/robot_ws/install/ui_for_debug_and_demo:/home/jason9308/robot_ws/install/tracer_base:/home/jason9308/robot_ws/install/xarm_simulation:/home/jason9308/robot_ws/install/write_pose:/home/jason9308/robot_ws/install/voice_control:/home/jason9308/robot_ws/install/uf_ros_lib:/home/jason9308/robot_ws/install/tm_simulation_node:/home/jason9308/robot_ws/install/tm_mod_urdf:/home/jason9308/robot_ws/install/tm_get_status:/home/jason9308/robot_ws/install/speech_recognition_pkg:/home/jason9308/robot_ws/install/my_2f85gripper_py:/home/jason9308/robot_ws/install/hand_detection:/home/jason9308/robot_ws/install/face_recognition:/home/jason9308/robot_ws/install/chatbot:/home/jason9308/robot_ws/install/calibration_cross:/opt/ros/humble:/home/jason9308/robot_ws/install/ugv_sdk:/home/jason9308/robot_ws/install/tracer_msgs:/home/jason9308/robot_ws/install/tm_driver:/home/jason9308/robot_ws/install/demo:/home/jason9308/robot_ws/install/tm_msgs:/home/jason9308/robot_ws/install/tm_description:/home/jason9308/robot_ws/install/custom_package:/home/jason9308/robot_ws/install/techman_robot_msgs:/home/jason9308/robot_ws/install/realsense_gazebo_plugin:/home/jason9308/robot_ws/install/navigation_server:/home/jason9308/robot_ws/install/navigation_interfaces:/home/jason9308/robot_ws/install/mbot_demo:/home/jason9308/robot_ws/install/lslidar_driver:/home/jason9308/robot_ws/install/lslidar_msgs:/home/jason9308/robot_ws/install/grpr2f85_ifaces:/home/jason9308/robot_ws/install/control_node /usr/local/cuda-11.5/bin/cmake /home/jason9308/robot_ws/src/tmr_ros2/tm_msgs -DCMAKE_INSTALL_PREFIX=/home/jason9308/robot_ws/src/install/tm_msgs
[2.691s] -- The C compiler identification is GNU 11.4.0
[2.692s] -- The CXX compiler identification is GNU 11.4.0
[2.692s] -- Detecting C compiler ABI info
[2.692s] -- Detecting C compiler ABI info - done
[2.692s] -- Check for working C compiler: /usr/local/cuda-11.5/bin/cc - skipped
[2.692s] -- Detecting C compile features
[2.692s] -- Detecting C compile features - done
[2.692s] -- Detecting CXX compiler ABI info
[2.693s] -- Detecting CXX compiler ABI info - done
[2.693s] -- Check for working CXX compiler: /usr/local/cuda-11.5/bin/c++ - skipped
[2.693s] -- Detecting CXX compile features
[2.693s] -- Detecting CXX compile features - done
[2.693s] -- Found ament_cmake: 1.3.11 (/opt/ros/humble/share/ament_cmake/cmake)
[2.693s] -- Found Python3: /usr/local/cuda-11.5/bin/python3 (found version "3.10.12") found components: Interpreter 
[2.693s] -- Found std_msgs: 4.2.4 (/opt/ros/humble/share/std_msgs/cmake)
[2.693s] -- Found rosidl_generator_c: 3.1.6 (/opt/ros/humble/share/rosidl_generator_c/cmake)
[2.694s] -- Found rosidl_adapter: 3.1.6 (/opt/ros/humble/share/rosidl_adapter/cmake)
[2.694s] -- Found rosidl_generator_cpp: 3.1.6 (/opt/ros/humble/share/rosidl_generator_cpp/cmake)
[2.694s] -- Using all available rosidl_typesupport_c: rosidl_typesupport_fastrtps_c;rosidl_typesupport_introspection_c
[2.694s] -- Using all available rosidl_typesupport_cpp: rosidl_typesupport_fastrtps_cpp;rosidl_typesupport_introspection_cpp
[2.694s] -- Found rosidl_default_generators: 1.2.0 (/opt/ros/humble/share/rosidl_default_generators/cmake)
[2.694s] -- Found ament_cmake_ros: 0.10.0 (/opt/ros/humble/share/ament_cmake_ros/cmake)
[2.694s] -- Using all available rosidl_typesupport_c: rosidl_typesupport_fastrtps_c;rosidl_typesupport_introspection_c
[2.898s] -- Using all available rosidl_typesupport_cpp: rosidl_typesupport_fastrtps_cpp;rosidl_typesupport_introspection_cpp
[3.079s] -- Found PythonInterp: /usr/local/cuda-11.5/bin/python3 (found suitable version "3.10.12", minimum required is "3.6") 
[3.101s] -- Found python_cmake_module: 0.10.0 (/opt/ros/humble/share/python_cmake_module/cmake)
[3.261s] -- Found PythonLibs: /usr/lib/x86_64-linux-gnu/libpython3.10.so (found suitable version "3.10.12", minimum required is "3.5") 
[3.266s] -- Using PYTHON_EXECUTABLE: /usr/local/cuda-11.5/bin/python3
[3.267s] -- Using PYTHON_INCLUDE_DIRS: /usr/include/python3.10
[3.267s] -- Using PYTHON_LIBRARIES: /usr/lib/x86_64-linux-gnu/libpython3.10.so
[3.392s] -- Found PythonExtra: .so  
[3.848s] -- Configuring done
[4.459s] -- Generating done
[4.644s] -- Build files have been written to: /home/jason9308/robot_ws/src/build/tm_msgs
[8.218s] Invoked command in '/home/jason9308/robot_ws/src/build/tm_msgs' returned '0': CMAKE_PREFIX_PATH=/home/jason9308/robot_ws/install/xarm_planner:/home/jason9308/robot_ws/install/xarm_moveit_servo:/home/jason9308/robot_ws/install/xarm_moveit_config:/home/jason9308/robot_ws/install/xarm_gazebo:/home/jason9308/robot_ws/install/xarm_controller:/home/jason9308/robot_ws/install/xarm_api:/home/jason9308/robot_ws/install/xarm_sdk:/home/jason9308/robot_ws/install/move_arm:/home/jason9308/robot_ws/install/medicine_grabber:/home/jason9308/robot_ws/install/lite6_handeye:/home/jason9308/robot_ws/install/json_file_watcher:/home/jason9308/robot_ws/install/aruco_grab:/home/jason9308/robot_ws/install/xarm_msgs:/home/jason9308/robot_ws/install/xarm_description:/home/jason9308/robot_ws/install/ui_for_debug_and_demo:/home/jason9308/robot_ws/install/tracer_base:/home/jason9308/robot_ws/install/xarm_simulation:/home/jason9308/robot_ws/install/write_pose:/home/jason9308/robot_ws/install/voice_control:/home/jason9308/robot_ws/install/uf_ros_lib:/home/jason9308/robot_ws/install/tm_simulation_node:/home/jason9308/robot_ws/install/tm_mod_urdf:/home/jason9308/robot_ws/install/tm_get_status:/home/jason9308/robot_ws/install/speech_recognition_pkg:/home/jason9308/robot_ws/install/my_2f85gripper_py:/home/jason9308/robot_ws/install/hand_detection:/home/jason9308/robot_ws/install/face_recognition:/home/jason9308/robot_ws/install/chatbot:/home/jason9308/robot_ws/install/calibration_cross:/opt/ros/humble:/home/jason9308/robot_ws/install/ugv_sdk:/home/jason9308/robot_ws/install/tracer_msgs:/home/jason9308/robot_ws/install/tm_driver:/home/jason9308/robot_ws/install/demo:/home/jason9308/robot_ws/install/tm_msgs:/home/jason9308/robot_ws/install/tm_description:/home/jason9308/robot_ws/install/custom_package:/home/jason9308/robot_ws/install/techman_robot_msgs:/home/jason9308/robot_ws/install/realsense_gazebo_plugin:/home/jason9308/robot_ws/install/navigation_server:/home/jason9308/robot_ws/install/navigation_interfaces:/home/jason9308/robot_ws/install/mbot_demo:/home/jason9308/robot_ws/install/lslidar_driver:/home/jason9308/robot_ws/install/lslidar_msgs:/home/jason9308/robot_ws/install/grpr2f85_ifaces:/home/jason9308/robot_ws/install/control_node /usr/local/cuda-11.5/bin/cmake /home/jason9308/robot_ws/src/tmr_ros2/tm_msgs -DCMAKE_INSTALL_PREFIX=/home/jason9308/robot_ws/src/install/tm_msgs
[8.220s] Invoking command in '/home/jason9308/robot_ws/src/build/tm_msgs': CMAKE_PREFIX_PATH=/home/jason9308/robot_ws/install/xarm_planner:/home/jason9308/robot_ws/install/xarm_moveit_servo:/home/jason9308/robot_ws/install/xarm_moveit_config:/home/jason9308/robot_ws/install/xarm_gazebo:/home/jason9308/robot_ws/install/xarm_controller:/home/jason9308/robot_ws/install/xarm_api:/home/jason9308/robot_ws/install/xarm_sdk:/home/jason9308/robot_ws/install/move_arm:/home/jason9308/robot_ws/install/medicine_grabber:/home/jason9308/robot_ws/install/lite6_handeye:/home/jason9308/robot_ws/install/json_file_watcher:/home/jason9308/robot_ws/install/aruco_grab:/home/jason9308/robot_ws/install/xarm_msgs:/home/jason9308/robot_ws/install/xarm_description:/home/jason9308/robot_ws/install/ui_for_debug_and_demo:/home/jason9308/robot_ws/install/tracer_base:/home/jason9308/robot_ws/install/xarm_simulation:/home/jason9308/robot_ws/install/write_pose:/home/jason9308/robot_ws/install/voice_control:/home/jason9308/robot_ws/install/uf_ros_lib:/home/jason9308/robot_ws/install/tm_simulation_node:/home/jason9308/robot_ws/install/tm_mod_urdf:/home/jason9308/robot_ws/install/tm_get_status:/home/jason9308/robot_ws/install/speech_recognition_pkg:/home/jason9308/robot_ws/install/my_2f85gripper_py:/home/jason9308/robot_ws/install/hand_detection:/home/jason9308/robot_ws/install/face_recognition:/home/jason9308/robot_ws/install/chatbot:/home/jason9308/robot_ws/install/calibration_cross:/opt/ros/humble:/home/jason9308/robot_ws/install/ugv_sdk:/home/jason9308/robot_ws/install/tracer_msgs:/home/jason9308/robot_ws/install/tm_driver:/home/jason9308/robot_ws/install/demo:/home/jason9308/robot_ws/install/tm_msgs:/home/jason9308/robot_ws/install/tm_description:/home/jason9308/robot_ws/install/custom_package:/home/jason9308/robot_ws/install/techman_robot_msgs:/home/jason9308/robot_ws/install/realsense_gazebo_plugin:/home/jason9308/robot_ws/install/navigation_server:/home/jason9308/robot_ws/install/navigation_interfaces:/home/jason9308/robot_ws/install/mbot_demo:/home/jason9308/robot_ws/install/lslidar_driver:/home/jason9308/robot_ws/install/lslidar_msgs:/home/jason9308/robot_ws/install/grpr2f85_ifaces:/home/jason9308/robot_ws/install/control_node /usr/local/cuda-11.5/bin/cmake --build /home/jason9308/robot_ws/src/build/tm_msgs -- -j20 -l20
[12.391s] [  1%] [34m[1mGenerating C code for ROS interfaces[0m
[12.392s] [  1%] [34m[1mGenerating C++ code for ROS interfaces[0m
[12.392s] [  1%] Built target ament_cmake_python_copy_tm_msgs
[12.937s] running egg_info
[12.940s] creating tm_msgs.egg-info
[12.941s] writing tm_msgs.egg-info/PKG-INFO
[12.941s] writing dependency_links to tm_msgs.egg-info/dependency_links.txt
[12.942s] writing top-level names to tm_msgs.egg-info/top_level.txt
[12.942s] writing manifest file 'tm_msgs.egg-info/SOURCES.txt'
[12.957s] reading manifest file 'tm_msgs.egg-info/SOURCES.txt'
[12.958s] writing manifest file 'tm_msgs.egg-info/SOURCES.txt'
[13.112s] [  1%] Built target ament_cmake_python_build_tm_msgs_egg
[16.293s] [  1%] Built target tm_msgs__cpp
[16.329s] [  2%] [34m[1mGenerating C++ introspection for ROS interfaces[0m
[16.331s] [  3%] [34m[1mGenerating C++ type support for eProsima Fast-RTPS[0m
[16.331s] [  3%] [34m[1mGenerating C++ type support dispatch for ROS interfaces[0m
[16.356s] [  4%] [32mBuilding C object CMakeFiles/tm_msgs__rosidl_generator_c.dir/rosidl_generator_c/tm_msgs/msg/detail/feedback_state__functions.c.o[0m
[16.360s] [  5%] [32mBuilding C object CMakeFiles/tm_msgs__rosidl_generator_c.dir/rosidl_generator_c/tm_msgs/msg/detail/svr_response__functions.c.o[0m
[16.361s] [  6%] [32mBuilding C object CMakeFiles/tm_msgs__rosidl_generator_c.dir/rosidl_generator_c/tm_msgs/msg/detail/sct_response__functions.c.o[0m
[16.377s] [  7%] [32mBuilding C object CMakeFiles/tm_msgs__rosidl_generator_c.dir/rosidl_generator_c/tm_msgs/srv/detail/set_event__functions.c.o[0m
[16.377s] [  8%] [32mBuilding C object CMakeFiles/tm_msgs__rosidl_generator_c.dir/rosidl_generator_c/tm_msgs/srv/detail/ask_item__functions.c.o[0m
[16.388s] [  9%] [32mBuilding C object CMakeFiles/tm_msgs__rosidl_generator_c.dir/rosidl_generator_c/tm_msgs/srv/detail/write_item__functions.c.o[0m
[16.388s] [  9%] [32mBuilding C object CMakeFiles/tm_msgs__rosidl_generator_c.dir/rosidl_generator_c/tm_msgs/msg/detail/sta_response__functions.c.o[0m
[16.389s] [ 10%] [32mBuilding C object CMakeFiles/tm_msgs__rosidl_generator_c.dir/rosidl_generator_c/tm_msgs/srv/detail/connect_tm__functions.c.o[0m
[16.395s] [ 11%] [32mBuilding C object CMakeFiles/tm_msgs__rosidl_generator_c.dir/rosidl_generator_c/tm_msgs/srv/detail/set_positions__functions.c.o[0m
[16.400s] [ 13%] [32mBuilding C object CMakeFiles/tm_msgs__rosidl_generator_c.dir/rosidl_generator_c/tm_msgs/srv/detail/ask_sta__functions.c.o[0m
[16.402s] [ 13%] [32mBuilding C object CMakeFiles/tm_msgs__rosidl_generator_c.dir/rosidl_generator_c/tm_msgs/srv/detail/send_script__functions.c.o[0m
[16.402s] [ 11%] [32mBuilding C object CMakeFiles/tm_msgs__rosidl_generator_c.dir/rosidl_generator_c/tm_msgs/srv/detail/set_io__functions.c.o[0m
[16.752s] [ 14%] [32m[1mLinking C shared library libtm_msgs__rosidl_generator_c.so[0m
[16.877s] [ 14%] Built target tm_msgs__rosidl_generator_c
[16.894s] [ 15%] [34m[1mGenerating C type support for eProsima Fast-RTPS[0m
[16.903s] [ 16%] [34m[1mGenerating C introspection for ROS interfaces[0m
[16.903s] [ 17%] [34m[1mGenerating C type support dispatch for ROS interfaces[0m
[20.187s] [ 18%] [32mBuilding CXX object CMakeFiles/tm_msgs__rosidl_typesupport_cpp.dir/rosidl_typesupport_cpp/tm_msgs/msg/feedback_state__type_support.cpp.o[0m
[20.203s] [ 19%] [32mBuilding CXX object CMakeFiles/tm_msgs__rosidl_typesupport_cpp.dir/rosidl_typesupport_cpp/tm_msgs/msg/svr_response__type_support.cpp.o[0m
[20.205s] [ 20%] [32mBuilding CXX object CMakeFiles/tm_msgs__rosidl_typesupport_cpp.dir/rosidl_typesupport_cpp/tm_msgs/srv/write_item__type_support.cpp.o[0m
[20.212s] [ 21%] [32mBuilding CXX object CMakeFiles/tm_msgs__rosidl_typesupport_cpp.dir/rosidl_typesupport_cpp/tm_msgs/msg/sct_response__type_support.cpp.o[0m
[20.214s] [ 22%] [32mBuilding CXX object CMakeFiles/tm_msgs__rosidl_typesupport_cpp.dir/rosidl_typesupport_cpp/tm_msgs/msg/sta_response__type_support.cpp.o[0m
[20.214s] [ 22%] [32mBuilding CXX object CMakeFiles/tm_msgs__rosidl_typesupport_cpp.dir/rosidl_typesupport_cpp/tm_msgs/srv/connect_tm__type_support.cpp.o[0m
[20.216s] [ 23%] [32mBuilding CXX object CMakeFiles/tm_msgs__rosidl_typesupport_cpp.dir/rosidl_typesupport_cpp/tm_msgs/srv/ask_item__type_support.cpp.o[0m
[20.222s] [ 24%] [32mBuilding CXX object CMakeFiles/tm_msgs__rosidl_typesupport_cpp.dir/rosidl_typesupport_cpp/tm_msgs/srv/send_script__type_support.cpp.o[0m
[20.233s] [ 25%] [32mBuilding CXX object CMakeFiles/tm_msgs__rosidl_typesupport_cpp.dir/rosidl_typesupport_cpp/tm_msgs/srv/set_event__type_support.cpp.o[0m
[20.289s] [ 25%] [32mBuilding CXX object CMakeFiles/tm_msgs__rosidl_typesupport_cpp.dir/rosidl_typesupport_cpp/tm_msgs/srv/set_positions__type_support.cpp.o[0m
[20.307s] [ 26%] [32mBuilding CXX object CMakeFiles/tm_msgs__rosidl_typesupport_cpp.dir/rosidl_typesupport_cpp/tm_msgs/srv/set_io__type_support.cpp.o[0m
[20.321s] [ 27%] [32mBuilding CXX object CMakeFiles/tm_msgs__rosidl_typesupport_cpp.dir/rosidl_typesupport_cpp/tm_msgs/srv/ask_sta__type_support.cpp.o[0m
[21.050s] [ 28%] [32mBuilding CXX object CMakeFiles/tm_msgs__rosidl_typesupport_c.dir/rosidl_typesupport_c/tm_msgs/msg/feedback_state__type_support.cpp.o[0m
[21.051s] [ 28%] [32mBuilding CXX object CMakeFiles/tm_msgs__rosidl_typesupport_c.dir/rosidl_typesupport_c/tm_msgs/msg/svr_response__type_support.cpp.o[0m
[21.089s] [ 29%] [32mBuilding CXX object CMakeFiles/tm_msgs__rosidl_typesupport_c.dir/rosidl_typesupport_c/tm_msgs/msg/sct_response__type_support.cpp.o[0m
[21.098s] [ 30%] [32mBuilding CXX object CMakeFiles/tm_msgs__rosidl_typesupport_c.dir/rosidl_typesupport_c/tm_msgs/msg/sta_response__type_support.cpp.o[0m
[21.138s] [ 31%] [32mBuilding CXX object CMakeFiles/tm_msgs__rosidl_typesupport_c.dir/rosidl_typesupport_c/tm_msgs/srv/connect_tm__type_support.cpp.o[0m
[21.172s] [ 32%] [32mBuilding CXX object CMakeFiles/tm_msgs__rosidl_typesupport_c.dir/rosidl_typesupport_c/tm_msgs/srv/ask_item__type_support.cpp.o[0m
[21.176s] [ 32%] [32mBuilding CXX object CMakeFiles/tm_msgs__rosidl_typesupport_c.dir/rosidl_typesupport_c/tm_msgs/srv/send_script__type_support.cpp.o[0m
[21.180s] [ 33%] [32mBuilding CXX object CMakeFiles/tm_msgs__rosidl_typesupport_c.dir/rosidl_typesupport_c/tm_msgs/srv/set_io__type_support.cpp.o[0m
[21.181s] [ 34%] [32mBuilding CXX object CMakeFiles/tm_msgs__rosidl_typesupport_c.dir/rosidl_typesupport_c/tm_msgs/srv/set_event__type_support.cpp.o[0m
[21.185s] [ 35%] [32mBuilding CXX object CMakeFiles/tm_msgs__rosidl_typesupport_c.dir/rosidl_typesupport_c/tm_msgs/srv/write_item__type_support.cpp.o[0m
[21.185s] [ 36%] [32mBuilding CXX object CMakeFiles/tm_msgs__rosidl_typesupport_c.dir/rosidl_typesupport_c/tm_msgs/srv/set_positions__type_support.cpp.o[0m
[21.217s] [ 37%] [32mBuilding CXX object CMakeFiles/tm_msgs__rosidl_typesupport_c.dir/rosidl_typesupport_c/tm_msgs/srv/ask_sta__type_support.cpp.o[0m
[21.290s] [ 37%] [32mBuilding CXX object CMakeFiles/tm_msgs__rosidl_typesupport_introspection_cpp.dir/rosidl_typesupport_introspection_cpp/tm_msgs/msg/detail/feedback_state__type_support.cpp.o[0m
[21.311s] [ 38%] [32mBuilding CXX object CMakeFiles/tm_msgs__rosidl_typesupport_introspection_cpp.dir/rosidl_typesupport_introspection_cpp/tm_msgs/msg/detail/sct_response__type_support.cpp.o[0m
[21.312s] [ 39%] [32mBuilding CXX object CMakeFiles/tm_msgs__rosidl_typesupport_introspection_cpp.dir/rosidl_typesupport_introspection_cpp/tm_msgs/msg/detail/svr_response__type_support.cpp.o[0m
[21.335s] [ 40%] [32mBuilding CXX object CMakeFiles/tm_msgs__rosidl_typesupport_introspection_cpp.dir/rosidl_typesupport_introspection_cpp/tm_msgs/srv/detail/send_script__type_support.cpp.o[0m
[21.342s] [ 41%] [32mBuilding CXX object CMakeFiles/tm_msgs__rosidl_typesupport_introspection_cpp.dir/rosidl_typesupport_introspection_cpp/tm_msgs/srv/detail/write_item__type_support.cpp.o[0m
[21.348s] [ 42%] [32mBuilding CXX object CMakeFiles/tm_msgs__rosidl_typesupport_introspection_cpp.dir/rosidl_typesupport_introspection_cpp/tm_msgs/msg/detail/sta_response__type_support.cpp.o[0m
[21.363s] [ 43%] [32mBuilding CXX object CMakeFiles/tm_msgs__rosidl_typesupport_introspection_cpp.dir/rosidl_typesupport_introspection_cpp/tm_msgs/srv/detail/connect_tm__type_support.cpp.o[0m
[21.363s] [ 43%] [32mBuilding CXX object CMakeFiles/tm_msgs__rosidl_typesupport_introspection_cpp.dir/rosidl_typesupport_introspection_cpp/tm_msgs/srv/detail/ask_item__type_support.cpp.o[0m
[21.403s] [ 44%] [32m[1mLinking CXX shared library libtm_msgs__rosidl_typesupport_c.so[0m
[21.418s] [ 45%] [32mBuilding CXX object CMakeFiles/tm_msgs__rosidl_typesupport_introspection_cpp.dir/rosidl_typesupport_introspection_cpp/tm_msgs/srv/detail/set_event__type_support.cpp.o[0m
[21.482s] [ 46%] [32mBuilding CXX object CMakeFiles/tm_msgs__rosidl_typesupport_introspection_cpp.dir/rosidl_typesupport_introspection_cpp/tm_msgs/srv/detail/set_io__type_support.cpp.o[0m
[21.595s] [ 47%] [32mBuilding C object CMakeFiles/tm_msgs__rosidl_typesupport_introspection_c.dir/rosidl_typesupport_introspection_c/tm_msgs/msg/detail/feedback_state__type_support.c.o[0m
[21.611s] [ 47%] Built target tm_msgs__rosidl_typesupport_c
[21.662s] [ 48%] [32mBuilding C object CMakeFiles/tm_msgs__rosidl_typesupport_introspection_c.dir/rosidl_typesupport_introspection_c/tm_msgs/msg/detail/svr_response__type_support.c.o[0m
[21.728s] [ 49%] [32mBuilding C object CMakeFiles/tm_msgs__rosidl_typesupport_introspection_c.dir/rosidl_typesupport_introspection_c/tm_msgs/msg/detail/sct_response__type_support.c.o[0m
[21.836s] [ 50%] [32mBuilding C object CMakeFiles/tm_msgs__rosidl_typesupport_introspection_c.dir/rosidl_typesupport_introspection_c/tm_msgs/srv/detail/connect_tm__type_support.c.o[0m
[21.845s] [ 50%] [32mBuilding C object CMakeFiles/tm_msgs__rosidl_typesupport_introspection_c.dir/rosidl_typesupport_introspection_c/tm_msgs/msg/detail/sta_response__type_support.c.o[0m
[21.909s] [ 51%] [32mBuilding C object CMakeFiles/tm_msgs__rosidl_typesupport_introspection_c.dir/rosidl_typesupport_introspection_c/tm_msgs/srv/detail/write_item__type_support.c.o[0m
[21.916s] [ 52%] [32mBuilding C object CMakeFiles/tm_msgs__rosidl_typesupport_introspection_c.dir/rosidl_typesupport_introspection_c/tm_msgs/srv/detail/ask_item__type_support.c.o[0m
[21.961s] [ 53%] [32mBuilding C object CMakeFiles/tm_msgs__rosidl_typesupport_introspection_c.dir/rosidl_typesupport_introspection_c/tm_msgs/srv/detail/send_script__type_support.c.o[0m
[22.029s] [ 54%] [32mBuilding C object CMakeFiles/tm_msgs__rosidl_typesupport_introspection_c.dir/rosidl_typesupport_introspection_c/tm_msgs/srv/detail/set_event__type_support.c.o[0m
[22.043s] [ 55%] [32m[1mLinking CXX shared library libtm_msgs__rosidl_typesupport_cpp.so[0m
[22.066s] [ 56%] [32mBuilding C object CMakeFiles/tm_msgs__rosidl_typesupport_introspection_c.dir/rosidl_typesupport_introspection_c/tm_msgs/srv/detail/set_io__type_support.c.o[0m
[22.085s] [ 56%] [32mBuilding C object CMakeFiles/tm_msgs__rosidl_typesupport_introspection_c.dir/rosidl_typesupport_introspection_c/tm_msgs/srv/detail/set_positions__type_support.c.o[0m
[22.114s] [ 57%] [32mBuilding C object CMakeFiles/tm_msgs__rosidl_typesupport_introspection_c.dir/rosidl_typesupport_introspection_c/tm_msgs/srv/detail/ask_sta__type_support.c.o[0m
[22.149s] [ 58%] [32mBuilding CXX object CMakeFiles/tm_msgs__rosidl_typesupport_fastrtps_c.dir/rosidl_typesupport_fastrtps_c/tm_msgs/msg/detail/feedback_state__type_support_c.cpp.o[0m
[22.161s] [ 58%] Built target tm_msgs__rosidl_typesupport_cpp
[22.164s] [ 59%] [32mBuilding CXX object CMakeFiles/tm_msgs__rosidl_typesupport_fastrtps_c.dir/rosidl_typesupport_fastrtps_c/tm_msgs/msg/detail/svr_response__type_support_c.cpp.o[0m
[22.220s] [ 59%] [32mBuilding CXX object CMakeFiles/tm_msgs__rosidl_typesupport_fastrtps_c.dir/rosidl_typesupport_fastrtps_c/tm_msgs/msg/detail/sct_response__type_support_c.cpp.o[0m
[22.243s] [ 60%] [32mBuilding CXX object CMakeFiles/tm_msgs__rosidl_typesupport_fastrtps_c.dir/rosidl_typesupport_fastrtps_c/tm_msgs/msg/detail/sta_response__type_support_c.cpp.o[0m
[22.254s] [ 61%] [32mBuilding CXX object CMakeFiles/tm_msgs__rosidl_typesupport_fastrtps_c.dir/rosidl_typesupport_fastrtps_c/tm_msgs/srv/detail/write_item__type_support_c.cpp.o[0m
[22.262s] [ 62%] [32mBuilding CXX object CMakeFiles/tm_msgs__rosidl_typesupport_fastrtps_c.dir/rosidl_typesupport_fastrtps_c/tm_msgs/srv/detail/connect_tm__type_support_c.cpp.o[0m
[22.366s] [ 63%] [32mBuilding CXX object CMakeFiles/tm_msgs__rosidl_typesupport_introspection_cpp.dir/rosidl_typesupport_introspection_cpp/tm_msgs/srv/detail/set_positions__type_support.cpp.o[0m
[22.386s] [ 65%] [32mBuilding CXX object CMakeFiles/tm_msgs__rosidl_typesupport_fastrtps_c.dir/rosidl_typesupport_fastrtps_c/tm_msgs/srv/detail/ask_item__type_support_c.cpp.o[0m
[22.387s] [ 65%] [32m[1mLinking C shared library libtm_msgs__rosidl_typesupport_introspection_c.so[0m
[22.403s] [ 66%] [32mBuilding CXX object CMakeFiles/tm_msgs__rosidl_typesupport_introspection_cpp.dir/rosidl_typesupport_introspection_cpp/tm_msgs/srv/detail/ask_sta__type_support.cpp.o[0m
[22.486s] [ 67%] [32mBuilding CXX object CMakeFiles/tm_msgs__rosidl_typesupport_fastrtps_cpp.dir/rosidl_typesupport_fastrtps_cpp/tm_msgs/msg/detail/dds_fastrtps/feedback_state__type_support.cpp.o[0m
[22.523s] [ 67%] Built target tm_msgs__rosidl_typesupport_introspection_c
[22.525s] [ 68%] [32mBuilding CXX object CMakeFiles/tm_msgs__rosidl_typesupport_fastrtps_c.dir/rosidl_typesupport_fastrtps_c/tm_msgs/srv/detail/send_script__type_support_c.cpp.o[0m
[22.572s] [ 68%] [32mBuilding CXX object CMakeFiles/tm_msgs__rosidl_typesupport_fastrtps_c.dir/rosidl_typesupport_fastrtps_c/tm_msgs/srv/detail/set_event__type_support_c.cpp.o[0m
[22.761s] [ 69%] [32mBuilding CXX object CMakeFiles/tm_msgs__rosidl_typesupport_fastrtps_cpp.dir/rosidl_typesupport_fastrtps_cpp/tm_msgs/msg/detail/dds_fastrtps/svr_response__type_support.cpp.o[0m
[23.025s] [ 70%] [32mBuilding CXX object CMakeFiles/tm_msgs__rosidl_typesupport_fastrtps_c.dir/rosidl_typesupport_fastrtps_c/tm_msgs/srv/detail/set_io__type_support_c.cpp.o[0m
[23.170s] [ 71%] [32mBuilding CXX object CMakeFiles/tm_msgs__rosidl_typesupport_fastrtps_cpp.dir/rosidl_typesupport_fastrtps_cpp/tm_msgs/msg/detail/dds_fastrtps/sct_response__type_support.cpp.o[0m
[23.244s] [ 72%] [32mBuilding CXX object CMakeFiles/tm_msgs__rosidl_typesupport_fastrtps_cpp.dir/rosidl_typesupport_fastrtps_cpp/tm_msgs/msg/detail/dds_fastrtps/sta_response__type_support.cpp.o[0m
[23.272s] [ 73%] [32mBuilding CXX object CMakeFiles/tm_msgs__rosidl_typesupport_fastrtps_cpp.dir/rosidl_typesupport_fastrtps_cpp/tm_msgs/srv/detail/dds_fastrtps/connect_tm__type_support.cpp.o[0m
[23.322s] [ 73%] [32mBuilding CXX object CMakeFiles/tm_msgs__rosidl_typesupport_fastrtps_cpp.dir/rosidl_typesupport_fastrtps_cpp/tm_msgs/srv/detail/dds_fastrtps/write_item__type_support.cpp.o[0m
[23.334s] [ 74%] [32mBuilding CXX object CMakeFiles/tm_msgs__rosidl_typesupport_fastrtps_cpp.dir/rosidl_typesupport_fastrtps_cpp/tm_msgs/srv/detail/dds_fastrtps/ask_item__type_support.cpp.o[0m
[23.566s] [ 75%] [32mBuilding CXX object CMakeFiles/tm_msgs__rosidl_typesupport_fastrtps_cpp.dir/rosidl_typesupport_fastrtps_cpp/tm_msgs/srv/detail/dds_fastrtps/send_script__type_support.cpp.o[0m
[23.618s] [ 76%] [32mBuilding CXX object CMakeFiles/tm_msgs__rosidl_typesupport_fastrtps_cpp.dir/rosidl_typesupport_fastrtps_cpp/tm_msgs/srv/detail/dds_fastrtps/set_event__type_support.cpp.o[0m
[23.691s] [ 77%] [32mBuilding CXX object CMakeFiles/tm_msgs__rosidl_typesupport_fastrtps_c.dir/rosidl_typesupport_fastrtps_c/tm_msgs/srv/detail/set_positions__type_support_c.cpp.o[0m
[23.855s] [ 78%] [32mBuilding CXX object CMakeFiles/tm_msgs__rosidl_typesupport_fastrtps_cpp.dir/rosidl_typesupport_fastrtps_cpp/tm_msgs/srv/detail/dds_fastrtps/set_io__type_support.cpp.o[0m
[23.982s] [ 79%] [32mBuilding CXX object CMakeFiles/tm_msgs__rosidl_typesupport_fastrtps_c.dir/rosidl_typesupport_fastrtps_c/tm_msgs/srv/detail/ask_sta__type_support_c.cpp.o[0m
[24.211s] [ 80%] [32mBuilding CXX object CMakeFiles/tm_msgs__rosidl_typesupport_fastrtps_cpp.dir/rosidl_typesupport_fastrtps_cpp/tm_msgs/srv/detail/dds_fastrtps/set_positions__type_support.cpp.o[0m
[24.381s] [ 80%] [32mBuilding CXX object CMakeFiles/tm_msgs__rosidl_typesupport_fastrtps_cpp.dir/rosidl_typesupport_fastrtps_cpp/tm_msgs/srv/detail/dds_fastrtps/ask_sta__type_support.cpp.o[0m
[25.151s] [ 81%] [32m[1mLinking CXX shared library libtm_msgs__rosidl_typesupport_introspection_cpp.so[0m
[25.451s] [ 81%] Built target tm_msgs__rosidl_typesupport_introspection_cpp
[25.668s] [ 82%] [32m[1mLinking CXX shared library libtm_msgs__rosidl_typesupport_fastrtps_c.so[0m
[25.887s] [ 82%] Built target tm_msgs__rosidl_typesupport_fastrtps_c
[26.103s] [ 83%] [32m[1mLinking CXX shared library libtm_msgs__rosidl_typesupport_fastrtps_cpp.so[0m
[26.340s] [ 83%] Built target tm_msgs__rosidl_typesupport_fastrtps_cpp
[26.380s] [ 83%] Built target tm_msgs
[26.428s] [ 84%] [34m[1mGenerating Python code for ROS interfaces[0m
[33.682s] [ 84%] Built target tm_msgs__py
[33.735s] [ 85%] [32mBuilding C object CMakeFiles/tm_msgs__rosidl_generator_py.dir/rosidl_generator_py/tm_msgs/msg/_svr_response_s.c.o[0m
[33.739s] [ 86%] [32mBuilding C object CMakeFiles/tm_msgs__rosidl_generator_py.dir/rosidl_generator_py/tm_msgs/msg/_feedback_state_s.c.o[0m
[33.922s] [ 87%] [32mBuilding C object CMakeFiles/tm_msgs__rosidl_generator_py.dir/rosidl_generator_py/tm_msgs/srv/_ask_sta_s.c.o[0m
[34.114s] [ 88%] [32mBuilding C object CMakeFiles/tm_msgs__rosidl_generator_py.dir/rosidl_generator_py/tm_msgs/srv/_set_positions_s.c.o[0m
[34.182s] [ 88%] [32mBuilding C object CMakeFiles/tm_msgs__rosidl_generator_py.dir/rosidl_generator_py/tm_msgs/srv/_set_io_s.c.o[0m
[34.321s] [ 89%] [32mBuilding C object CMakeFiles/tm_msgs__rosidl_generator_py.dir/rosidl_generator_py/tm_msgs/srv/_set_event_s.c.o[0m
[34.421s] [ 90%] [32mBuilding C object CMakeFiles/tm_msgs__rosidl_generator_py.dir/rosidl_generator_py/tm_msgs/srv/_send_script_s.c.o[0m
[34.599s] [ 91%] [32mBuilding C object CMakeFiles/tm_msgs__rosidl_generator_py.dir/rosidl_generator_py/tm_msgs/srv/_ask_item_s.c.o[0m
[34.614s] [ 92%] [32mBuilding C object CMakeFiles/tm_msgs__rosidl_generator_py.dir/rosidl_generator_py/tm_msgs/srv/_write_item_s.c.o[0m
[34.801s] [ 93%] [32mBuilding C object CMakeFiles/tm_msgs__rosidl_generator_py.dir/rosidl_generator_py/tm_msgs/srv/_connect_tm_s.c.o[0m
[34.815s] [ 94%] [32mBuilding C object CMakeFiles/tm_msgs__rosidl_generator_py.dir/rosidl_generator_py/tm_msgs/msg/_sta_response_s.c.o[0m
[34.994s] [ 94%] [32mBuilding C object CMakeFiles/tm_msgs__rosidl_generator_py.dir/rosidl_generator_py/tm_msgs/msg/_sct_response_s.c.o[0m
[35.220s] [ 95%] [32m[1mLinking C shared library rosidl_generator_py/tm_msgs/libtm_msgs__rosidl_generator_py.so[0m
[35.304s] [ 95%] Built target tm_msgs__rosidl_generator_py
[35.386s] [ 96%] [32mBuilding C object CMakeFiles/tm_msgs__rosidl_typesupport_introspection_c__pyext.dir/rosidl_generator_py/tm_msgs/_tm_msgs_s.ep.rosidl_typesupport_introspection_c.c.o[0m
[35.395s] [ 97%] [32mBuilding C object CMakeFiles/tm_msgs__rosidl_typesupport_fastrtps_c__pyext.dir/rosidl_generator_py/tm_msgs/_tm_msgs_s.ep.rosidl_typesupport_fastrtps_c.c.o[0m
[35.717s] [ 98%] [32m[1mLinking C shared library rosidl_generator_py/tm_msgs/tm_msgs_s__rosidl_typesupport_introspection_c.cpython-310-x86_64-linux-gnu.so[0m
[35.753s] [ 99%] [32m[1mLinking C shared library rosidl_generator_py/tm_msgs/tm_msgs_s__rosidl_typesupport_fastrtps_c.cpython-310-x86_64-linux-gnu.so[0m
[35.793s] [ 99%] Built target tm_msgs__rosidl_typesupport_introspection_c__pyext
[35.846s] [ 99%] Built target tm_msgs__rosidl_typesupport_fastrtps_c__pyext
[35.888s] [ 99%] [32mBuilding C object CMakeFiles/tm_msgs__rosidl_typesupport_c__pyext.dir/rosidl_generator_py/tm_msgs/_tm_msgs_s.ep.rosidl_typesupport_c.c.o[0m
[36.415s] [100%] [32m[1mLinking C shared library rosidl_generator_py/tm_msgs/tm_msgs_s__rosidl_typesupport_c.cpython-310-x86_64-linux-gnu.so[0m
[36.615s] [100%] Built target tm_msgs__rosidl_typesupport_c__pyext
[36.678s] Invoked command in '/home/jason9308/robot_ws/src/build/tm_msgs' returned '0': CMAKE_PREFIX_PATH=/home/jason9308/robot_ws/install/xarm_planner:/home/jason9308/robot_ws/install/xarm_moveit_servo:/home/jason9308/robot_ws/install/xarm_moveit_config:/home/jason9308/robot_ws/install/xarm_gazebo:/home/jason9308/robot_ws/install/xarm_controller:/home/jason9308/robot_ws/install/xarm_api:/home/jason9308/robot_ws/install/xarm_sdk:/home/jason9308/robot_ws/install/move_arm:/home/jason9308/robot_ws/install/medicine_grabber:/home/jason9308/robot_ws/install/lite6_handeye:/home/jason9308/robot_ws/install/json_file_watcher:/home/jason9308/robot_ws/install/aruco_grab:/home/jason9308/robot_ws/install/xarm_msgs:/home/jason9308/robot_ws/install/xarm_description:/home/jason9308/robot_ws/install/ui_for_debug_and_demo:/home/jason9308/robot_ws/install/tracer_base:/home/jason9308/robot_ws/install/xarm_simulation:/home/jason9308/robot_ws/install/write_pose:/home/jason9308/robot_ws/install/voice_control:/home/jason9308/robot_ws/install/uf_ros_lib:/home/jason9308/robot_ws/install/tm_simulation_node:/home/jason9308/robot_ws/install/tm_mod_urdf:/home/jason9308/robot_ws/install/tm_get_status:/home/jason9308/robot_ws/install/speech_recognition_pkg:/home/jason9308/robot_ws/install/my_2f85gripper_py:/home/jason9308/robot_ws/install/hand_detection:/home/jason9308/robot_ws/install/face_recognition:/home/jason9308/robot_ws/install/chatbot:/home/jason9308/robot_ws/install/calibration_cross:/opt/ros/humble:/home/jason9308/robot_ws/install/ugv_sdk:/home/jason9308/robot_ws/install/tracer_msgs:/home/jason9308/robot_ws/install/tm_driver:/home/jason9308/robot_ws/install/demo:/home/jason9308/robot_ws/install/tm_msgs:/home/jason9308/robot_ws/install/tm_description:/home/jason9308/robot_ws/install/custom_package:/home/jason9308/robot_ws/install/techman_robot_msgs:/home/jason9308/robot_ws/install/realsense_gazebo_plugin:/home/jason9308/robot_ws/install/navigation_server:/home/jason9308/robot_ws/install/navigation_interfaces:/home/jason9308/robot_ws/install/mbot_demo:/home/jason9308/robot_ws/install/lslidar_driver:/home/jason9308/robot_ws/install/lslidar_msgs:/home/jason9308/robot_ws/install/grpr2f85_ifaces:/home/jason9308/robot_ws/install/control_node /usr/local/cuda-11.5/bin/cmake --build /home/jason9308/robot_ws/src/build/tm_msgs -- -j20 -l20
[36.679s] Invoking command in '/home/jason9308/robot_ws/src/build/tm_msgs': CMAKE_PREFIX_PATH=/home/jason9308/robot_ws/install/xarm_planner:/home/jason9308/robot_ws/install/xarm_moveit_servo:/home/jason9308/robot_ws/install/xarm_moveit_config:/home/jason9308/robot_ws/install/xarm_gazebo:/home/jason9308/robot_ws/install/xarm_controller:/home/jason9308/robot_ws/install/xarm_api:/home/jason9308/robot_ws/install/xarm_sdk:/home/jason9308/robot_ws/install/move_arm:/home/jason9308/robot_ws/install/medicine_grabber:/home/jason9308/robot_ws/install/lite6_handeye:/home/jason9308/robot_ws/install/json_file_watcher:/home/jason9308/robot_ws/install/aruco_grab:/home/jason9308/robot_ws/install/xarm_msgs:/home/jason9308/robot_ws/install/xarm_description:/home/jason9308/robot_ws/install/ui_for_debug_and_demo:/home/jason9308/robot_ws/install/tracer_base:/home/jason9308/robot_ws/install/xarm_simulation:/home/jason9308/robot_ws/install/write_pose:/home/jason9308/robot_ws/install/voice_control:/home/jason9308/robot_ws/install/uf_ros_lib:/home/jason9308/robot_ws/install/tm_simulation_node:/home/jason9308/robot_ws/install/tm_mod_urdf:/home/jason9308/robot_ws/install/tm_get_status:/home/jason9308/robot_ws/install/speech_recognition_pkg:/home/jason9308/robot_ws/install/my_2f85gripper_py:/home/jason9308/robot_ws/install/hand_detection:/home/jason9308/robot_ws/install/face_recognition:/home/jason9308/robot_ws/install/chatbot:/home/jason9308/robot_ws/install/calibration_cross:/opt/ros/humble:/home/jason9308/robot_ws/install/ugv_sdk:/home/jason9308/robot_ws/install/tracer_msgs:/home/jason9308/robot_ws/install/tm_driver:/home/jason9308/robot_ws/install/demo:/home/jason9308/robot_ws/install/tm_msgs:/home/jason9308/robot_ws/install/tm_description:/home/jason9308/robot_ws/install/custom_package:/home/jason9308/robot_ws/install/techman_robot_msgs:/home/jason9308/robot_ws/install/realsense_gazebo_plugin:/home/jason9308/robot_ws/install/navigation_server:/home/jason9308/robot_ws/install/navigation_interfaces:/home/jason9308/robot_ws/install/mbot_demo:/home/jason9308/robot_ws/install/lslidar_driver:/home/jason9308/robot_ws/install/lslidar_msgs:/home/jason9308/robot_ws/install/grpr2f85_ifaces:/home/jason9308/robot_ws/install/control_node /usr/local/cuda-11.5/bin/cmake --install /home/jason9308/robot_ws/src/build/tm_msgs
[36.693s] -- Install configuration: ""
[36.694s] -- Installing: /home/jason9308/robot_ws/src/install/tm_msgs/share/ament_index/resource_index/rosidl_interfaces/tm_msgs
[36.701s] -- Installing: /home/jason9308/robot_ws/src/install/tm_msgs/include/tm_msgs/tm_msgs
[36.713s] -- Installing: /home/jason9308/robot_ws/src/install/tm_msgs/include/tm_msgs/tm_msgs/msg
[36.714s] -- Installing: /home/jason9308/robot_ws/src/install/tm_msgs/include/tm_msgs/tm_msgs/msg/svr_response.h
[36.716s] -- Installing: /home/jason9308/robot_ws/src/install/tm_msgs/include/tm_msgs/tm_msgs/msg/detail
[36.716s] -- Installing: /home/jason9308/robot_ws/src/install/tm_msgs/include/tm_msgs/tm_msgs/msg/detail/feedback_state__type_support.h
[36.716s] -- Installing: /home/jason9308/robot_ws/src/install/tm_msgs/include/tm_msgs/tm_msgs/msg/detail/feedback_state__functions.c
[36.716s] -- Installing: /home/jason9308/robot_ws/src/install/tm_msgs/include/tm_msgs/tm_msgs/msg/detail/sct_response__struct.h
[36.718s] -- Installing: /home/jason9308/robot_ws/src/install/tm_msgs/include/tm_msgs/tm_msgs/msg/detail/svr_response__functions.h
[36.718s] -- Installing: /home/jason9308/robot_ws/src/install/tm_msgs/include/tm_msgs/tm_msgs/msg/detail/svr_response__struct.h
[36.718s] -- Installing: /home/jason9308/robot_ws/src/install/tm_msgs/include/tm_msgs/tm_msgs/msg/detail/sta_response__type_support.h
[36.718s] -- Installing: /home/jason9308/robot_ws/src/install/tm_msgs/include/tm_msgs/tm_msgs/msg/detail/sct_response__functions.h
[36.718s] -- Installing: /home/jason9308/robot_ws/src/install/tm_msgs/include/tm_msgs/tm_msgs/msg/detail/svr_response__type_support.h
[36.718s] -- Installing: /home/jason9308/robot_ws/src/install/tm_msgs/include/tm_msgs/tm_msgs/msg/detail/sct_response__functions.c
[36.719s] -- Installing: /home/jason9308/robot_ws/src/install/tm_msgs/include/tm_msgs/tm_msgs/msg/detail/sta_response__functions.c
[36.719s] -- Installing: /home/jason9308/robot_ws/src/install/tm_msgs/include/tm_msgs/tm_msgs/msg/detail/sta_response__functions.h
[36.720s] -- Installing: /home/jason9308/robot_ws/src/install/tm_msgs/include/tm_msgs/tm_msgs/msg/detail/sta_response__struct.h
[36.722s] -- Installing: /home/jason9308/robot_ws/src/install/tm_msgs/include/tm_msgs/tm_msgs/msg/detail/sct_response__type_support.h
[36.722s] -- Installing: /home/jason9308/robot_ws/src/install/tm_msgs/include/tm_msgs/tm_msgs/msg/detail/svr_response__functions.c
[36.723s] -- Installing: /home/jason9308/robot_ws/src/install/tm_msgs/include/tm_msgs/tm_msgs/msg/detail/feedback_state__functions.h
[36.723s] -- Installing: /home/jason9308/robot_ws/src/install/tm_msgs/include/tm_msgs/tm_msgs/msg/detail/feedback_state__struct.h
[36.723s] -- Installing: /home/jason9308/robot_ws/src/install/tm_msgs/include/tm_msgs/tm_msgs/msg/sta_response.h
[36.724s] -- Installing: /home/jason9308/robot_ws/src/install/tm_msgs/include/tm_msgs/tm_msgs/msg/rosidl_generator_c__visibility_control.h
[36.724s] -- Installing: /home/jason9308/robot_ws/src/install/tm_msgs/include/tm_msgs/tm_msgs/msg/sct_response.h
[36.724s] -- Installing: /home/jason9308/robot_ws/src/install/tm_msgs/include/tm_msgs/tm_msgs/msg/feedback_state.h
[36.724s] -- Installing: /home/jason9308/robot_ws/src/install/tm_msgs/include/tm_msgs/tm_msgs/srv
[36.724s] -- Installing: /home/jason9308/robot_ws/src/install/tm_msgs/include/tm_msgs/tm_msgs/srv/write_item.h
[36.724s] -- Installing: /home/jason9308/robot_ws/src/install/tm_msgs/include/tm_msgs/tm_msgs/srv/connect_tm.h
[36.725s] -- Installing: /home/jason9308/robot_ws/src/install/tm_msgs/include/tm_msgs/tm_msgs/srv/ask_item.h
[36.726s] -- Installing: /home/jason9308/robot_ws/src/install/tm_msgs/include/tm_msgs/tm_msgs/srv/detail
[36.726s] -- Installing: /home/jason9308/robot_ws/src/install/tm_msgs/include/tm_msgs/tm_msgs/srv/detail/set_io__functions.c
[36.726s] -- Installing: /home/jason9308/robot_ws/src/install/tm_msgs/include/tm_msgs/tm_msgs/srv/detail/connect_tm__type_support.h
[36.726s] -- Installing: /home/jason9308/robot_ws/src/install/tm_msgs/include/tm_msgs/tm_msgs/srv/detail/set_event__functions.h
[36.726s] -- Installing: /home/jason9308/robot_ws/src/install/tm_msgs/include/tm_msgs/tm_msgs/srv/detail/ask_item__struct.h
[36.726s] -- Installing: /home/jason9308/robot_ws/src/install/tm_msgs/include/tm_msgs/tm_msgs/srv/detail/set_event__type_support.h
[36.726s] -- Installing: /home/jason9308/robot_ws/src/install/tm_msgs/include/tm_msgs/tm_msgs/srv/detail/send_script__functions.c
[36.726s] -- Installing: /home/jason9308/robot_ws/src/install/tm_msgs/include/tm_msgs/tm_msgs/srv/detail/connect_tm__struct.h
[36.727s] -- Installing: /home/jason9308/robot_ws/src/install/tm_msgs/include/tm_msgs/tm_msgs/srv/detail/ask_sta__type_support.h
[36.727s] -- Installing: /home/jason9308/robot_ws/src/install/tm_msgs/include/tm_msgs/tm_msgs/srv/detail/send_script__struct.h
[36.727s] -- Installing: /home/jason9308/robot_ws/src/install/tm_msgs/include/tm_msgs/tm_msgs/srv/detail/send_script__type_support.h
[36.727s] -- Installing: /home/jason9308/robot_ws/src/install/tm_msgs/include/tm_msgs/tm_msgs/srv/detail/set_io__struct.h
[36.727s] -- Installing: /home/jason9308/robot_ws/src/install/tm_msgs/include/tm_msgs/tm_msgs/srv/detail/write_item__struct.h
[36.727s] -- Installing: /home/jason9308/robot_ws/src/install/tm_msgs/include/tm_msgs/tm_msgs/srv/detail/set_event__functions.c
[36.727s] -- Installing: /home/jason9308/robot_ws/src/install/tm_msgs/include/tm_msgs/tm_msgs/srv/detail/set_event__struct.h
[36.727s] -- Installing: /home/jason9308/robot_ws/src/install/tm_msgs/include/tm_msgs/tm_msgs/srv/detail/connect_tm__functions.c
[36.727s] -- Installing: /home/jason9308/robot_ws/src/install/tm_msgs/include/tm_msgs/tm_msgs/srv/detail/set_positions__functions.h
[36.728s] -- Installing: /home/jason9308/robot_ws/src/install/tm_msgs/include/tm_msgs/tm_msgs/srv/detail/set_positions__type_support.h
[36.728s] -- Installing: /home/jason9308/robot_ws/src/install/tm_msgs/include/tm_msgs/tm_msgs/srv/detail/ask_item__functions.c
[36.728s] -- Installing: /home/jason9308/robot_ws/src/install/tm_msgs/include/tm_msgs/tm_msgs/srv/detail/ask_sta__struct.h
[36.728s] -- Installing: /home/jason9308/robot_ws/src/install/tm_msgs/include/tm_msgs/tm_msgs/srv/detail/write_item__functions.h
[36.728s] -- Installing: /home/jason9308/robot_ws/src/install/tm_msgs/include/tm_msgs/tm_msgs/srv/detail/send_script__functions.h
[36.728s] -- Installing: /home/jason9308/robot_ws/src/install/tm_msgs/include/tm_msgs/tm_msgs/srv/detail/write_item__functions.c
[36.728s] -- Installing: /home/jason9308/robot_ws/src/install/tm_msgs/include/tm_msgs/tm_msgs/srv/detail/connect_tm__functions.h
[36.728s] -- Installing: /home/jason9308/robot_ws/src/install/tm_msgs/include/tm_msgs/tm_msgs/srv/detail/ask_sta__functions.c
[36.728s] -- Installing: /home/jason9308/robot_ws/src/install/tm_msgs/include/tm_msgs/tm_msgs/srv/detail/set_io__functions.h
[36.728s] -- Installing: /home/jason9308/robot_ws/src/install/tm_msgs/include/tm_msgs/tm_msgs/srv/detail/set_positions__functions.c
[36.729s] -- Installing: /home/jason9308/robot_ws/src/install/tm_msgs/include/tm_msgs/tm_msgs/srv/detail/ask_item__type_support.h
[36.729s] -- Installing: /home/jason9308/robot_ws/src/install/tm_msgs/include/tm_msgs/tm_msgs/srv/detail/set_positions__struct.h
[36.729s] -- Installing: /home/jason9308/robot_ws/src/install/tm_msgs/include/tm_msgs/tm_msgs/srv/detail/write_item__type_support.h
[36.729s] -- Installing: /home/jason9308/robot_ws/src/install/tm_msgs/include/tm_msgs/tm_msgs/srv/detail/ask_sta__functions.h
[36.729s] -- Installing: /home/jason9308/robot_ws/src/install/tm_msgs/include/tm_msgs/tm_msgs/srv/detail/set_io__type_support.h
[36.729s] -- Installing: /home/jason9308/robot_ws/src/install/tm_msgs/include/tm_msgs/tm_msgs/srv/detail/ask_item__functions.h
[36.729s] -- Installing: /home/jason9308/robot_ws/src/install/tm_msgs/include/tm_msgs/tm_msgs/srv/set_event.h
[36.729s] -- Installing: /home/jason9308/robot_ws/src/install/tm_msgs/include/tm_msgs/tm_msgs/srv/set_io.h
[36.729s] -- Installing: /home/jason9308/robot_ws/src/install/tm_msgs/include/tm_msgs/tm_msgs/srv/set_positions.h
[36.729s] -- Installing: /home/jason9308/robot_ws/src/install/tm_msgs/include/tm_msgs/tm_msgs/srv/ask_sta.h
[36.729s] -- Installing: /home/jason9308/robot_ws/src/install/tm_msgs/include/tm_msgs/tm_msgs/srv/send_script.h
[36.729s] -- Installing: /home/jason9308/robot_ws/src/install/tm_msgs/share/tm_msgs/environment/library_path.sh
[36.730s] -- Installing: /home/jason9308/robot_ws/src/install/tm_msgs/share/tm_msgs/environment/library_path.dsv
[36.730s] -- Installing: /home/jason9308/robot_ws/src/install/tm_msgs/lib/libtm_msgs__rosidl_generator_c.so
[36.731s] -- Set runtime path of "/home/jason9308/robot_ws/src/install/tm_msgs/lib/libtm_msgs__rosidl_generator_c.so" to ""
[36.731s] -- Up-to-date: /home/jason9308/robot_ws/src/install/tm_msgs/include/tm_msgs/tm_msgs
[36.732s] -- Up-to-date: /home/jason9308/robot_ws/src/install/tm_msgs/include/tm_msgs/tm_msgs/msg
[36.732s] -- Up-to-date: /home/jason9308/robot_ws/src/install/tm_msgs/include/tm_msgs/tm_msgs/msg/detail
[36.732s] -- Installing: /home/jason9308/robot_ws/src/install/tm_msgs/include/tm_msgs/tm_msgs/msg/detail/sta_response__rosidl_typesupport_fastrtps_c.h
[36.732s] -- Installing: /home/jason9308/robot_ws/src/install/tm_msgs/include/tm_msgs/tm_msgs/msg/detail/sct_response__rosidl_typesupport_fastrtps_c.h
[36.732s] -- Installing: /home/jason9308/robot_ws/src/install/tm_msgs/include/tm_msgs/tm_msgs/msg/detail/feedback_state__rosidl_typesupport_fastrtps_c.h
[36.733s] -- Installing: /home/jason9308/robot_ws/src/install/tm_msgs/include/tm_msgs/tm_msgs/msg/detail/svr_response__rosidl_typesupport_fastrtps_c.h
[36.733s] -- Installing: /home/jason9308/robot_ws/src/install/tm_msgs/include/tm_msgs/tm_msgs/msg/rosidl_typesupport_fastrtps_c__visibility_control.h
[36.733s] -- Up-to-date: /home/jason9308/robot_ws/src/install/tm_msgs/include/tm_msgs/tm_msgs/srv
[36.733s] -- Up-to-date: /home/jason9308/robot_ws/src/install/tm_msgs/include/tm_msgs/tm_msgs/srv/detail
[36.734s] -- Installing: /home/jason9308/robot_ws/src/install/tm_msgs/include/tm_msgs/tm_msgs/srv/detail/write_item__rosidl_typesupport_fastrtps_c.h
[36.734s] -- Installing: /home/jason9308/robot_ws/src/install/tm_msgs/include/tm_msgs/tm_msgs/srv/detail/connect_tm__rosidl_typesupport_fastrtps_c.h
[36.734s] -- Installing: /home/jason9308/robot_ws/src/install/tm_msgs/include/tm_msgs/tm_msgs/srv/detail/ask_sta__rosidl_typesupport_fastrtps_c.h
[36.735s] -- Installing: /home/jason9308/robot_ws/src/install/tm_msgs/include/tm_msgs/tm_msgs/srv/detail/set_io__rosidl_typesupport_fastrtps_c.h
[36.735s] -- Installing: /home/jason9308/robot_ws/src/install/tm_msgs/include/tm_msgs/tm_msgs/srv/detail/set_positions__rosidl_typesupport_fastrtps_c.h
[36.735s] -- Installing: /home/jason9308/robot_ws/src/install/tm_msgs/include/tm_msgs/tm_msgs/srv/detail/send_script__rosidl_typesupport_fastrtps_c.h
[36.735s] -- Installing: /home/jason9308/robot_ws/src/install/tm_msgs/include/tm_msgs/tm_msgs/srv/detail/ask_item__rosidl_typesupport_fastrtps_c.h
[36.736s] -- Installing: /home/jason9308/robot_ws/src/install/tm_msgs/include/tm_msgs/tm_msgs/srv/detail/set_event__rosidl_typesupport_fastrtps_c.h
[36.736s] -- Installing: /home/jason9308/robot_ws/src/install/tm_msgs/lib/libtm_msgs__rosidl_typesupport_fastrtps_c.so
[36.737s] -- Set runtime path of "/home/jason9308/robot_ws/src/install/tm_msgs/lib/libtm_msgs__rosidl_typesupport_fastrtps_c.so" to ""
[36.737s] -- Up-to-date: /home/jason9308/robot_ws/src/install/tm_msgs/include/tm_msgs/tm_msgs
[36.738s] -- Up-to-date: /home/jason9308/robot_ws/src/install/tm_msgs/include/tm_msgs/tm_msgs/msg
[36.738s] -- Installing: /home/jason9308/robot_ws/src/install/tm_msgs/include/tm_msgs/tm_msgs/msg/sct_response.hpp
[36.738s] -- Installing: /home/jason9308/robot_ws/src/install/tm_msgs/include/tm_msgs/tm_msgs/msg/feedback_state.hpp
[36.738s] -- Installing: /home/jason9308/robot_ws/src/install/tm_msgs/include/tm_msgs/tm_msgs/msg/sta_response.hpp
[36.738s] -- Installing: /home/jason9308/robot_ws/src/install/tm_msgs/include/tm_msgs/tm_msgs/msg/svr_response.hpp
[36.739s] -- Up-to-date: /home/jason9308/robot_ws/src/install/tm_msgs/include/tm_msgs/tm_msgs/msg/detail
[36.739s] -- Installing: /home/jason9308/robot_ws/src/install/tm_msgs/include/tm_msgs/tm_msgs/msg/detail/sta_response__traits.hpp
[36.739s] -- Installing: /home/jason9308/robot_ws/src/install/tm_msgs/include/tm_msgs/tm_msgs/msg/detail/feedback_state__struct.hpp
[36.740s] -- Installing: /home/jason9308/robot_ws/src/install/tm_msgs/include/tm_msgs/tm_msgs/msg/detail/sct_response__type_support.hpp
[36.740s] -- Installing: /home/jason9308/robot_ws/src/install/tm_msgs/include/tm_msgs/tm_msgs/msg/detail/svr_response__builder.hpp
[36.740s] -- Installing: /home/jason9308/robot_ws/src/install/tm_msgs/include/tm_msgs/tm_msgs/msg/detail/sct_response__struct.hpp
[36.741s] -- Installing: /home/jason9308/robot_ws/src/install/tm_msgs/include/tm_msgs/tm_msgs/msg/detail/feedback_state__traits.hpp
[36.741s] -- Installing: /home/jason9308/robot_ws/src/install/tm_msgs/include/tm_msgs/tm_msgs/msg/detail/sta_response__type_support.hpp
[36.741s] -- Installing: /home/jason9308/robot_ws/src/install/tm_msgs/include/tm_msgs/tm_msgs/msg/detail/svr_response__struct.hpp
[36.741s] -- Installing: /home/jason9308/robot_ws/src/install/tm_msgs/include/tm_msgs/tm_msgs/msg/detail/feedback_state__type_support.hpp
[36.742s] -- Installing: /home/jason9308/robot_ws/src/install/tm_msgs/include/tm_msgs/tm_msgs/msg/detail/svr_response__traits.hpp
[36.742s] -- Installing: /home/jason9308/robot_ws/src/install/tm_msgs/include/tm_msgs/tm_msgs/msg/detail/svr_response__type_support.hpp
[36.742s] -- Installing: /home/jason9308/robot_ws/src/install/tm_msgs/include/tm_msgs/tm_msgs/msg/detail/feedback_state__builder.hpp
[36.743s] -- Installing: /home/jason9308/robot_ws/src/install/tm_msgs/include/tm_msgs/tm_msgs/msg/detail/sta_response__builder.hpp
[36.743s] -- Installing: /home/jason9308/robot_ws/src/install/tm_msgs/include/tm_msgs/tm_msgs/msg/detail/sct_response__builder.hpp
[36.743s] -- Installing: /home/jason9308/robot_ws/src/install/tm_msgs/include/tm_msgs/tm_msgs/msg/detail/sta_response__struct.hpp
[36.744s] -- Installing: /home/jason9308/robot_ws/src/install/tm_msgs/include/tm_msgs/tm_msgs/msg/detail/sct_response__traits.hpp
[36.744s] -- Installing: /home/jason9308/robot_ws/src/install/tm_msgs/include/tm_msgs/tm_msgs/msg/rosidl_generator_cpp__visibility_control.hpp
[36.745s] -- Up-to-date: /home/jason9308/robot_ws/src/install/tm_msgs/include/tm_msgs/tm_msgs/srv
[36.747s] -- Installing: /home/jason9308/robot_ws/src/install/tm_msgs/include/tm_msgs/tm_msgs/srv/ask_item.hpp
[36.747s] -- Installing: /home/jason9308/robot_ws/src/install/tm_msgs/include/tm_msgs/tm_msgs/srv/set_event.hpp
[36.747s] -- Installing: /home/jason9308/robot_ws/src/install/tm_msgs/include/tm_msgs/tm_msgs/srv/send_script.hpp
[36.747s] -- Installing: /home/jason9308/robot_ws/src/install/tm_msgs/include/tm_msgs/tm_msgs/srv/write_item.hpp
[36.747s] -- Installing: /home/jason9308/robot_ws/src/install/tm_msgs/include/tm_msgs/tm_msgs/srv/set_io.hpp
[36.747s] -- Up-to-date: /home/jason9308/robot_ws/src/install/tm_msgs/include/tm_msgs/tm_msgs/srv/detail
[36.747s] -- Installing: /home/jason9308/robot_ws/src/install/tm_msgs/include/tm_msgs/tm_msgs/srv/detail/ask_sta__struct.hpp
[36.750s] -- Installing: /home/jason9308/robot_ws/src/install/tm_msgs/include/tm_msgs/tm_msgs/srv/detail/set_io__traits.hpp
[36.751s] -- Installing: /home/jason9308/robot_ws/src/install/tm_msgs/include/tm_msgs/tm_msgs/srv/detail/connect_tm__type_support.hpp
[36.752s] -- Installing: /home/jason9308/robot_ws/src/install/tm_msgs/include/tm_msgs/tm_msgs/srv/detail/ask_item__traits.hpp
[36.753s] -- Installing: /home/jason9308/robot_ws/src/install/tm_msgs/include/tm_msgs/tm_msgs/srv/detail/connect_tm__traits.hpp
[36.753s] -- Installing: /home/jason9308/robot_ws/src/install/tm_msgs/include/tm_msgs/tm_msgs/srv/detail/write_item__type_support.hpp
[36.753s] -- Installing: /home/jason9308/robot_ws/src/install/tm_msgs/include/tm_msgs/tm_msgs/srv/detail/ask_item__type_support.hpp
[36.753s] -- Installing: /home/jason9308/robot_ws/src/install/tm_msgs/include/tm_msgs/tm_msgs/srv/detail/set_positions__traits.hpp
[36.753s] -- Installing: /home/jason9308/robot_ws/src/install/tm_msgs/include/tm_msgs/tm_msgs/srv/detail/set_event__traits.hpp
[36.753s] -- Installing: /home/jason9308/robot_ws/src/install/tm_msgs/include/tm_msgs/tm_msgs/srv/detail/set_event__builder.hpp
[36.753s] -- Installing: /home/jason9308/robot_ws/src/install/tm_msgs/include/tm_msgs/tm_msgs/srv/detail/send_script__type_support.hpp
[36.753s] -- Installing: /home/jason9308/robot_ws/src/install/tm_msgs/include/tm_msgs/tm_msgs/srv/detail/set_event__struct.hpp
[36.753s] -- Installing: /home/jason9308/robot_ws/src/install/tm_msgs/include/tm_msgs/tm_msgs/srv/detail/ask_sta__traits.hpp
[36.755s] -- Installing: /home/jason9308/robot_ws/src/install/tm_msgs/include/tm_msgs/tm_msgs/srv/detail/write_item__struct.hpp
[36.756s] -- Installing: /home/jason9308/robot_ws/src/install/tm_msgs/include/tm_msgs/tm_msgs/srv/detail/connect_tm__struct.hpp
[36.756s] -- Installing: /home/jason9308/robot_ws/src/install/tm_msgs/include/tm_msgs/tm_msgs/srv/detail/set_positions__type_support.hpp
[36.756s] -- Installing: /home/jason9308/robot_ws/src/install/tm_msgs/include/tm_msgs/tm_msgs/srv/detail/ask_item__struct.hpp
[36.757s] -- Installing: /home/jason9308/robot_ws/src/install/tm_msgs/include/tm_msgs/tm_msgs/srv/detail/ask_sta__type_support.hpp
[36.757s] -- Installing: /home/jason9308/robot_ws/src/install/tm_msgs/include/tm_msgs/tm_msgs/srv/detail/set_io__builder.hpp
[36.757s] -- Installing: /home/jason9308/robot_ws/src/install/tm_msgs/include/tm_msgs/tm_msgs/srv/detail/send_script__traits.hpp
[36.757s] -- Installing: /home/jason9308/robot_ws/src/install/tm_msgs/include/tm_msgs/tm_msgs/srv/detail/set_io__struct.hpp
[36.758s] -- Installing: /home/jason9308/robot_ws/src/install/tm_msgs/include/tm_msgs/tm_msgs/srv/detail/write_item__traits.hpp
[36.758s] -- Installing: /home/jason9308/robot_ws/src/install/tm_msgs/include/tm_msgs/tm_msgs/srv/detail/set_positions__builder.hpp
[36.758s] -- Installing: /home/jason9308/robot_ws/src/install/tm_msgs/include/tm_msgs/tm_msgs/srv/detail/send_script__struct.hpp
[36.758s] -- Installing: /home/jason9308/robot_ws/src/install/tm_msgs/include/tm_msgs/tm_msgs/srv/detail/send_script__builder.hpp
[36.758s] -- Installing: /home/jason9308/robot_ws/src/install/tm_msgs/include/tm_msgs/tm_msgs/srv/detail/set_positions__struct.hpp
[36.759s] -- Installing: /home/jason9308/robot_ws/src/install/tm_msgs/include/tm_msgs/tm_msgs/srv/detail/set_event__type_support.hpp
[36.759s] -- Installing: /home/jason9308/robot_ws/src/install/tm_msgs/include/tm_msgs/tm_msgs/srv/detail/connect_tm__builder.hpp
[36.759s] -- Installing: /home/jason9308/robot_ws/src/install/tm_msgs/include/tm_msgs/tm_msgs/srv/detail/ask_sta__builder.hpp
[36.759s] -- Installing: /home/jason9308/robot_ws/src/install/tm_msgs/include/tm_msgs/tm_msgs/srv/detail/ask_item__builder.hpp
[36.759s] -- Installing: /home/jason9308/robot_ws/src/install/tm_msgs/include/tm_msgs/tm_msgs/srv/detail/set_io__type_support.hpp
[36.760s] -- Installing: /home/jason9308/robot_ws/src/install/tm_msgs/include/tm_msgs/tm_msgs/srv/detail/write_item__builder.hpp
[36.760s] -- Installing: /home/jason9308/robot_ws/src/install/tm_msgs/include/tm_msgs/tm_msgs/srv/set_positions.hpp
[36.760s] -- Installing: /home/jason9308/robot_ws/src/install/tm_msgs/include/tm_msgs/tm_msgs/srv/connect_tm.hpp
[36.760s] -- Installing: /home/jason9308/robot_ws/src/install/tm_msgs/include/tm_msgs/tm_msgs/srv/ask_sta.hpp
[36.761s] -- Up-to-date: /home/jason9308/robot_ws/src/install/tm_msgs/include/tm_msgs/tm_msgs
[36.761s] -- Up-to-date: /home/jason9308/robot_ws/src/install/tm_msgs/include/tm_msgs/tm_msgs/msg
[36.761s] -- Installing: /home/jason9308/robot_ws/src/install/tm_msgs/include/tm_msgs/tm_msgs/msg/rosidl_typesupport_fastrtps_cpp__visibility_control.h
[36.761s] -- Up-to-date: /home/jason9308/robot_ws/src/install/tm_msgs/include/tm_msgs/tm_msgs/msg/detail
[36.762s] -- Installing: /home/jason9308/robot_ws/src/install/tm_msgs/include/tm_msgs/tm_msgs/msg/detail/svr_response__rosidl_typesupport_fastrtps_cpp.hpp
[36.762s] -- Installing: /home/jason9308/robot_ws/src/install/tm_msgs/include/tm_msgs/tm_msgs/msg/detail/dds_fastrtps
[36.762s] -- Installing: /home/jason9308/robot_ws/src/install/tm_msgs/include/tm_msgs/tm_msgs/msg/detail/sta_response__rosidl_typesupport_fastrtps_cpp.hpp
[36.762s] -- Installing: /home/jason9308/robot_ws/src/install/tm_msgs/include/tm_msgs/tm_msgs/msg/detail/feedback_state__rosidl_typesupport_fastrtps_cpp.hpp
[36.763s] -- Installing: /home/jason9308/robot_ws/src/install/tm_msgs/include/tm_msgs/tm_msgs/msg/detail/sct_response__rosidl_typesupport_fastrtps_cpp.hpp
[36.763s] -- Up-to-date: /home/jason9308/robot_ws/src/install/tm_msgs/include/tm_msgs/tm_msgs/srv
[36.763s] -- Up-to-date: /home/jason9308/robot_ws/src/install/tm_msgs/include/tm_msgs/tm_msgs/srv/detail
[36.763s] -- Installing: /home/jason9308/robot_ws/src/install/tm_msgs/include/tm_msgs/tm_msgs/srv/detail/ask_item__rosidl_typesupport_fastrtps_cpp.hpp
[36.764s] -- Installing: /home/jason9308/robot_ws/src/install/tm_msgs/include/tm_msgs/tm_msgs/srv/detail/dds_fastrtps
[36.764s] -- Installing: /home/jason9308/robot_ws/src/install/tm_msgs/include/tm_msgs/tm_msgs/srv/detail/set_positions__rosidl_typesupport_fastrtps_cpp.hpp
[36.764s] -- Installing: /home/jason9308/robot_ws/src/install/tm_msgs/include/tm_msgs/tm_msgs/srv/detail/set_io__rosidl_typesupport_fastrtps_cpp.hpp
[36.764s] -- Installing: /home/jason9308/robot_ws/src/install/tm_msgs/include/tm_msgs/tm_msgs/srv/detail/connect_tm__rosidl_typesupport_fastrtps_cpp.hpp
[36.765s] -- Installing: /home/jason9308/robot_ws/src/install/tm_msgs/include/tm_msgs/tm_msgs/srv/detail/write_item__rosidl_typesupport_fastrtps_cpp.hpp
[36.765s] -- Installing: /home/jason9308/robot_ws/src/install/tm_msgs/include/tm_msgs/tm_msgs/srv/detail/set_event__rosidl_typesupport_fastrtps_cpp.hpp
[36.765s] -- Installing: /home/jason9308/robot_ws/src/install/tm_msgs/include/tm_msgs/tm_msgs/srv/detail/ask_sta__rosidl_typesupport_fastrtps_cpp.hpp
[36.765s] -- Installing: /home/jason9308/robot_ws/src/install/tm_msgs/include/tm_msgs/tm_msgs/srv/detail/send_script__rosidl_typesupport_fastrtps_cpp.hpp
[36.766s] -- Installing: /home/jason9308/robot_ws/src/install/tm_msgs/lib/libtm_msgs__rosidl_typesupport_fastrtps_cpp.so
[36.767s] -- Set runtime path of "/home/jason9308/robot_ws/src/install/tm_msgs/lib/libtm_msgs__rosidl_typesupport_fastrtps_cpp.so" to ""
[36.768s] -- Up-to-date: /home/jason9308/robot_ws/src/install/tm_msgs/include/tm_msgs/tm_msgs
[36.768s] -- Up-to-date: /home/jason9308/robot_ws/src/install/tm_msgs/include/tm_msgs/tm_msgs/msg
[36.768s] -- Installing: /home/jason9308/robot_ws/src/install/tm_msgs/include/tm_msgs/tm_msgs/msg/rosidl_typesupport_introspection_c__visibility_control.h
[36.769s] -- Up-to-date: /home/jason9308/robot_ws/src/install/tm_msgs/include/tm_msgs/tm_msgs/msg/detail
[36.769s] -- Installing: /home/jason9308/robot_ws/src/install/tm_msgs/include/tm_msgs/tm_msgs/msg/detail/sta_response__type_support.c
[36.769s] -- Installing: /home/jason9308/robot_ws/src/install/tm_msgs/include/tm_msgs/tm_msgs/msg/detail/sct_response__type_support.c
[36.769s] -- Installing: /home/jason9308/robot_ws/src/install/tm_msgs/include/tm_msgs/tm_msgs/msg/detail/sct_response__rosidl_typesupport_introspection_c.h
[36.769s] -- Installing: /home/jason9308/robot_ws/src/install/tm_msgs/include/tm_msgs/tm_msgs/msg/detail/sta_response__rosidl_typesupport_introspection_c.h
[36.770s] -- Installing: /home/jason9308/robot_ws/src/install/tm_msgs/include/tm_msgs/tm_msgs/msg/detail/svr_response__type_support.c
[36.770s] -- Installing: /home/jason9308/robot_ws/src/install/tm_msgs/include/tm_msgs/tm_msgs/msg/detail/feedback_state__type_support.c
[36.770s] -- Installing: /home/jason9308/robot_ws/src/install/tm_msgs/include/tm_msgs/tm_msgs/msg/detail/feedback_state__rosidl_typesupport_introspection_c.h
[36.770s] -- Installing: /home/jason9308/robot_ws/src/install/tm_msgs/include/tm_msgs/tm_msgs/msg/detail/svr_response__rosidl_typesupport_introspection_c.h
[36.770s] -- Up-to-date: /home/jason9308/robot_ws/src/install/tm_msgs/include/tm_msgs/tm_msgs/srv
[36.770s] -- Up-to-date: /home/jason9308/robot_ws/src/install/tm_msgs/include/tm_msgs/tm_msgs/srv/detail
[36.770s] -- Installing: /home/jason9308/robot_ws/src/install/tm_msgs/include/tm_msgs/tm_msgs/srv/detail/set_positions__rosidl_typesupport_introspection_c.h
[36.771s] -- Installing: /home/jason9308/robot_ws/src/install/tm_msgs/include/tm_msgs/tm_msgs/srv/detail/connect_tm__type_support.c
[36.771s] -- Installing: /home/jason9308/robot_ws/src/install/tm_msgs/include/tm_msgs/tm_msgs/srv/detail/write_item__rosidl_typesupport_introspection_c.h
[36.771s] -- Installing: /home/jason9308/robot_ws/src/install/tm_msgs/include/tm_msgs/tm_msgs/srv/detail/ask_sta__rosidl_typesupport_introspection_c.h
[36.771s] -- Installing: /home/jason9308/robot_ws/src/install/tm_msgs/include/tm_msgs/tm_msgs/srv/detail/send_script__type_support.c
[36.772s] -- Installing: /home/jason9308/robot_ws/src/install/tm_msgs/include/tm_msgs/tm_msgs/srv/detail/write_item__type_support.c
[36.772s] -- Installing: /home/jason9308/robot_ws/src/install/tm_msgs/include/tm_msgs/tm_msgs/srv/detail/set_io__rosidl_typesupport_introspection_c.h
[36.772s] -- Installing: /home/jason9308/robot_ws/src/install/tm_msgs/include/tm_msgs/tm_msgs/srv/detail/ask_item__type_support.c
[36.773s] -- Installing: /home/jason9308/robot_ws/src/install/tm_msgs/include/tm_msgs/tm_msgs/srv/detail/ask_item__rosidl_typesupport_introspection_c.h
[36.773s] -- Installing: /home/jason9308/robot_ws/src/install/tm_msgs/include/tm_msgs/tm_msgs/srv/detail/set_event__rosidl_typesupport_introspection_c.h
[36.773s] -- Installing: /home/jason9308/robot_ws/src/install/tm_msgs/include/tm_msgs/tm_msgs/srv/detail/set_positions__type_support.c
[36.773s] -- Installing: /home/jason9308/robot_ws/src/install/tm_msgs/include/tm_msgs/tm_msgs/srv/detail/connect_tm__rosidl_typesupport_introspection_c.h
[36.774s] -- Installing: /home/jason9308/robot_ws/src/install/tm_msgs/include/tm_msgs/tm_msgs/srv/detail/ask_sta__type_support.c
[36.774s] -- Installing: /home/jason9308/robot_ws/src/install/tm_msgs/include/tm_msgs/tm_msgs/srv/detail/send_script__rosidl_typesupport_introspection_c.h
[36.774s] -- Installing: /home/jason9308/robot_ws/src/install/tm_msgs/include/tm_msgs/tm_msgs/srv/detail/set_io__type_support.c
[36.775s] -- Installing: /home/jason9308/robot_ws/src/install/tm_msgs/include/tm_msgs/tm_msgs/srv/detail/set_event__type_support.c
[36.775s] -- Installing: /home/jason9308/robot_ws/src/install/tm_msgs/lib/libtm_msgs__rosidl_typesupport_introspection_c.so
[36.776s] -- Set runtime path of "/home/jason9308/robot_ws/src/install/tm_msgs/lib/libtm_msgs__rosidl_typesupport_introspection_c.so" to ""
[36.777s] -- Installing: /home/jason9308/robot_ws/src/install/tm_msgs/lib/libtm_msgs__rosidl_typesupport_c.so
[36.777s] -- Set runtime path of "/home/jason9308/robot_ws/src/install/tm_msgs/lib/libtm_msgs__rosidl_typesupport_c.so" to ""
[36.778s] -- Up-to-date: /home/jason9308/robot_ws/src/install/tm_msgs/include/tm_msgs/tm_msgs
[36.778s] -- Up-to-date: /home/jason9308/robot_ws/src/install/tm_msgs/include/tm_msgs/tm_msgs/msg
[36.778s] -- Up-to-date: /home/jason9308/robot_ws/src/install/tm_msgs/include/tm_msgs/tm_msgs/msg/detail
[36.778s] -- Installing: /home/jason9308/robot_ws/src/install/tm_msgs/include/tm_msgs/tm_msgs/msg/detail/sta_response__type_support.cpp
[36.778s] -- Installing: /home/jason9308/robot_ws/src/install/tm_msgs/include/tm_msgs/tm_msgs/msg/detail/svr_response__type_support.cpp
[36.778s] -- Installing: /home/jason9308/robot_ws/src/install/tm_msgs/include/tm_msgs/tm_msgs/msg/detail/feedback_state__type_support.cpp
[36.779s] -- Installing: /home/jason9308/robot_ws/src/install/tm_msgs/include/tm_msgs/tm_msgs/msg/detail/sct_response__rosidl_typesupport_introspection_cpp.hpp
[36.779s] -- Installing: /home/jason9308/robot_ws/src/install/tm_msgs/include/tm_msgs/tm_msgs/msg/detail/svr_response__rosidl_typesupport_introspection_cpp.hpp
[36.779s] -- Installing: /home/jason9308/robot_ws/src/install/tm_msgs/include/tm_msgs/tm_msgs/msg/detail/sta_response__rosidl_typesupport_introspection_cpp.hpp
[36.780s] -- Installing: /home/jason9308/robot_ws/src/install/tm_msgs/include/tm_msgs/tm_msgs/msg/detail/sct_response__type_support.cpp
[36.780s] -- Installing: /home/jason9308/robot_ws/src/install/tm_msgs/include/tm_msgs/tm_msgs/msg/detail/feedback_state__rosidl_typesupport_introspection_cpp.hpp
[36.780s] -- Up-to-date: /home/jason9308/robot_ws/src/install/tm_msgs/include/tm_msgs/tm_msgs/srv
[36.780s] -- Up-to-date: /home/jason9308/robot_ws/src/install/tm_msgs/include/tm_msgs/tm_msgs/srv/detail
[36.781s] -- Installing: /home/jason9308/robot_ws/src/install/tm_msgs/include/tm_msgs/tm_msgs/srv/detail/send_script__rosidl_typesupport_introspection_cpp.hpp
[36.781s] -- Installing: /home/jason9308/robot_ws/src/install/tm_msgs/include/tm_msgs/tm_msgs/srv/detail/ask_sta__rosidl_typesupport_introspection_cpp.hpp
[36.781s] -- Installing: /home/jason9308/robot_ws/src/install/tm_msgs/include/tm_msgs/tm_msgs/srv/detail/set_io__rosidl_typesupport_introspection_cpp.hpp
[36.782s] -- Installing: /home/jason9308/robot_ws/src/install/tm_msgs/include/tm_msgs/tm_msgs/srv/detail/ask_sta__type_support.cpp
[36.782s] -- Installing: /home/jason9308/robot_ws/src/install/tm_msgs/include/tm_msgs/tm_msgs/srv/detail/connect_tm__type_support.cpp
[36.782s] -- Installing: /home/jason9308/robot_ws/src/install/tm_msgs/include/tm_msgs/tm_msgs/srv/detail/set_io__type_support.cpp
[36.782s] -- Installing: /home/jason9308/robot_ws/src/install/tm_msgs/include/tm_msgs/tm_msgs/srv/detail/write_item__rosidl_typesupport_introspection_cpp.hpp
[36.787s] -- Installing: /home/jason9308/robot_ws/src/install/tm_msgs/include/tm_msgs/tm_msgs/srv/detail/ask_item__rosidl_typesupport_introspection_cpp.hpp
[36.791s] -- Installing: /home/jason9308/robot_ws/src/install/tm_msgs/include/tm_msgs/tm_msgs/srv/detail/connect_tm__rosidl_typesupport_introspection_cpp.hpp
[36.792s] -- Installing: /home/jason9308/robot_ws/src/install/tm_msgs/include/tm_msgs/tm_msgs/srv/detail/ask_item__type_support.cpp
[36.792s] -- Installing: /home/jason9308/robot_ws/src/install/tm_msgs/include/tm_msgs/tm_msgs/srv/detail/set_event__type_support.cpp
[36.792s] -- Installing: /home/jason9308/robot_ws/src/install/tm_msgs/include/tm_msgs/tm_msgs/srv/detail/set_positions__type_support.cpp
[36.792s] -- Installing: /home/jason9308/robot_ws/src/install/tm_msgs/include/tm_msgs/tm_msgs/srv/detail/set_positions__rosidl_typesupport_introspection_cpp.hpp
[36.792s] -- Installing: /home/jason9308/robot_ws/src/install/tm_msgs/include/tm_msgs/tm_msgs/srv/detail/set_event__rosidl_typesupport_introspection_cpp.hpp
[36.792s] -- Installing: /home/jason9308/robot_ws/src/install/tm_msgs/include/tm_msgs/tm_msgs/srv/detail/write_item__type_support.cpp
[36.792s] -- Installing: /home/jason9308/robot_ws/src/install/tm_msgs/include/tm_msgs/tm_msgs/srv/detail/send_script__type_support.cpp
[36.792s] -- Installing: /home/jason9308/robot_ws/src/install/tm_msgs/lib/libtm_msgs__rosidl_typesupport_introspection_cpp.so
[36.792s] -- Set runtime path of "/home/jason9308/robot_ws/src/install/tm_msgs/lib/libtm_msgs__rosidl_typesupport_introspection_cpp.so" to ""
[36.792s] -- Installing: /home/jason9308/robot_ws/src/install/tm_msgs/lib/libtm_msgs__rosidl_typesupport_cpp.so
[36.792s] -- Set runtime path of "/home/jason9308/robot_ws/src/install/tm_msgs/lib/libtm_msgs__rosidl_typesupport_cpp.so" to ""
[36.792s] -- Installing: /home/jason9308/robot_ws/src/install/tm_msgs/share/tm_msgs/environment/pythonpath.sh
[36.792s] -- Installing: /home/jason9308/robot_ws/src/install/tm_msgs/share/tm_msgs/environment/pythonpath.dsv
[36.792s] -- Installing: /home/jason9308/robot_ws/src/install/tm_msgs/local/lib/python3.10/dist-packages/tm_msgs-1.1.2-py3.10.egg-info
[36.794s] -- Installing: /home/jason9308/robot_ws/src/install/tm_msgs/local/lib/python3.10/dist-packages/tm_msgs-1.1.2-py3.10.egg-info/dependency_links.txt
[36.795s] -- Installing: /home/jason9308/robot_ws/src/install/tm_msgs/local/lib/python3.10/dist-packages/tm_msgs-1.1.2-py3.10.egg-info/PKG-INFO
[36.795s] -- Installing: /home/jason9308/robot_ws/src/install/tm_msgs/local/lib/python3.10/dist-packages/tm_msgs-1.1.2-py3.10.egg-info/top_level.txt
[36.795s] -- Installing: /home/jason9308/robot_ws/src/install/tm_msgs/local/lib/python3.10/dist-packages/tm_msgs-1.1.2-py3.10.egg-info/SOURCES.txt
[36.795s] -- Installing: /home/jason9308/robot_ws/src/install/tm_msgs/local/lib/python3.10/dist-packages/tm_msgs
[36.795s] -- Installing: /home/jason9308/robot_ws/src/install/tm_msgs/local/lib/python3.10/dist-packages/tm_msgs/tm_msgs_s__rosidl_typesupport_c.cpython-310-x86_64-linux-gnu.so
[36.795s] -- Installing: /home/jason9308/robot_ws/src/install/tm_msgs/local/lib/python3.10/dist-packages/tm_msgs/_tm_msgs_s.ep.rosidl_typesupport_c.c
[36.795s] -- Installing: /home/jason9308/robot_ws/src/install/tm_msgs/local/lib/python3.10/dist-packages/tm_msgs/libtm_msgs__rosidl_generator_py.so
[36.796s] -- Installing: /home/jason9308/robot_ws/src/install/tm_msgs/local/lib/python3.10/dist-packages/tm_msgs/__init__.py
[36.797s] -- Installing: /home/jason9308/robot_ws/src/install/tm_msgs/local/lib/python3.10/dist-packages/tm_msgs/msg
[36.798s] -- Installing: /home/jason9308/robot_ws/src/install/tm_msgs/local/lib/python3.10/dist-packages/tm_msgs/msg/_sta_response_s.c
[36.799s] -- Installing: /home/jason9308/robot_ws/src/install/tm_msgs/local/lib/python3.10/dist-packages/tm_msgs/msg/__init__.py
[36.800s] -- Installing: /home/jason9308/robot_ws/src/install/tm_msgs/local/lib/python3.10/dist-packages/tm_msgs/msg/_sct_response_s.c
[36.801s] -- Installing: /home/jason9308/robot_ws/src/install/tm_msgs/local/lib/python3.10/dist-packages/tm_msgs/msg/_feedback_state_s.c
[36.802s] -- Installing: /home/jason9308/robot_ws/src/install/tm_msgs/local/lib/python3.10/dist-packages/tm_msgs/msg/_svr_response.py
[36.803s] -- Installing: /home/jason9308/robot_ws/src/install/tm_msgs/local/lib/python3.10/dist-packages/tm_msgs/msg/_feedback_state.py
[36.805s] -- Installing: /home/jason9308/robot_ws/src/install/tm_msgs/local/lib/python3.10/dist-packages/tm_msgs/msg/_svr_response_s.c
[36.806s] -- Installing: /home/jason9308/robot_ws/src/install/tm_msgs/local/lib/python3.10/dist-packages/tm_msgs/msg/_sta_response.py
[36.807s] -- Installing: /home/jason9308/robot_ws/src/install/tm_msgs/local/lib/python3.10/dist-packages/tm_msgs/msg/_sct_response.py
[36.808s] -- Installing: /home/jason9308/robot_ws/src/install/tm_msgs/local/lib/python3.10/dist-packages/tm_msgs/tm_msgs_s__rosidl_typesupport_introspection_c.cpython-310-x86_64-linux-gnu.so
[36.809s] -- Installing: /home/jason9308/robot_ws/src/install/tm_msgs/local/lib/python3.10/dist-packages/tm_msgs/srv
[36.810s] -- Installing: /home/jason9308/robot_ws/src/install/tm_msgs/local/lib/python3.10/dist-packages/tm_msgs/srv/_ask_sta.py
[36.812s] -- Installing: /home/jason9308/robot_ws/src/install/tm_msgs/local/lib/python3.10/dist-packages/tm_msgs/srv/_ask_item.py
[36.812s] -- Installing: /home/jason9308/robot_ws/src/install/tm_msgs/local/lib/python3.10/dist-packages/tm_msgs/srv/_ask_item_s.c
[36.813s] -- Installing: /home/jason9308/robot_ws/src/install/tm_msgs/local/lib/python3.10/dist-packages/tm_msgs/srv/__init__.py
[36.814s] -- Installing: /home/jason9308/robot_ws/src/install/tm_msgs/local/lib/python3.10/dist-packages/tm_msgs/srv/_connect_tm.py
[36.815s] -- Installing: /home/jason9308/robot_ws/src/install/tm_msgs/local/lib/python3.10/dist-packages/tm_msgs/srv/_write_item_s.c
[36.817s] -- Installing: /home/jason9308/robot_ws/src/install/tm_msgs/local/lib/python3.10/dist-packages/tm_msgs/srv/_set_positions.py
[36.817s] -- Installing: /home/jason9308/robot_ws/src/install/tm_msgs/local/lib/python3.10/dist-packages/tm_msgs/srv/_set_event.py
[36.818s] -- Installing: /home/jason9308/robot_ws/src/install/tm_msgs/local/lib/python3.10/dist-packages/tm_msgs/srv/_set_event_s.c
[36.819s] -- Installing: /home/jason9308/robot_ws/src/install/tm_msgs/local/lib/python3.10/dist-packages/tm_msgs/srv/_ask_sta_s.c
[36.820s] -- Installing: /home/jason9308/robot_ws/src/install/tm_msgs/local/lib/python3.10/dist-packages/tm_msgs/srv/_set_io_s.c
[36.821s] -- Installing: /home/jason9308/robot_ws/src/install/tm_msgs/local/lib/python3.10/dist-packages/tm_msgs/srv/_set_io.py
[36.823s] -- Installing: /home/jason9308/robot_ws/src/install/tm_msgs/local/lib/python3.10/dist-packages/tm_msgs/srv/_send_script_s.c
[36.823s] -- Installing: /home/jason9308/robot_ws/src/install/tm_msgs/local/lib/python3.10/dist-packages/tm_msgs/srv/_send_script.py
[36.823s] -- Installing: /home/jason9308/robot_ws/src/install/tm_msgs/local/lib/python3.10/dist-packages/tm_msgs/srv/_connect_tm_s.c
[36.823s] -- Installing: /home/jason9308/robot_ws/src/install/tm_msgs/local/lib/python3.10/dist-packages/tm_msgs/srv/_write_item.py
[36.823s] -- Installing: /home/jason9308/robot_ws/src/install/tm_msgs/local/lib/python3.10/dist-packages/tm_msgs/srv/_set_positions_s.c
[36.824s] -- Installing: /home/jason9308/robot_ws/src/install/tm_msgs/local/lib/python3.10/dist-packages/tm_msgs/tm_msgs_s__rosidl_typesupport_fastrtps_c.cpython-310-x86_64-linux-gnu.so
[36.824s] -- Installing: /home/jason9308/robot_ws/src/install/tm_msgs/local/lib/python3.10/dist-packages/tm_msgs/_tm_msgs_s.ep.rosidl_typesupport_fastrtps_c.c
[36.825s] -- Installing: /home/jason9308/robot_ws/src/install/tm_msgs/local/lib/python3.10/dist-packages/tm_msgs/_tm_msgs_s.ep.rosidl_typesupport_introspection_c.c
[37.042s] Listing '/home/jason9308/robot_ws/src/install/tm_msgs/local/lib/python3.10/dist-packages/tm_msgs'...
[37.043s] Compiling '/home/jason9308/robot_ws/src/install/tm_msgs/local/lib/python3.10/dist-packages/tm_msgs/__init__.py'...
[37.043s] Listing '/home/jason9308/robot_ws/src/install/tm_msgs/local/lib/python3.10/dist-packages/tm_msgs/msg'...
[37.043s] Compiling '/home/jason9308/robot_ws/src/install/tm_msgs/local/lib/python3.10/dist-packages/tm_msgs/msg/__init__.py'...
[37.043s] Compiling '/home/jason9308/robot_ws/src/install/tm_msgs/local/lib/python3.10/dist-packages/tm_msgs/msg/_feedback_state.py'...
[37.043s] Compiling '/home/jason9308/robot_ws/src/install/tm_msgs/local/lib/python3.10/dist-packages/tm_msgs/msg/_sct_response.py'...
[37.043s] Compiling '/home/jason9308/robot_ws/src/install/tm_msgs/local/lib/python3.10/dist-packages/tm_msgs/msg/_sta_response.py'...
[37.043s] Compiling '/home/jason9308/robot_ws/src/install/tm_msgs/local/lib/python3.10/dist-packages/tm_msgs/msg/_svr_response.py'...
[37.045s] Listing '/home/jason9308/robot_ws/src/install/tm_msgs/local/lib/python3.10/dist-packages/tm_msgs/srv'...
[37.045s] Compiling '/home/jason9308/robot_ws/src/install/tm_msgs/local/lib/python3.10/dist-packages/tm_msgs/srv/__init__.py'...
[37.045s] Compiling '/home/jason9308/robot_ws/src/install/tm_msgs/local/lib/python3.10/dist-packages/tm_msgs/srv/_ask_item.py'...
[37.046s] Compiling '/home/jason9308/robot_ws/src/install/tm_msgs/local/lib/python3.10/dist-packages/tm_msgs/srv/_ask_sta.py'...
[37.046s] Compiling '/home/jason9308/robot_ws/src/install/tm_msgs/local/lib/python3.10/dist-packages/tm_msgs/srv/_connect_tm.py'...
[37.046s] Compiling '/home/jason9308/robot_ws/src/install/tm_msgs/local/lib/python3.10/dist-packages/tm_msgs/srv/_send_script.py'...
[37.046s] Compiling '/home/jason9308/robot_ws/src/install/tm_msgs/local/lib/python3.10/dist-packages/tm_msgs/srv/_set_event.py'...
[37.046s] Compiling '/home/jason9308/robot_ws/src/install/tm_msgs/local/lib/python3.10/dist-packages/tm_msgs/srv/_set_io.py'...
[37.046s] Compiling '/home/jason9308/robot_ws/src/install/tm_msgs/local/lib/python3.10/dist-packages/tm_msgs/srv/_set_positions.py'...
[37.046s] Compiling '/home/jason9308/robot_ws/src/install/tm_msgs/local/lib/python3.10/dist-packages/tm_msgs/srv/_write_item.py'...
[37.059s] -- Installing: /home/jason9308/robot_ws/src/install/tm_msgs/local/lib/python3.10/dist-packages/tm_msgs/tm_msgs_s__rosidl_typesupport_fastrtps_c.cpython-310-x86_64-linux-gnu.so
[37.059s] -- Set runtime path of "/home/jason9308/robot_ws/src/install/tm_msgs/local/lib/python3.10/dist-packages/tm_msgs/tm_msgs_s__rosidl_typesupport_fastrtps_c.cpython-310-x86_64-linux-gnu.so" to ""
[37.059s] -- Installing: /home/jason9308/robot_ws/src/install/tm_msgs/local/lib/python3.10/dist-packages/tm_msgs/tm_msgs_s__rosidl_typesupport_introspection_c.cpython-310-x86_64-linux-gnu.so
[37.059s] -- Set runtime path of "/home/jason9308/robot_ws/src/install/tm_msgs/local/lib/python3.10/dist-packages/tm_msgs/tm_msgs_s__rosidl_typesupport_introspection_c.cpython-310-x86_64-linux-gnu.so" to ""
[37.059s] -- Installing: /home/jason9308/robot_ws/src/install/tm_msgs/local/lib/python3.10/dist-packages/tm_msgs/tm_msgs_s__rosidl_typesupport_c.cpython-310-x86_64-linux-gnu.so
[37.061s] -- Set runtime path of "/home/jason9308/robot_ws/src/install/tm_msgs/local/lib/python3.10/dist-packages/tm_msgs/tm_msgs_s__rosidl_typesupport_c.cpython-310-x86_64-linux-gnu.so" to ""
[37.061s] -- Installing: /home/jason9308/robot_ws/src/install/tm_msgs/lib/libtm_msgs__rosidl_generator_py.so
[37.062s] -- Set runtime path of "/home/jason9308/robot_ws/src/install/tm_msgs/lib/libtm_msgs__rosidl_generator_py.so" to ""
[37.062s] -- Installing: /home/jason9308/robot_ws/src/install/tm_msgs/share/tm_msgs/msg/FeedbackState.idl
[37.064s] -- Installing: /home/jason9308/robot_ws/src/install/tm_msgs/share/tm_msgs/msg/SvrResponse.idl
[37.064s] -- Installing: /home/jason9308/robot_ws/src/install/tm_msgs/share/tm_msgs/msg/SctResponse.idl
[37.065s] -- Installing: /home/jason9308/robot_ws/src/install/tm_msgs/share/tm_msgs/msg/StaResponse.idl
[37.067s] -- Installing: /home/jason9308/robot_ws/src/install/tm_msgs/share/tm_msgs/srv/ConnectTM.idl
[37.067s] -- Installing: /home/jason9308/robot_ws/src/install/tm_msgs/share/tm_msgs/srv/WriteItem.idl
[37.069s] -- Installing: /home/jason9308/robot_ws/src/install/tm_msgs/share/tm_msgs/srv/AskItem.idl
[37.070s] -- Installing: /home/jason9308/robot_ws/src/install/tm_msgs/share/tm_msgs/srv/SendScript.idl
[37.080s] -- Installing: /home/jason9308/robot_ws/src/install/tm_msgs/share/tm_msgs/srv/SetEvent.idl
[37.085s] -- Installing: /home/jason9308/robot_ws/src/install/tm_msgs/share/tm_msgs/srv/SetIO.idl
[37.088s] -- Installing: /home/jason9308/robot_ws/src/install/tm_msgs/share/tm_msgs/srv/SetPositions.idl
[37.092s] -- Installing: /home/jason9308/robot_ws/src/install/tm_msgs/share/tm_msgs/srv/AskSta.idl
[37.092s] -- Installing: /home/jason9308/robot_ws/src/install/tm_msgs/share/tm_msgs/msg/FeedbackState.msg
[37.093s] -- Installing: /home/jason9308/robot_ws/src/install/tm_msgs/share/tm_msgs/msg/SvrResponse.msg
[37.095s] -- Installing: /home/jason9308/robot_ws/src/install/tm_msgs/share/tm_msgs/msg/SctResponse.msg
[37.101s] -- Installing: /home/jason9308/robot_ws/src/install/tm_msgs/share/tm_msgs/msg/StaResponse.msg
[37.102s] -- Installing: /home/jason9308/robot_ws/src/install/tm_msgs/share/tm_msgs/srv/ConnectTM.srv
[37.102s] -- Installing: /home/jason9308/robot_ws/src/install/tm_msgs/share/tm_msgs/srv/ConnectTM_Request.msg
[37.102s] -- Installing: /home/jason9308/robot_ws/src/install/tm_msgs/share/tm_msgs/srv/ConnectTM_Response.msg
[37.103s] -- Installing: /home/jason9308/robot_ws/src/install/tm_msgs/share/tm_msgs/srv/WriteItem.srv
[37.105s] -- Installing: /home/jason9308/robot_ws/src/install/tm_msgs/share/tm_msgs/srv/WriteItem_Request.msg
[37.107s] -- Installing: /home/jason9308/robot_ws/src/install/tm_msgs/share/tm_msgs/srv/WriteItem_Response.msg
[37.109s] -- Installing: /home/jason9308/robot_ws/src/install/tm_msgs/share/tm_msgs/srv/AskItem.srv
[37.123s] -- Installing: /home/jason9308/robot_ws/src/install/tm_msgs/share/tm_msgs/srv/AskItem_Request.msg
[37.123s] -- Installing: /home/jason9308/robot_ws/src/install/tm_msgs/share/tm_msgs/srv/AskItem_Response.msg
[37.123s] -- Installing: /home/jason9308/robot_ws/src/install/tm_msgs/share/tm_msgs/srv/SendScript.srv
[37.125s] -- Installing: /home/jason9308/robot_ws/src/install/tm_msgs/share/tm_msgs/srv/SendScript_Request.msg
[37.127s] -- Installing: /home/jason9308/robot_ws/src/install/tm_msgs/share/tm_msgs/srv/SendScript_Response.msg
[37.131s] -- Installing: /home/jason9308/robot_ws/src/install/tm_msgs/share/tm_msgs/srv/SetEvent.srv
[37.133s] -- Installing: /home/jason9308/robot_ws/src/install/tm_msgs/share/tm_msgs/srv/SetEvent_Request.msg
[37.142s] -- Installing: /home/jason9308/robot_ws/src/install/tm_msgs/share/tm_msgs/srv/SetEvent_Response.msg
[37.144s] -- Installing: /home/jason9308/robot_ws/src/install/tm_msgs/share/tm_msgs/srv/SetIO.srv
[37.147s] -- Installing: /home/jason9308/robot_ws/src/install/tm_msgs/share/tm_msgs/srv/SetIO_Request.msg
[37.147s] -- Installing: /home/jason9308/robot_ws/src/install/tm_msgs/share/tm_msgs/srv/SetIO_Response.msg
[37.150s] -- Installing: /home/jason9308/robot_ws/src/install/tm_msgs/share/tm_msgs/srv/SetPositions.srv
[37.152s] -- Installing: /home/jason9308/robot_ws/src/install/tm_msgs/share/tm_msgs/srv/SetPositions_Request.msg
[37.155s] -- Installing: /home/jason9308/robot_ws/src/install/tm_msgs/share/tm_msgs/srv/SetPositions_Response.msg
[37.155s] -- Installing: /home/jason9308/robot_ws/src/install/tm_msgs/share/tm_msgs/srv/AskSta.srv
[37.155s] -- Installing: /home/jason9308/robot_ws/src/install/tm_msgs/share/tm_msgs/srv/AskSta_Request.msg
[37.156s] -- Installing: /home/jason9308/robot_ws/src/install/tm_msgs/share/tm_msgs/srv/AskSta_Response.msg
[37.160s] -- Installing: /home/jason9308/robot_ws/src/install/tm_msgs/share/ament_index/resource_index/package_run_dependencies/tm_msgs
[37.161s] -- Installing: /home/jason9308/robot_ws/src/install/tm_msgs/share/ament_index/resource_index/parent_prefix_path/tm_msgs
[37.162s] -- Installing: /home/jason9308/robot_ws/src/install/tm_msgs/share/tm_msgs/environment/ament_prefix_path.sh
[37.163s] -- Installing: /home/jason9308/robot_ws/src/install/tm_msgs/share/tm_msgs/environment/ament_prefix_path.dsv
[37.163s] -- Installing: /home/jason9308/robot_ws/src/install/tm_msgs/share/tm_msgs/environment/path.sh
[37.164s] -- Installing: /home/jason9308/robot_ws/src/install/tm_msgs/share/tm_msgs/environment/path.dsv
[37.164s] -- Installing: /home/jason9308/robot_ws/src/install/tm_msgs/share/tm_msgs/local_setup.bash
[37.168s] -- Installing: /home/jason9308/robot_ws/src/install/tm_msgs/share/tm_msgs/local_setup.sh
[37.168s] -- Installing: /home/jason9308/robot_ws/src/install/tm_msgs/share/tm_msgs/local_setup.zsh
[37.171s] -- Installing: /home/jason9308/robot_ws/src/install/tm_msgs/share/tm_msgs/local_setup.dsv
[37.173s] -- Installing: /home/jason9308/robot_ws/src/install/tm_msgs/share/tm_msgs/package.dsv
[37.184s] -- Installing: /home/jason9308/robot_ws/src/install/tm_msgs/share/ament_index/resource_index/packages/tm_msgs
[37.184s] -- Installing: /home/jason9308/robot_ws/src/install/tm_msgs/share/tm_msgs/cmake/export_tm_msgs__rosidl_generator_cExport.cmake
[37.190s] -- Installing: /home/jason9308/robot_ws/src/install/tm_msgs/share/tm_msgs/cmake/export_tm_msgs__rosidl_generator_cExport-noconfig.cmake
[37.190s] -- Installing: /home/jason9308/robot_ws/src/install/tm_msgs/share/tm_msgs/cmake/export_tm_msgs__rosidl_typesupport_fastrtps_cExport.cmake
[37.190s] -- Installing: /home/jason9308/robot_ws/src/install/tm_msgs/share/tm_msgs/cmake/export_tm_msgs__rosidl_typesupport_fastrtps_cExport-noconfig.cmake
[37.190s] -- Installing: /home/jason9308/robot_ws/src/install/tm_msgs/share/tm_msgs/cmake/export_tm_msgs__rosidl_generator_cppExport.cmake
[37.190s] -- Installing: /home/jason9308/robot_ws/src/install/tm_msgs/share/tm_msgs/cmake/export_tm_msgs__rosidl_typesupport_fastrtps_cppExport.cmake
[37.191s] -- Installing: /home/jason9308/robot_ws/src/install/tm_msgs/share/tm_msgs/cmake/export_tm_msgs__rosidl_typesupport_fastrtps_cppExport-noconfig.cmake
[37.191s] -- Installing: /home/jason9308/robot_ws/src/install/tm_msgs/share/tm_msgs/cmake/tm_msgs__rosidl_typesupport_introspection_cExport.cmake
[37.191s] -- Installing: /home/jason9308/robot_ws/src/install/tm_msgs/share/tm_msgs/cmake/tm_msgs__rosidl_typesupport_introspection_cExport-noconfig.cmake
[37.191s] -- Installing: /home/jason9308/robot_ws/src/install/tm_msgs/share/tm_msgs/cmake/tm_msgs__rosidl_typesupport_cExport.cmake
[37.194s] -- Installing: /home/jason9308/robot_ws/src/install/tm_msgs/share/tm_msgs/cmake/tm_msgs__rosidl_typesupport_cExport-noconfig.cmake
[37.194s] -- Installing: /home/jason9308/robot_ws/src/install/tm_msgs/share/tm_msgs/cmake/tm_msgs__rosidl_typesupport_introspection_cppExport.cmake
[37.194s] -- Installing: /home/jason9308/robot_ws/src/install/tm_msgs/share/tm_msgs/cmake/tm_msgs__rosidl_typesupport_introspection_cppExport-noconfig.cmake
[37.194s] -- Installing: /home/jason9308/robot_ws/src/install/tm_msgs/share/tm_msgs/cmake/tm_msgs__rosidl_typesupport_cppExport.cmake
[37.197s] -- Installing: /home/jason9308/robot_ws/src/install/tm_msgs/share/tm_msgs/cmake/tm_msgs__rosidl_typesupport_cppExport-noconfig.cmake
[37.197s] -- Installing: /home/jason9308/robot_ws/src/install/tm_msgs/share/tm_msgs/cmake/export_tm_msgs__rosidl_generator_pyExport.cmake
[37.199s] -- Installing: /home/jason9308/robot_ws/src/install/tm_msgs/share/tm_msgs/cmake/export_tm_msgs__rosidl_generator_pyExport-noconfig.cmake
[37.202s] -- Installing: /home/jason9308/robot_ws/src/install/tm_msgs/share/tm_msgs/cmake/rosidl_cmake-extras.cmake
[37.203s] -- Installing: /home/jason9308/robot_ws/src/install/tm_msgs/share/tm_msgs/cmake/ament_cmake_export_dependencies-extras.cmake
[37.205s] -- Installing: /home/jason9308/robot_ws/src/install/tm_msgs/share/tm_msgs/cmake/ament_cmake_export_include_directories-extras.cmake
[37.208s] -- Installing: /home/jason9308/robot_ws/src/install/tm_msgs/share/tm_msgs/cmake/ament_cmake_export_libraries-extras.cmake
[37.225s] -- Installing: /home/jason9308/robot_ws/src/install/tm_msgs/share/tm_msgs/cmake/ament_cmake_export_targets-extras.cmake
[37.225s] -- Installing: /home/jason9308/robot_ws/src/install/tm_msgs/share/tm_msgs/cmake/rosidl_cmake_export_typesupport_targets-extras.cmake
[37.225s] -- Installing: /home/jason9308/robot_ws/src/install/tm_msgs/share/tm_msgs/cmake/rosidl_cmake_export_typesupport_libraries-extras.cmake
[37.228s] -- Installing: /home/jason9308/robot_ws/src/install/tm_msgs/share/tm_msgs/cmake/tm_msgsConfig.cmake
[37.230s] -- Installing: /home/jason9308/robot_ws/src/install/tm_msgs/share/tm_msgs/cmake/tm_msgsConfig-version.cmake
[37.238s] -- Installing: /home/jason9308/robot_ws/src/install/tm_msgs/share/tm_msgs/package.xml
[37.246s] Invoked command in '/home/jason9308/robot_ws/src/build/tm_msgs' returned '0': CMAKE_PREFIX_PATH=/home/jason9308/robot_ws/install/xarm_planner:/home/jason9308/robot_ws/install/xarm_moveit_servo:/home/jason9308/robot_ws/install/xarm_moveit_config:/home/jason9308/robot_ws/install/xarm_gazebo:/home/jason9308/robot_ws/install/xarm_controller:/home/jason9308/robot_ws/install/xarm_api:/home/jason9308/robot_ws/install/xarm_sdk:/home/jason9308/robot_ws/install/move_arm:/home/jason9308/robot_ws/install/medicine_grabber:/home/jason9308/robot_ws/install/lite6_handeye:/home/jason9308/robot_ws/install/json_file_watcher:/home/jason9308/robot_ws/install/aruco_grab:/home/jason9308/robot_ws/install/xarm_msgs:/home/jason9308/robot_ws/install/xarm_description:/home/jason9308/robot_ws/install/ui_for_debug_and_demo:/home/jason9308/robot_ws/install/tracer_base:/home/jason9308/robot_ws/install/xarm_simulation:/home/jason9308/robot_ws/install/write_pose:/home/jason9308/robot_ws/install/voice_control:/home/jason9308/robot_ws/install/uf_ros_lib:/home/jason9308/robot_ws/install/tm_simulation_node:/home/jason9308/robot_ws/install/tm_mod_urdf:/home/jason9308/robot_ws/install/tm_get_status:/home/jason9308/robot_ws/install/speech_recognition_pkg:/home/jason9308/robot_ws/install/my_2f85gripper_py:/home/jason9308/robot_ws/install/hand_detection:/home/jason9308/robot_ws/install/face_recognition:/home/jason9308/robot_ws/install/chatbot:/home/jason9308/robot_ws/install/calibration_cross:/opt/ros/humble:/home/jason9308/robot_ws/install/ugv_sdk:/home/jason9308/robot_ws/install/tracer_msgs:/home/jason9308/robot_ws/install/tm_driver:/home/jason9308/robot_ws/install/demo:/home/jason9308/robot_ws/install/tm_msgs:/home/jason9308/robot_ws/install/tm_description:/home/jason9308/robot_ws/install/custom_package:/home/jason9308/robot_ws/install/techman_robot_msgs:/home/jason9308/robot_ws/install/realsense_gazebo_plugin:/home/jason9308/robot_ws/install/navigation_server:/home/jason9308/robot_ws/install/navigation_interfaces:/home/jason9308/robot_ws/install/mbot_demo:/home/jason9308/robot_ws/install/lslidar_driver:/home/jason9308/robot_ws/install/lslidar_msgs:/home/jason9308/robot_ws/install/grpr2f85_ifaces:/home/jason9308/robot_ws/install/control_node /usr/local/cuda-11.5/bin/cmake --install /home/jason9308/robot_ws/src/build/tm_msgs
