[0.078s] Invoking command in '/home/jason9308/robot_ws/src/build/demo': AMENT_PREFIX_PATH=/home/jason9308/robot_ws/src/install/tm_msgs:${AMENT_PREFIX_PATH} CMAKE_PREFIX_PATH=/home/jason9308/robot_ws/src/install/tm_msgs:/home/jason9308/robot_ws/install/xarm_planner:/home/jason9308/robot_ws/install/xarm_moveit_servo:/home/jason9308/robot_ws/install/xarm_moveit_config:/home/jason9308/robot_ws/install/xarm_gazebo:/home/jason9308/robot_ws/install/xarm_controller:/home/jason9308/robot_ws/install/xarm_api:/home/jason9308/robot_ws/install/xarm_sdk:/home/jason9308/robot_ws/install/move_arm:/home/jason9308/robot_ws/install/medicine_grabber:/home/jason9308/robot_ws/install/lite6_handeye:/home/jason9308/robot_ws/install/json_file_watcher:/home/jason9308/robot_ws/install/aruco_grab:/home/jason9308/robot_ws/install/xarm_msgs:/home/jason9308/robot_ws/install/xarm_description:/home/jason9308/robot_ws/install/ui_for_debug_and_demo:/home/jason9308/robot_ws/install/tracer_base:/home/jason9308/robot_ws/install/xarm_simulation:/home/jason9308/robot_ws/install/write_pose:/home/jason9308/robot_ws/install/voice_control:/home/jason9308/robot_ws/install/uf_ros_lib:/home/jason9308/robot_ws/install/tm_simulation_node:/home/jason9308/robot_ws/install/tm_mod_urdf:/home/jason9308/robot_ws/install/tm_get_status:/home/jason9308/robot_ws/install/speech_recognition_pkg:/home/jason9308/robot_ws/install/my_2f85gripper_py:/home/jason9308/robot_ws/install/hand_detection:/home/jason9308/robot_ws/install/face_recognition:/home/jason9308/robot_ws/install/chatbot:/home/jason9308/robot_ws/install/calibration_cross:/opt/ros/humble:/home/jason9308/robot_ws/install/ugv_sdk:/home/jason9308/robot_ws/install/tracer_msgs:/home/jason9308/robot_ws/install/tm_driver:/home/jason9308/robot_ws/install/demo:/home/jason9308/robot_ws/install/tm_msgs:/home/jason9308/robot_ws/install/tm_description:/home/jason9308/robot_ws/install/custom_package:/home/jason9308/robot_ws/install/techman_robot_msgs:/home/jason9308/robot_ws/install/realsense_gazebo_plugin:/home/jason9308/robot_ws/install/navigation_server:/home/jason9308/robot_ws/install/navigation_interfaces:/home/jason9308/robot_ws/install/mbot_demo:/home/jason9308/robot_ws/install/lslidar_driver:/home/jason9308/robot_ws/install/lslidar_msgs:/home/jason9308/robot_ws/install/grpr2f85_ifaces:/home/jason9308/robot_ws/install/control_node LD_LIBRARY_PATH=/home/jason9308/robot_ws/src/install/tm_msgs/lib:${LD_LIBRARY_PATH} PYTHONPATH=/home/jason9308/robot_ws/src/install/tm_msgs/local/lib/python3.10/dist-packages:${PYTHONPATH} /usr/local/cuda-11.5/bin/cmake /home/jason9308/robot_ws/src/tmr_ros2/demo -DCMAKE_INSTALL_PREFIX=/home/jason9308/robot_ws/src/install/demo
[0.305s] -- The C compiler identification is GNU 11.4.0
[0.447s] -- The CXX compiler identification is GNU 11.4.0
[0.482s] -- Detecting C compiler ABI info
[0.747s] -- Detecting C compiler ABI info - done
[0.776s] -- Check for working C compiler: /usr/local/cuda-11.5/bin/cc - skipped
[0.777s] -- Detecting C compile features
[0.777s] -- Detecting C compile features - done
[0.791s] -- Detecting CXX compiler ABI info
[1.022s] -- Detecting CXX compiler ABI info - done
[1.057s] -- Check for working CXX compiler: /usr/local/cuda-11.5/bin/c++ - skipped
[1.058s] -- Detecting CXX compile features
[1.059s] -- Detecting CXX compile features - done
[1.068s] -- Found ament_cmake: 1.3.11 (/opt/ros/humble/share/ament_cmake/cmake)
[1.494s] -- Found Python3: /usr/local/cuda-11.5/bin/python3 (found version "3.10.12") found components: Interpreter 
[1.962s] -- Found rclcpp: 16.0.11 (/opt/ros/humble/share/rclcpp/cmake)
[2.205s] -- Found rosidl_generator_c: 3.1.6 (/opt/ros/humble/share/rosidl_generator_c/cmake)
[2.227s] -- Found rosidl_adapter: 3.1.6 (/opt/ros/humble/share/rosidl_adapter/cmake)
[2.266s] -- Found rosidl_generator_cpp: 3.1.6 (/opt/ros/humble/share/rosidl_generator_cpp/cmake)
[2.342s] -- Using all available rosidl_typesupport_c: rosidl_typesupport_fastrtps_c;rosidl_typesupport_introspection_c
[2.449s] -- Using all available rosidl_typesupport_cpp: rosidl_typesupport_fastrtps_cpp;rosidl_typesupport_introspection_cpp
[2.760s] -- Found rmw_implementation_cmake: 6.1.2 (/opt/ros/humble/share/rmw_implementation_cmake/cmake)
[2.774s] -- Found rmw_fastrtps_cpp: 6.2.7 (/opt/ros/humble/share/rmw_fastrtps_cpp/cmake)
[3.115s] -- Found OpenSSL: /usr/lib/x86_64-linux-gnu/libcrypto.so (found version "3.0.2")  
[3.202s] -- Found FastRTPS: /opt/ros/humble/include  
[3.367s] -- Using RMW implementation 'rmw_fastrtps_cpp' as default
[3.421s] -- Looking for pthread.h
[3.609s] -- Looking for pthread.h - found
[3.609s] -- Performing Test CMAKE_HAVE_LIBC_PTHREAD
[3.817s] -- Performing Test CMAKE_HAVE_LIBC_PTHREAD - Success
[3.824s] -- Found Threads: TRUE  
[4.041s] -- Found sensor_msgs: 4.2.4 (/opt/ros/humble/share/sensor_msgs/cmake)
[4.175s] -- Found tm_msgs: 1.1.2 (/home/jason9308/robot_ws/src/install/tm_msgs/share/tm_msgs/cmake)
[4.230s] -- Found ament_lint_auto: 0.12.11 (/opt/ros/humble/share/ament_lint_auto/cmake)
[4.756s] -- Added test 'copyright' to check source files copyright and LICENSE
[4.758s] -- Added test 'cppcheck' to perform static code analysis on C / C++ code
[4.760s] -- Configured cppcheck include dirs: /home/jason9308/robot_ws/src/tmr_ros2/demo/include
[4.761s] -- Configured cppcheck exclude dirs and/or files: 
[4.764s] -- Added test 'cpplint' to check C / C++ code against the Google style
[4.764s] -- Configured cpplint exclude dirs and/or files: 
[4.766s] -- Added test 'lint_cmake' to check CMake code style
[4.770s] -- Added test 'uncrustify' to check C / C++ code style
[4.770s] -- Configured uncrustify additional arguments: 
[4.776s] -- Added test 'xmllint' to check XML markup files
[4.780s] -- Configuring done
[4.899s] -- Generating done
[4.944s] -- Build files have been written to: /home/jason9308/robot_ws/src/build/demo
[4.978s] Invoked command in '/home/jason9308/robot_ws/src/build/demo' returned '0': AMENT_PREFIX_PATH=/home/jason9308/robot_ws/src/install/tm_msgs:${AMENT_PREFIX_PATH} CMAKE_PREFIX_PATH=/home/jason9308/robot_ws/src/install/tm_msgs:/home/jason9308/robot_ws/install/xarm_planner:/home/jason9308/robot_ws/install/xarm_moveit_servo:/home/jason9308/robot_ws/install/xarm_moveit_config:/home/jason9308/robot_ws/install/xarm_gazebo:/home/jason9308/robot_ws/install/xarm_controller:/home/jason9308/robot_ws/install/xarm_api:/home/jason9308/robot_ws/install/xarm_sdk:/home/jason9308/robot_ws/install/move_arm:/home/jason9308/robot_ws/install/medicine_grabber:/home/jason9308/robot_ws/install/lite6_handeye:/home/jason9308/robot_ws/install/json_file_watcher:/home/jason9308/robot_ws/install/aruco_grab:/home/jason9308/robot_ws/install/xarm_msgs:/home/jason9308/robot_ws/install/xarm_description:/home/jason9308/robot_ws/install/ui_for_debug_and_demo:/home/jason9308/robot_ws/install/tracer_base:/home/jason9308/robot_ws/install/xarm_simulation:/home/jason9308/robot_ws/install/write_pose:/home/jason9308/robot_ws/install/voice_control:/home/jason9308/robot_ws/install/uf_ros_lib:/home/jason9308/robot_ws/install/tm_simulation_node:/home/jason9308/robot_ws/install/tm_mod_urdf:/home/jason9308/robot_ws/install/tm_get_status:/home/jason9308/robot_ws/install/speech_recognition_pkg:/home/jason9308/robot_ws/install/my_2f85gripper_py:/home/jason9308/robot_ws/install/hand_detection:/home/jason9308/robot_ws/install/face_recognition:/home/jason9308/robot_ws/install/chatbot:/home/jason9308/robot_ws/install/calibration_cross:/opt/ros/humble:/home/jason9308/robot_ws/install/ugv_sdk:/home/jason9308/robot_ws/install/tracer_msgs:/home/jason9308/robot_ws/install/tm_driver:/home/jason9308/robot_ws/install/demo:/home/jason9308/robot_ws/install/tm_msgs:/home/jason9308/robot_ws/install/tm_description:/home/jason9308/robot_ws/install/custom_package:/home/jason9308/robot_ws/install/techman_robot_msgs:/home/jason9308/robot_ws/install/realsense_gazebo_plugin:/home/jason9308/robot_ws/install/navigation_server:/home/jason9308/robot_ws/install/navigation_interfaces:/home/jason9308/robot_ws/install/mbot_demo:/home/jason9308/robot_ws/install/lslidar_driver:/home/jason9308/robot_ws/install/lslidar_msgs:/home/jason9308/robot_ws/install/grpr2f85_ifaces:/home/jason9308/robot_ws/install/control_node LD_LIBRARY_PATH=/home/jason9308/robot_ws/src/install/tm_msgs/lib:${LD_LIBRARY_PATH} PYTHONPATH=/home/jason9308/robot_ws/src/install/tm_msgs/local/lib/python3.10/dist-packages:${PYTHONPATH} /usr/local/cuda-11.5/bin/cmake /home/jason9308/robot_ws/src/tmr_ros2/demo -DCMAKE_INSTALL_PREFIX=/home/jason9308/robot_ws/src/install/demo
[4.979s] Invoking command in '/home/jason9308/robot_ws/src/build/demo': AMENT_PREFIX_PATH=/home/jason9308/robot_ws/src/install/tm_msgs:${AMENT_PREFIX_PATH} CMAKE_PREFIX_PATH=/home/jason9308/robot_ws/src/install/tm_msgs:/home/jason9308/robot_ws/install/xarm_planner:/home/jason9308/robot_ws/install/xarm_moveit_servo:/home/jason9308/robot_ws/install/xarm_moveit_config:/home/jason9308/robot_ws/install/xarm_gazebo:/home/jason9308/robot_ws/install/xarm_controller:/home/jason9308/robot_ws/install/xarm_api:/home/jason9308/robot_ws/install/xarm_sdk:/home/jason9308/robot_ws/install/move_arm:/home/jason9308/robot_ws/install/medicine_grabber:/home/jason9308/robot_ws/install/lite6_handeye:/home/jason9308/robot_ws/install/json_file_watcher:/home/jason9308/robot_ws/install/aruco_grab:/home/jason9308/robot_ws/install/xarm_msgs:/home/jason9308/robot_ws/install/xarm_description:/home/jason9308/robot_ws/install/ui_for_debug_and_demo:/home/jason9308/robot_ws/install/tracer_base:/home/jason9308/robot_ws/install/xarm_simulation:/home/jason9308/robot_ws/install/write_pose:/home/jason9308/robot_ws/install/voice_control:/home/jason9308/robot_ws/install/uf_ros_lib:/home/jason9308/robot_ws/install/tm_simulation_node:/home/jason9308/robot_ws/install/tm_mod_urdf:/home/jason9308/robot_ws/install/tm_get_status:/home/jason9308/robot_ws/install/speech_recognition_pkg:/home/jason9308/robot_ws/install/my_2f85gripper_py:/home/jason9308/robot_ws/install/hand_detection:/home/jason9308/robot_ws/install/face_recognition:/home/jason9308/robot_ws/install/chatbot:/home/jason9308/robot_ws/install/calibration_cross:/opt/ros/humble:/home/jason9308/robot_ws/install/ugv_sdk:/home/jason9308/robot_ws/install/tracer_msgs:/home/jason9308/robot_ws/install/tm_driver:/home/jason9308/robot_ws/install/demo:/home/jason9308/robot_ws/install/tm_msgs:/home/jason9308/robot_ws/install/tm_description:/home/jason9308/robot_ws/install/custom_package:/home/jason9308/robot_ws/install/techman_robot_msgs:/home/jason9308/robot_ws/install/realsense_gazebo_plugin:/home/jason9308/robot_ws/install/navigation_server:/home/jason9308/robot_ws/install/navigation_interfaces:/home/jason9308/robot_ws/install/mbot_demo:/home/jason9308/robot_ws/install/lslidar_driver:/home/jason9308/robot_ws/install/lslidar_msgs:/home/jason9308/robot_ws/install/grpr2f85_ifaces:/home/jason9308/robot_ws/install/control_node LD_LIBRARY_PATH=/home/jason9308/robot_ws/src/install/tm_msgs/lib:${LD_LIBRARY_PATH} PYTHONPATH=/home/jason9308/robot_ws/src/install/tm_msgs/local/lib/python3.10/dist-packages:${PYTHONPATH} /usr/local/cuda-11.5/bin/cmake --build /home/jason9308/robot_ws/src/build/demo -- -j20 -l20
[5.106s] [  3%] [32mBuilding CXX object CMakeFiles/demo_send_script.dir/src/demo_send_script.cpp.o[0m
[12.322s] [  7%] [32m[1mLinking CXX executable demo_send_script[0m
[12.753s] [  7%] Built target demo_send_script
[12.805s] [ 10%] [32mBuilding CXX object CMakeFiles/demo_leave_listen_node.dir/src/demo_leave_listen_node.cpp.o[0m
[18.788s] [ 14%] [32m[1mLinking CXX executable demo_leave_listen_node[0m
[19.130s] [ 14%] Built target demo_leave_listen_node
[19.179s] [ 17%] [32mBuilding CXX object CMakeFiles/demo_get_svr_response.dir/get_status_demo_src/demo_get_svr_response.cpp.o[0m
[31.918s] [ 21%] [32m[1mLinking CXX executable demo_get_svr_response[0m
[32.432s] [ 21%] Built target demo_get_svr_response
[32.464s] [ 25%] [32mBuilding CXX object CMakeFiles/demo_get_sct_response.dir/get_status_demo_src/demo_get_sct_response.cpp.o[0m
[32.466s] [ 28%] [32mBuilding CXX object CMakeFiles/demo_get_sta_response.dir/get_status_demo_src/demo_get_sta_response.cpp.o[0m
[44.005s] [ 32%] [32m[1mLinking CXX executable demo_get_sta_response[0m
[44.113s] [ 35%] [32m[1mLinking CXX executable demo_get_sct_response[0m
[44.489s] [ 35%] Built target demo_get_sta_response
[44.522s] [ 39%] [32mBuilding CXX object CMakeFiles/demo_write_item.dir/src/demo_write_item.cpp.o[0m
[44.522s] [ 46%] [32mBuilding CXX object CMakeFiles/demo_get_feedback.dir/get_status_demo_src/demo_get_feedback.cpp.o[0m
[44.522s] [ 46%] [32mBuilding CXX object CMakeFiles/demo_set_positions.dir/src/demo_set_positions.cpp.o[0m
[44.525s] [ 50%] [32mBuilding CXX object CMakeFiles/demo_get_torque_feedback.dir/get_status_demo_src/demo_get_torque_feedback.cpp.o[0m
[44.529s] [ 53%] [32mBuilding CXX object CMakeFiles/demo_ask_item.dir/src/demo_ask_item.cpp.o[0m
[44.631s] [ 53%] Built target demo_get_sct_response
[44.672s] [ 57%] [32mBuilding CXX object CMakeFiles/demo_connect_tm.dir/src/demo_connect_tm.cpp.o[0m
[44.674s] [ 60%] [32mBuilding CXX object CMakeFiles/demo_set_event.dir/src/demo_set_event.cpp.o[0m
[44.683s] [ 64%] [32mBuilding CXX object CMakeFiles/demo_set_io.dir/src/demo_set_io.cpp.o[0m
[44.687s] [ 67%] [32mBuilding CXX object CMakeFiles/demo_ask_sta.dir/src/demo_ask_sta.cpp.o[0m
[50.841s] [ 71%] [32m[1mLinking CXX executable demo_set_positions[0m
[51.201s] [ 75%] [32m[1mLinking CXX executable demo_set_event[0m
[51.213s] [ 78%] [32m[1mLinking CXX executable demo_connect_tm[0m
[51.352s] [ 82%] [32m[1mLinking CXX executable demo_write_item[0m
[51.352s] [ 82%] Built target demo_set_positions
[51.588s] [ 85%] [32m[1mLinking CXX executable demo_ask_item[0m
[51.616s] [ 85%] Built target demo_connect_tm
[51.616s] [ 85%] Built target demo_set_event
[51.775s] [ 85%] Built target demo_write_item
[51.944s] [ 85%] Built target demo_ask_item
[52.022s] [ 89%] [32m[1mLinking CXX executable demo_ask_sta[0m
[52.211s] [ 92%] [32m[1mLinking CXX executable demo_set_io[0m
[52.351s] [ 92%] Built target demo_ask_sta
[52.578s] [ 92%] Built target demo_set_io
[59.878s] [ 96%] [32m[1mLinking CXX executable demo_get_torque_feedback[0m
[60.288s] [100%] [32m[1mLinking CXX executable demo_get_feedback[0m
[60.486s] [100%] Built target demo_get_torque_feedback
[60.923s] [100%] Built target demo_get_feedback
[60.944s] Invoked command in '/home/jason9308/robot_ws/src/build/demo' returned '0': AMENT_PREFIX_PATH=/home/jason9308/robot_ws/src/install/tm_msgs:${AMENT_PREFIX_PATH} CMAKE_PREFIX_PATH=/home/jason9308/robot_ws/src/install/tm_msgs:/home/jason9308/robot_ws/install/xarm_planner:/home/jason9308/robot_ws/install/xarm_moveit_servo:/home/jason9308/robot_ws/install/xarm_moveit_config:/home/jason9308/robot_ws/install/xarm_gazebo:/home/jason9308/robot_ws/install/xarm_controller:/home/jason9308/robot_ws/install/xarm_api:/home/jason9308/robot_ws/install/xarm_sdk:/home/jason9308/robot_ws/install/move_arm:/home/jason9308/robot_ws/install/medicine_grabber:/home/jason9308/robot_ws/install/lite6_handeye:/home/jason9308/robot_ws/install/json_file_watcher:/home/jason9308/robot_ws/install/aruco_grab:/home/jason9308/robot_ws/install/xarm_msgs:/home/jason9308/robot_ws/install/xarm_description:/home/jason9308/robot_ws/install/ui_for_debug_and_demo:/home/jason9308/robot_ws/install/tracer_base:/home/jason9308/robot_ws/install/xarm_simulation:/home/jason9308/robot_ws/install/write_pose:/home/jason9308/robot_ws/install/voice_control:/home/jason9308/robot_ws/install/uf_ros_lib:/home/jason9308/robot_ws/install/tm_simulation_node:/home/jason9308/robot_ws/install/tm_mod_urdf:/home/jason9308/robot_ws/install/tm_get_status:/home/jason9308/robot_ws/install/speech_recognition_pkg:/home/jason9308/robot_ws/install/my_2f85gripper_py:/home/jason9308/robot_ws/install/hand_detection:/home/jason9308/robot_ws/install/face_recognition:/home/jason9308/robot_ws/install/chatbot:/home/jason9308/robot_ws/install/calibration_cross:/opt/ros/humble:/home/jason9308/robot_ws/install/ugv_sdk:/home/jason9308/robot_ws/install/tracer_msgs:/home/jason9308/robot_ws/install/tm_driver:/home/jason9308/robot_ws/install/demo:/home/jason9308/robot_ws/install/tm_msgs:/home/jason9308/robot_ws/install/tm_description:/home/jason9308/robot_ws/install/custom_package:/home/jason9308/robot_ws/install/techman_robot_msgs:/home/jason9308/robot_ws/install/realsense_gazebo_plugin:/home/jason9308/robot_ws/install/navigation_server:/home/jason9308/robot_ws/install/navigation_interfaces:/home/jason9308/robot_ws/install/mbot_demo:/home/jason9308/robot_ws/install/lslidar_driver:/home/jason9308/robot_ws/install/lslidar_msgs:/home/jason9308/robot_ws/install/grpr2f85_ifaces:/home/jason9308/robot_ws/install/control_node LD_LIBRARY_PATH=/home/jason9308/robot_ws/src/install/tm_msgs/lib:${LD_LIBRARY_PATH} PYTHONPATH=/home/jason9308/robot_ws/src/install/tm_msgs/local/lib/python3.10/dist-packages:${PYTHONPATH} /usr/local/cuda-11.5/bin/cmake --build /home/jason9308/robot_ws/src/build/demo -- -j20 -l20
[60.947s] Invoking command in '/home/jason9308/robot_ws/src/build/demo': AMENT_PREFIX_PATH=/home/jason9308/robot_ws/src/install/tm_msgs:${AMENT_PREFIX_PATH} CMAKE_PREFIX_PATH=/home/jason9308/robot_ws/src/install/tm_msgs:/home/jason9308/robot_ws/install/xarm_planner:/home/jason9308/robot_ws/install/xarm_moveit_servo:/home/jason9308/robot_ws/install/xarm_moveit_config:/home/jason9308/robot_ws/install/xarm_gazebo:/home/jason9308/robot_ws/install/xarm_controller:/home/jason9308/robot_ws/install/xarm_api:/home/jason9308/robot_ws/install/xarm_sdk:/home/jason9308/robot_ws/install/move_arm:/home/jason9308/robot_ws/install/medicine_grabber:/home/jason9308/robot_ws/install/lite6_handeye:/home/jason9308/robot_ws/install/json_file_watcher:/home/jason9308/robot_ws/install/aruco_grab:/home/jason9308/robot_ws/install/xarm_msgs:/home/jason9308/robot_ws/install/xarm_description:/home/jason9308/robot_ws/install/ui_for_debug_and_demo:/home/jason9308/robot_ws/install/tracer_base:/home/jason9308/robot_ws/install/xarm_simulation:/home/jason9308/robot_ws/install/write_pose:/home/jason9308/robot_ws/install/voice_control:/home/jason9308/robot_ws/install/uf_ros_lib:/home/jason9308/robot_ws/install/tm_simulation_node:/home/jason9308/robot_ws/install/tm_mod_urdf:/home/jason9308/robot_ws/install/tm_get_status:/home/jason9308/robot_ws/install/speech_recognition_pkg:/home/jason9308/robot_ws/install/my_2f85gripper_py:/home/jason9308/robot_ws/install/hand_detection:/home/jason9308/robot_ws/install/face_recognition:/home/jason9308/robot_ws/install/chatbot:/home/jason9308/robot_ws/install/calibration_cross:/opt/ros/humble:/home/jason9308/robot_ws/install/ugv_sdk:/home/jason9308/robot_ws/install/tracer_msgs:/home/jason9308/robot_ws/install/tm_driver:/home/jason9308/robot_ws/install/demo:/home/jason9308/robot_ws/install/tm_msgs:/home/jason9308/robot_ws/install/tm_description:/home/jason9308/robot_ws/install/custom_package:/home/jason9308/robot_ws/install/techman_robot_msgs:/home/jason9308/robot_ws/install/realsense_gazebo_plugin:/home/jason9308/robot_ws/install/navigation_server:/home/jason9308/robot_ws/install/navigation_interfaces:/home/jason9308/robot_ws/install/mbot_demo:/home/jason9308/robot_ws/install/lslidar_driver:/home/jason9308/robot_ws/install/lslidar_msgs:/home/jason9308/robot_ws/install/grpr2f85_ifaces:/home/jason9308/robot_ws/install/control_node LD_LIBRARY_PATH=/home/jason9308/robot_ws/src/install/tm_msgs/lib:${LD_LIBRARY_PATH} PYTHONPATH=/home/jason9308/robot_ws/src/install/tm_msgs/local/lib/python3.10/dist-packages:${PYTHONPATH} /usr/local/cuda-11.5/bin/cmake --install /home/jason9308/robot_ws/src/build/demo
[60.960s] -- Install configuration: ""
[60.960s] -- Installing: /home/jason9308/robot_ws/src/install/demo/lib/demo/demo_send_script
[60.962s] -- Set runtime path of "/home/jason9308/robot_ws/src/install/demo/lib/demo/demo_send_script" to ""
[60.962s] -- Installing: /home/jason9308/robot_ws/src/install/demo/lib/demo/demo_ask_sta
[60.962s] -- Set runtime path of "/home/jason9308/robot_ws/src/install/demo/lib/demo/demo_ask_sta" to ""
[60.962s] -- Installing: /home/jason9308/robot_ws/src/install/demo/lib/demo/demo_connect_tm
[60.963s] -- Set runtime path of "/home/jason9308/robot_ws/src/install/demo/lib/demo/demo_connect_tm" to ""
[60.963s] -- Installing: /home/jason9308/robot_ws/src/install/demo/lib/demo/demo_set_event
[60.964s] -- Set runtime path of "/home/jason9308/robot_ws/src/install/demo/lib/demo/demo_set_event" to ""
[60.964s] -- Installing: /home/jason9308/robot_ws/src/install/demo/lib/demo/demo_set_io
[60.964s] -- Set runtime path of "/home/jason9308/robot_ws/src/install/demo/lib/demo/demo_set_io" to ""
[60.965s] -- Installing: /home/jason9308/robot_ws/src/install/demo/lib/demo/demo_set_positions
[60.965s] -- Set runtime path of "/home/jason9308/robot_ws/src/install/demo/lib/demo/demo_set_positions" to ""
[60.965s] -- Installing: /home/jason9308/robot_ws/src/install/demo/lib/demo/demo_write_item
[60.966s] -- Set runtime path of "/home/jason9308/robot_ws/src/install/demo/lib/demo/demo_write_item" to ""
[60.966s] -- Installing: /home/jason9308/robot_ws/src/install/demo/lib/demo/demo_ask_item
[60.967s] -- Set runtime path of "/home/jason9308/robot_ws/src/install/demo/lib/demo/demo_ask_item" to ""
[60.967s] -- Installing: /home/jason9308/robot_ws/src/install/demo/lib/demo/demo_get_feedback
[60.971s] -- Set runtime path of "/home/jason9308/robot_ws/src/install/demo/lib/demo/demo_get_feedback" to ""
[60.971s] -- Installing: /home/jason9308/robot_ws/src/install/demo/lib/demo/demo_get_torque_feedback
[60.974s] -- Set runtime path of "/home/jason9308/robot_ws/src/install/demo/lib/demo/demo_get_torque_feedback" to ""
[60.974s] -- Installing: /home/jason9308/robot_ws/src/install/demo/lib/demo/demo_get_sct_response
[60.978s] -- Set runtime path of "/home/jason9308/robot_ws/src/install/demo/lib/demo/demo_get_sct_response" to ""
[60.978s] -- Installing: /home/jason9308/robot_ws/src/install/demo/lib/demo/demo_get_sta_response
[60.981s] -- Set runtime path of "/home/jason9308/robot_ws/src/install/demo/lib/demo/demo_get_sta_response" to ""
[60.981s] -- Installing: /home/jason9308/robot_ws/src/install/demo/lib/demo/demo_get_svr_response
[60.985s] -- Set runtime path of "/home/jason9308/robot_ws/src/install/demo/lib/demo/demo_get_svr_response" to ""
[60.985s] -- Installing: /home/jason9308/robot_ws/src/install/demo/lib/demo/demo_leave_listen_node
[60.986s] -- Set runtime path of "/home/jason9308/robot_ws/src/install/demo/lib/demo/demo_leave_listen_node" to ""
[60.986s] -- Installing: /home/jason9308/robot_ws/src/install/demo/share/ament_index/resource_index/package_run_dependencies/demo
[60.986s] -- Installing: /home/jason9308/robot_ws/src/install/demo/share/ament_index/resource_index/parent_prefix_path/demo
[60.987s] -- Installing: /home/jason9308/robot_ws/src/install/demo/share/demo/environment/ament_prefix_path.sh
[60.987s] -- Installing: /home/jason9308/robot_ws/src/install/demo/share/demo/environment/ament_prefix_path.dsv
[60.987s] -- Installing: /home/jason9308/robot_ws/src/install/demo/share/demo/environment/path.sh
[60.987s] -- Installing: /home/jason9308/robot_ws/src/install/demo/share/demo/environment/path.dsv
[60.988s] -- Installing: /home/jason9308/robot_ws/src/install/demo/share/demo/local_setup.bash
[60.988s] -- Installing: /home/jason9308/robot_ws/src/install/demo/share/demo/local_setup.sh
[60.988s] -- Installing: /home/jason9308/robot_ws/src/install/demo/share/demo/local_setup.zsh
[60.989s] -- Installing: /home/jason9308/robot_ws/src/install/demo/share/demo/local_setup.dsv
[60.989s] -- Installing: /home/jason9308/robot_ws/src/install/demo/share/demo/package.dsv
[60.989s] -- Installing: /home/jason9308/robot_ws/src/install/demo/share/ament_index/resource_index/packages/demo
[60.990s] -- Installing: /home/jason9308/robot_ws/src/install/demo/share/demo/cmake/demoConfig.cmake
[60.990s] -- Installing: /home/jason9308/robot_ws/src/install/demo/share/demo/cmake/demoConfig-version.cmake
[60.990s] -- Installing: /home/jason9308/robot_ws/src/install/demo/share/demo/package.xml
[60.994s] Invoked command in '/home/jason9308/robot_ws/src/build/demo' returned '0': AMENT_PREFIX_PATH=/home/jason9308/robot_ws/src/install/tm_msgs:${AMENT_PREFIX_PATH} CMAKE_PREFIX_PATH=/home/jason9308/robot_ws/src/install/tm_msgs:/home/jason9308/robot_ws/install/xarm_planner:/home/jason9308/robot_ws/install/xarm_moveit_servo:/home/jason9308/robot_ws/install/xarm_moveit_config:/home/jason9308/robot_ws/install/xarm_gazebo:/home/jason9308/robot_ws/install/xarm_controller:/home/jason9308/robot_ws/install/xarm_api:/home/jason9308/robot_ws/install/xarm_sdk:/home/jason9308/robot_ws/install/move_arm:/home/jason9308/robot_ws/install/medicine_grabber:/home/jason9308/robot_ws/install/lite6_handeye:/home/jason9308/robot_ws/install/json_file_watcher:/home/jason9308/robot_ws/install/aruco_grab:/home/jason9308/robot_ws/install/xarm_msgs:/home/jason9308/robot_ws/install/xarm_description:/home/jason9308/robot_ws/install/ui_for_debug_and_demo:/home/jason9308/robot_ws/install/tracer_base:/home/jason9308/robot_ws/install/xarm_simulation:/home/jason9308/robot_ws/install/write_pose:/home/jason9308/robot_ws/install/voice_control:/home/jason9308/robot_ws/install/uf_ros_lib:/home/jason9308/robot_ws/install/tm_simulation_node:/home/jason9308/robot_ws/install/tm_mod_urdf:/home/jason9308/robot_ws/install/tm_get_status:/home/jason9308/robot_ws/install/speech_recognition_pkg:/home/jason9308/robot_ws/install/my_2f85gripper_py:/home/jason9308/robot_ws/install/hand_detection:/home/jason9308/robot_ws/install/face_recognition:/home/jason9308/robot_ws/install/chatbot:/home/jason9308/robot_ws/install/calibration_cross:/opt/ros/humble:/home/jason9308/robot_ws/install/ugv_sdk:/home/jason9308/robot_ws/install/tracer_msgs:/home/jason9308/robot_ws/install/tm_driver:/home/jason9308/robot_ws/install/demo:/home/jason9308/robot_ws/install/tm_msgs:/home/jason9308/robot_ws/install/tm_description:/home/jason9308/robot_ws/install/custom_package:/home/jason9308/robot_ws/install/techman_robot_msgs:/home/jason9308/robot_ws/install/realsense_gazebo_plugin:/home/jason9308/robot_ws/install/navigation_server:/home/jason9308/robot_ws/install/navigation_interfaces:/home/jason9308/robot_ws/install/mbot_demo:/home/jason9308/robot_ws/install/lslidar_driver:/home/jason9308/robot_ws/install/lslidar_msgs:/home/jason9308/robot_ws/install/grpr2f85_ifaces:/home/jason9308/robot_ws/install/control_node LD_LIBRARY_PATH=/home/jason9308/robot_ws/src/install/tm_msgs/lib:${LD_LIBRARY_PATH} PYTHONPATH=/home/jason9308/robot_ws/src/install/tm_msgs/local/lib/python3.10/dist-packages:${PYTHONPATH} /usr/local/cuda-11.5/bin/cmake --install /home/jason9308/robot_ws/src/build/demo
