-- The C compiler identification is GNU 11.4.0
-- The CXX compiler identification is GNU 11.4.0
-- Detecting C compiler ABI info
-- Detecting C compiler ABI info - done
-- Check for working C compiler: /usr/local/cuda-11.5/bin/cc - skipped
-- Detecting C compile features
-- Detecting C compile features - done
-- Detecting CXX compiler ABI info
-- Detecting CXX compiler ABI info - done
-- Check for working CXX compiler: /usr/local/cuda-11.5/bin/c++ - skipped
-- Detecting CXX compile features
-- Detecting CXX compile features - done
-- Found ament_cmake: 1.3.11 (/opt/ros/humble/share/ament_cmake/cmake)
-- Found Python3: /usr/local/cuda-11.5/bin/python3 (found version "3.10.12") found components: Interpreter 
-- Found rclcpp: 16.0.11 (/opt/ros/humble/share/rclcpp/cmake)
-- Found rosidl_generator_c: 3.1.6 (/opt/ros/humble/share/rosidl_generator_c/cmake)
-- Found rosidl_adapter: 3.1.6 (/opt/ros/humble/share/rosidl_adapter/cmake)
-- Found rosidl_generator_cpp: 3.1.6 (/opt/ros/humble/share/rosidl_generator_cpp/cmake)
-- Using all available rosidl_typesupport_c: rosidl_typesupport_fastrtps_c;rosidl_typesupport_introspection_c
-- Using all available rosidl_typesupport_cpp: rosidl_typesupport_fastrtps_cpp;rosidl_typesupport_introspection_cpp
-- Found rmw_implementation_cmake: 6.1.2 (/opt/ros/humble/share/rmw_implementation_cmake/cmake)
-- Found rmw_fastrtps_cpp: 6.2.7 (/opt/ros/humble/share/rmw_fastrtps_cpp/cmake)
-- Found OpenSSL: /usr/lib/x86_64-linux-gnu/libcrypto.so (found version "3.0.2")  
-- Found FastRTPS: /opt/ros/humble/include  
-- Using RMW implementation 'rmw_fastrtps_cpp' as default
-- Looking for pthread.h
-- Looking for pthread.h - found
-- Performing Test CMAKE_HAVE_LIBC_PTHREAD
-- Performing Test CMAKE_HAVE_LIBC_PTHREAD - Success
-- Found Threads: TRUE  
-- Found rclcpp_action: 16.0.11 (/opt/ros/humble/share/rclcpp_action/cmake)
-- Found nav2_msgs: 1.1.18 (/opt/ros/humble/share/nav2_msgs/cmake)
-- Found navigation_interfaces: 0.0.1 (/home/jason9308/robot_ws/src/install/navigation_interfaces/share/navigation_interfaces/cmake)
-- Configuring done
-- Generating done
-- Build files have been written to: /home/jason9308/robot_ws/src/build/navigation_server
[ 12%] [32mBuilding CXX object CMakeFiles/navigate_node.dir/src/navigate.cpp.o[0m
[ 25%] [32mBuilding CXX object CMakeFiles/navigate_test_node.dir/src/navigate_test.cpp.o[0m
[ 37%] [32mBuilding CXX object CMakeFiles/navigate_to_pose_service.dir/src/navigate_to_pose_service.cpp.o[0m
[ 50%] [32mBuilding CXX object CMakeFiles/navigate_to_pose_client.dir/src/navigate_to_pose_client.cpp.o[0m
[ 62%] [32m[1mLinking CXX executable navigate_test_node[0m
[ 75%] [32m[1mLinking CXX executable navigate_node[0m
[ 75%] Built target navigate_node
[ 75%] Built target navigate_test_node
[ 87%] [32m[1mLinking CXX executable navigate_to_pose_service[0m
[ 87%] Built target navigate_to_pose_service
[100%] [32m[1mLinking CXX executable navigate_to_pose_client[0m
[100%] Built target navigate_to_pose_client
-- Install configuration: ""
-- Installing: /home/jason9308/robot_ws/src/install/navigation_server/lib/navigation_server/navigate_to_pose_service
-- Set runtime path of "/home/jason9308/robot_ws/src/install/navigation_server/lib/navigation_server/navigate_to_pose_service" to ""
-- Installing: /home/jason9308/robot_ws/src/install/navigation_server/lib/navigation_server/navigate_to_pose_client
-- Set runtime path of "/home/jason9308/robot_ws/src/install/navigation_server/lib/navigation_server/navigate_to_pose_client" to ""
-- Installing: /home/jason9308/robot_ws/src/install/navigation_server/lib/navigation_server/navigate_node
-- Set runtime path of "/home/jason9308/robot_ws/src/install/navigation_server/lib/navigation_server/navigate_node" to ""
-- Installing: /home/jason9308/robot_ws/src/install/navigation_server/lib/navigation_server/navigate_test_node
-- Set runtime path of "/home/jason9308/robot_ws/src/install/navigation_server/lib/navigation_server/navigate_test_node" to ""
-- Installing: /home/jason9308/robot_ws/src/install/navigation_server/share/ament_index/resource_index/package_run_dependencies/navigation_server
-- Installing: /home/jason9308/robot_ws/src/install/navigation_server/share/ament_index/resource_index/parent_prefix_path/navigation_server
-- Installing: /home/jason9308/robot_ws/src/install/navigation_server/share/navigation_server/environment/ament_prefix_path.sh
-- Installing: /home/jason9308/robot_ws/src/install/navigation_server/share/navigation_server/environment/ament_prefix_path.dsv
-- Installing: /home/jason9308/robot_ws/src/install/navigation_server/share/navigation_server/environment/path.sh
-- Installing: /home/jason9308/robot_ws/src/install/navigation_server/share/navigation_server/environment/path.dsv
-- Installing: /home/jason9308/robot_ws/src/install/navigation_server/share/navigation_server/local_setup.bash
-- Installing: /home/jason9308/robot_ws/src/install/navigation_server/share/navigation_server/local_setup.sh
-- Installing: /home/jason9308/robot_ws/src/install/navigation_server/share/navigation_server/local_setup.zsh
-- Installing: /home/jason9308/robot_ws/src/install/navigation_server/share/navigation_server/local_setup.dsv
-- Installing: /home/jason9308/robot_ws/src/install/navigation_server/share/navigation_server/package.dsv
-- Installing: /home/jason9308/robot_ws/src/install/navigation_server/share/ament_index/resource_index/packages/navigation_server
-- Installing: /home/jason9308/robot_ws/src/install/navigation_server/share/navigation_server/cmake/ament_cmake_export_dependencies-extras.cmake
-- Installing: /home/jason9308/robot_ws/src/install/navigation_server/share/navigation_server/cmake/navigation_serverConfig.cmake
-- Installing: /home/jason9308/robot_ws/src/install/navigation_server/share/navigation_server/cmake/navigation_serverConfig-version.cmake
-- Installing: /home/jason9308/robot_ws/src/install/navigation_server/share/navigation_server/package.xml
