[0.347s] Invoking command in '/home/jason9308/robot_ws/src/build/ugv_sdk': /usr/local/cuda-11.5/bin/cmake /home/jason9308/robot_ws/src/ugv_sdk -DCATKIN_INSTALL_INTO_PREFIX_ROOT=0 -DCMAKE_INSTALL_PREFIX=/home/jason9308/robot_ws/src/install/ugv_sdk
[2.684s] -- The C compiler identification is GNU 11.4.0
[2.686s] -- The CXX compiler identification is GNU 11.4.0
[2.694s] -- Detecting C compiler ABI info
[2.694s] -- Detecting C compiler ABI info - done
[2.694s] -- Check for working C compiler: /usr/local/cuda-11.5/bin/cc - skipped
[2.696s] -- Detecting C compile features
[2.696s] -- Detecting C compile features - done
[2.697s] -- Detecting CXX compiler ABI info
[2.697s] -- Detecting CXX compiler ABI info - done
[2.697s] -- Check for working CXX compiler: /usr/local/cuda-11.5/bin/c++ - skipped
[2.697s] -- Detecting CXX compile features
[2.698s] -- Detecting CXX compile features - done
[2.698s] -- Build package with cmake
[2.698s] -- Setting build type to 'Release' as none was specified.
[2.698s] -- Tests will not be built
[2.698s] -- Looking for pthread.h
[2.698s] -- Looking for pthread.h - found
[2.698s] -- Performing Test CMAKE_HAVE_LIBC_PTHREAD
[2.698s] -- Performing Test CMAKE_HAVE_LIBC_PTHREAD - Success
[2.702s] -- Found Threads: TRUE  
[2.703s] -- Project will be installed to /home/jason9308/robot_ws/src/install/ugv_sdk with 'make install'
[2.703s] --  - To install LIB components to /home/jason9308/robot_ws/src/install/ugv_sdk/lib
[2.703s] --  - To install BIN components to /home/jason9308/robot_ws/src/install/ugv_sdk/bin
[2.703s] --  - To install INCLUDE components to /home/jason9308/robot_ws/src/install/ugv_sdk/include
[2.703s] --  - To install CMAKE components to /home/jason9308/robot_ws/src/install/ugv_sdk/share/cmake/ugv_sdk
[2.703s] -- Configuring done
[2.703s] -- Generating done
[2.712s] -- Build files have been written to: /home/jason9308/robot_ws/src/build/ugv_sdk
[2.712s] [33mCMake Warning:
[2.712s]   Manually-specified variables were not used by the project:
[2.712s] 
[2.713s]     CATKIN_INSTALL_INTO_PREFIX_ROOT
[2.713s] 
[2.713s] [0m
[2.736s] Invoked command in '/home/jason9308/robot_ws/src/build/ugv_sdk' returned '0': /usr/local/cuda-11.5/bin/cmake /home/jason9308/robot_ws/src/ugv_sdk -DCATKIN_INSTALL_INTO_PREFIX_ROOT=0 -DCMAKE_INSTALL_PREFIX=/home/jason9308/robot_ws/src/install/ugv_sdk
[2.747s] Invoking command in '/home/jason9308/robot_ws/src/build/ugv_sdk': /usr/local/cuda-11.5/bin/cmake --build /home/jason9308/robot_ws/src/build/ugv_sdk -- -j20 -l20
[2.774s] [  7%] [32mBuilding CXX object CMakeFiles/ugv_sdk.dir/src/async_port/async_serial.cpp.o[0m
[2.775s] [  7%] [32mBuilding CXX object CMakeFiles/ugv_sdk.dir/src/utilities/protocol_detector.cpp.o[0m
[2.775s] [ 10%] [32mBuilding CXX object CMakeFiles/ugv_sdk.dir/src/async_port/async_can.cpp.o[0m
[2.775s] [ 14%] [32mBuilding CXX object CMakeFiles/ugv_sdk.dir/src/mobile_robot/scout_robot.cpp.o[0m
[2.775s] [ 17%] [32mBuilding CXX object CMakeFiles/ugv_sdk.dir/src/mobile_robot/titan_robot.cpp.o[0m
[2.775s] [ 21%] [32mBuilding CXX object CMakeFiles/ugv_sdk.dir/src/mobile_robot/bunker_robot.cpp.o[0m
[2.775s] [ 25%] [32mBuilding C object CMakeFiles/ugv_sdk.dir/src/protocol_v2/agilex_msg_parser_v2.c.o[0m
[2.775s] [ 28%] [32mBuilding CXX object CMakeFiles/ugv_sdk.dir/src/mobile_robot/ranger_robot.cpp.o[0m
[2.776s] [ 32%] [32mBuilding CXX object CMakeFiles/ugv_sdk.dir/src/mobile_robot/hunter_robot.cpp.o[0m
[2.776s] [ 35%] [32mBuilding CXX object CMakeFiles/ugv_sdk.dir/src/protocol_v2/protocol_v2_parser.cpp.o[0m
[2.795s] [ 39%] [32mBuilding C object CMakeFiles/ugv_sdk.dir/src/protocol_v1/agilex_msg_parser_v1.c.o[0m
[19.855s] [ 42%] [32m[1mLinking CXX static library lib/libugv_sdk.a[0m
[19.994s] [ 42%] Built target ugv_sdk
[20.071s] [ 46%] [32mBuilding CXX object sample/tracer_demo/CMakeFiles/demo_tracer_robot.dir/tracer_robot_demo.cpp.o[0m
[20.077s] [ 50%] [32mBuilding CXX object sample/bunker_demo/CMakeFiles/demo_bunker_robot.dir/bunker_robot_demo.cpp.o[0m
[20.084s] [ 53%] [32mBuilding CXX object sample/hunter_demo/CMakeFiles/demo_hunter_robot.dir/hunter_robot_demo.cpp.o[0m
[20.091s] [ 57%] [32mBuilding CXX object sample/utils_demo/CMakeFiles/demo_protocol_detector.dir/demo_protocol_detector.cpp.o[0m
[20.091s] [ 60%] [32mBuilding CXX object sample/scout_demo/CMakeFiles/demo_scout_robot.dir/scout_robot_demo.cpp.o[0m
[20.091s] [ 64%] [32mBuilding CXX object sample/utils_demo/CMakeFiles/demo_robot_version.dir/demo_robot_version.cpp.o[0m
[20.095s] [ 67%] [32mBuilding CXX object sample/scout_demo/CMakeFiles/demo_scout_mini_omni_robot.dir/scout_mini_omni_demo.cpp.o[0m
[20.111s] [ 71%] [32mBuilding CXX object sample/ranger_demo/CMakeFiles/demo_ranger_robot.dir/ranger_robot_demo.cpp.o[0m
[23.225s] [ 75%] [32m[1mLinking CXX executable ../../bin/demo_bunker_robot[0m
[23.781s] [ 75%] Built target demo_bunker_robot
[24.424s] [ 78%] [32m[1mLinking CXX executable ../../bin/demo_scout_mini_omni_robot[0m
[24.659s] [ 78%] Built target demo_scout_mini_omni_robot
[25.401s] [ 82%] [32m[1mLinking CXX executable ../../bin/demo_robot_version[0m
[25.614s] [ 82%] Built target demo_robot_version
[25.837s] [ 85%] [32m[1mLinking CXX executable ../../bin/demo_tracer_robot[0m
[26.053s] [ 85%] Built target demo_tracer_robot
[26.239s] [ 89%] [32m[1mLinking CXX executable ../../bin/demo_protocol_detector[0m
[26.428s] [ 92%] [32m[1mLinking CXX executable ../../bin/demo_ranger_robot[0m
[26.439s] [ 92%] Built target demo_protocol_detector
[26.603s] [ 92%] Built target demo_ranger_robot
[26.737s] [ 96%] [32m[1mLinking CXX executable ../../bin/demo_scout_robot[0m
[26.765s] [100%] [32m[1mLinking CXX executable ../../bin/demo_hunter_robot[0m
[26.930s] [100%] Built target demo_scout_robot
[26.949s] [100%] Built target demo_hunter_robot
[26.989s] Invoked command in '/home/jason9308/robot_ws/src/build/ugv_sdk' returned '0': /usr/local/cuda-11.5/bin/cmake --build /home/jason9308/robot_ws/src/build/ugv_sdk -- -j20 -l20
[26.990s] Invoking command in '/home/jason9308/robot_ws/src/build/ugv_sdk': /usr/local/cuda-11.5/bin/cmake --install /home/jason9308/robot_ws/src/build/ugv_sdk
[27.003s] -- Install configuration: "Release"
[27.004s] -- Installing: /home/jason9308/robot_ws/src/install/ugv_sdk/lib/libugv_sdk.a
[27.004s] -- Installing: /home/jason9308/robot_ws/src/install/ugv_sdk/include/ugv_sdk
[27.004s] -- Installing: /home/jason9308/robot_ws/src/install/ugv_sdk/include/ugv_sdk/mobile_robot
[27.004s] -- Installing: /home/jason9308/robot_ws/src/install/ugv_sdk/include/ugv_sdk/mobile_robot/scout_robot.hpp
[27.004s] -- Installing: /home/jason9308/robot_ws/src/install/ugv_sdk/include/ugv_sdk/mobile_robot/titan_robot.hpp
[27.005s] -- Installing: /home/jason9308/robot_ws/src/install/ugv_sdk/include/ugv_sdk/mobile_robot/bunker_robot.hpp
[27.005s] -- Installing: /home/jason9308/robot_ws/src/install/ugv_sdk/include/ugv_sdk/mobile_robot/tracer_robot.hpp
[27.005s] -- Installing: /home/jason9308/robot_ws/src/install/ugv_sdk/include/ugv_sdk/mobile_robot/ranger_robot.hpp
[27.005s] -- Installing: /home/jason9308/robot_ws/src/install/ugv_sdk/include/ugv_sdk/mobile_robot/hunter_robot.hpp
[27.005s] -- Installing: /home/jason9308/robot_ws/src/install/ugv_sdk/include/ugv_sdk/details
[27.005s] -- Installing: /home/jason9308/robot_ws/src/install/ugv_sdk/include/ugv_sdk/details/parser_base.hpp
[27.006s] -- Installing: /home/jason9308/robot_ws/src/install/ugv_sdk/include/ugv_sdk/details/interface
[27.006s] -- Installing: /home/jason9308/robot_ws/src/install/ugv_sdk/include/ugv_sdk/details/interface/agilex_types.h
[27.006s] -- Installing: /home/jason9308/robot_ws/src/install/ugv_sdk/include/ugv_sdk/details/interface/hunter_interface.hpp
[27.006s] -- Installing: /home/jason9308/robot_ws/src/install/ugv_sdk/include/ugv_sdk/details/interface/titan_interface.hpp
[27.006s] -- Installing: /home/jason9308/robot_ws/src/install/ugv_sdk/include/ugv_sdk/details/interface/robot_common_interface.hpp
[27.007s] -- Installing: /home/jason9308/robot_ws/src/install/ugv_sdk/include/ugv_sdk/details/interface/bunker_interface.hpp
[27.007s] -- Installing: /home/jason9308/robot_ws/src/install/ugv_sdk/include/ugv_sdk/details/interface/agilex_message.h
[27.007s] -- Installing: /home/jason9308/robot_ws/src/install/ugv_sdk/include/ugv_sdk/details/interface/ranger_interface.hpp
[27.008s] -- Installing: /home/jason9308/robot_ws/src/install/ugv_sdk/include/ugv_sdk/details/interface/scout_interface.hpp
[27.008s] -- Installing: /home/jason9308/robot_ws/src/install/ugv_sdk/include/ugv_sdk/details/interface/tracer_interface.hpp
[27.008s] -- Installing: /home/jason9308/robot_ws/src/install/ugv_sdk/include/ugv_sdk/details/async_port
[27.008s] -- Installing: /home/jason9308/robot_ws/src/install/ugv_sdk/include/ugv_sdk/details/async_port/ring_buffer.hpp
[27.009s] -- Installing: /home/jason9308/robot_ws/src/install/ugv_sdk/include/ugv_sdk/details/async_port/async_serial.hpp
[27.009s] -- Installing: /home/jason9308/robot_ws/src/install/ugv_sdk/include/ugv_sdk/details/async_port/async_can.hpp
[27.010s] -- Installing: /home/jason9308/robot_ws/src/install/ugv_sdk/include/ugv_sdk/details/protocol_v2
[27.010s] -- Installing: /home/jason9308/robot_ws/src/install/ugv_sdk/include/ugv_sdk/details/protocol_v2/protocol_v2_parser.hpp
[27.010s] -- Installing: /home/jason9308/robot_ws/src/install/ugv_sdk/include/ugv_sdk/details/robot_base
[27.010s] -- Installing: /home/jason9308/robot_ws/src/install/ugv_sdk/include/ugv_sdk/details/robot_base/hunter_base.hpp
[27.011s] -- Installing: /home/jason9308/robot_ws/src/install/ugv_sdk/include/ugv_sdk/details/robot_base/ranger_base.hpp
[27.011s] -- Installing: /home/jason9308/robot_ws/src/install/ugv_sdk/include/ugv_sdk/details/robot_base/bunker_base.hpp
[27.011s] -- Installing: /home/jason9308/robot_ws/src/install/ugv_sdk/include/ugv_sdk/details/robot_base/agilex_base.hpp
[27.013s] -- Installing: /home/jason9308/robot_ws/src/install/ugv_sdk/include/ugv_sdk/details/robot_base/titan_base.hpp
[27.013s] -- Installing: /home/jason9308/robot_ws/src/install/ugv_sdk/include/ugv_sdk/details/robot_base/tracer_base.hpp
[27.013s] -- Installing: /home/jason9308/robot_ws/src/install/ugv_sdk/include/ugv_sdk/details/robot_base/scout_base.hpp
[27.013s] -- Installing: /home/jason9308/robot_ws/src/install/ugv_sdk/include/ugv_sdk/details/protocol_v1
[27.013s] -- Installing: /home/jason9308/robot_ws/src/install/ugv_sdk/include/ugv_sdk/details/protocol_v1/robot_limits.hpp
[27.013s] -- Installing: /home/jason9308/robot_ws/src/install/ugv_sdk/include/ugv_sdk/details/protocol_v1/protocol_v1_parser.hpp
[27.013s] -- Installing: /home/jason9308/robot_ws/src/install/ugv_sdk/include/ugv_sdk/details/protocol_v1/agilex_msg_parser_v1.h
[27.013s] -- Installing: /home/jason9308/robot_ws/src/install/ugv_sdk/include/ugv_sdk/utilities
[27.013s] -- Installing: /home/jason9308/robot_ws/src/install/ugv_sdk/include/ugv_sdk/utilities/protocol_detector.hpp
[27.013s] -- Installing: /home/jason9308/robot_ws/src/install/ugv_sdk/lib/cmake/ugv_sdk/ugv_sdkTargets.cmake
[27.014s] -- Installing: /home/jason9308/robot_ws/src/install/ugv_sdk/lib/cmake/ugv_sdk/ugv_sdkTargets-release.cmake
[27.014s] -- Installing: /home/jason9308/robot_ws/src/install/ugv_sdk/lib/cmake/ugv_sdk/ugv_sdkConfig.cmake
[27.014s] -- Installing: /home/jason9308/robot_ws/src/install/ugv_sdk/lib/cmake/ugv_sdk/ugv_sdkConfigVersion.cmake
[27.027s] Invoked command in '/home/jason9308/robot_ws/src/build/ugv_sdk' returned '0': /usr/local/cuda-11.5/bin/cmake --install /home/jason9308/robot_ws/src/build/ugv_sdk
