[0.101s] Invoking command in '/home/jason9308/robot_ws/src/build/custom_package': AMENT_PREFIX_PATH=/home/jason9308/robot_ws/src/install/techman_robot_msgs:${AMENT_PREFIX_PATH} CMAKE_PREFIX_PATH=/home/jason9308/robot_ws/src/install/techman_robot_msgs:/home/jason9308/robot_ws/install/xarm_planner:/home/jason9308/robot_ws/install/xarm_moveit_servo:/home/jason9308/robot_ws/install/xarm_moveit_config:/home/jason9308/robot_ws/install/xarm_gazebo:/home/jason9308/robot_ws/install/xarm_controller:/home/jason9308/robot_ws/install/xarm_api:/home/jason9308/robot_ws/install/xarm_sdk:/home/jason9308/robot_ws/install/move_arm:/home/jason9308/robot_ws/install/medicine_grabber:/home/jason9308/robot_ws/install/lite6_handeye:/home/jason9308/robot_ws/install/json_file_watcher:/home/jason9308/robot_ws/install/aruco_grab:/home/jason9308/robot_ws/install/xarm_msgs:/home/jason9308/robot_ws/install/xarm_description:/home/jason9308/robot_ws/install/ui_for_debug_and_demo:/home/jason9308/robot_ws/install/tracer_base:/home/jason9308/robot_ws/install/xarm_simulation:/home/jason9308/robot_ws/install/write_pose:/home/jason9308/robot_ws/install/voice_control:/home/jason9308/robot_ws/install/uf_ros_lib:/home/jason9308/robot_ws/install/tm_simulation_node:/home/jason9308/robot_ws/install/tm_mod_urdf:/home/jason9308/robot_ws/install/tm_get_status:/home/jason9308/robot_ws/install/speech_recognition_pkg:/home/jason9308/robot_ws/install/my_2f85gripper_py:/home/jason9308/robot_ws/install/hand_detection:/home/jason9308/robot_ws/install/face_recognition:/home/jason9308/robot_ws/install/chatbot:/home/jason9308/robot_ws/install/calibration_cross:/opt/ros/humble:/home/jason9308/robot_ws/install/ugv_sdk:/home/jason9308/robot_ws/install/tracer_msgs:/home/jason9308/robot_ws/install/tm_driver:/home/jason9308/robot_ws/install/demo:/home/jason9308/robot_ws/install/tm_msgs:/home/jason9308/robot_ws/install/tm_description:/home/jason9308/robot_ws/install/custom_package:/home/jason9308/robot_ws/install/techman_robot_msgs:/home/jason9308/robot_ws/install/realsense_gazebo_plugin:/home/jason9308/robot_ws/install/navigation_server:/home/jason9308/robot_ws/install/navigation_interfaces:/home/jason9308/robot_ws/install/mbot_demo:/home/jason9308/robot_ws/install/lslidar_driver:/home/jason9308/robot_ws/install/lslidar_msgs:/home/jason9308/robot_ws/install/grpr2f85_ifaces:/home/jason9308/robot_ws/install/control_node LD_LIBRARY_PATH=/home/jason9308/robot_ws/src/install/techman_robot_msgs/lib:${LD_LIBRARY_PATH} PYTHONPATH=/home/jason9308/robot_ws/src/install/techman_robot_msgs/local/lib/python3.10/dist-packages:${PYTHONPATH} /usr/local/cuda-11.5/bin/cmake /home/jason9308/robot_ws/src/tmr_ros2/custom_package -DCMAKE_INSTALL_PREFIX=/home/jason9308/robot_ws/src/install/custom_package
[0.286s] -- The C compiler identification is GNU 11.4.0
[0.485s] -- The CXX compiler identification is GNU 11.4.0
[0.515s] -- Detecting C compiler ABI info
[0.741s] -- Detecting C compiler ABI info - done
[0.766s] -- Check for working C compiler: /usr/local/cuda-11.5/bin/cc - skipped
[0.775s] -- Detecting C compile features
[0.776s] -- Detecting C compile features - done
[0.782s] -- Detecting CXX compiler ABI info
[1.019s] -- Detecting CXX compiler ABI info - done
[1.050s] -- Check for working CXX compiler: /usr/local/cuda-11.5/bin/c++ - skipped
[1.051s] -- Detecting CXX compile features
[1.051s] -- Detecting CXX compile features - done
[1.068s] -- Found ament_cmake: 1.3.11 (/opt/ros/humble/share/ament_cmake/cmake)
[1.758s] -- Found Python3: /usr/local/cuda-11.5/bin/python3 (found version "3.10.12") found components: Interpreter 
[2.145s] -- Found rclcpp: 16.0.11 (/opt/ros/humble/share/rclcpp/cmake)
[2.292s] -- Found rosidl_generator_c: 3.1.6 (/opt/ros/humble/share/rosidl_generator_c/cmake)
[2.307s] -- Found rosidl_adapter: 3.1.6 (/opt/ros/humble/share/rosidl_adapter/cmake)
[2.341s] -- Found rosidl_generator_cpp: 3.1.6 (/opt/ros/humble/share/rosidl_generator_cpp/cmake)
[2.428s] -- Using all available rosidl_typesupport_c: rosidl_typesupport_fastrtps_c;rosidl_typesupport_introspection_c
[2.520s] -- Using all available rosidl_typesupport_cpp: rosidl_typesupport_fastrtps_cpp;rosidl_typesupport_introspection_cpp
[2.831s] -- Found rmw_implementation_cmake: 6.1.2 (/opt/ros/humble/share/rmw_implementation_cmake/cmake)
[2.872s] -- Found rmw_fastrtps_cpp: 6.2.7 (/opt/ros/humble/share/rmw_fastrtps_cpp/cmake)
[3.731s] -- Found OpenSSL: /usr/lib/x86_64-linux-gnu/libcrypto.so (found version "3.0.2")  
[3.961s] -- Found FastRTPS: /opt/ros/humble/include  
[4.643s] -- Using RMW implementation 'rmw_fastrtps_cpp' as default
[4.974s] -- Looking for pthread.h
[5.601s] -- Looking for pthread.h - found
[5.601s] -- Performing Test CMAKE_HAVE_LIBC_PTHREAD
[5.992s] -- Performing Test CMAKE_HAVE_LIBC_PTHREAD - Success
[6.002s] -- Found Threads: TRUE  
[6.473s] -- Found rclcpp_components: 16.0.11 (/opt/ros/humble/share/rclcpp_components/cmake)
[7.065s] -- Found sensor_msgs: 4.2.4 (/opt/ros/humble/share/sensor_msgs/cmake)
[7.638s] -- Found OpenCV: /usr (found version "4.5.4") 
[7.642s] -- Found techman_robot_msgs: 1.0.0 (/home/jason9308/robot_ws/src/install/techman_robot_msgs/share/techman_robot_msgs/cmake)
[7.772s] -- Found ament_lint_auto: 0.12.11 (/opt/ros/humble/share/ament_lint_auto/cmake)
[8.213s] -- Added test 'copyright' to check source files copyright and LICENSE
[8.216s] -- Added test 'cppcheck' to perform static code analysis on C / C++ code
[8.216s] -- Configured cppcheck include dirs: 
[8.217s] -- Configured cppcheck exclude dirs and/or files: 
[8.221s] -- Added test 'cpplint' to check C / C++ code against the Google style
[8.221s] -- Configured cpplint exclude dirs and/or files: 
[8.222s] -- Added test 'lint_cmake' to check CMake code style
[8.225s] -- Added test 'uncrustify' to check C / C++ code style
[8.225s] -- Configured uncrustify additional arguments: 
[8.230s] -- Added test 'xmllint' to check XML markup files
[8.231s] -- Configuring done
[8.262s] -- Generating done
[8.273s] -- Build files have been written to: /home/jason9308/robot_ws/src/build/custom_package
[8.327s] Invoked command in '/home/jason9308/robot_ws/src/build/custom_package' returned '0': AMENT_PREFIX_PATH=/home/jason9308/robot_ws/src/install/techman_robot_msgs:${AMENT_PREFIX_PATH} CMAKE_PREFIX_PATH=/home/jason9308/robot_ws/src/install/techman_robot_msgs:/home/jason9308/robot_ws/install/xarm_planner:/home/jason9308/robot_ws/install/xarm_moveit_servo:/home/jason9308/robot_ws/install/xarm_moveit_config:/home/jason9308/robot_ws/install/xarm_gazebo:/home/jason9308/robot_ws/install/xarm_controller:/home/jason9308/robot_ws/install/xarm_api:/home/jason9308/robot_ws/install/xarm_sdk:/home/jason9308/robot_ws/install/move_arm:/home/jason9308/robot_ws/install/medicine_grabber:/home/jason9308/robot_ws/install/lite6_handeye:/home/jason9308/robot_ws/install/json_file_watcher:/home/jason9308/robot_ws/install/aruco_grab:/home/jason9308/robot_ws/install/xarm_msgs:/home/jason9308/robot_ws/install/xarm_description:/home/jason9308/robot_ws/install/ui_for_debug_and_demo:/home/jason9308/robot_ws/install/tracer_base:/home/jason9308/robot_ws/install/xarm_simulation:/home/jason9308/robot_ws/install/write_pose:/home/jason9308/robot_ws/install/voice_control:/home/jason9308/robot_ws/install/uf_ros_lib:/home/jason9308/robot_ws/install/tm_simulation_node:/home/jason9308/robot_ws/install/tm_mod_urdf:/home/jason9308/robot_ws/install/tm_get_status:/home/jason9308/robot_ws/install/speech_recognition_pkg:/home/jason9308/robot_ws/install/my_2f85gripper_py:/home/jason9308/robot_ws/install/hand_detection:/home/jason9308/robot_ws/install/face_recognition:/home/jason9308/robot_ws/install/chatbot:/home/jason9308/robot_ws/install/calibration_cross:/opt/ros/humble:/home/jason9308/robot_ws/install/ugv_sdk:/home/jason9308/robot_ws/install/tracer_msgs:/home/jason9308/robot_ws/install/tm_driver:/home/jason9308/robot_ws/install/demo:/home/jason9308/robot_ws/install/tm_msgs:/home/jason9308/robot_ws/install/tm_description:/home/jason9308/robot_ws/install/custom_package:/home/jason9308/robot_ws/install/techman_robot_msgs:/home/jason9308/robot_ws/install/realsense_gazebo_plugin:/home/jason9308/robot_ws/install/navigation_server:/home/jason9308/robot_ws/install/navigation_interfaces:/home/jason9308/robot_ws/install/mbot_demo:/home/jason9308/robot_ws/install/lslidar_driver:/home/jason9308/robot_ws/install/lslidar_msgs:/home/jason9308/robot_ws/install/grpr2f85_ifaces:/home/jason9308/robot_ws/install/control_node LD_LIBRARY_PATH=/home/jason9308/robot_ws/src/install/techman_robot_msgs/lib:${LD_LIBRARY_PATH} PYTHONPATH=/home/jason9308/robot_ws/src/install/techman_robot_msgs/local/lib/python3.10/dist-packages:${PYTHONPATH} /usr/local/cuda-11.5/bin/cmake /home/jason9308/robot_ws/src/tmr_ros2/custom_package -DCMAKE_INSTALL_PREFIX=/home/jason9308/robot_ws/src/install/custom_package
[8.328s] Invoking command in '/home/jason9308/robot_ws/src/build/custom_package': AMENT_PREFIX_PATH=/home/jason9308/robot_ws/src/install/techman_robot_msgs:${AMENT_PREFIX_PATH} CMAKE_PREFIX_PATH=/home/jason9308/robot_ws/src/install/techman_robot_msgs:/home/jason9308/robot_ws/install/xarm_planner:/home/jason9308/robot_ws/install/xarm_moveit_servo:/home/jason9308/robot_ws/install/xarm_moveit_config:/home/jason9308/robot_ws/install/xarm_gazebo:/home/jason9308/robot_ws/install/xarm_controller:/home/jason9308/robot_ws/install/xarm_api:/home/jason9308/robot_ws/install/xarm_sdk:/home/jason9308/robot_ws/install/move_arm:/home/jason9308/robot_ws/install/medicine_grabber:/home/jason9308/robot_ws/install/lite6_handeye:/home/jason9308/robot_ws/install/json_file_watcher:/home/jason9308/robot_ws/install/aruco_grab:/home/jason9308/robot_ws/install/xarm_msgs:/home/jason9308/robot_ws/install/xarm_description:/home/jason9308/robot_ws/install/ui_for_debug_and_demo:/home/jason9308/robot_ws/install/tracer_base:/home/jason9308/robot_ws/install/xarm_simulation:/home/jason9308/robot_ws/install/write_pose:/home/jason9308/robot_ws/install/voice_control:/home/jason9308/robot_ws/install/uf_ros_lib:/home/jason9308/robot_ws/install/tm_simulation_node:/home/jason9308/robot_ws/install/tm_mod_urdf:/home/jason9308/robot_ws/install/tm_get_status:/home/jason9308/robot_ws/install/speech_recognition_pkg:/home/jason9308/robot_ws/install/my_2f85gripper_py:/home/jason9308/robot_ws/install/hand_detection:/home/jason9308/robot_ws/install/face_recognition:/home/jason9308/robot_ws/install/chatbot:/home/jason9308/robot_ws/install/calibration_cross:/opt/ros/humble:/home/jason9308/robot_ws/install/ugv_sdk:/home/jason9308/robot_ws/install/tracer_msgs:/home/jason9308/robot_ws/install/tm_driver:/home/jason9308/robot_ws/install/demo:/home/jason9308/robot_ws/install/tm_msgs:/home/jason9308/robot_ws/install/tm_description:/home/jason9308/robot_ws/install/custom_package:/home/jason9308/robot_ws/install/techman_robot_msgs:/home/jason9308/robot_ws/install/realsense_gazebo_plugin:/home/jason9308/robot_ws/install/navigation_server:/home/jason9308/robot_ws/install/navigation_interfaces:/home/jason9308/robot_ws/install/mbot_demo:/home/jason9308/robot_ws/install/lslidar_driver:/home/jason9308/robot_ws/install/lslidar_msgs:/home/jason9308/robot_ws/install/grpr2f85_ifaces:/home/jason9308/robot_ws/install/control_node LD_LIBRARY_PATH=/home/jason9308/robot_ws/src/install/techman_robot_msgs/lib:${LD_LIBRARY_PATH} PYTHONPATH=/home/jason9308/robot_ws/src/install/techman_robot_msgs/local/lib/python3.10/dist-packages:${PYTHONPATH} /usr/local/cuda-11.5/bin/cmake --build /home/jason9308/robot_ws/src/build/custom_package -- -j20 -l20
[8.438s] [ 25%] [32mBuilding CXX object CMakeFiles/tm_send_command.dir/src/send_command.cpp.o[0m
[8.456s] [ 50%] [32mBuilding CXX object CMakeFiles/sub_img.dir/src/sub_img.cpp.o[0m
[16.409s] [ 75%] [32m[1mLinking CXX executable tm_send_command[0m
[16.823s] [ 75%] Built target tm_send_command
[26.637s] [100%] [32m[1mLinking CXX executable sub_img[0m
[29.019s] [100%] Built target sub_img
[29.040s] Invoked command in '/home/jason9308/robot_ws/src/build/custom_package' returned '0': AMENT_PREFIX_PATH=/home/jason9308/robot_ws/src/install/techman_robot_msgs:${AMENT_PREFIX_PATH} CMAKE_PREFIX_PATH=/home/jason9308/robot_ws/src/install/techman_robot_msgs:/home/jason9308/robot_ws/install/xarm_planner:/home/jason9308/robot_ws/install/xarm_moveit_servo:/home/jason9308/robot_ws/install/xarm_moveit_config:/home/jason9308/robot_ws/install/xarm_gazebo:/home/jason9308/robot_ws/install/xarm_controller:/home/jason9308/robot_ws/install/xarm_api:/home/jason9308/robot_ws/install/xarm_sdk:/home/jason9308/robot_ws/install/move_arm:/home/jason9308/robot_ws/install/medicine_grabber:/home/jason9308/robot_ws/install/lite6_handeye:/home/jason9308/robot_ws/install/json_file_watcher:/home/jason9308/robot_ws/install/aruco_grab:/home/jason9308/robot_ws/install/xarm_msgs:/home/jason9308/robot_ws/install/xarm_description:/home/jason9308/robot_ws/install/ui_for_debug_and_demo:/home/jason9308/robot_ws/install/tracer_base:/home/jason9308/robot_ws/install/xarm_simulation:/home/jason9308/robot_ws/install/write_pose:/home/jason9308/robot_ws/install/voice_control:/home/jason9308/robot_ws/install/uf_ros_lib:/home/jason9308/robot_ws/install/tm_simulation_node:/home/jason9308/robot_ws/install/tm_mod_urdf:/home/jason9308/robot_ws/install/tm_get_status:/home/jason9308/robot_ws/install/speech_recognition_pkg:/home/jason9308/robot_ws/install/my_2f85gripper_py:/home/jason9308/robot_ws/install/hand_detection:/home/jason9308/robot_ws/install/face_recognition:/home/jason9308/robot_ws/install/chatbot:/home/jason9308/robot_ws/install/calibration_cross:/opt/ros/humble:/home/jason9308/robot_ws/install/ugv_sdk:/home/jason9308/robot_ws/install/tracer_msgs:/home/jason9308/robot_ws/install/tm_driver:/home/jason9308/robot_ws/install/demo:/home/jason9308/robot_ws/install/tm_msgs:/home/jason9308/robot_ws/install/tm_description:/home/jason9308/robot_ws/install/custom_package:/home/jason9308/robot_ws/install/techman_robot_msgs:/home/jason9308/robot_ws/install/realsense_gazebo_plugin:/home/jason9308/robot_ws/install/navigation_server:/home/jason9308/robot_ws/install/navigation_interfaces:/home/jason9308/robot_ws/install/mbot_demo:/home/jason9308/robot_ws/install/lslidar_driver:/home/jason9308/robot_ws/install/lslidar_msgs:/home/jason9308/robot_ws/install/grpr2f85_ifaces:/home/jason9308/robot_ws/install/control_node LD_LIBRARY_PATH=/home/jason9308/robot_ws/src/install/techman_robot_msgs/lib:${LD_LIBRARY_PATH} PYTHONPATH=/home/jason9308/robot_ws/src/install/techman_robot_msgs/local/lib/python3.10/dist-packages:${PYTHONPATH} /usr/local/cuda-11.5/bin/cmake --build /home/jason9308/robot_ws/src/build/custom_package -- -j20 -l20
[29.047s] Invoking command in '/home/jason9308/robot_ws/src/build/custom_package': AMENT_PREFIX_PATH=/home/jason9308/robot_ws/src/install/techman_robot_msgs:${AMENT_PREFIX_PATH} CMAKE_PREFIX_PATH=/home/jason9308/robot_ws/src/install/techman_robot_msgs:/home/jason9308/robot_ws/install/xarm_planner:/home/jason9308/robot_ws/install/xarm_moveit_servo:/home/jason9308/robot_ws/install/xarm_moveit_config:/home/jason9308/robot_ws/install/xarm_gazebo:/home/jason9308/robot_ws/install/xarm_controller:/home/jason9308/robot_ws/install/xarm_api:/home/jason9308/robot_ws/install/xarm_sdk:/home/jason9308/robot_ws/install/move_arm:/home/jason9308/robot_ws/install/medicine_grabber:/home/jason9308/robot_ws/install/lite6_handeye:/home/jason9308/robot_ws/install/json_file_watcher:/home/jason9308/robot_ws/install/aruco_grab:/home/jason9308/robot_ws/install/xarm_msgs:/home/jason9308/robot_ws/install/xarm_description:/home/jason9308/robot_ws/install/ui_for_debug_and_demo:/home/jason9308/robot_ws/install/tracer_base:/home/jason9308/robot_ws/install/xarm_simulation:/home/jason9308/robot_ws/install/write_pose:/home/jason9308/robot_ws/install/voice_control:/home/jason9308/robot_ws/install/uf_ros_lib:/home/jason9308/robot_ws/install/tm_simulation_node:/home/jason9308/robot_ws/install/tm_mod_urdf:/home/jason9308/robot_ws/install/tm_get_status:/home/jason9308/robot_ws/install/speech_recognition_pkg:/home/jason9308/robot_ws/install/my_2f85gripper_py:/home/jason9308/robot_ws/install/hand_detection:/home/jason9308/robot_ws/install/face_recognition:/home/jason9308/robot_ws/install/chatbot:/home/jason9308/robot_ws/install/calibration_cross:/opt/ros/humble:/home/jason9308/robot_ws/install/ugv_sdk:/home/jason9308/robot_ws/install/tracer_msgs:/home/jason9308/robot_ws/install/tm_driver:/home/jason9308/robot_ws/install/demo:/home/jason9308/robot_ws/install/tm_msgs:/home/jason9308/robot_ws/install/tm_description:/home/jason9308/robot_ws/install/custom_package:/home/jason9308/robot_ws/install/techman_robot_msgs:/home/jason9308/robot_ws/install/realsense_gazebo_plugin:/home/jason9308/robot_ws/install/navigation_server:/home/jason9308/robot_ws/install/navigation_interfaces:/home/jason9308/robot_ws/install/mbot_demo:/home/jason9308/robot_ws/install/lslidar_driver:/home/jason9308/robot_ws/install/lslidar_msgs:/home/jason9308/robot_ws/install/grpr2f85_ifaces:/home/jason9308/robot_ws/install/control_node LD_LIBRARY_PATH=/home/jason9308/robot_ws/src/install/techman_robot_msgs/lib:${LD_LIBRARY_PATH} PYTHONPATH=/home/jason9308/robot_ws/src/install/techman_robot_msgs/local/lib/python3.10/dist-packages:${PYTHONPATH} /usr/local/cuda-11.5/bin/cmake --install /home/jason9308/robot_ws/src/build/custom_package
[29.062s] -- Install configuration: ""
[29.062s] -- Installing: /home/jason9308/robot_ws/src/install/custom_package/lib/custom_package/tm_send_command
[29.065s] -- Set runtime path of "/home/jason9308/robot_ws/src/install/custom_package/lib/custom_package/tm_send_command" to ""
[29.066s] -- Installing: /home/jason9308/robot_ws/src/install/custom_package/lib/custom_package/sub_img
[29.071s] -- Set runtime path of "/home/jason9308/robot_ws/src/install/custom_package/lib/custom_package/sub_img" to ""
[29.072s] -- Installing: /home/jason9308/robot_ws/src/install/custom_package/share/custom_package/image
[29.073s] -- Installing: /home/jason9308/robot_ws/src/install/custom_package/share/custom_package/image/techman_robot.jpg
[29.074s] -- Installing: /home/jason9308/robot_ws/src/install/custom_package/share/ament_index/resource_index/package_run_dependencies/custom_package
[29.075s] -- Installing: /home/jason9308/robot_ws/src/install/custom_package/share/ament_index/resource_index/parent_prefix_path/custom_package
[29.076s] -- Installing: /home/jason9308/robot_ws/src/install/custom_package/share/custom_package/environment/ament_prefix_path.sh
[29.076s] -- Installing: /home/jason9308/robot_ws/src/install/custom_package/share/custom_package/environment/ament_prefix_path.dsv
[29.077s] -- Installing: /home/jason9308/robot_ws/src/install/custom_package/share/custom_package/environment/path.sh
[29.077s] -- Installing: /home/jason9308/robot_ws/src/install/custom_package/share/custom_package/environment/path.dsv
[29.078s] -- Installing: /home/jason9308/robot_ws/src/install/custom_package/share/custom_package/local_setup.bash
[29.079s] -- Installing: /home/jason9308/robot_ws/src/install/custom_package/share/custom_package/local_setup.sh
[29.080s] -- Installing: /home/jason9308/robot_ws/src/install/custom_package/share/custom_package/local_setup.zsh
[29.080s] -- Installing: /home/jason9308/robot_ws/src/install/custom_package/share/custom_package/local_setup.dsv
[29.081s] -- Installing: /home/jason9308/robot_ws/src/install/custom_package/share/custom_package/package.dsv
[29.086s] -- Installing: /home/jason9308/robot_ws/src/install/custom_package/share/ament_index/resource_index/packages/custom_package
[29.086s] -- Installing: /home/jason9308/robot_ws/src/install/custom_package/share/custom_package/cmake/custom_packageConfig.cmake
[29.086s] -- Installing: /home/jason9308/robot_ws/src/install/custom_package/share/custom_package/cmake/custom_packageConfig-version.cmake
[29.087s] -- Installing: /home/jason9308/robot_ws/src/install/custom_package/share/custom_package/package.xml
[29.099s] Invoked command in '/home/jason9308/robot_ws/src/build/custom_package' returned '0': AMENT_PREFIX_PATH=/home/jason9308/robot_ws/src/install/techman_robot_msgs:${AMENT_PREFIX_PATH} CMAKE_PREFIX_PATH=/home/jason9308/robot_ws/src/install/techman_robot_msgs:/home/jason9308/robot_ws/install/xarm_planner:/home/jason9308/robot_ws/install/xarm_moveit_servo:/home/jason9308/robot_ws/install/xarm_moveit_config:/home/jason9308/robot_ws/install/xarm_gazebo:/home/jason9308/robot_ws/install/xarm_controller:/home/jason9308/robot_ws/install/xarm_api:/home/jason9308/robot_ws/install/xarm_sdk:/home/jason9308/robot_ws/install/move_arm:/home/jason9308/robot_ws/install/medicine_grabber:/home/jason9308/robot_ws/install/lite6_handeye:/home/jason9308/robot_ws/install/json_file_watcher:/home/jason9308/robot_ws/install/aruco_grab:/home/jason9308/robot_ws/install/xarm_msgs:/home/jason9308/robot_ws/install/xarm_description:/home/jason9308/robot_ws/install/ui_for_debug_and_demo:/home/jason9308/robot_ws/install/tracer_base:/home/jason9308/robot_ws/install/xarm_simulation:/home/jason9308/robot_ws/install/write_pose:/home/jason9308/robot_ws/install/voice_control:/home/jason9308/robot_ws/install/uf_ros_lib:/home/jason9308/robot_ws/install/tm_simulation_node:/home/jason9308/robot_ws/install/tm_mod_urdf:/home/jason9308/robot_ws/install/tm_get_status:/home/jason9308/robot_ws/install/speech_recognition_pkg:/home/jason9308/robot_ws/install/my_2f85gripper_py:/home/jason9308/robot_ws/install/hand_detection:/home/jason9308/robot_ws/install/face_recognition:/home/jason9308/robot_ws/install/chatbot:/home/jason9308/robot_ws/install/calibration_cross:/opt/ros/humble:/home/jason9308/robot_ws/install/ugv_sdk:/home/jason9308/robot_ws/install/tracer_msgs:/home/jason9308/robot_ws/install/tm_driver:/home/jason9308/robot_ws/install/demo:/home/jason9308/robot_ws/install/tm_msgs:/home/jason9308/robot_ws/install/tm_description:/home/jason9308/robot_ws/install/custom_package:/home/jason9308/robot_ws/install/techman_robot_msgs:/home/jason9308/robot_ws/install/realsense_gazebo_plugin:/home/jason9308/robot_ws/install/navigation_server:/home/jason9308/robot_ws/install/navigation_interfaces:/home/jason9308/robot_ws/install/mbot_demo:/home/jason9308/robot_ws/install/lslidar_driver:/home/jason9308/robot_ws/install/lslidar_msgs:/home/jason9308/robot_ws/install/grpr2f85_ifaces:/home/jason9308/robot_ws/install/control_node LD_LIBRARY_PATH=/home/jason9308/robot_ws/src/install/techman_robot_msgs/lib:${LD_LIBRARY_PATH} PYTHONPATH=/home/jason9308/robot_ws/src/install/techman_robot_msgs/local/lib/python3.10/dist-packages:${PYTHONPATH} /usr/local/cuda-11.5/bin/cmake --install /home/jason9308/robot_ws/src/build/custom_package
