running egg_info
creating ../../build/calibration_cross/calibration_cross.egg-info
writing ../../build/calibration_cross/calibration_cross.egg-info/PKG-INFO
writing dependency_links to ../../build/calibration_cross/calibration_cross.egg-info/dependency_links.txt
writing entry points to ../../build/calibration_cross/calibration_cross.egg-info/entry_points.txt
writing requirements to ../../build/calibration_cross/calibration_cross.egg-info/requires.txt
writing top-level names to ../../build/calibration_cross/calibration_cross.egg-info/top_level.txt
writing manifest file '../../build/calibration_cross/calibration_cross.egg-info/SOURCES.txt'
reading manifest file '../../build/calibration_cross/calibration_cross.egg-info/SOURCES.txt'
writing manifest file '../../build/calibration_cross/calibration_cross.egg-info/SOURCES.txt'
running build
running build_py
creating /home/jason9308/robot_ws/src/build/calibration_cross/build
creating /home/jason9308/robot_ws/src/build/calibration_cross/build/lib
creating /home/jason9308/robot_ws/src/build/calibration_cross/build/lib/calibration_cross
copying calibration_cross/__init__.py -> /home/jason9308/robot_ws/src/build/calibration_cross/build/lib/calibration_cross
copying calibration_cross/calibration_cross.py -> /home/jason9308/robot_ws/src/build/calibration_cross/build/lib/calibration_cross
running install
running install_lib
creating /home/jason9308/robot_ws/src/install/calibration_cross/lib/python3.10/site-packages/calibration_cross
copying /home/jason9308/robot_ws/src/build/calibration_cross/build/lib/calibration_cross/__init__.py -> /home/jason9308/robot_ws/src/install/calibration_cross/lib/python3.10/site-packages/calibration_cross
copying /home/jason9308/robot_ws/src/build/calibration_cross/build/lib/calibration_cross/calibration_cross.py -> /home/jason9308/robot_ws/src/install/calibration_cross/lib/python3.10/site-packages/calibration_cross
byte-compiling /home/jason9308/robot_ws/src/install/calibration_cross/lib/python3.10/site-packages/calibration_cross/__init__.py to __init__.cpython-310.pyc
byte-compiling /home/jason9308/robot_ws/src/install/calibration_cross/lib/python3.10/site-packages/calibration_cross/calibration_cross.py to calibration_cross.cpython-310.pyc
running install_data
creating /home/jason9308/robot_ws/src/install/calibration_cross/share/ament_index
creating /home/jason9308/robot_ws/src/install/calibration_cross/share/ament_index/resource_index
creating /home/jason9308/robot_ws/src/install/calibration_cross/share/ament_index/resource_index/packages
copying resource/calibration_cross -> /home/jason9308/robot_ws/src/install/calibration_cross/share/ament_index/resource_index/packages
copying package.xml -> /home/jason9308/robot_ws/src/install/calibration_cross/share/calibration_cross
running install_egg_info
Copying ../../build/calibration_cross/calibration_cross.egg-info to /home/jason9308/robot_ws/src/install/calibration_cross/lib/python3.10/site-packages/calibration_cross-0.0.0-py3.10.egg-info
running install_scripts
Installing calibration_cross script to /home/jason9308/robot_ws/src/install/calibration_cross/lib/calibration_cross
writing list of installed files to '/home/jason9308/robot_ws/src/build/calibration_cross/install.log'
