-- The C compiler identification is GNU 11.4.0
-- The CXX compiler identification is GNU 11.4.0
-- Detecting C compiler ABI info
-- Detecting C compiler ABI info - done
-- Check for working C compiler: /usr/local/cuda-11.5/bin/cc - skipped
-- Detecting C compile features
-- Detecting C compile features - done
-- Detecting CXX compiler ABI info
-- Detecting CXX compiler ABI info - done
-- Check for working CXX compiler: /usr/local/cuda-11.5/bin/c++ - skipped
-- Detecting CXX compile features
-- Detecting CXX compile features - done
-- Found ament_cmake: 1.3.11 (/opt/ros/humble/share/ament_cmake/cmake)
-- Found Python3: /usr/local/cuda-11.5/bin/python3 (found version "3.10.12") found components: Interpreter 
-- Found rclcpp: 16.0.11 (/opt/ros/humble/share/rclcpp/cmake)
-- Found rosidl_generator_c: 3.1.6 (/opt/ros/humble/share/rosidl_generator_c/cmake)
-- Found rosidl_adapter: 3.1.6 (/opt/ros/humble/share/rosidl_adapter/cmake)
-- Found rosidl_generator_cpp: 3.1.6 (/opt/ros/humble/share/rosidl_generator_cpp/cmake)
-- Using all available rosidl_typesupport_c: rosidl_typesupport_fastrtps_c;rosidl_typesupport_introspection_c
-- Using all available rosidl_typesupport_cpp: rosidl_typesupport_fastrtps_cpp;rosidl_typesupport_introspection_cpp
-- Found rmw_implementation_cmake: 6.1.2 (/opt/ros/humble/share/rmw_implementation_cmake/cmake)
-- Found rmw_fastrtps_cpp: 6.2.7 (/opt/ros/humble/share/rmw_fastrtps_cpp/cmake)
-- Found OpenSSL: /usr/lib/x86_64-linux-gnu/libcrypto.so (found version "3.0.2")  
-- Found FastRTPS: /opt/ros/humble/include  
-- Using RMW implementation 'rmw_fastrtps_cpp' as default
-- Looking for pthread.h
-- Looking for pthread.h - found
-- Performing Test CMAKE_HAVE_LIBC_PTHREAD
-- Performing Test CMAKE_HAVE_LIBC_PTHREAD - Success
-- Found Threads: TRUE  
-- Found rclcpp_action: 16.0.11 (/opt/ros/humble/share/rclcpp_action/cmake)
-- Found nlohmann_json: /usr/local/cuda-11.5/lib/cmake/nlohmann_json/nlohmann_jsonConfig.cmake (found version "3.10.5") 
-- Found nav2_msgs: 1.1.18 (/opt/ros/humble/share/nav2_msgs/cmake)
-- Found ament_lint_auto: 0.12.11 (/opt/ros/humble/share/ament_lint_auto/cmake)
-- Added test 'cppcheck' to perform static code analysis on C / C++ code
-- Configured cppcheck include dirs: 
-- Configured cppcheck exclude dirs and/or files: 
-- Added test 'lint_cmake' to check CMake code style
-- Added test 'uncrustify' to check C / C++ code style
-- Configured uncrustify additional arguments: 
-- Added test 'xmllint' to check XML markup files
-- Configuring done
-- Generating done
-- Build files have been written to: /home/jason9308/robot_ws/src/build/control_node
[ 25%] [32mBuilding CXX object CMakeFiles/control_system_node.dir/src/control_system.cpp.o[0m
[ 50%] [32mBuilding CXX object CMakeFiles/system_test.dir/src/system_test.cpp.o[0m
[ 75%] [32m[1mLinking CXX executable system_test[0m
[ 75%] Built target system_test
[100%] [32m[1mLinking CXX executable control_system_node[0m
[100%] Built target control_system_node
-- Install configuration: ""
-- Installing: /home/jason9308/robot_ws/src/install/control_node/lib/control_node/system_test
-- Set runtime path of "/home/jason9308/robot_ws/src/install/control_node/lib/control_node/system_test" to ""
-- Installing: /home/jason9308/robot_ws/src/install/control_node/lib/control_node/control_system_node
-- Set runtime path of "/home/jason9308/robot_ws/src/install/control_node/lib/control_node/control_system_node" to ""
-- Installing: /home/jason9308/robot_ws/src/install/control_node/share/ament_index/resource_index/package_run_dependencies/control_node
-- Installing: /home/jason9308/robot_ws/src/install/control_node/share/ament_index/resource_index/parent_prefix_path/control_node
-- Installing: /home/jason9308/robot_ws/src/install/control_node/share/control_node/environment/ament_prefix_path.sh
-- Installing: /home/jason9308/robot_ws/src/install/control_node/share/control_node/environment/ament_prefix_path.dsv
-- Installing: /home/jason9308/robot_ws/src/install/control_node/share/control_node/environment/path.sh
-- Installing: /home/jason9308/robot_ws/src/install/control_node/share/control_node/environment/path.dsv
-- Installing: /home/jason9308/robot_ws/src/install/control_node/share/control_node/local_setup.bash
-- Installing: /home/jason9308/robot_ws/src/install/control_node/share/control_node/local_setup.sh
-- Installing: /home/jason9308/robot_ws/src/install/control_node/share/control_node/local_setup.zsh
-- Installing: /home/jason9308/robot_ws/src/install/control_node/share/control_node/local_setup.dsv
-- Installing: /home/jason9308/robot_ws/src/install/control_node/share/control_node/package.dsv
-- Installing: /home/jason9308/robot_ws/src/install/control_node/share/ament_index/resource_index/packages/control_node
-- Installing: /home/jason9308/robot_ws/src/install/control_node/share/control_node/cmake/control_nodeConfig.cmake
-- Installing: /home/jason9308/robot_ws/src/install/control_node/share/control_node/cmake/control_nodeConfig-version.cmake
-- Installing: /home/jason9308/robot_ws/src/install/control_node/share/control_node/package.xml
