[1.238s] Invoking command in '/home/jason9308/robot_ws/src/build/control_node': CMAKE_PREFIX_PATH=/home/jason9308/robot_ws/install/xarm_planner:/home/jason9308/robot_ws/install/xarm_moveit_servo:/home/jason9308/robot_ws/install/xarm_moveit_config:/home/jason9308/robot_ws/install/xarm_gazebo:/home/jason9308/robot_ws/install/xarm_controller:/home/jason9308/robot_ws/install/xarm_api:/home/jason9308/robot_ws/install/xarm_sdk:/home/jason9308/robot_ws/install/move_arm:/home/jason9308/robot_ws/install/medicine_grabber:/home/jason9308/robot_ws/install/lite6_handeye:/home/jason9308/robot_ws/install/json_file_watcher:/home/jason9308/robot_ws/install/aruco_grab:/home/jason9308/robot_ws/install/xarm_msgs:/home/jason9308/robot_ws/install/xarm_description:/home/jason9308/robot_ws/install/ui_for_debug_and_demo:/home/jason9308/robot_ws/install/tracer_base:/home/jason9308/robot_ws/install/xarm_simulation:/home/jason9308/robot_ws/install/write_pose:/home/jason9308/robot_ws/install/voice_control:/home/jason9308/robot_ws/install/uf_ros_lib:/home/jason9308/robot_ws/install/tm_simulation_node:/home/jason9308/robot_ws/install/tm_mod_urdf:/home/jason9308/robot_ws/install/tm_get_status:/home/jason9308/robot_ws/install/speech_recognition_pkg:/home/jason9308/robot_ws/install/my_2f85gripper_py:/home/jason9308/robot_ws/install/hand_detection:/home/jason9308/robot_ws/install/face_recognition:/home/jason9308/robot_ws/install/chatbot:/home/jason9308/robot_ws/install/calibration_cross:/opt/ros/humble:/home/jason9308/robot_ws/install/ugv_sdk:/home/jason9308/robot_ws/install/tracer_msgs:/home/jason9308/robot_ws/install/tm_driver:/home/jason9308/robot_ws/install/demo:/home/jason9308/robot_ws/install/tm_msgs:/home/jason9308/robot_ws/install/tm_description:/home/jason9308/robot_ws/install/custom_package:/home/jason9308/robot_ws/install/techman_robot_msgs:/home/jason9308/robot_ws/install/realsense_gazebo_plugin:/home/jason9308/robot_ws/install/navigation_server:/home/jason9308/robot_ws/install/navigation_interfaces:/home/jason9308/robot_ws/install/mbot_demo:/home/jason9308/robot_ws/install/lslidar_driver:/home/jason9308/robot_ws/install/lslidar_msgs:/home/jason9308/robot_ws/install/grpr2f85_ifaces:/home/jason9308/robot_ws/install/control_node /usr/local/cuda-11.5/bin/cmake /home/jason9308/robot_ws/src/control_node -DCMAKE_INSTALL_PREFIX=/home/jason9308/robot_ws/src/install/control_node
[2.697s] -- The C compiler identification is GNU 11.4.0
[2.697s] -- The CXX compiler identification is GNU 11.4.0
[2.697s] -- Detecting C compiler ABI info
[2.697s] -- Detecting C compiler ABI info - done
[2.697s] -- Check for working C compiler: /usr/local/cuda-11.5/bin/cc - skipped
[2.698s] -- Detecting C compile features
[2.698s] -- Detecting C compile features - done
[2.698s] -- Detecting CXX compiler ABI info
[2.698s] -- Detecting CXX compiler ABI info - done
[2.698s] -- Check for working CXX compiler: /usr/local/cuda-11.5/bin/c++ - skipped
[2.698s] -- Detecting CXX compile features
[2.698s] -- Detecting CXX compile features - done
[2.698s] -- Found ament_cmake: 1.3.11 (/opt/ros/humble/share/ament_cmake/cmake)
[2.698s] -- Found Python3: /usr/local/cuda-11.5/bin/python3 (found version "3.10.12") found components: Interpreter 
[2.699s] -- Found rclcpp: 16.0.11 (/opt/ros/humble/share/rclcpp/cmake)
[2.699s] -- Found rosidl_generator_c: 3.1.6 (/opt/ros/humble/share/rosidl_generator_c/cmake)
[2.699s] -- Found rosidl_adapter: 3.1.6 (/opt/ros/humble/share/rosidl_adapter/cmake)
[2.699s] -- Found rosidl_generator_cpp: 3.1.6 (/opt/ros/humble/share/rosidl_generator_cpp/cmake)
[2.699s] -- Using all available rosidl_typesupport_c: rosidl_typesupport_fastrtps_c;rosidl_typesupport_introspection_c
[2.699s] -- Using all available rosidl_typesupport_cpp: rosidl_typesupport_fastrtps_cpp;rosidl_typesupport_introspection_cpp
[2.699s] -- Found rmw_implementation_cmake: 6.1.2 (/opt/ros/humble/share/rmw_implementation_cmake/cmake)
[2.699s] -- Found rmw_fastrtps_cpp: 6.2.7 (/opt/ros/humble/share/rmw_fastrtps_cpp/cmake)
[2.699s] -- Found OpenSSL: /usr/lib/x86_64-linux-gnu/libcrypto.so (found version "3.0.2")  
[2.706s] -- Found FastRTPS: /opt/ros/humble/include  
[2.790s] -- Using RMW implementation 'rmw_fastrtps_cpp' as default
[2.901s] -- Looking for pthread.h
[3.258s] -- Looking for pthread.h - found
[3.258s] -- Performing Test CMAKE_HAVE_LIBC_PTHREAD
[3.632s] -- Performing Test CMAKE_HAVE_LIBC_PTHREAD - Success
[3.632s] -- Found Threads: TRUE  
[4.205s] -- Found rclcpp_action: 16.0.11 (/opt/ros/humble/share/rclcpp_action/cmake)
[4.621s] -- Found nlohmann_json: /usr/local/cuda-11.5/lib/cmake/nlohmann_json/nlohmann_jsonConfig.cmake (found version "3.10.5") 
[4.677s] -- Found nav2_msgs: 1.1.18 (/opt/ros/humble/share/nav2_msgs/cmake)
[5.674s] -- Found ament_lint_auto: 0.12.11 (/opt/ros/humble/share/ament_lint_auto/cmake)
[5.987s] -- Added test 'cppcheck' to perform static code analysis on C / C++ code
[5.990s] -- Configured cppcheck include dirs: 
[5.990s] -- Configured cppcheck exclude dirs and/or files: 
[5.993s] -- Added test 'lint_cmake' to check CMake code style
[5.998s] -- Added test 'uncrustify' to check C / C++ code style
[5.998s] -- Configured uncrustify additional arguments: 
[6.005s] -- Added test 'xmllint' to check XML markup files
[6.013s] -- Configuring done
[6.103s] -- Generating done
[6.147s] -- Build files have been written to: /home/jason9308/robot_ws/src/build/control_node
[8.246s] Invoked command in '/home/jason9308/robot_ws/src/build/control_node' returned '0': CMAKE_PREFIX_PATH=/home/jason9308/robot_ws/install/xarm_planner:/home/jason9308/robot_ws/install/xarm_moveit_servo:/home/jason9308/robot_ws/install/xarm_moveit_config:/home/jason9308/robot_ws/install/xarm_gazebo:/home/jason9308/robot_ws/install/xarm_controller:/home/jason9308/robot_ws/install/xarm_api:/home/jason9308/robot_ws/install/xarm_sdk:/home/jason9308/robot_ws/install/move_arm:/home/jason9308/robot_ws/install/medicine_grabber:/home/jason9308/robot_ws/install/lite6_handeye:/home/jason9308/robot_ws/install/json_file_watcher:/home/jason9308/robot_ws/install/aruco_grab:/home/jason9308/robot_ws/install/xarm_msgs:/home/jason9308/robot_ws/install/xarm_description:/home/jason9308/robot_ws/install/ui_for_debug_and_demo:/home/jason9308/robot_ws/install/tracer_base:/home/jason9308/robot_ws/install/xarm_simulation:/home/jason9308/robot_ws/install/write_pose:/home/jason9308/robot_ws/install/voice_control:/home/jason9308/robot_ws/install/uf_ros_lib:/home/jason9308/robot_ws/install/tm_simulation_node:/home/jason9308/robot_ws/install/tm_mod_urdf:/home/jason9308/robot_ws/install/tm_get_status:/home/jason9308/robot_ws/install/speech_recognition_pkg:/home/jason9308/robot_ws/install/my_2f85gripper_py:/home/jason9308/robot_ws/install/hand_detection:/home/jason9308/robot_ws/install/face_recognition:/home/jason9308/robot_ws/install/chatbot:/home/jason9308/robot_ws/install/calibration_cross:/opt/ros/humble:/home/jason9308/robot_ws/install/ugv_sdk:/home/jason9308/robot_ws/install/tracer_msgs:/home/jason9308/robot_ws/install/tm_driver:/home/jason9308/robot_ws/install/demo:/home/jason9308/robot_ws/install/tm_msgs:/home/jason9308/robot_ws/install/tm_description:/home/jason9308/robot_ws/install/custom_package:/home/jason9308/robot_ws/install/techman_robot_msgs:/home/jason9308/robot_ws/install/realsense_gazebo_plugin:/home/jason9308/robot_ws/install/navigation_server:/home/jason9308/robot_ws/install/navigation_interfaces:/home/jason9308/robot_ws/install/mbot_demo:/home/jason9308/robot_ws/install/lslidar_driver:/home/jason9308/robot_ws/install/lslidar_msgs:/home/jason9308/robot_ws/install/grpr2f85_ifaces:/home/jason9308/robot_ws/install/control_node /usr/local/cuda-11.5/bin/cmake /home/jason9308/robot_ws/src/control_node -DCMAKE_INSTALL_PREFIX=/home/jason9308/robot_ws/src/install/control_node
[8.247s] Invoking command in '/home/jason9308/robot_ws/src/build/control_node': CMAKE_PREFIX_PATH=/home/jason9308/robot_ws/install/xarm_planner:/home/jason9308/robot_ws/install/xarm_moveit_servo:/home/jason9308/robot_ws/install/xarm_moveit_config:/home/jason9308/robot_ws/install/xarm_gazebo:/home/jason9308/robot_ws/install/xarm_controller:/home/jason9308/robot_ws/install/xarm_api:/home/jason9308/robot_ws/install/xarm_sdk:/home/jason9308/robot_ws/install/move_arm:/home/jason9308/robot_ws/install/medicine_grabber:/home/jason9308/robot_ws/install/lite6_handeye:/home/jason9308/robot_ws/install/json_file_watcher:/home/jason9308/robot_ws/install/aruco_grab:/home/jason9308/robot_ws/install/xarm_msgs:/home/jason9308/robot_ws/install/xarm_description:/home/jason9308/robot_ws/install/ui_for_debug_and_demo:/home/jason9308/robot_ws/install/tracer_base:/home/jason9308/robot_ws/install/xarm_simulation:/home/jason9308/robot_ws/install/write_pose:/home/jason9308/robot_ws/install/voice_control:/home/jason9308/robot_ws/install/uf_ros_lib:/home/jason9308/robot_ws/install/tm_simulation_node:/home/jason9308/robot_ws/install/tm_mod_urdf:/home/jason9308/robot_ws/install/tm_get_status:/home/jason9308/robot_ws/install/speech_recognition_pkg:/home/jason9308/robot_ws/install/my_2f85gripper_py:/home/jason9308/robot_ws/install/hand_detection:/home/jason9308/robot_ws/install/face_recognition:/home/jason9308/robot_ws/install/chatbot:/home/jason9308/robot_ws/install/calibration_cross:/opt/ros/humble:/home/jason9308/robot_ws/install/ugv_sdk:/home/jason9308/robot_ws/install/tracer_msgs:/home/jason9308/robot_ws/install/tm_driver:/home/jason9308/robot_ws/install/demo:/home/jason9308/robot_ws/install/tm_msgs:/home/jason9308/robot_ws/install/tm_description:/home/jason9308/robot_ws/install/custom_package:/home/jason9308/robot_ws/install/techman_robot_msgs:/home/jason9308/robot_ws/install/realsense_gazebo_plugin:/home/jason9308/robot_ws/install/navigation_server:/home/jason9308/robot_ws/install/navigation_interfaces:/home/jason9308/robot_ws/install/mbot_demo:/home/jason9308/robot_ws/install/lslidar_driver:/home/jason9308/robot_ws/install/lslidar_msgs:/home/jason9308/robot_ws/install/grpr2f85_ifaces:/home/jason9308/robot_ws/install/control_node /usr/local/cuda-11.5/bin/cmake --build /home/jason9308/robot_ws/src/build/control_node -- -j20 -l20
[16.531s] [ 25%] [32mBuilding CXX object CMakeFiles/control_system_node.dir/src/control_system.cpp.o[0m
[16.531s] [ 50%] [32mBuilding CXX object CMakeFiles/system_test.dir/src/system_test.cpp.o[0m
[18.066s] [ 75%] [32m[1mLinking CXX executable system_test[0m
[18.777s] [ 75%] Built target system_test
[43.216s] [100%] [32m[1mLinking CXX executable control_system_node[0m
[44.700s] [100%] Built target control_system_node
[44.738s] Invoked command in '/home/jason9308/robot_ws/src/build/control_node' returned '0': CMAKE_PREFIX_PATH=/home/jason9308/robot_ws/install/xarm_planner:/home/jason9308/robot_ws/install/xarm_moveit_servo:/home/jason9308/robot_ws/install/xarm_moveit_config:/home/jason9308/robot_ws/install/xarm_gazebo:/home/jason9308/robot_ws/install/xarm_controller:/home/jason9308/robot_ws/install/xarm_api:/home/jason9308/robot_ws/install/xarm_sdk:/home/jason9308/robot_ws/install/move_arm:/home/jason9308/robot_ws/install/medicine_grabber:/home/jason9308/robot_ws/install/lite6_handeye:/home/jason9308/robot_ws/install/json_file_watcher:/home/jason9308/robot_ws/install/aruco_grab:/home/jason9308/robot_ws/install/xarm_msgs:/home/jason9308/robot_ws/install/xarm_description:/home/jason9308/robot_ws/install/ui_for_debug_and_demo:/home/jason9308/robot_ws/install/tracer_base:/home/jason9308/robot_ws/install/xarm_simulation:/home/jason9308/robot_ws/install/write_pose:/home/jason9308/robot_ws/install/voice_control:/home/jason9308/robot_ws/install/uf_ros_lib:/home/jason9308/robot_ws/install/tm_simulation_node:/home/jason9308/robot_ws/install/tm_mod_urdf:/home/jason9308/robot_ws/install/tm_get_status:/home/jason9308/robot_ws/install/speech_recognition_pkg:/home/jason9308/robot_ws/install/my_2f85gripper_py:/home/jason9308/robot_ws/install/hand_detection:/home/jason9308/robot_ws/install/face_recognition:/home/jason9308/robot_ws/install/chatbot:/home/jason9308/robot_ws/install/calibration_cross:/opt/ros/humble:/home/jason9308/robot_ws/install/ugv_sdk:/home/jason9308/robot_ws/install/tracer_msgs:/home/jason9308/robot_ws/install/tm_driver:/home/jason9308/robot_ws/install/demo:/home/jason9308/robot_ws/install/tm_msgs:/home/jason9308/robot_ws/install/tm_description:/home/jason9308/robot_ws/install/custom_package:/home/jason9308/robot_ws/install/techman_robot_msgs:/home/jason9308/robot_ws/install/realsense_gazebo_plugin:/home/jason9308/robot_ws/install/navigation_server:/home/jason9308/robot_ws/install/navigation_interfaces:/home/jason9308/robot_ws/install/mbot_demo:/home/jason9308/robot_ws/install/lslidar_driver:/home/jason9308/robot_ws/install/lslidar_msgs:/home/jason9308/robot_ws/install/grpr2f85_ifaces:/home/jason9308/robot_ws/install/control_node /usr/local/cuda-11.5/bin/cmake --build /home/jason9308/robot_ws/src/build/control_node -- -j20 -l20
[44.743s] Invoking command in '/home/jason9308/robot_ws/src/build/control_node': CMAKE_PREFIX_PATH=/home/jason9308/robot_ws/install/xarm_planner:/home/jason9308/robot_ws/install/xarm_moveit_servo:/home/jason9308/robot_ws/install/xarm_moveit_config:/home/jason9308/robot_ws/install/xarm_gazebo:/home/jason9308/robot_ws/install/xarm_controller:/home/jason9308/robot_ws/install/xarm_api:/home/jason9308/robot_ws/install/xarm_sdk:/home/jason9308/robot_ws/install/move_arm:/home/jason9308/robot_ws/install/medicine_grabber:/home/jason9308/robot_ws/install/lite6_handeye:/home/jason9308/robot_ws/install/json_file_watcher:/home/jason9308/robot_ws/install/aruco_grab:/home/jason9308/robot_ws/install/xarm_msgs:/home/jason9308/robot_ws/install/xarm_description:/home/jason9308/robot_ws/install/ui_for_debug_and_demo:/home/jason9308/robot_ws/install/tracer_base:/home/jason9308/robot_ws/install/xarm_simulation:/home/jason9308/robot_ws/install/write_pose:/home/jason9308/robot_ws/install/voice_control:/home/jason9308/robot_ws/install/uf_ros_lib:/home/jason9308/robot_ws/install/tm_simulation_node:/home/jason9308/robot_ws/install/tm_mod_urdf:/home/jason9308/robot_ws/install/tm_get_status:/home/jason9308/robot_ws/install/speech_recognition_pkg:/home/jason9308/robot_ws/install/my_2f85gripper_py:/home/jason9308/robot_ws/install/hand_detection:/home/jason9308/robot_ws/install/face_recognition:/home/jason9308/robot_ws/install/chatbot:/home/jason9308/robot_ws/install/calibration_cross:/opt/ros/humble:/home/jason9308/robot_ws/install/ugv_sdk:/home/jason9308/robot_ws/install/tracer_msgs:/home/jason9308/robot_ws/install/tm_driver:/home/jason9308/robot_ws/install/demo:/home/jason9308/robot_ws/install/tm_msgs:/home/jason9308/robot_ws/install/tm_description:/home/jason9308/robot_ws/install/custom_package:/home/jason9308/robot_ws/install/techman_robot_msgs:/home/jason9308/robot_ws/install/realsense_gazebo_plugin:/home/jason9308/robot_ws/install/navigation_server:/home/jason9308/robot_ws/install/navigation_interfaces:/home/jason9308/robot_ws/install/mbot_demo:/home/jason9308/robot_ws/install/lslidar_driver:/home/jason9308/robot_ws/install/lslidar_msgs:/home/jason9308/robot_ws/install/grpr2f85_ifaces:/home/jason9308/robot_ws/install/control_node /usr/local/cuda-11.5/bin/cmake --install /home/jason9308/robot_ws/src/build/control_node
[44.761s] -- Install configuration: ""
[44.761s] -- Installing: /home/jason9308/robot_ws/src/install/control_node/lib/control_node/system_test
[44.761s] -- Set runtime path of "/home/jason9308/robot_ws/src/install/control_node/lib/control_node/system_test" to ""
[44.761s] -- Installing: /home/jason9308/robot_ws/src/install/control_node/lib/control_node/control_system_node
[44.766s] -- Set runtime path of "/home/jason9308/robot_ws/src/install/control_node/lib/control_node/control_system_node" to ""
[44.768s] -- Installing: /home/jason9308/robot_ws/src/install/control_node/share/ament_index/resource_index/package_run_dependencies/control_node
[44.768s] -- Installing: /home/jason9308/robot_ws/src/install/control_node/share/ament_index/resource_index/parent_prefix_path/control_node
[44.769s] -- Installing: /home/jason9308/robot_ws/src/install/control_node/share/control_node/environment/ament_prefix_path.sh
[44.769s] -- Installing: /home/jason9308/robot_ws/src/install/control_node/share/control_node/environment/ament_prefix_path.dsv
[44.769s] -- Installing: /home/jason9308/robot_ws/src/install/control_node/share/control_node/environment/path.sh
[44.769s] -- Installing: /home/jason9308/robot_ws/src/install/control_node/share/control_node/environment/path.dsv
[44.769s] -- Installing: /home/jason9308/robot_ws/src/install/control_node/share/control_node/local_setup.bash
[44.770s] -- Installing: /home/jason9308/robot_ws/src/install/control_node/share/control_node/local_setup.sh
[44.771s] -- Installing: /home/jason9308/robot_ws/src/install/control_node/share/control_node/local_setup.zsh
[44.771s] -- Installing: /home/jason9308/robot_ws/src/install/control_node/share/control_node/local_setup.dsv
[44.771s] -- Installing: /home/jason9308/robot_ws/src/install/control_node/share/control_node/package.dsv
[44.771s] -- Installing: /home/jason9308/robot_ws/src/install/control_node/share/ament_index/resource_index/packages/control_node
[44.771s] -- Installing: /home/jason9308/robot_ws/src/install/control_node/share/control_node/cmake/control_nodeConfig.cmake
[44.774s] -- Installing: /home/jason9308/robot_ws/src/install/control_node/share/control_node/cmake/control_nodeConfig-version.cmake
[44.774s] -- Installing: /home/jason9308/robot_ws/src/install/control_node/share/control_node/package.xml
[44.782s] Invoked command in '/home/jason9308/robot_ws/src/build/control_node' returned '0': CMAKE_PREFIX_PATH=/home/jason9308/robot_ws/install/xarm_planner:/home/jason9308/robot_ws/install/xarm_moveit_servo:/home/jason9308/robot_ws/install/xarm_moveit_config:/home/jason9308/robot_ws/install/xarm_gazebo:/home/jason9308/robot_ws/install/xarm_controller:/home/jason9308/robot_ws/install/xarm_api:/home/jason9308/robot_ws/install/xarm_sdk:/home/jason9308/robot_ws/install/move_arm:/home/jason9308/robot_ws/install/medicine_grabber:/home/jason9308/robot_ws/install/lite6_handeye:/home/jason9308/robot_ws/install/json_file_watcher:/home/jason9308/robot_ws/install/aruco_grab:/home/jason9308/robot_ws/install/xarm_msgs:/home/jason9308/robot_ws/install/xarm_description:/home/jason9308/robot_ws/install/ui_for_debug_and_demo:/home/jason9308/robot_ws/install/tracer_base:/home/jason9308/robot_ws/install/xarm_simulation:/home/jason9308/robot_ws/install/write_pose:/home/jason9308/robot_ws/install/voice_control:/home/jason9308/robot_ws/install/uf_ros_lib:/home/jason9308/robot_ws/install/tm_simulation_node:/home/jason9308/robot_ws/install/tm_mod_urdf:/home/jason9308/robot_ws/install/tm_get_status:/home/jason9308/robot_ws/install/speech_recognition_pkg:/home/jason9308/robot_ws/install/my_2f85gripper_py:/home/jason9308/robot_ws/install/hand_detection:/home/jason9308/robot_ws/install/face_recognition:/home/jason9308/robot_ws/install/chatbot:/home/jason9308/robot_ws/install/calibration_cross:/opt/ros/humble:/home/jason9308/robot_ws/install/ugv_sdk:/home/jason9308/robot_ws/install/tracer_msgs:/home/jason9308/robot_ws/install/tm_driver:/home/jason9308/robot_ws/install/demo:/home/jason9308/robot_ws/install/tm_msgs:/home/jason9308/robot_ws/install/tm_description:/home/jason9308/robot_ws/install/custom_package:/home/jason9308/robot_ws/install/techman_robot_msgs:/home/jason9308/robot_ws/install/realsense_gazebo_plugin:/home/jason9308/robot_ws/install/navigation_server:/home/jason9308/robot_ws/install/navigation_interfaces:/home/jason9308/robot_ws/install/mbot_demo:/home/jason9308/robot_ws/install/lslidar_driver:/home/jason9308/robot_ws/install/lslidar_msgs:/home/jason9308/robot_ws/install/grpr2f85_ifaces:/home/jason9308/robot_ws/install/control_node /usr/local/cuda-11.5/bin/cmake --install /home/jason9308/robot_ws/src/build/control_node
