[0.042s] Invoking command in '/home/jason9308/robot_ws/src/build/tracer_base': AMENT_PREFIX_PATH=/home/jason9308/robot_ws/src/install/tracer_msgs:${AMENT_PREFIX_PATH} CMAKE_PREFIX_PATH=/home/jason9308/robot_ws/install/xarm_simulation:/home/jason9308/robot_ws/install/write_pose:/home/jason9308/robot_ws/install/voice_control:/home/jason9308/robot_ws/install/uf_ros_lib:/home/jason9308/robot_ws/install/tm_simulation_node:/home/jason9308/robot_ws/install/tm_mod_urdf:/home/jason9308/robot_ws/install/tm_get_status:/home/jason9308/robot_ws/install/speech_recognition_pkg:/home/jason9308/robot_ws/install/my_2f85gripper_py:/home/jason9308/robot_ws/install/hand_detection:/home/jason9308/robot_ws/install/face_recognition:/home/jason9308/robot_ws/install/chatbot:/home/jason9308/robot_ws/install/calibration_cross:/opt/ros/humble:/home/jason9308/robot_ws/src/install/ugv_sdk:/home/jason9308/robot_ws/src/install/tracer_msgs:${CMAKE_PREFIX_PATH} LD_LIBRARY_PATH=/home/jason9308/robot_ws/src/install/tracer_msgs/lib:${LD_LIBRARY_PATH} PKG_CONFIG_PATH=/home/jason9308/robot_ws/src/install/ugv_sdk/lib/x86_64-linux-gnu/pkgconfig:/home/jason9308/robot_ws/src/install/ugv_sdk/lib/pkgconfig:${PKG_CONFIG_PATH} PYTHONPATH=/home/jason9308/robot_ws/src/install/tracer_msgs/local/lib/python3.10/dist-packages:${PYTHONPATH} ROS_PACKAGE_PATH=/home/jason9308/robot_ws/src/install/ugv_sdk/share:${ROS_PACKAGE_PATH} /usr/local/cuda-11.5/bin/cmake /home/jason9308/robot_ws/src/tracer_ros2/tracer_base -DCMAKE_INSTALL_PREFIX=/home/jason9308/robot_ws/src/install/tracer_base
[0.161s] -- The C compiler identification is GNU 11.4.0
[0.277s] -- The CXX compiler identification is GNU 11.4.0
[0.289s] -- Detecting C compiler ABI info
[0.425s] -- Detecting C compiler ABI info - done
[0.439s] -- Check for working C compiler: /usr/local/cuda-11.5/bin/cc - skipped
[0.439s] -- Detecting C compile features
[0.440s] -- Detecting C compile features - done
[0.446s] -- Detecting CXX compiler ABI info
[0.612s] -- Detecting CXX compiler ABI info - done
[0.626s] -- Check for working CXX compiler: /usr/local/cuda-11.5/bin/c++ - skipped
[0.627s] -- Detecting CXX compile features
[0.628s] -- Detecting CXX compile features - done
[0.634s] -- Found ament_cmake: 1.3.11 (/opt/ros/humble/share/ament_cmake/cmake)
[1.020s] -- Found Python3: /usr/local/cuda-11.5/bin/python3 (found version "3.10.12") found components: Interpreter 
[1.370s] -- Found rclcpp: 16.0.11 (/opt/ros/humble/share/rclcpp/cmake)
[1.481s] -- Found rosidl_generator_c: 3.1.6 (/opt/ros/humble/share/rosidl_generator_c/cmake)
[1.495s] -- Found rosidl_adapter: 3.1.6 (/opt/ros/humble/share/rosidl_adapter/cmake)
[1.515s] -- Found rosidl_generator_cpp: 3.1.6 (/opt/ros/humble/share/rosidl_generator_cpp/cmake)
[1.562s] -- Using all available rosidl_typesupport_c: rosidl_typesupport_fastrtps_c;rosidl_typesupport_introspection_c
[1.609s] -- Using all available rosidl_typesupport_cpp: rosidl_typesupport_fastrtps_cpp;rosidl_typesupport_introspection_cpp
[1.788s] -- Found rmw_implementation_cmake: 6.1.2 (/opt/ros/humble/share/rmw_implementation_cmake/cmake)
[1.833s] -- Found rmw_fastrtps_cpp: 6.2.7 (/opt/ros/humble/share/rmw_fastrtps_cpp/cmake)
[2.308s] -- Found OpenSSL: /usr/lib/x86_64-linux-gnu/libcrypto.so (found version "3.0.2")  
[2.433s] -- Found FastRTPS: /opt/ros/humble/include  
[2.681s] -- Using RMW implementation 'rmw_fastrtps_cpp' as default
[2.706s] -- Looking for pthread.h
[2.966s] -- Looking for pthread.h - found
[2.966s] -- Performing Test CMAKE_HAVE_LIBC_PTHREAD
[3.217s] -- Performing Test CMAKE_HAVE_LIBC_PTHREAD - Success
[3.224s] -- Found Threads: TRUE  
[3.562s] -- Found geometry_msgs: 4.2.4 (/opt/ros/humble/share/geometry_msgs/cmake)
[3.610s] -- Found nav_msgs: 4.2.4 (/opt/ros/humble/share/nav_msgs/cmake)
[3.663s] -- Found sensor_msgs: 4.2.4 (/opt/ros/humble/share/sensor_msgs/cmake)
[3.747s] -- Found tf2: 0.25.12 (/opt/ros/humble/share/tf2/cmake)
[3.811s] -- Found tf2_ros: 0.25.12 (/opt/ros/humble/share/tf2_ros/cmake)
[4.188s] -- Found tf2_geometry_msgs: 0.25.12 (/opt/ros/humble/share/tf2_geometry_msgs/cmake)
[4.260s] -- Found eigen3_cmake_module: 0.1.1 (/opt/ros/humble/share/eigen3_cmake_module/cmake)
[4.262s] -- Found Eigen3: TRUE (found version "3.4.0") 
[4.263s] -- Ensuring Eigen3 include directory is part of orocos-kdl CMake target
[4.268s] -- Found tracer_msgs: 0.1.0 (/home/jason9308/robot_ws/src/install/tracer_msgs/share/tracer_msgs/cmake)
[4.328s] -- Found ament_lint_auto: 0.12.11 (/opt/ros/humble/share/ament_lint_auto/cmake)
[4.641s] -- Added test 'copyright' to check source files copyright and LICENSE
[4.646s] -- Added test 'cppcheck' to perform static code analysis on C / C++ code
[4.647s] -- Configured cppcheck include dirs: /home/jason9308/robot_ws/src/tracer_ros2/tracer_base/include
[4.647s] -- Configured cppcheck exclude dirs and/or files: 
[4.651s] -- Added test 'cpplint' to check C / C++ code against the Google style
[4.653s] -- Configured cpplint exclude dirs and/or files: 
[4.653s] -- Added test 'flake8' to check Python code syntax and style conventions
[4.655s] -- Added test 'lint_cmake' to check CMake code style
[4.659s] -- Added test 'pep257' to check Python code against some of the docstring style conventions in PEP 257
[4.666s] -- Added test 'uncrustify' to check C / C++ code style
[4.666s] -- Configured uncrustify additional arguments: 
[4.668s] -- Added test 'xmllint' to check XML markup files
[4.678s] -- Configuring done
[4.701s] -- Generating done
[4.713s] -- Build files have been written to: /home/jason9308/robot_ws/src/build/tracer_base
[4.752s] Invoked command in '/home/jason9308/robot_ws/src/build/tracer_base' returned '0': AMENT_PREFIX_PATH=/home/jason9308/robot_ws/src/install/tracer_msgs:${AMENT_PREFIX_PATH} CMAKE_PREFIX_PATH=/home/jason9308/robot_ws/install/xarm_simulation:/home/jason9308/robot_ws/install/write_pose:/home/jason9308/robot_ws/install/voice_control:/home/jason9308/robot_ws/install/uf_ros_lib:/home/jason9308/robot_ws/install/tm_simulation_node:/home/jason9308/robot_ws/install/tm_mod_urdf:/home/jason9308/robot_ws/install/tm_get_status:/home/jason9308/robot_ws/install/speech_recognition_pkg:/home/jason9308/robot_ws/install/my_2f85gripper_py:/home/jason9308/robot_ws/install/hand_detection:/home/jason9308/robot_ws/install/face_recognition:/home/jason9308/robot_ws/install/chatbot:/home/jason9308/robot_ws/install/calibration_cross:/opt/ros/humble:/home/jason9308/robot_ws/src/install/ugv_sdk:/home/jason9308/robot_ws/src/install/tracer_msgs:${CMAKE_PREFIX_PATH} LD_LIBRARY_PATH=/home/jason9308/robot_ws/src/install/tracer_msgs/lib:${LD_LIBRARY_PATH} PKG_CONFIG_PATH=/home/jason9308/robot_ws/src/install/ugv_sdk/lib/x86_64-linux-gnu/pkgconfig:/home/jason9308/robot_ws/src/install/ugv_sdk/lib/pkgconfig:${PKG_CONFIG_PATH} PYTHONPATH=/home/jason9308/robot_ws/src/install/tracer_msgs/local/lib/python3.10/dist-packages:${PYTHONPATH} ROS_PACKAGE_PATH=/home/jason9308/robot_ws/src/install/ugv_sdk/share:${ROS_PACKAGE_PATH} /usr/local/cuda-11.5/bin/cmake /home/jason9308/robot_ws/src/tracer_ros2/tracer_base -DCMAKE_INSTALL_PREFIX=/home/jason9308/robot_ws/src/install/tracer_base
[4.762s] Invoking command in '/home/jason9308/robot_ws/src/build/tracer_base': AMENT_PREFIX_PATH=/home/jason9308/robot_ws/src/install/tracer_msgs:${AMENT_PREFIX_PATH} CMAKE_PREFIX_PATH=/home/jason9308/robot_ws/install/xarm_simulation:/home/jason9308/robot_ws/install/write_pose:/home/jason9308/robot_ws/install/voice_control:/home/jason9308/robot_ws/install/uf_ros_lib:/home/jason9308/robot_ws/install/tm_simulation_node:/home/jason9308/robot_ws/install/tm_mod_urdf:/home/jason9308/robot_ws/install/tm_get_status:/home/jason9308/robot_ws/install/speech_recognition_pkg:/home/jason9308/robot_ws/install/my_2f85gripper_py:/home/jason9308/robot_ws/install/hand_detection:/home/jason9308/robot_ws/install/face_recognition:/home/jason9308/robot_ws/install/chatbot:/home/jason9308/robot_ws/install/calibration_cross:/opt/ros/humble:/home/jason9308/robot_ws/src/install/ugv_sdk:/home/jason9308/robot_ws/src/install/tracer_msgs:${CMAKE_PREFIX_PATH} LD_LIBRARY_PATH=/home/jason9308/robot_ws/src/install/tracer_msgs/lib:${LD_LIBRARY_PATH} PKG_CONFIG_PATH=/home/jason9308/robot_ws/src/install/ugv_sdk/lib/x86_64-linux-gnu/pkgconfig:/home/jason9308/robot_ws/src/install/ugv_sdk/lib/pkgconfig:${PKG_CONFIG_PATH} PYTHONPATH=/home/jason9308/robot_ws/src/install/tracer_msgs/local/lib/python3.10/dist-packages:${PYTHONPATH} ROS_PACKAGE_PATH=/home/jason9308/robot_ws/src/install/ugv_sdk/share:${ROS_PACKAGE_PATH} /usr/local/cuda-11.5/bin/cmake --build /home/jason9308/robot_ws/src/build/tracer_base -- -j20 -l20
[4.899s] [ 33%] [32mBuilding CXX object CMakeFiles/tracer_base_node.dir/src/tracer_base_ros.cpp.o[0m
[4.922s] [ 66%] [32mBuilding CXX object CMakeFiles/tracer_base_node.dir/src/tracer_base_node.cpp.o[0m
[31.209s] [100%] [32m[1mLinking CXX executable tracer_base_node[0m
[32.593s] [100%] Built target tracer_base_node
[32.630s] Invoked command in '/home/jason9308/robot_ws/src/build/tracer_base' returned '0': AMENT_PREFIX_PATH=/home/jason9308/robot_ws/src/install/tracer_msgs:${AMENT_PREFIX_PATH} CMAKE_PREFIX_PATH=/home/jason9308/robot_ws/install/xarm_simulation:/home/jason9308/robot_ws/install/write_pose:/home/jason9308/robot_ws/install/voice_control:/home/jason9308/robot_ws/install/uf_ros_lib:/home/jason9308/robot_ws/install/tm_simulation_node:/home/jason9308/robot_ws/install/tm_mod_urdf:/home/jason9308/robot_ws/install/tm_get_status:/home/jason9308/robot_ws/install/speech_recognition_pkg:/home/jason9308/robot_ws/install/my_2f85gripper_py:/home/jason9308/robot_ws/install/hand_detection:/home/jason9308/robot_ws/install/face_recognition:/home/jason9308/robot_ws/install/chatbot:/home/jason9308/robot_ws/install/calibration_cross:/opt/ros/humble:/home/jason9308/robot_ws/src/install/ugv_sdk:/home/jason9308/robot_ws/src/install/tracer_msgs:${CMAKE_PREFIX_PATH} LD_LIBRARY_PATH=/home/jason9308/robot_ws/src/install/tracer_msgs/lib:${LD_LIBRARY_PATH} PKG_CONFIG_PATH=/home/jason9308/robot_ws/src/install/ugv_sdk/lib/x86_64-linux-gnu/pkgconfig:/home/jason9308/robot_ws/src/install/ugv_sdk/lib/pkgconfig:${PKG_CONFIG_PATH} PYTHONPATH=/home/jason9308/robot_ws/src/install/tracer_msgs/local/lib/python3.10/dist-packages:${PYTHONPATH} ROS_PACKAGE_PATH=/home/jason9308/robot_ws/src/install/ugv_sdk/share:${ROS_PACKAGE_PATH} /usr/local/cuda-11.5/bin/cmake --build /home/jason9308/robot_ws/src/build/tracer_base -- -j20 -l20
[32.643s] Invoking command in '/home/jason9308/robot_ws/src/build/tracer_base': AMENT_PREFIX_PATH=/home/jason9308/robot_ws/src/install/tracer_msgs:${AMENT_PREFIX_PATH} CMAKE_PREFIX_PATH=/home/jason9308/robot_ws/install/xarm_simulation:/home/jason9308/robot_ws/install/write_pose:/home/jason9308/robot_ws/install/voice_control:/home/jason9308/robot_ws/install/uf_ros_lib:/home/jason9308/robot_ws/install/tm_simulation_node:/home/jason9308/robot_ws/install/tm_mod_urdf:/home/jason9308/robot_ws/install/tm_get_status:/home/jason9308/robot_ws/install/speech_recognition_pkg:/home/jason9308/robot_ws/install/my_2f85gripper_py:/home/jason9308/robot_ws/install/hand_detection:/home/jason9308/robot_ws/install/face_recognition:/home/jason9308/robot_ws/install/chatbot:/home/jason9308/robot_ws/install/calibration_cross:/opt/ros/humble:/home/jason9308/robot_ws/src/install/ugv_sdk:/home/jason9308/robot_ws/src/install/tracer_msgs:${CMAKE_PREFIX_PATH} LD_LIBRARY_PATH=/home/jason9308/robot_ws/src/install/tracer_msgs/lib:${LD_LIBRARY_PATH} PKG_CONFIG_PATH=/home/jason9308/robot_ws/src/install/ugv_sdk/lib/x86_64-linux-gnu/pkgconfig:/home/jason9308/robot_ws/src/install/ugv_sdk/lib/pkgconfig:${PKG_CONFIG_PATH} PYTHONPATH=/home/jason9308/robot_ws/src/install/tracer_msgs/local/lib/python3.10/dist-packages:${PYTHONPATH} ROS_PACKAGE_PATH=/home/jason9308/robot_ws/src/install/ugv_sdk/share:${ROS_PACKAGE_PATH} /usr/local/cuda-11.5/bin/cmake --install /home/jason9308/robot_ws/src/build/tracer_base
[32.665s] -- Install configuration: ""
[32.666s] -- Installing: /home/jason9308/robot_ws/src/install/tracer_base/lib/tracer_base/tracer_base_node
[32.674s] -- Set runtime path of "/home/jason9308/robot_ws/src/install/tracer_base/lib/tracer_base/tracer_base_node" to ""
[32.674s] -- Installing: /home/jason9308/robot_ws/src/install/tracer_base/share/tracer_base//launch
[32.676s] -- Installing: /home/jason9308/robot_ws/src/install/tracer_base/share/tracer_base//launch/tracer_mini_base.launch.py
[32.676s] -- Installing: /home/jason9308/robot_ws/src/install/tracer_base/share/tracer_base//launch/sensor.xml
[32.676s] -- Installing: /home/jason9308/robot_ws/src/install/tracer_base/share/tracer_base//launch/tracer_base.launch.py
[32.676s] -- Installing: /home/jason9308/robot_ws/src/install/tracer_base/share/tracer_base//launch/rtb.xml
[32.677s] -- Installing: /home/jason9308/robot_ws/src/install/tracer_base/share/tracer_base//launch/nav.xml
[32.677s] -- Installing: /home/jason9308/robot_ws/src/install/tracer_base/share/tracer_base//launch/amcl_nav.launch.py
[32.677s] -- Installing: /home/jason9308/robot_ws/src/install/tracer_base/share/ament_index/resource_index/package_run_dependencies/tracer_base
[32.677s] -- Installing: /home/jason9308/robot_ws/src/install/tracer_base/share/ament_index/resource_index/parent_prefix_path/tracer_base
[32.677s] -- Installing: /home/jason9308/robot_ws/src/install/tracer_base/share/tracer_base/environment/ament_prefix_path.sh
[32.678s] -- Installing: /home/jason9308/robot_ws/src/install/tracer_base/share/tracer_base/environment/ament_prefix_path.dsv
[32.678s] -- Installing: /home/jason9308/robot_ws/src/install/tracer_base/share/tracer_base/environment/path.sh
[32.679s] -- Installing: /home/jason9308/robot_ws/src/install/tracer_base/share/tracer_base/environment/path.dsv
[32.679s] -- Installing: /home/jason9308/robot_ws/src/install/tracer_base/share/tracer_base/local_setup.bash
[32.679s] -- Installing: /home/jason9308/robot_ws/src/install/tracer_base/share/tracer_base/local_setup.sh
[32.679s] -- Installing: /home/jason9308/robot_ws/src/install/tracer_base/share/tracer_base/local_setup.zsh
[32.680s] -- Installing: /home/jason9308/robot_ws/src/install/tracer_base/share/tracer_base/local_setup.dsv
[32.680s] -- Installing: /home/jason9308/robot_ws/src/install/tracer_base/share/tracer_base/package.dsv
[32.681s] -- Installing: /home/jason9308/robot_ws/src/install/tracer_base/share/ament_index/resource_index/packages/tracer_base
[32.681s] -- Installing: /home/jason9308/robot_ws/src/install/tracer_base/share/tracer_base/cmake/tracer_baseConfig.cmake
[32.681s] -- Installing: /home/jason9308/robot_ws/src/install/tracer_base/share/tracer_base/cmake/tracer_baseConfig-version.cmake
[32.681s] -- Installing: /home/jason9308/robot_ws/src/install/tracer_base/share/tracer_base/package.xml
[32.687s] Invoked command in '/home/jason9308/robot_ws/src/build/tracer_base' returned '0': AMENT_PREFIX_PATH=/home/jason9308/robot_ws/src/install/tracer_msgs:${AMENT_PREFIX_PATH} CMAKE_PREFIX_PATH=/home/jason9308/robot_ws/install/xarm_simulation:/home/jason9308/robot_ws/install/write_pose:/home/jason9308/robot_ws/install/voice_control:/home/jason9308/robot_ws/install/uf_ros_lib:/home/jason9308/robot_ws/install/tm_simulation_node:/home/jason9308/robot_ws/install/tm_mod_urdf:/home/jason9308/robot_ws/install/tm_get_status:/home/jason9308/robot_ws/install/speech_recognition_pkg:/home/jason9308/robot_ws/install/my_2f85gripper_py:/home/jason9308/robot_ws/install/hand_detection:/home/jason9308/robot_ws/install/face_recognition:/home/jason9308/robot_ws/install/chatbot:/home/jason9308/robot_ws/install/calibration_cross:/opt/ros/humble:/home/jason9308/robot_ws/src/install/ugv_sdk:/home/jason9308/robot_ws/src/install/tracer_msgs:${CMAKE_PREFIX_PATH} LD_LIBRARY_PATH=/home/jason9308/robot_ws/src/install/tracer_msgs/lib:${LD_LIBRARY_PATH} PKG_CONFIG_PATH=/home/jason9308/robot_ws/src/install/ugv_sdk/lib/x86_64-linux-gnu/pkgconfig:/home/jason9308/robot_ws/src/install/ugv_sdk/lib/pkgconfig:${PKG_CONFIG_PATH} PYTHONPATH=/home/jason9308/robot_ws/src/install/tracer_msgs/local/lib/python3.10/dist-packages:${PYTHONPATH} ROS_PACKAGE_PATH=/home/jason9308/robot_ws/src/install/ugv_sdk/share:${ROS_PACKAGE_PATH} /usr/local/cuda-11.5/bin/cmake --install /home/jason9308/robot_ws/src/build/tracer_base
