running egg_info
creating ../../../build/tm_simulation_node/tm_simulation_node.egg-info
writing ../../../build/tm_simulation_node/tm_simulation_node.egg-info/PKG-INFO
writing dependency_links to ../../../build/tm_simulation_node/tm_simulation_node.egg-info/dependency_links.txt
writing entry points to ../../../build/tm_simulation_node/tm_simulation_node.egg-info/entry_points.txt
writing requirements to ../../../build/tm_simulation_node/tm_simulation_node.egg-info/requires.txt
writing top-level names to ../../../build/tm_simulation_node/tm_simulation_node.egg-info/top_level.txt
writing manifest file '../../../build/tm_simulation_node/tm_simulation_node.egg-info/SOURCES.txt'
reading manifest file '../../../build/tm_simulation_node/tm_simulation_node.egg-info/SOURCES.txt'
writing manifest file '../../../build/tm_simulation_node/tm_simulation_node.egg-info/SOURCES.txt'
running build
running build_py
creating /home/jason9308/robot_ws/src/build/tm_simulation_node/build
creating /home/jason9308/robot_ws/src/build/tm_simulation_node/build/lib
creating /home/jason9308/robot_ws/src/build/tm_simulation_node/build/lib/tm_simulation_node
copying tm_simulation_node/control_joint_1to8.py -> /home/jason9308/robot_ws/src/build/tm_simulation_node/build/lib/tm_simulation_node
copying tm_simulation_node/__init__.py -> /home/jason9308/robot_ws/src/build/tm_simulation_node/build/lib/tm_simulation_node
copying tm_simulation_node/tm_simulation_node.py -> /home/jason9308/robot_ws/src/build/tm_simulation_node/build/lib/tm_simulation_node
running install
running install_lib
creating /home/jason9308/robot_ws/src/install/tm_simulation_node/lib/python3.10/site-packages/tm_simulation_node
copying /home/jason9308/robot_ws/src/build/tm_simulation_node/build/lib/tm_simulation_node/control_joint_1to8.py -> /home/jason9308/robot_ws/src/install/tm_simulation_node/lib/python3.10/site-packages/tm_simulation_node
copying /home/jason9308/robot_ws/src/build/tm_simulation_node/build/lib/tm_simulation_node/__init__.py -> /home/jason9308/robot_ws/src/install/tm_simulation_node/lib/python3.10/site-packages/tm_simulation_node
copying /home/jason9308/robot_ws/src/build/tm_simulation_node/build/lib/tm_simulation_node/tm_simulation_node.py -> /home/jason9308/robot_ws/src/install/tm_simulation_node/lib/python3.10/site-packages/tm_simulation_node
byte-compiling /home/jason9308/robot_ws/src/install/tm_simulation_node/lib/python3.10/site-packages/tm_simulation_node/control_joint_1to8.py to control_joint_1to8.cpython-310.pyc
byte-compiling /home/jason9308/robot_ws/src/install/tm_simulation_node/lib/python3.10/site-packages/tm_simulation_node/__init__.py to __init__.cpython-310.pyc
byte-compiling /home/jason9308/robot_ws/src/install/tm_simulation_node/lib/python3.10/site-packages/tm_simulation_node/tm_simulation_node.py to tm_simulation_node.cpython-310.pyc
running install_data
creating /home/jason9308/robot_ws/src/install/tm_simulation_node/share/ament_index
creating /home/jason9308/robot_ws/src/install/tm_simulation_node/share/ament_index/resource_index
creating /home/jason9308/robot_ws/src/install/tm_simulation_node/share/ament_index/resource_index/packages
copying resource/tm_simulation_node -> /home/jason9308/robot_ws/src/install/tm_simulation_node/share/ament_index/resource_index/packages
copying package.xml -> /home/jason9308/robot_ws/src/install/tm_simulation_node/share/tm_simulation_node
running install_egg_info
Copying ../../../build/tm_simulation_node/tm_simulation_node.egg-info to /home/jason9308/robot_ws/src/install/tm_simulation_node/lib/python3.10/site-packages/tm_simulation_node-0.0.0-py3.10.egg-info
running install_scripts
Installing tm_simulation_node script to /home/jason9308/robot_ws/src/install/tm_simulation_node/lib/tm_simulation_node
writing list of installed files to '/home/jason9308/robot_ws/src/build/tm_simulation_node/install.log'
