[1.963s] Invoking command in '/home/jason9308/robot_ws/src/build/mbot_demo': CMAKE_PREFIX_PATH=/home/jason9308/robot_ws/install/xarm_planner:/home/jason9308/robot_ws/install/xarm_moveit_servo:/home/jason9308/robot_ws/install/xarm_moveit_config:/home/jason9308/robot_ws/install/xarm_gazebo:/home/jason9308/robot_ws/install/xarm_controller:/home/jason9308/robot_ws/install/xarm_api:/home/jason9308/robot_ws/install/xarm_sdk:/home/jason9308/robot_ws/install/move_arm:/home/jason9308/robot_ws/install/medicine_grabber:/home/jason9308/robot_ws/install/lite6_handeye:/home/jason9308/robot_ws/install/json_file_watcher:/home/jason9308/robot_ws/install/aruco_grab:/home/jason9308/robot_ws/install/xarm_msgs:/home/jason9308/robot_ws/install/xarm_description:/home/jason9308/robot_ws/install/ui_for_debug_and_demo:/home/jason9308/robot_ws/install/tracer_base:/home/jason9308/robot_ws/install/xarm_simulation:/home/jason9308/robot_ws/install/write_pose:/home/jason9308/robot_ws/install/voice_control:/home/jason9308/robot_ws/install/uf_ros_lib:/home/jason9308/robot_ws/install/tm_simulation_node:/home/jason9308/robot_ws/install/tm_mod_urdf:/home/jason9308/robot_ws/install/tm_get_status:/home/jason9308/robot_ws/install/speech_recognition_pkg:/home/jason9308/robot_ws/install/my_2f85gripper_py:/home/jason9308/robot_ws/install/hand_detection:/home/jason9308/robot_ws/install/face_recognition:/home/jason9308/robot_ws/install/chatbot:/home/jason9308/robot_ws/install/calibration_cross:/opt/ros/humble:/home/jason9308/robot_ws/install/ugv_sdk:/home/jason9308/robot_ws/install/tracer_msgs:/home/jason9308/robot_ws/install/tm_driver:/home/jason9308/robot_ws/install/demo:/home/jason9308/robot_ws/install/tm_msgs:/home/jason9308/robot_ws/install/tm_description:/home/jason9308/robot_ws/install/custom_package:/home/jason9308/robot_ws/install/techman_robot_msgs:/home/jason9308/robot_ws/install/realsense_gazebo_plugin:/home/jason9308/robot_ws/install/navigation_server:/home/jason9308/robot_ws/install/navigation_interfaces:/home/jason9308/robot_ws/install/mbot_demo:/home/jason9308/robot_ws/install/lslidar_driver:/home/jason9308/robot_ws/install/lslidar_msgs:/home/jason9308/robot_ws/install/grpr2f85_ifaces:/home/jason9308/robot_ws/install/control_node /usr/local/cuda-11.5/bin/cmake /home/jason9308/robot_ws/src/xarm_ros2/demo/mbot_demo -DCMAKE_INSTALL_PREFIX=/home/jason9308/robot_ws/src/install/mbot_demo
[2.691s] -- The C compiler identification is GNU 11.4.0
[2.691s] -- The CXX compiler identification is GNU 11.4.0
[2.692s] -- Detecting C compiler ABI info
[2.692s] -- Detecting C compiler ABI info - done
[2.692s] -- Check for working C compiler: /usr/local/cuda-11.5/bin/cc - skipped
[2.692s] -- Detecting C compile features
[2.692s] -- Detecting C compile features - done
[2.692s] -- Detecting CXX compiler ABI info
[2.692s] -- Detecting CXX compiler ABI info - done
[2.692s] -- Check for working CXX compiler: /usr/local/cuda-11.5/bin/c++ - skipped
[2.692s] -- Detecting CXX compile features
[2.692s] -- Detecting CXX compile features - done
[2.693s] -- Found ament_cmake: 1.3.11 (/opt/ros/humble/share/ament_cmake/cmake)
[2.693s] -- Found Python3: /usr/local/cuda-11.5/bin/python3 (found version "3.10.12") found components: Interpreter 
[2.931s] -- Found ament_lint_auto: 0.12.11 (/opt/ros/humble/share/ament_lint_auto/cmake)
[3.448s] -- Added test 'copyright' to check source files copyright and LICENSE
[3.459s] -- Added test 'flake8' to check Python code syntax and style conventions
[3.462s] -- Added test 'lint_cmake' to check CMake code style
[3.469s] -- Added test 'pep257' to check Python code against some of the docstring style conventions in PEP 257
[3.476s] -- Added test 'xmllint' to check XML markup files
[3.487s] -- Configuring done
[3.495s] -- Generating done
[3.498s] -- Build files have been written to: /home/jason9308/robot_ws/src/build/mbot_demo
[3.539s] Invoked command in '/home/jason9308/robot_ws/src/build/mbot_demo' returned '0': CMAKE_PREFIX_PATH=/home/jason9308/robot_ws/install/xarm_planner:/home/jason9308/robot_ws/install/xarm_moveit_servo:/home/jason9308/robot_ws/install/xarm_moveit_config:/home/jason9308/robot_ws/install/xarm_gazebo:/home/jason9308/robot_ws/install/xarm_controller:/home/jason9308/robot_ws/install/xarm_api:/home/jason9308/robot_ws/install/xarm_sdk:/home/jason9308/robot_ws/install/move_arm:/home/jason9308/robot_ws/install/medicine_grabber:/home/jason9308/robot_ws/install/lite6_handeye:/home/jason9308/robot_ws/install/json_file_watcher:/home/jason9308/robot_ws/install/aruco_grab:/home/jason9308/robot_ws/install/xarm_msgs:/home/jason9308/robot_ws/install/xarm_description:/home/jason9308/robot_ws/install/ui_for_debug_and_demo:/home/jason9308/robot_ws/install/tracer_base:/home/jason9308/robot_ws/install/xarm_simulation:/home/jason9308/robot_ws/install/write_pose:/home/jason9308/robot_ws/install/voice_control:/home/jason9308/robot_ws/install/uf_ros_lib:/home/jason9308/robot_ws/install/tm_simulation_node:/home/jason9308/robot_ws/install/tm_mod_urdf:/home/jason9308/robot_ws/install/tm_get_status:/home/jason9308/robot_ws/install/speech_recognition_pkg:/home/jason9308/robot_ws/install/my_2f85gripper_py:/home/jason9308/robot_ws/install/hand_detection:/home/jason9308/robot_ws/install/face_recognition:/home/jason9308/robot_ws/install/chatbot:/home/jason9308/robot_ws/install/calibration_cross:/opt/ros/humble:/home/jason9308/robot_ws/install/ugv_sdk:/home/jason9308/robot_ws/install/tracer_msgs:/home/jason9308/robot_ws/install/tm_driver:/home/jason9308/robot_ws/install/demo:/home/jason9308/robot_ws/install/tm_msgs:/home/jason9308/robot_ws/install/tm_description:/home/jason9308/robot_ws/install/custom_package:/home/jason9308/robot_ws/install/techman_robot_msgs:/home/jason9308/robot_ws/install/realsense_gazebo_plugin:/home/jason9308/robot_ws/install/navigation_server:/home/jason9308/robot_ws/install/navigation_interfaces:/home/jason9308/robot_ws/install/mbot_demo:/home/jason9308/robot_ws/install/lslidar_driver:/home/jason9308/robot_ws/install/lslidar_msgs:/home/jason9308/robot_ws/install/grpr2f85_ifaces:/home/jason9308/robot_ws/install/control_node /usr/local/cuda-11.5/bin/cmake /home/jason9308/robot_ws/src/xarm_ros2/demo/mbot_demo -DCMAKE_INSTALL_PREFIX=/home/jason9308/robot_ws/src/install/mbot_demo
[3.540s] Invoking command in '/home/jason9308/robot_ws/src/build/mbot_demo': CMAKE_PREFIX_PATH=/home/jason9308/robot_ws/install/xarm_planner:/home/jason9308/robot_ws/install/xarm_moveit_servo:/home/jason9308/robot_ws/install/xarm_moveit_config:/home/jason9308/robot_ws/install/xarm_gazebo:/home/jason9308/robot_ws/install/xarm_controller:/home/jason9308/robot_ws/install/xarm_api:/home/jason9308/robot_ws/install/xarm_sdk:/home/jason9308/robot_ws/install/move_arm:/home/jason9308/robot_ws/install/medicine_grabber:/home/jason9308/robot_ws/install/lite6_handeye:/home/jason9308/robot_ws/install/json_file_watcher:/home/jason9308/robot_ws/install/aruco_grab:/home/jason9308/robot_ws/install/xarm_msgs:/home/jason9308/robot_ws/install/xarm_description:/home/jason9308/robot_ws/install/ui_for_debug_and_demo:/home/jason9308/robot_ws/install/tracer_base:/home/jason9308/robot_ws/install/xarm_simulation:/home/jason9308/robot_ws/install/write_pose:/home/jason9308/robot_ws/install/voice_control:/home/jason9308/robot_ws/install/uf_ros_lib:/home/jason9308/robot_ws/install/tm_simulation_node:/home/jason9308/robot_ws/install/tm_mod_urdf:/home/jason9308/robot_ws/install/tm_get_status:/home/jason9308/robot_ws/install/speech_recognition_pkg:/home/jason9308/robot_ws/install/my_2f85gripper_py:/home/jason9308/robot_ws/install/hand_detection:/home/jason9308/robot_ws/install/face_recognition:/home/jason9308/robot_ws/install/chatbot:/home/jason9308/robot_ws/install/calibration_cross:/opt/ros/humble:/home/jason9308/robot_ws/install/ugv_sdk:/home/jason9308/robot_ws/install/tracer_msgs:/home/jason9308/robot_ws/install/tm_driver:/home/jason9308/robot_ws/install/demo:/home/jason9308/robot_ws/install/tm_msgs:/home/jason9308/robot_ws/install/tm_description:/home/jason9308/robot_ws/install/custom_package:/home/jason9308/robot_ws/install/techman_robot_msgs:/home/jason9308/robot_ws/install/realsense_gazebo_plugin:/home/jason9308/robot_ws/install/navigation_server:/home/jason9308/robot_ws/install/navigation_interfaces:/home/jason9308/robot_ws/install/mbot_demo:/home/jason9308/robot_ws/install/lslidar_driver:/home/jason9308/robot_ws/install/lslidar_msgs:/home/jason9308/robot_ws/install/grpr2f85_ifaces:/home/jason9308/robot_ws/install/control_node /usr/local/cuda-11.5/bin/cmake --build /home/jason9308/robot_ws/src/build/mbot_demo -- -j20 -l20
[7.996s] Invoked command in '/home/jason9308/robot_ws/src/build/mbot_demo' returned '0': CMAKE_PREFIX_PATH=/home/jason9308/robot_ws/install/xarm_planner:/home/jason9308/robot_ws/install/xarm_moveit_servo:/home/jason9308/robot_ws/install/xarm_moveit_config:/home/jason9308/robot_ws/install/xarm_gazebo:/home/jason9308/robot_ws/install/xarm_controller:/home/jason9308/robot_ws/install/xarm_api:/home/jason9308/robot_ws/install/xarm_sdk:/home/jason9308/robot_ws/install/move_arm:/home/jason9308/robot_ws/install/medicine_grabber:/home/jason9308/robot_ws/install/lite6_handeye:/home/jason9308/robot_ws/install/json_file_watcher:/home/jason9308/robot_ws/install/aruco_grab:/home/jason9308/robot_ws/install/xarm_msgs:/home/jason9308/robot_ws/install/xarm_description:/home/jason9308/robot_ws/install/ui_for_debug_and_demo:/home/jason9308/robot_ws/install/tracer_base:/home/jason9308/robot_ws/install/xarm_simulation:/home/jason9308/robot_ws/install/write_pose:/home/jason9308/robot_ws/install/voice_control:/home/jason9308/robot_ws/install/uf_ros_lib:/home/jason9308/robot_ws/install/tm_simulation_node:/home/jason9308/robot_ws/install/tm_mod_urdf:/home/jason9308/robot_ws/install/tm_get_status:/home/jason9308/robot_ws/install/speech_recognition_pkg:/home/jason9308/robot_ws/install/my_2f85gripper_py:/home/jason9308/robot_ws/install/hand_detection:/home/jason9308/robot_ws/install/face_recognition:/home/jason9308/robot_ws/install/chatbot:/home/jason9308/robot_ws/install/calibration_cross:/opt/ros/humble:/home/jason9308/robot_ws/install/ugv_sdk:/home/jason9308/robot_ws/install/tracer_msgs:/home/jason9308/robot_ws/install/tm_driver:/home/jason9308/robot_ws/install/demo:/home/jason9308/robot_ws/install/tm_msgs:/home/jason9308/robot_ws/install/tm_description:/home/jason9308/robot_ws/install/custom_package:/home/jason9308/robot_ws/install/techman_robot_msgs:/home/jason9308/robot_ws/install/realsense_gazebo_plugin:/home/jason9308/robot_ws/install/navigation_server:/home/jason9308/robot_ws/install/navigation_interfaces:/home/jason9308/robot_ws/install/mbot_demo:/home/jason9308/robot_ws/install/lslidar_driver:/home/jason9308/robot_ws/install/lslidar_msgs:/home/jason9308/robot_ws/install/grpr2f85_ifaces:/home/jason9308/robot_ws/install/control_node /usr/local/cuda-11.5/bin/cmake --build /home/jason9308/robot_ws/src/build/mbot_demo -- -j20 -l20
[8.008s] Invoking command in '/home/jason9308/robot_ws/src/build/mbot_demo': CMAKE_PREFIX_PATH=/home/jason9308/robot_ws/install/xarm_planner:/home/jason9308/robot_ws/install/xarm_moveit_servo:/home/jason9308/robot_ws/install/xarm_moveit_config:/home/jason9308/robot_ws/install/xarm_gazebo:/home/jason9308/robot_ws/install/xarm_controller:/home/jason9308/robot_ws/install/xarm_api:/home/jason9308/robot_ws/install/xarm_sdk:/home/jason9308/robot_ws/install/move_arm:/home/jason9308/robot_ws/install/medicine_grabber:/home/jason9308/robot_ws/install/lite6_handeye:/home/jason9308/robot_ws/install/json_file_watcher:/home/jason9308/robot_ws/install/aruco_grab:/home/jason9308/robot_ws/install/xarm_msgs:/home/jason9308/robot_ws/install/xarm_description:/home/jason9308/robot_ws/install/ui_for_debug_and_demo:/home/jason9308/robot_ws/install/tracer_base:/home/jason9308/robot_ws/install/xarm_simulation:/home/jason9308/robot_ws/install/write_pose:/home/jason9308/robot_ws/install/voice_control:/home/jason9308/robot_ws/install/uf_ros_lib:/home/jason9308/robot_ws/install/tm_simulation_node:/home/jason9308/robot_ws/install/tm_mod_urdf:/home/jason9308/robot_ws/install/tm_get_status:/home/jason9308/robot_ws/install/speech_recognition_pkg:/home/jason9308/robot_ws/install/my_2f85gripper_py:/home/jason9308/robot_ws/install/hand_detection:/home/jason9308/robot_ws/install/face_recognition:/home/jason9308/robot_ws/install/chatbot:/home/jason9308/robot_ws/install/calibration_cross:/opt/ros/humble:/home/jason9308/robot_ws/install/ugv_sdk:/home/jason9308/robot_ws/install/tracer_msgs:/home/jason9308/robot_ws/install/tm_driver:/home/jason9308/robot_ws/install/demo:/home/jason9308/robot_ws/install/tm_msgs:/home/jason9308/robot_ws/install/tm_description:/home/jason9308/robot_ws/install/custom_package:/home/jason9308/robot_ws/install/techman_robot_msgs:/home/jason9308/robot_ws/install/realsense_gazebo_plugin:/home/jason9308/robot_ws/install/navigation_server:/home/jason9308/robot_ws/install/navigation_interfaces:/home/jason9308/robot_ws/install/mbot_demo:/home/jason9308/robot_ws/install/lslidar_driver:/home/jason9308/robot_ws/install/lslidar_msgs:/home/jason9308/robot_ws/install/grpr2f85_ifaces:/home/jason9308/robot_ws/install/control_node /usr/local/cuda-11.5/bin/cmake --install /home/jason9308/robot_ws/src/build/mbot_demo
[8.139s] -- Install configuration: ""
[8.139s] -- Installing: /home/jason9308/robot_ws/src/install/mbot_demo/share/mbot_demo//rviz
[8.140s] -- Installing: /home/jason9308/robot_ws/src/install/mbot_demo/share/mbot_demo//rviz/moveit.rviz
[8.140s] -- Installing: /home/jason9308/robot_ws/src/install/mbot_demo/share/mbot_demo//urdf
[8.140s] -- Installing: /home/jason9308/robot_ws/src/install/mbot_demo/share/mbot_demo//urdf/mbot_macro.xacro
[8.140s] -- Installing: /home/jason9308/robot_ws/src/install/mbot_demo/share/mbot_demo//urdf/mbot_with_xarm.urdf.xacro
[8.140s] -- Installing: /home/jason9308/robot_ws/src/install/mbot_demo/share/mbot_demo//urdf/mbot.ros2_control.xacro
[8.140s] -- Installing: /home/jason9308/robot_ws/src/install/mbot_demo/share/mbot_demo//urdf/mbot.urdf.xacro
[8.140s] -- Installing: /home/jason9308/robot_ws/src/install/mbot_demo/share/mbot_demo//urdf/mbot.gazebo.xacro
[8.140s] -- Installing: /home/jason9308/robot_ws/src/install/mbot_demo/share/mbot_demo//urdf/mbot.transmission.xacro
[8.140s] -- Installing: /home/jason9308/robot_ws/src/install/mbot_demo/share/mbot_demo//srdf
[8.140s] -- Installing: /home/jason9308/robot_ws/src/install/mbot_demo/share/mbot_demo//srdf/mbot_with_xarm.srdf.xacro
[8.140s] -- Installing: /home/jason9308/robot_ws/src/install/mbot_demo/share/mbot_demo//srdf/mbot_macro.srdf.xacro
[8.140s] -- Installing: /home/jason9308/robot_ws/src/install/mbot_demo/share/mbot_demo//config
[8.141s] -- Installing: /home/jason9308/robot_ws/src/install/mbot_demo/share/mbot_demo//config/controllers.yaml
[8.141s] -- Installing: /home/jason9308/robot_ws/src/install/mbot_demo/share/mbot_demo//config/kinematics.yaml
[8.141s] -- Installing: /home/jason9308/robot_ws/src/install/mbot_demo/share/mbot_demo//config/joint_limits.yaml
[8.141s] -- Installing: /home/jason9308/robot_ws/src/install/mbot_demo/share/mbot_demo//config/ros2_controllers.yaml
[8.141s] -- Installing: /home/jason9308/robot_ws/src/install/mbot_demo/share/mbot_demo//config/ompl_planning.yaml
[8.141s] -- Installing: /home/jason9308/robot_ws/src/install/mbot_demo/share/mbot_demo//worlds
[8.141s] -- Installing: /home/jason9308/robot_ws/src/install/mbot_demo/share/mbot_demo//worlds/empty.world
[8.141s] -- Installing: /home/jason9308/robot_ws/src/install/mbot_demo/share/mbot_demo//launch
[8.141s] -- Installing: /home/jason9308/robot_ws/src/install/mbot_demo/share/mbot_demo//launch/mbot_moveit_realmove.launch.py
[8.141s] -- Installing: /home/jason9308/robot_ws/src/install/mbot_demo/share/mbot_demo//launch/mbot_moveit_gazebo.launch.py
[8.141s] -- Installing: /home/jason9308/robot_ws/src/install/mbot_demo/share/mbot_demo//launch/_robot_on_mbot_gazebo.launch.py
[8.144s] -- Installing: /home/jason9308/robot_ws/src/install/mbot_demo/share/mbot_demo//launch/mbot_moveit_fake.launch.py
[8.149s] -- Installing: /home/jason9308/robot_ws/src/install/mbot_demo/share/ament_index/resource_index/package_run_dependencies/mbot_demo
[8.150s] -- Installing: /home/jason9308/robot_ws/src/install/mbot_demo/share/ament_index/resource_index/parent_prefix_path/mbot_demo
[8.150s] -- Installing: /home/jason9308/robot_ws/src/install/mbot_demo/share/mbot_demo/environment/ament_prefix_path.sh
[8.150s] -- Installing: /home/jason9308/robot_ws/src/install/mbot_demo/share/mbot_demo/environment/ament_prefix_path.dsv
[8.150s] -- Installing: /home/jason9308/robot_ws/src/install/mbot_demo/share/mbot_demo/environment/path.sh
[8.150s] -- Installing: /home/jason9308/robot_ws/src/install/mbot_demo/share/mbot_demo/environment/path.dsv
[8.150s] -- Installing: /home/jason9308/robot_ws/src/install/mbot_demo/share/mbot_demo/local_setup.bash
[8.150s] -- Installing: /home/jason9308/robot_ws/src/install/mbot_demo/share/mbot_demo/local_setup.sh
[8.150s] -- Installing: /home/jason9308/robot_ws/src/install/mbot_demo/share/mbot_demo/local_setup.zsh
[8.150s] -- Installing: /home/jason9308/robot_ws/src/install/mbot_demo/share/mbot_demo/local_setup.dsv
[8.151s] -- Installing: /home/jason9308/robot_ws/src/install/mbot_demo/share/mbot_demo/package.dsv
[8.151s] -- Installing: /home/jason9308/robot_ws/src/install/mbot_demo/share/ament_index/resource_index/packages/mbot_demo
[8.151s] -- Installing: /home/jason9308/robot_ws/src/install/mbot_demo/share/mbot_demo/cmake/mbot_demoConfig.cmake
[8.151s] -- Installing: /home/jason9308/robot_ws/src/install/mbot_demo/share/mbot_demo/cmake/mbot_demoConfig-version.cmake
[8.151s] -- Installing: /home/jason9308/robot_ws/src/install/mbot_demo/share/mbot_demo/package.xml
[8.267s] Invoked command in '/home/jason9308/robot_ws/src/build/mbot_demo' returned '0': CMAKE_PREFIX_PATH=/home/jason9308/robot_ws/install/xarm_planner:/home/jason9308/robot_ws/install/xarm_moveit_servo:/home/jason9308/robot_ws/install/xarm_moveit_config:/home/jason9308/robot_ws/install/xarm_gazebo:/home/jason9308/robot_ws/install/xarm_controller:/home/jason9308/robot_ws/install/xarm_api:/home/jason9308/robot_ws/install/xarm_sdk:/home/jason9308/robot_ws/install/move_arm:/home/jason9308/robot_ws/install/medicine_grabber:/home/jason9308/robot_ws/install/lite6_handeye:/home/jason9308/robot_ws/install/json_file_watcher:/home/jason9308/robot_ws/install/aruco_grab:/home/jason9308/robot_ws/install/xarm_msgs:/home/jason9308/robot_ws/install/xarm_description:/home/jason9308/robot_ws/install/ui_for_debug_and_demo:/home/jason9308/robot_ws/install/tracer_base:/home/jason9308/robot_ws/install/xarm_simulation:/home/jason9308/robot_ws/install/write_pose:/home/jason9308/robot_ws/install/voice_control:/home/jason9308/robot_ws/install/uf_ros_lib:/home/jason9308/robot_ws/install/tm_simulation_node:/home/jason9308/robot_ws/install/tm_mod_urdf:/home/jason9308/robot_ws/install/tm_get_status:/home/jason9308/robot_ws/install/speech_recognition_pkg:/home/jason9308/robot_ws/install/my_2f85gripper_py:/home/jason9308/robot_ws/install/hand_detection:/home/jason9308/robot_ws/install/face_recognition:/home/jason9308/robot_ws/install/chatbot:/home/jason9308/robot_ws/install/calibration_cross:/opt/ros/humble:/home/jason9308/robot_ws/install/ugv_sdk:/home/jason9308/robot_ws/install/tracer_msgs:/home/jason9308/robot_ws/install/tm_driver:/home/jason9308/robot_ws/install/demo:/home/jason9308/robot_ws/install/tm_msgs:/home/jason9308/robot_ws/install/tm_description:/home/jason9308/robot_ws/install/custom_package:/home/jason9308/robot_ws/install/techman_robot_msgs:/home/jason9308/robot_ws/install/realsense_gazebo_plugin:/home/jason9308/robot_ws/install/navigation_server:/home/jason9308/robot_ws/install/navigation_interfaces:/home/jason9308/robot_ws/install/mbot_demo:/home/jason9308/robot_ws/install/lslidar_driver:/home/jason9308/robot_ws/install/lslidar_msgs:/home/jason9308/robot_ws/install/grpr2f85_ifaces:/home/jason9308/robot_ws/install/control_node /usr/local/cuda-11.5/bin/cmake --install /home/jason9308/robot_ws/src/build/mbot_demo
