[8.109s] Invoking command in '/home/jason9308/robot_ws/src/xarm_ros2/uf_ros_lib': PYTHONPATH=/home/jason9308/robot_ws/src/build/uf_ros_lib/prefix_override:/usr/lib/python3/dist-packages/colcon_core/task/python/colcon_distutils_commands:/home/jason9308/robot_ws/src/install/uf_ros_lib/lib/python3.10/site-packages:${PYTHONPATH} /usr/bin/python3 -W ignore:setup.py install is deprecated -W ignore:easy_install command is deprecated setup.py egg_info --egg-base ../../build/uf_ros_lib build --build-base /home/jason9308/robot_ws/src/build/uf_ros_lib/build install --record /home/jason9308/robot_ws/src/build/uf_ros_lib/install.log --single-version-externally-managed install_data
[9.787s] running egg_info
[9.796s] creating ../../build/uf_ros_lib/uf_ros_lib.egg-info
[9.799s] writing ../../build/uf_ros_lib/uf_ros_lib.egg-info/PKG-INFO
[9.800s] writing dependency_links to ../../build/uf_ros_lib/uf_ros_lib.egg-info/dependency_links.txt
[9.801s] writing entry points to ../../build/uf_ros_lib/uf_ros_lib.egg-info/entry_points.txt
[9.807s] writing requirements to ../../build/uf_ros_lib/uf_ros_lib.egg-info/requires.txt
[9.808s] writing top-level names to ../../build/uf_ros_lib/uf_ros_lib.egg-info/top_level.txt
[9.808s] writing manifest file '../../build/uf_ros_lib/uf_ros_lib.egg-info/SOURCES.txt'
[9.817s] reading manifest file '../../build/uf_ros_lib/uf_ros_lib.egg-info/SOURCES.txt'
[9.817s] writing manifest file '../../build/uf_ros_lib/uf_ros_lib.egg-info/SOURCES.txt'
[9.817s] running build
[9.818s] running build_py
[9.818s] creating /home/jason9308/robot_ws/src/build/uf_ros_lib/build
[9.819s] creating /home/jason9308/robot_ws/src/build/uf_ros_lib/build/lib
[9.820s] creating /home/jason9308/robot_ws/src/build/uf_ros_lib/build/lib/uf_ros_lib
[9.822s] copying uf_ros_lib/__init__.py -> /home/jason9308/robot_ws/src/build/uf_ros_lib/build/lib/uf_ros_lib
[9.825s] copying uf_ros_lib/moveit_configs_builder.py -> /home/jason9308/robot_ws/src/build/uf_ros_lib/build/lib/uf_ros_lib
[9.829s] copying uf_ros_lib/uf_robot_utils.py -> /home/jason9308/robot_ws/src/build/uf_ros_lib/build/lib/uf_ros_lib
[9.830s] copying uf_ros_lib/parameter_descriptions.py -> /home/jason9308/robot_ws/src/build/uf_ros_lib/build/lib/uf_ros_lib
[9.832s] creating /home/jason9308/robot_ws/src/build/uf_ros_lib/build/lib/uf_ros_lib/substitutions
[9.832s] copying uf_ros_lib/substitutions/planning_pipelines.py -> /home/jason9308/robot_ws/src/build/uf_ros_lib/build/lib/uf_ros_lib/substitutions
[9.841s] copying uf_ros_lib/substitutions/kinematics.py -> /home/jason9308/robot_ws/src/build/uf_ros_lib/build/lib/uf_ros_lib/substitutions
[9.841s] copying uf_ros_lib/substitutions/controllers.py -> /home/jason9308/robot_ws/src/build/uf_ros_lib/build/lib/uf_ros_lib/substitutions
[9.841s] copying uf_ros_lib/substitutions/__init__.py -> /home/jason9308/robot_ws/src/build/uf_ros_lib/build/lib/uf_ros_lib/substitutions
[9.841s] copying uf_ros_lib/substitutions/joint_limits.py -> /home/jason9308/robot_ws/src/build/uf_ros_lib/build/lib/uf_ros_lib/substitutions
[9.841s] copying uf_ros_lib/substitutions/common.py -> /home/jason9308/robot_ws/src/build/uf_ros_lib/build/lib/uf_ros_lib/substitutions
[9.844s] running install
[9.846s] running install_lib
[9.854s] creating /home/jason9308/robot_ws/src/install/uf_ros_lib/lib/python3.10/site-packages/uf_ros_lib
[9.854s] creating /home/jason9308/robot_ws/src/install/uf_ros_lib/lib/python3.10/site-packages/uf_ros_lib/substitutions
[9.854s] copying /home/jason9308/robot_ws/src/build/uf_ros_lib/build/lib/uf_ros_lib/substitutions/planning_pipelines.py -> /home/jason9308/robot_ws/src/install/uf_ros_lib/lib/python3.10/site-packages/uf_ros_lib/substitutions
[9.854s] copying /home/jason9308/robot_ws/src/build/uf_ros_lib/build/lib/uf_ros_lib/substitutions/kinematics.py -> /home/jason9308/robot_ws/src/install/uf_ros_lib/lib/python3.10/site-packages/uf_ros_lib/substitutions
[9.854s] copying /home/jason9308/robot_ws/src/build/uf_ros_lib/build/lib/uf_ros_lib/substitutions/controllers.py -> /home/jason9308/robot_ws/src/install/uf_ros_lib/lib/python3.10/site-packages/uf_ros_lib/substitutions
[9.854s] copying /home/jason9308/robot_ws/src/build/uf_ros_lib/build/lib/uf_ros_lib/substitutions/__init__.py -> /home/jason9308/robot_ws/src/install/uf_ros_lib/lib/python3.10/site-packages/uf_ros_lib/substitutions
[9.854s] copying /home/jason9308/robot_ws/src/build/uf_ros_lib/build/lib/uf_ros_lib/substitutions/joint_limits.py -> /home/jason9308/robot_ws/src/install/uf_ros_lib/lib/python3.10/site-packages/uf_ros_lib/substitutions
[9.854s] copying /home/jason9308/robot_ws/src/build/uf_ros_lib/build/lib/uf_ros_lib/substitutions/common.py -> /home/jason9308/robot_ws/src/install/uf_ros_lib/lib/python3.10/site-packages/uf_ros_lib/substitutions
[9.854s] copying /home/jason9308/robot_ws/src/build/uf_ros_lib/build/lib/uf_ros_lib/__init__.py -> /home/jason9308/robot_ws/src/install/uf_ros_lib/lib/python3.10/site-packages/uf_ros_lib
[9.854s] copying /home/jason9308/robot_ws/src/build/uf_ros_lib/build/lib/uf_ros_lib/moveit_configs_builder.py -> /home/jason9308/robot_ws/src/install/uf_ros_lib/lib/python3.10/site-packages/uf_ros_lib
[9.855s] copying /home/jason9308/robot_ws/src/build/uf_ros_lib/build/lib/uf_ros_lib/uf_robot_utils.py -> /home/jason9308/robot_ws/src/install/uf_ros_lib/lib/python3.10/site-packages/uf_ros_lib
[9.855s] copying /home/jason9308/robot_ws/src/build/uf_ros_lib/build/lib/uf_ros_lib/parameter_descriptions.py -> /home/jason9308/robot_ws/src/install/uf_ros_lib/lib/python3.10/site-packages/uf_ros_lib
[9.861s] byte-compiling /home/jason9308/robot_ws/src/install/uf_ros_lib/lib/python3.10/site-packages/uf_ros_lib/substitutions/planning_pipelines.py to planning_pipelines.cpython-310.pyc
[9.866s] byte-compiling /home/jason9308/robot_ws/src/install/uf_ros_lib/lib/python3.10/site-packages/uf_ros_lib/substitutions/kinematics.py to kinematics.cpython-310.pyc
[9.869s] byte-compiling /home/jason9308/robot_ws/src/install/uf_ros_lib/lib/python3.10/site-packages/uf_ros_lib/substitutions/controllers.py to controllers.cpython-310.pyc
[9.875s] byte-compiling /home/jason9308/robot_ws/src/install/uf_ros_lib/lib/python3.10/site-packages/uf_ros_lib/substitutions/__init__.py to __init__.cpython-310.pyc
[9.879s] byte-compiling /home/jason9308/robot_ws/src/install/uf_ros_lib/lib/python3.10/site-packages/uf_ros_lib/substitutions/joint_limits.py to joint_limits.cpython-310.pyc
[9.881s] byte-compiling /home/jason9308/robot_ws/src/install/uf_ros_lib/lib/python3.10/site-packages/uf_ros_lib/substitutions/common.py to common.cpython-310.pyc
[9.884s] byte-compiling /home/jason9308/robot_ws/src/install/uf_ros_lib/lib/python3.10/site-packages/uf_ros_lib/__init__.py to __init__.cpython-310.pyc
[9.886s] byte-compiling /home/jason9308/robot_ws/src/install/uf_ros_lib/lib/python3.10/site-packages/uf_ros_lib/moveit_configs_builder.py to moveit_configs_builder.cpython-310.pyc
[9.926s] byte-compiling /home/jason9308/robot_ws/src/install/uf_ros_lib/lib/python3.10/site-packages/uf_ros_lib/uf_robot_utils.py to uf_robot_utils.cpython-310.pyc
[9.927s] byte-compiling /home/jason9308/robot_ws/src/install/uf_ros_lib/lib/python3.10/site-packages/uf_ros_lib/parameter_descriptions.py to parameter_descriptions.cpython-310.pyc
[9.928s] running install_data
[9.933s] creating /home/jason9308/robot_ws/src/install/uf_ros_lib/share/ament_index
[9.933s] creating /home/jason9308/robot_ws/src/install/uf_ros_lib/share/ament_index/resource_index
[9.933s] creating /home/jason9308/robot_ws/src/install/uf_ros_lib/share/ament_index/resource_index/packages
[9.933s] copying resource/uf_ros_lib -> /home/jason9308/robot_ws/src/install/uf_ros_lib/share/ament_index/resource_index/packages
[9.935s] copying package.xml -> /home/jason9308/robot_ws/src/install/uf_ros_lib/share/uf_ros_lib
[9.935s] running install_egg_info
[9.937s] Copying ../../build/uf_ros_lib/uf_ros_lib.egg-info to /home/jason9308/robot_ws/src/install/uf_ros_lib/lib/python3.10/site-packages/uf_ros_lib-0.0.0-py3.10.egg-info
[9.939s] running install_scripts
[10.030s] writing list of installed files to '/home/jason9308/robot_ws/src/build/uf_ros_lib/install.log'
[10.281s] Invoked command in '/home/jason9308/robot_ws/src/xarm_ros2/uf_ros_lib' returned '0': PYTHONPATH=/home/jason9308/robot_ws/src/build/uf_ros_lib/prefix_override:/usr/lib/python3/dist-packages/colcon_core/task/python/colcon_distutils_commands:/home/jason9308/robot_ws/src/install/uf_ros_lib/lib/python3.10/site-packages:${PYTHONPATH} /usr/bin/python3 -W ignore:setup.py install is deprecated -W ignore:easy_install command is deprecated setup.py egg_info --egg-base ../../build/uf_ros_lib build --build-base /home/jason9308/robot_ws/src/build/uf_ros_lib/build install --record /home/jason9308/robot_ws/src/build/uf_ros_lib/install.log --single-version-externally-managed install_data
