running egg_info
creating ../build/speech_recognition_pkg/speech_recognition_pkg.egg-info
writing ../build/speech_recognition_pkg/speech_recognition_pkg.egg-info/PKG-INFO
writing dependency_links to ../build/speech_recognition_pkg/speech_recognition_pkg.egg-info/dependency_links.txt
writing entry points to ../build/speech_recognition_pkg/speech_recognition_pkg.egg-info/entry_points.txt
writing requirements to ../build/speech_recognition_pkg/speech_recognition_pkg.egg-info/requires.txt
writing top-level names to ../build/speech_recognition_pkg/speech_recognition_pkg.egg-info/top_level.txt
writing manifest file '../build/speech_recognition_pkg/speech_recognition_pkg.egg-info/SOURCES.txt'
reading manifest file '../build/speech_recognition_pkg/speech_recognition_pkg.egg-info/SOURCES.txt'
writing manifest file '../build/speech_recognition_pkg/speech_recognition_pkg.egg-info/SOURCES.txt'
running build
running build_py
creating /home/jason9308/robot_ws/src/build/speech_recognition_pkg/build
creating /home/jason9308/robot_ws/src/build/speech_recognition_pkg/build/lib
creating /home/jason9308/robot_ws/src/build/speech_recognition_pkg/build/lib/speech_recognition_pkg
copying speech_recognition_pkg/__init__.py -> /home/jason9308/robot_ws/src/build/speech_recognition_pkg/build/lib/speech_recognition_pkg
copying speech_recognition_pkg/speech_recognition.py -> /home/jason9308/robot_ws/src/build/speech_recognition_pkg/build/lib/speech_recognition_pkg
running install
running install_lib
creating /home/jason9308/robot_ws/src/install/speech_recognition_pkg/lib/python3.10/site-packages/speech_recognition_pkg
copying /home/jason9308/robot_ws/src/build/speech_recognition_pkg/build/lib/speech_recognition_pkg/__init__.py -> /home/jason9308/robot_ws/src/install/speech_recognition_pkg/lib/python3.10/site-packages/speech_recognition_pkg
copying /home/jason9308/robot_ws/src/build/speech_recognition_pkg/build/lib/speech_recognition_pkg/speech_recognition.py -> /home/jason9308/robot_ws/src/install/speech_recognition_pkg/lib/python3.10/site-packages/speech_recognition_pkg
byte-compiling /home/jason9308/robot_ws/src/install/speech_recognition_pkg/lib/python3.10/site-packages/speech_recognition_pkg/__init__.py to __init__.cpython-310.pyc
byte-compiling /home/jason9308/robot_ws/src/install/speech_recognition_pkg/lib/python3.10/site-packages/speech_recognition_pkg/speech_recognition.py to speech_recognition.cpython-310.pyc
running install_data
creating /home/jason9308/robot_ws/src/install/speech_recognition_pkg/share/ament_index
creating /home/jason9308/robot_ws/src/install/speech_recognition_pkg/share/ament_index/resource_index
creating /home/jason9308/robot_ws/src/install/speech_recognition_pkg/share/ament_index/resource_index/packages
copying resource/speech_recognition_pkg -> /home/jason9308/robot_ws/src/install/speech_recognition_pkg/share/ament_index/resource_index/packages
copying package.xml -> /home/jason9308/robot_ws/src/install/speech_recognition_pkg/share/speech_recognition_pkg
running install_egg_info
Copying ../build/speech_recognition_pkg/speech_recognition_pkg.egg-info to /home/jason9308/robot_ws/src/install/speech_recognition_pkg/lib/python3.10/site-packages/speech_recognition_pkg-0.0.0-py3.10.egg-info
running install_scripts
Installing speech_recognition script to /home/jason9308/robot_ws/src/install/speech_recognition_pkg/lib/speech_recognition_pkg
writing list of installed files to '/home/jason9308/robot_ws/src/build/speech_recognition_pkg/install.log'
