[5.920s] Invoking command in '/home/jason9308/robot_ws/src/voice_control': PYTHONPATH=/home/jason9308/robot_ws/src/build/voice_control/prefix_override:/usr/lib/python3/dist-packages/colcon_core/task/python/colcon_distutils_commands:/home/jason9308/robot_ws/src/install/voice_control/lib/python3.10/site-packages:${PYTHONPATH} /usr/bin/python3 -W ignore:setup.py install is deprecated -W ignore:easy_install command is deprecated setup.py egg_info --egg-base ../build/voice_control build --build-base /home/jason9308/robot_ws/src/build/voice_control/build install --record /home/jason9308/robot_ws/src/build/voice_control/install.log --single-version-externally-managed install_data
[6.703s] running egg_info
[6.704s] creating ../build/voice_control/voice_control.egg-info
[6.704s] writing ../build/voice_control/voice_control.egg-info/PKG-INFO
[6.705s] writing dependency_links to ../build/voice_control/voice_control.egg-info/dependency_links.txt
[6.705s] writing entry points to ../build/voice_control/voice_control.egg-info/entry_points.txt
[6.707s] writing requirements to ../build/voice_control/voice_control.egg-info/requires.txt
[6.707s] writing top-level names to ../build/voice_control/voice_control.egg-info/top_level.txt
[6.707s] writing manifest file '../build/voice_control/voice_control.egg-info/SOURCES.txt'
[6.709s] reading manifest file '../build/voice_control/voice_control.egg-info/SOURCES.txt'
[6.710s] writing manifest file '../build/voice_control/voice_control.egg-info/SOURCES.txt'
[6.710s] running build
[6.710s] running build_py
[6.711s] creating /home/jason9308/robot_ws/src/build/voice_control/build
[6.711s] creating /home/jason9308/robot_ws/src/build/voice_control/build/lib
[6.711s] creating /home/jason9308/robot_ws/src/build/voice_control/build/lib/voice_control
[6.711s] copying voice_control/__init__.py -> /home/jason9308/robot_ws/src/build/voice_control/build/lib/voice_control
[6.711s] copying voice_control/voice_control.py -> /home/jason9308/robot_ws/src/build/voice_control/build/lib/voice_control
[6.711s] running install
[6.712s] running install_lib
[6.713s] creating /home/jason9308/robot_ws/src/install/voice_control/lib/python3.10/site-packages/voice_control
[6.716s] copying /home/jason9308/robot_ws/src/build/voice_control/build/lib/voice_control/__init__.py -> /home/jason9308/robot_ws/src/install/voice_control/lib/python3.10/site-packages/voice_control
[6.716s] copying /home/jason9308/robot_ws/src/build/voice_control/build/lib/voice_control/voice_control.py -> /home/jason9308/robot_ws/src/install/voice_control/lib/python3.10/site-packages/voice_control
[6.716s] byte-compiling /home/jason9308/robot_ws/src/install/voice_control/lib/python3.10/site-packages/voice_control/__init__.py to __init__.cpython-310.pyc
[6.716s] byte-compiling /home/jason9308/robot_ws/src/install/voice_control/lib/python3.10/site-packages/voice_control/voice_control.py to voice_control.cpython-310.pyc
[6.721s] running install_data
[6.721s] creating /home/jason9308/robot_ws/src/install/voice_control/share/ament_index
[6.721s] creating /home/jason9308/robot_ws/src/install/voice_control/share/ament_index/resource_index
[6.721s] creating /home/jason9308/robot_ws/src/install/voice_control/share/ament_index/resource_index/packages
[6.722s] copying resource/voice_control -> /home/jason9308/robot_ws/src/install/voice_control/share/ament_index/resource_index/packages
[6.722s] copying package.xml -> /home/jason9308/robot_ws/src/install/voice_control/share/voice_control
[6.722s] running install_egg_info
[6.726s] Copying ../build/voice_control/voice_control.egg-info to /home/jason9308/robot_ws/src/install/voice_control/lib/python3.10/site-packages/voice_control-0.0.0-py3.10.egg-info
[6.727s] running install_scripts
[6.773s] Installing voice_control script to /home/jason9308/robot_ws/src/install/voice_control/lib/voice_control
[6.774s] writing list of installed files to '/home/jason9308/robot_ws/src/build/voice_control/install.log'
[6.829s] Invoked command in '/home/jason9308/robot_ws/src/voice_control' returned '0': PYTHONPATH=/home/jason9308/robot_ws/src/build/voice_control/prefix_override:/usr/lib/python3/dist-packages/colcon_core/task/python/colcon_distutils_commands:/home/jason9308/robot_ws/src/install/voice_control/lib/python3.10/site-packages:${PYTHONPATH} /usr/bin/python3 -W ignore:setup.py install is deprecated -W ignore:easy_install command is deprecated setup.py egg_info --egg-base ../build/voice_control build --build-base /home/jason9308/robot_ws/src/build/voice_control/build install --record /home/jason9308/robot_ws/src/build/voice_control/install.log --single-version-externally-managed install_data
