-- The C compiler identification is GNU 11.4.0
-- The CXX compiler identification is GNU 11.4.0
-- Detecting C compiler ABI info
-- Detecting C compiler ABI info - done
-- Check for working C compiler: /usr/local/cuda-11.5/bin/cc - skipped
-- Detecting C compile features
-- Detecting C compile features - done
-- Detecting CXX compiler ABI info
-- Detecting CXX compiler ABI info - done
-- Check for working CXX compiler: /usr/local/cuda-11.5/bin/c++ - skipped
-- Detecting CXX compile features
-- Detecting CXX compile features - done
-- Found ament_cmake: 1.3.11 (/opt/ros/humble/share/ament_cmake/cmake)
-- Found Python3: /usr/local/cuda-11.5/bin/python3 (found version "3.10.12") found components: Interpreter 
-- Found rclcpp: 16.0.11 (/opt/ros/humble/share/rclcpp/cmake)
-- Found rosidl_generator_c: 3.1.6 (/opt/ros/humble/share/rosidl_generator_c/cmake)
-- Found rosidl_adapter: 3.1.6 (/opt/ros/humble/share/rosidl_adapter/cmake)
-- Found rosidl_generator_cpp: 3.1.6 (/opt/ros/humble/share/rosidl_generator_cpp/cmake)
-- Using all available rosidl_typesupport_c: rosidl_typesupport_fastrtps_c;rosidl_typesupport_introspection_c
-- Using all available rosidl_typesupport_cpp: rosidl_typesupport_fastrtps_cpp;rosidl_typesupport_introspection_cpp
-- Found rmw_implementation_cmake: 6.1.2 (/opt/ros/humble/share/rmw_implementation_cmake/cmake)
-- Found rmw_fastrtps_cpp: 6.2.7 (/opt/ros/humble/share/rmw_fastrtps_cpp/cmake)
-- Found OpenSSL: /usr/lib/x86_64-linux-gnu/libcrypto.so (found version "3.0.2")  
-- Found FastRTPS: /opt/ros/humble/include  
-- Using RMW implementation 'rmw_fastrtps_cpp' as default
-- Looking for pthread.h
-- Looking for pthread.h - found
-- Performing Test CMAKE_HAVE_LIBC_PTHREAD
-- Performing Test CMAKE_HAVE_LIBC_PTHREAD - Success
-- Found Threads: TRUE  
-- Found sensor_msgs: 4.2.4 (/opt/ros/humble/share/sensor_msgs/cmake)
-- Found tm_msgs: 1.1.2 (/home/jason9308/robot_ws/src/install/tm_msgs/share/tm_msgs/cmake)
-- Found tf2_geometry_msgs: 0.25.12 (/opt/ros/humble/share/tf2_geometry_msgs/cmake)
-- Found eigen3_cmake_module: 0.1.1 (/opt/ros/humble/share/eigen3_cmake_module/cmake)
-- Found Eigen3: TRUE (found version "3.4.0") 
-- Ensuring Eigen3 include directory is part of orocos-kdl CMake target
-- Found Boost: /usr/local/cuda-11.5/lib/x86_64-linux-gnu/cmake/Boost-1.74.0/BoostConfig.cmake (found version "1.74.0") found components: date_time filesystem program_options system thread 
-- Found Boost: /usr/local/cuda-11.5/lib/x86_64-linux-gnu/cmake/Boost-1.74.0/BoostConfig.cmake (found version "1.74.0") found components: chrono date_time filesystem iostreams program_options regex serialization system thread 
-- Found parameter_traits: 0.4.0 (/opt/ros/humble/share/parameter_traits/cmake)
-- Found rclcpp_lifecycle: 16.0.11 (/opt/ros/humble/share/rclcpp_lifecycle/cmake)
-- Found Boost: /usr/local/cuda-11.5/lib/x86_64-linux-gnu/cmake/Boost-1.74.0/BoostConfig.cmake (found version "1.74.0") found components: filesystem 
-- library: /usr/lib/x86_64-linux-gnu/libcurl.so
-- Found Boost: /usr/local/cuda-11.5/lib/x86_64-linux-gnu/cmake/Boost-1.74.0/BoostConfig.cmake (found version "1.74.0") found components: system filesystem date_time program_options thread chrono 
-- Found Boost: /usr/local/cuda-11.5/lib/x86_64-linux-gnu/cmake/Boost-1.74.0/BoostConfig.cmake (found version "1.74.0") found components: thread system filesystem regex date_time program_options 
-- Found Boost: /usr/local/cuda-11.5/lib/x86_64-linux-gnu/cmake/Boost-1.74.0/BoostConfig.cmake (found version "1.74.0") found components: system filesystem date_time program_options thread 
-- Found control_msgs: 4.7.0 (/opt/ros/humble/share/control_msgs/cmake)
-- Found ament_lint_auto: 0.12.11 (/opt/ros/humble/share/ament_lint_auto/cmake)
-- Added test 'copyright' to check source files copyright and LICENSE
-- Added test 'cppcheck' to perform static code analysis on C / C++ code
-- Configured cppcheck include dirs: /home/jason9308/robot_ws/src/tmr_ros2/tm_driver/include
-- Configured cppcheck exclude dirs and/or files: 
-- Added test 'cpplint' to check C / C++ code against the Google style
-- Configured cpplint exclude dirs and/or files: 
-- Added test 'flake8' to check Python code syntax and style conventions
-- Added test 'lint_cmake' to check CMake code style
-- Added test 'pep257' to check Python code against some of the docstring style conventions in PEP 257
-- Added test 'uncrustify' to check C / C++ code style
-- Configured uncrustify additional arguments: 
-- Added test 'xmllint' to check XML markup files
-- Configuring done
-- Generating done
-- Build files have been written to: /home/jason9308/robot_ws/src/build/tm_driver
[  5%] [32mBuilding CXX object CMakeFiles/tm_driver.dir/src/tm_ros2_composition_moveit.cpp.o[0m
[ 10%] [32mBuilding CXX object CMakeFiles/tm_driver.dir/src/tm_ros2_movit_sct.cpp.o[0m
[ 15%] [32mBuilding CXX object CMakeFiles/tm_driver.dir/src/tm_ethernet_slave_connect.cpp.o[0m
[ 20%] [32mBuilding CXX object CMakeFiles/tm_driver.dir/src/tm_listen_node_connect.cpp.o[0m
[ 25%] [32mBuilding CXX object CMakeFiles/tm_driver.dir/src/tm_print.cpp.o[0m
[ 30%] [32mBuilding CXX object CMakeFiles/tm_driver.dir/src/tm_driver_utilities.cpp.o[0m
[ 35%] [32mBuilding CXX object CMakeFiles/tm_driver.dir/src/tm_packet.cpp.o[0m
[ 40%] [32mBuilding CXX object CMakeFiles/tm_driver.dir/src/tm_robot_state.cpp.o[0m
[ 45%] [32mBuilding CXX object CMakeFiles/tm_driver.dir/src/tm_communication.cpp.o[0m
[ 50%] [32mBuilding CXX object CMakeFiles/tm_driver.dir/src/tm_svr_communication.cpp.o[0m
[ 55%] [32mBuilding CXX object CMakeFiles/tm_driver.dir/src/tm_command.cpp.o[0m
[ 60%] [32mBuilding CXX object CMakeFiles/tm_driver.dir/src/tm_ros2_svr.cpp.o[0m
[ 65%] [32mBuilding CXX object CMakeFiles/tm_driver.dir/src/tm_sct_communication.cpp.o[0m
[ 70%] [32mBuilding CXX object CMakeFiles/tm_driver.dir/src/tm_driver.cpp.o[0m
[ 75%] [32mBuilding CXX object CMakeFiles/tm_driver.dir/src/tm_ros2_sct.cpp.o[0m
[ 80%] [32m[1mLinking CXX executable tm_driver[0m
[ 80%] Built target tm_driver
[ 85%] [32mBuilding CXX object CMakeFiles/keyboard_control.dir/src/keyboard_control.cpp.o[0m
[ 90%] [32mBuilding CXX object CMakeFiles/keyboard_control_PTP_T.dir/src/keyboard_control_PTP_T.cpp.o[0m
[ 95%] [32m[1mLinking CXX executable keyboard_control[0m
[ 95%] Built target keyboard_control
[100%] [32m[1mLinking CXX executable keyboard_control_PTP_T[0m
[100%] Built target keyboard_control_PTP_T
-- Install configuration: ""
-- Installing: /home/jason9308/robot_ws/src/install/tm_driver/lib/tm_driver/tm_driver
-- Set runtime path of "/home/jason9308/robot_ws/src/install/tm_driver/lib/tm_driver/tm_driver" to ""
-- Installing: /home/jason9308/robot_ws/src/install/tm_driver/lib/tm_driver/keyboard_control
-- Set runtime path of "/home/jason9308/robot_ws/src/install/tm_driver/lib/tm_driver/keyboard_control" to ""
-- Up-to-date: /home/jason9308/robot_ws/src/install/tm_driver/lib/tm_driver/tm_driver
-- Installing: /home/jason9308/robot_ws/src/install/tm_driver/lib/tm_driver/keyboard_control_PTP_T
-- Set runtime path of "/home/jason9308/robot_ws/src/install/tm_driver/lib/tm_driver/keyboard_control_PTP_T" to ""
-- Installing: /home/jason9308/robot_ws/src/install/tm_driver/share/tm_driver/launch
-- Installing: /home/jason9308/robot_ws/src/install/tm_driver/share/tm_driver/launch/tm_bringup.launch.py
-- Installing: /home/jason9308/robot_ws/src/install/tm_driver/share/ament_index/resource_index/package_run_dependencies/tm_driver
-- Installing: /home/jason9308/robot_ws/src/install/tm_driver/share/ament_index/resource_index/parent_prefix_path/tm_driver
-- Installing: /home/jason9308/robot_ws/src/install/tm_driver/share/tm_driver/environment/ament_prefix_path.sh
-- Installing: /home/jason9308/robot_ws/src/install/tm_driver/share/tm_driver/environment/ament_prefix_path.dsv
-- Installing: /home/jason9308/robot_ws/src/install/tm_driver/share/tm_driver/environment/path.sh
-- Installing: /home/jason9308/robot_ws/src/install/tm_driver/share/tm_driver/environment/path.dsv
-- Installing: /home/jason9308/robot_ws/src/install/tm_driver/share/tm_driver/local_setup.bash
-- Installing: /home/jason9308/robot_ws/src/install/tm_driver/share/tm_driver/local_setup.sh
-- Installing: /home/jason9308/robot_ws/src/install/tm_driver/share/tm_driver/local_setup.zsh
-- Installing: /home/jason9308/robot_ws/src/install/tm_driver/share/tm_driver/local_setup.dsv
-- Installing: /home/jason9308/robot_ws/src/install/tm_driver/share/tm_driver/package.dsv
-- Installing: /home/jason9308/robot_ws/src/install/tm_driver/share/ament_index/resource_index/packages/tm_driver
-- Installing: /home/jason9308/robot_ws/src/install/tm_driver/share/tm_driver/cmake/tm_driverConfig.cmake
-- Installing: /home/jason9308/robot_ws/src/install/tm_driver/share/tm_driver/cmake/tm_driverConfig-version.cmake
-- Installing: /home/jason9308/robot_ws/src/install/tm_driver/share/tm_driver/package.xml
