[0.360s] Invoking command in '/home/jason9308/robot_ws/src/build/lslidar_msgs': CMAKE_PREFIX_PATH=/home/jason9308/robot_ws/install/xarm_planner:/home/jason9308/robot_ws/install/xarm_moveit_servo:/home/jason9308/robot_ws/install/xarm_moveit_config:/home/jason9308/robot_ws/install/xarm_gazebo:/home/jason9308/robot_ws/install/xarm_controller:/home/jason9308/robot_ws/install/xarm_api:/home/jason9308/robot_ws/install/xarm_sdk:/home/jason9308/robot_ws/install/move_arm:/home/jason9308/robot_ws/install/medicine_grabber:/home/jason9308/robot_ws/install/lite6_handeye:/home/jason9308/robot_ws/install/json_file_watcher:/home/jason9308/robot_ws/install/aruco_grab:/home/jason9308/robot_ws/install/xarm_msgs:/home/jason9308/robot_ws/install/xarm_description:/home/jason9308/robot_ws/install/ui_for_debug_and_demo:/home/jason9308/robot_ws/install/tracer_base:/home/jason9308/robot_ws/install/xarm_simulation:/home/jason9308/robot_ws/install/write_pose:/home/jason9308/robot_ws/install/voice_control:/home/jason9308/robot_ws/install/uf_ros_lib:/home/jason9308/robot_ws/install/tm_simulation_node:/home/jason9308/robot_ws/install/tm_mod_urdf:/home/jason9308/robot_ws/install/tm_get_status:/home/jason9308/robot_ws/install/speech_recognition_pkg:/home/jason9308/robot_ws/install/my_2f85gripper_py:/home/jason9308/robot_ws/install/hand_detection:/home/jason9308/robot_ws/install/face_recognition:/home/jason9308/robot_ws/install/chatbot:/home/jason9308/robot_ws/install/calibration_cross:/opt/ros/humble:/home/jason9308/robot_ws/install/ugv_sdk:/home/jason9308/robot_ws/install/tracer_msgs:/home/jason9308/robot_ws/install/tm_driver:/home/jason9308/robot_ws/install/demo:/home/jason9308/robot_ws/install/tm_msgs:/home/jason9308/robot_ws/install/tm_description:/home/jason9308/robot_ws/install/custom_package:/home/jason9308/robot_ws/install/techman_robot_msgs:/home/jason9308/robot_ws/install/realsense_gazebo_plugin:/home/jason9308/robot_ws/install/navigation_server:/home/jason9308/robot_ws/install/navigation_interfaces:/home/jason9308/robot_ws/install/mbot_demo:/home/jason9308/robot_ws/install/lslidar_driver:/home/jason9308/robot_ws/install/lslidar_msgs:/home/jason9308/robot_ws/install/grpr2f85_ifaces:/home/jason9308/robot_ws/install/control_node /usr/local/cuda-11.5/bin/cmake /home/jason9308/robot_ws/src/lslidar_ros2/lslidar_msgs -DCMAKE_INSTALL_PREFIX=/home/jason9308/robot_ws/src/install/lslidar_msgs
[2.691s] -- The C compiler identification is GNU 11.4.0
[2.691s] -- The CXX compiler identification is GNU 11.4.0
[2.692s] -- Detecting C compiler ABI info
[2.692s] -- Detecting C compiler ABI info - done
[2.692s] -- Check for working C compiler: /usr/local/cuda-11.5/bin/cc - skipped
[2.692s] -- Detecting C compile features
[2.692s] -- Detecting C compile features - done
[2.692s] -- Detecting CXX compiler ABI info
[2.692s] -- Detecting CXX compiler ABI info - done
[2.692s] -- Check for working CXX compiler: /usr/local/cuda-11.5/bin/c++ - skipped
[2.692s] -- Detecting CXX compile features
[2.692s] -- Detecting CXX compile features - done
[2.692s] -- Found ament_cmake: 1.3.11 (/opt/ros/humble/share/ament_cmake/cmake)
[2.692s] -- Found Python3: /usr/local/cuda-11.5/bin/python3 (found version "3.10.12") found components: Interpreter 
[2.693s] -- Found std_msgs: 4.2.4 (/opt/ros/humble/share/std_msgs/cmake)
[2.693s] -- Found rosidl_generator_c: 3.1.6 (/opt/ros/humble/share/rosidl_generator_c/cmake)
[2.693s] -- Found rosidl_adapter: 3.1.6 (/opt/ros/humble/share/rosidl_adapter/cmake)
[2.694s] -- Found rosidl_generator_cpp: 3.1.6 (/opt/ros/humble/share/rosidl_generator_cpp/cmake)
[2.694s] -- Using all available rosidl_typesupport_c: rosidl_typesupport_fastrtps_c;rosidl_typesupport_introspection_c
[2.694s] -- Using all available rosidl_typesupport_cpp: rosidl_typesupport_fastrtps_cpp;rosidl_typesupport_introspection_cpp
[2.694s] -- Found sensor_msgs: 4.2.4 (/opt/ros/humble/share/sensor_msgs/cmake)
[2.694s] -- Found rosidl_default_generators: 1.2.0 (/opt/ros/humble/share/rosidl_default_generators/cmake)
[2.694s] -- Found ament_lint_auto: 0.12.11 (/opt/ros/humble/share/ament_lint_auto/cmake)
[2.694s] -- Found ament_cmake_ros: 0.10.0 (/opt/ros/humble/share/ament_cmake_ros/cmake)
[2.859s] -- Using all available rosidl_typesupport_c: rosidl_typesupport_fastrtps_c;rosidl_typesupport_introspection_c
[3.755s] -- Using all available rosidl_typesupport_cpp: rosidl_typesupport_fastrtps_cpp;rosidl_typesupport_introspection_cpp
[3.838s] -- Found PythonInterp: /usr/local/cuda-11.5/bin/python3 (found suitable version "3.10.12", minimum required is "3.6") 
[3.852s] -- Found python_cmake_module: 0.10.0 (/opt/ros/humble/share/python_cmake_module/cmake)
[4.064s] -- Found PythonLibs: /usr/lib/x86_64-linux-gnu/libpython3.10.so (found suitable version "3.10.12", minimum required is "3.5") 
[4.069s] -- Using PYTHON_EXECUTABLE: /usr/local/cuda-11.5/bin/python3
[4.070s] -- Using PYTHON_INCLUDE_DIRS: /usr/include/python3.10
[4.070s] -- Using PYTHON_LIBRARIES: /usr/lib/x86_64-linux-gnu/libpython3.10.so
[4.141s] -- Found PythonExtra: .so  
[4.508s] -- Added test 'copyright' to check source files copyright and LICENSE
[4.508s] -- Added test 'lint_cmake' to check CMake code style
[4.508s] -- Added test 'xmllint' to check XML markup files
[4.513s] -- Configuring done
[4.624s] -- Generating done
[4.647s] -- Build files have been written to: /home/jason9308/robot_ws/src/build/lslidar_msgs
[8.261s] Invoked command in '/home/jason9308/robot_ws/src/build/lslidar_msgs' returned '0': CMAKE_PREFIX_PATH=/home/jason9308/robot_ws/install/xarm_planner:/home/jason9308/robot_ws/install/xarm_moveit_servo:/home/jason9308/robot_ws/install/xarm_moveit_config:/home/jason9308/robot_ws/install/xarm_gazebo:/home/jason9308/robot_ws/install/xarm_controller:/home/jason9308/robot_ws/install/xarm_api:/home/jason9308/robot_ws/install/xarm_sdk:/home/jason9308/robot_ws/install/move_arm:/home/jason9308/robot_ws/install/medicine_grabber:/home/jason9308/robot_ws/install/lite6_handeye:/home/jason9308/robot_ws/install/json_file_watcher:/home/jason9308/robot_ws/install/aruco_grab:/home/jason9308/robot_ws/install/xarm_msgs:/home/jason9308/robot_ws/install/xarm_description:/home/jason9308/robot_ws/install/ui_for_debug_and_demo:/home/jason9308/robot_ws/install/tracer_base:/home/jason9308/robot_ws/install/xarm_simulation:/home/jason9308/robot_ws/install/write_pose:/home/jason9308/robot_ws/install/voice_control:/home/jason9308/robot_ws/install/uf_ros_lib:/home/jason9308/robot_ws/install/tm_simulation_node:/home/jason9308/robot_ws/install/tm_mod_urdf:/home/jason9308/robot_ws/install/tm_get_status:/home/jason9308/robot_ws/install/speech_recognition_pkg:/home/jason9308/robot_ws/install/my_2f85gripper_py:/home/jason9308/robot_ws/install/hand_detection:/home/jason9308/robot_ws/install/face_recognition:/home/jason9308/robot_ws/install/chatbot:/home/jason9308/robot_ws/install/calibration_cross:/opt/ros/humble:/home/jason9308/robot_ws/install/ugv_sdk:/home/jason9308/robot_ws/install/tracer_msgs:/home/jason9308/robot_ws/install/tm_driver:/home/jason9308/robot_ws/install/demo:/home/jason9308/robot_ws/install/tm_msgs:/home/jason9308/robot_ws/install/tm_description:/home/jason9308/robot_ws/install/custom_package:/home/jason9308/robot_ws/install/techman_robot_msgs:/home/jason9308/robot_ws/install/realsense_gazebo_plugin:/home/jason9308/robot_ws/install/navigation_server:/home/jason9308/robot_ws/install/navigation_interfaces:/home/jason9308/robot_ws/install/mbot_demo:/home/jason9308/robot_ws/install/lslidar_driver:/home/jason9308/robot_ws/install/lslidar_msgs:/home/jason9308/robot_ws/install/grpr2f85_ifaces:/home/jason9308/robot_ws/install/control_node /usr/local/cuda-11.5/bin/cmake /home/jason9308/robot_ws/src/lslidar_ros2/lslidar_msgs -DCMAKE_INSTALL_PREFIX=/home/jason9308/robot_ws/src/install/lslidar_msgs
[8.262s] Invoking command in '/home/jason9308/robot_ws/src/build/lslidar_msgs': CMAKE_PREFIX_PATH=/home/jason9308/robot_ws/install/xarm_planner:/home/jason9308/robot_ws/install/xarm_moveit_servo:/home/jason9308/robot_ws/install/xarm_moveit_config:/home/jason9308/robot_ws/install/xarm_gazebo:/home/jason9308/robot_ws/install/xarm_controller:/home/jason9308/robot_ws/install/xarm_api:/home/jason9308/robot_ws/install/xarm_sdk:/home/jason9308/robot_ws/install/move_arm:/home/jason9308/robot_ws/install/medicine_grabber:/home/jason9308/robot_ws/install/lite6_handeye:/home/jason9308/robot_ws/install/json_file_watcher:/home/jason9308/robot_ws/install/aruco_grab:/home/jason9308/robot_ws/install/xarm_msgs:/home/jason9308/robot_ws/install/xarm_description:/home/jason9308/robot_ws/install/ui_for_debug_and_demo:/home/jason9308/robot_ws/install/tracer_base:/home/jason9308/robot_ws/install/xarm_simulation:/home/jason9308/robot_ws/install/write_pose:/home/jason9308/robot_ws/install/voice_control:/home/jason9308/robot_ws/install/uf_ros_lib:/home/jason9308/robot_ws/install/tm_simulation_node:/home/jason9308/robot_ws/install/tm_mod_urdf:/home/jason9308/robot_ws/install/tm_get_status:/home/jason9308/robot_ws/install/speech_recognition_pkg:/home/jason9308/robot_ws/install/my_2f85gripper_py:/home/jason9308/robot_ws/install/hand_detection:/home/jason9308/robot_ws/install/face_recognition:/home/jason9308/robot_ws/install/chatbot:/home/jason9308/robot_ws/install/calibration_cross:/opt/ros/humble:/home/jason9308/robot_ws/install/ugv_sdk:/home/jason9308/robot_ws/install/tracer_msgs:/home/jason9308/robot_ws/install/tm_driver:/home/jason9308/robot_ws/install/demo:/home/jason9308/robot_ws/install/tm_msgs:/home/jason9308/robot_ws/install/tm_description:/home/jason9308/robot_ws/install/custom_package:/home/jason9308/robot_ws/install/techman_robot_msgs:/home/jason9308/robot_ws/install/realsense_gazebo_plugin:/home/jason9308/robot_ws/install/navigation_server:/home/jason9308/robot_ws/install/navigation_interfaces:/home/jason9308/robot_ws/install/mbot_demo:/home/jason9308/robot_ws/install/lslidar_driver:/home/jason9308/robot_ws/install/lslidar_msgs:/home/jason9308/robot_ws/install/grpr2f85_ifaces:/home/jason9308/robot_ws/install/control_node /usr/local/cuda-11.5/bin/cmake --build /home/jason9308/robot_ws/src/build/lslidar_msgs -- -j20 -l20
[12.382s] [  1%] [34m[1mGenerating C code for ROS interfaces[0m
[12.382s] [  3%] [34m[1mGenerating C++ code for ROS interfaces[0m
[12.383s] [  3%] Built target ament_cmake_python_copy_lslidar_msgs
[12.383s] running egg_info
[12.383s] creating lslidar_msgs.egg-info
[12.383s] writing lslidar_msgs.egg-info/PKG-INFO
[12.383s] writing dependency_links to lslidar_msgs.egg-info/dependency_links.txt
[12.383s] writing top-level names to lslidar_msgs.egg-info/top_level.txt
[12.383s] writing manifest file 'lslidar_msgs.egg-info/SOURCES.txt'
[12.383s] reading manifest file 'lslidar_msgs.egg-info/SOURCES.txt'
[12.383s] writing manifest file 'lslidar_msgs.egg-info/SOURCES.txt'
[12.383s] [  3%] Built target ament_cmake_python_build_lslidar_msgs_egg
[12.383s] [  5%] [32mBuilding C object CMakeFiles/lslidar_msgs__rosidl_generator_c.dir/rosidl_generator_c/lslidar_msgs/msg/detail/lslidar_packet__functions.c.o[0m
[12.385s] [  7%] [32mBuilding C object CMakeFiles/lslidar_msgs__rosidl_generator_c.dir/rosidl_generator_c/lslidar_msgs/msg/detail/lslidar_point__functions.c.o[0m
[12.385s] [  9%] [32mBuilding C object CMakeFiles/lslidar_msgs__rosidl_generator_c.dir/rosidl_generator_c/lslidar_msgs/msg/detail/lslidar_scan__functions.c.o[0m
[12.385s] [ 10%] [32mBuilding C object CMakeFiles/lslidar_msgs__rosidl_generator_c.dir/rosidl_generator_c/lslidar_msgs/srv/detail/lslidarcontrol__functions.c.o[0m
[12.400s] [ 10%] Built target lslidar_msgs__cpp
[12.443s] [ 12%] [34m[1mGenerating C++ type support dispatch for ROS interfaces[0m
[12.444s] [ 14%] [34m[1mGenerating C++ type support for eProsima Fast-RTPS[0m
[12.464s] [ 16%] [34m[1mGenerating C++ introspection for ROS interfaces[0m
[13.026s] [ 18%] [32m[1mLinking C shared library liblslidar_msgs__rosidl_generator_c.so[0m
[13.324s] [ 18%] Built target lslidar_msgs__rosidl_generator_c
[13.365s] [ 20%] [34m[1mGenerating C type support dispatch for ROS interfaces[0m
[13.365s] [ 21%] [34m[1mGenerating C type support for eProsima Fast-RTPS[0m
[13.366s] [ 23%] [34m[1mGenerating C introspection for ROS interfaces[0m
[14.099s] [ 25%] [32mBuilding CXX object CMakeFiles/lslidar_msgs__rosidl_typesupport_cpp.dir/rosidl_typesupport_cpp/lslidar_msgs/msg/lslidar_packet__type_support.cpp.o[0m
[14.111s] [ 27%] [32mBuilding CXX object CMakeFiles/lslidar_msgs__rosidl_typesupport_cpp.dir/rosidl_typesupport_cpp/lslidar_msgs/msg/lslidar_scan__type_support.cpp.o[0m
[14.113s] [ 29%] [32mBuilding CXX object CMakeFiles/lslidar_msgs__rosidl_typesupport_cpp.dir/rosidl_typesupport_cpp/lslidar_msgs/msg/lslidar_point__type_support.cpp.o[0m
[14.123s] [ 30%] [32mBuilding CXX object CMakeFiles/lslidar_msgs__rosidl_typesupport_cpp.dir/rosidl_typesupport_cpp/lslidar_msgs/srv/lslidarcontrol__type_support.cpp.o[0m
[14.710s] [ 32%] [32mBuilding CXX object CMakeFiles/lslidar_msgs__rosidl_typesupport_introspection_cpp.dir/rosidl_typesupport_introspection_cpp/lslidar_msgs/srv/detail/lslidarcontrol__type_support.cpp.o[0m
[14.710s] [ 34%] [32mBuilding CXX object CMakeFiles/lslidar_msgs__rosidl_typesupport_introspection_cpp.dir/rosidl_typesupport_introspection_cpp/lslidar_msgs/msg/detail/lslidar_packet__type_support.cpp.o[0m
[14.710s] [ 36%] [32mBuilding CXX object CMakeFiles/lslidar_msgs__rosidl_typesupport_introspection_cpp.dir/rosidl_typesupport_introspection_cpp/lslidar_msgs/msg/detail/lslidar_scan__type_support.cpp.o[0m
[14.710s] [ 38%] [32mBuilding CXX object CMakeFiles/lslidar_msgs__rosidl_typesupport_introspection_cpp.dir/rosidl_typesupport_introspection_cpp/lslidar_msgs/msg/detail/lslidar_point__type_support.cpp.o[0m
[14.724s] [ 40%] [32mBuilding CXX object CMakeFiles/lslidar_msgs__rosidl_typesupport_fastrtps_cpp.dir/rosidl_typesupport_fastrtps_cpp/lslidar_msgs/srv/detail/dds_fastrtps/lslidarcontrol__type_support.cpp.o[0m
[14.737s] [ 41%] [32mBuilding CXX object CMakeFiles/lslidar_msgs__rosidl_typesupport_fastrtps_cpp.dir/rosidl_typesupport_fastrtps_cpp/lslidar_msgs/msg/detail/dds_fastrtps/lslidar_packet__type_support.cpp.o[0m
[14.738s] [ 43%] [32mBuilding CXX object CMakeFiles/lslidar_msgs__rosidl_typesupport_fastrtps_cpp.dir/rosidl_typesupport_fastrtps_cpp/lslidar_msgs/msg/detail/dds_fastrtps/lslidar_scan__type_support.cpp.o[0m
[14.745s] [ 45%] [32mBuilding CXX object CMakeFiles/lslidar_msgs__rosidl_typesupport_fastrtps_cpp.dir/rosidl_typesupport_fastrtps_cpp/lslidar_msgs/msg/detail/dds_fastrtps/lslidar_point__type_support.cpp.o[0m
[14.954s] [ 47%] [32mBuilding CXX object CMakeFiles/lslidar_msgs__rosidl_typesupport_fastrtps_c.dir/rosidl_typesupport_fastrtps_c/lslidar_msgs/msg/detail/lslidar_packet__type_support_c.cpp.o[0m
[14.971s] [ 49%] [32mBuilding CXX object CMakeFiles/lslidar_msgs__rosidl_typesupport_fastrtps_c.dir/rosidl_typesupport_fastrtps_c/lslidar_msgs/msg/detail/lslidar_point__type_support_c.cpp.o[0m
[14.985s] [ 50%] [32mBuilding CXX object CMakeFiles/lslidar_msgs__rosidl_typesupport_fastrtps_c.dir/rosidl_typesupport_fastrtps_c/lslidar_msgs/srv/detail/lslidarcontrol__type_support_c.cpp.o[0m
[15.027s] [ 52%] [32mBuilding CXX object CMakeFiles/lslidar_msgs__rosidl_typesupport_fastrtps_c.dir/rosidl_typesupport_fastrtps_c/lslidar_msgs/msg/detail/lslidar_scan__type_support_c.cpp.o[0m
[15.220s] [ 56%] [32mBuilding C object CMakeFiles/lslidar_msgs__rosidl_typesupport_introspection_c.dir/rosidl_typesupport_introspection_c/lslidar_msgs/msg/detail/lslidar_packet__type_support.c.o[0m
[15.220s] [ 54%] [32mBuilding C object CMakeFiles/lslidar_msgs__rosidl_typesupport_introspection_c.dir/rosidl_typesupport_introspection_c/lslidar_msgs/msg/detail/lslidar_point__type_support.c.o[0m
[15.229s] [ 58%] [32mBuilding C object CMakeFiles/lslidar_msgs__rosidl_typesupport_introspection_c.dir/rosidl_typesupport_introspection_c/lslidar_msgs/msg/detail/lslidar_scan__type_support.c.o[0m
[15.385s] [ 60%] [32mBuilding C object CMakeFiles/lslidar_msgs__rosidl_typesupport_introspection_c.dir/rosidl_typesupport_introspection_c/lslidar_msgs/srv/detail/lslidarcontrol__type_support.c.o[0m
[15.518s] [ 61%] [32m[1mLinking C shared library liblslidar_msgs__rosidl_typesupport_introspection_c.so[0m
[15.649s] [ 61%] Built target lslidar_msgs__rosidl_typesupport_introspection_c
[15.776s] [ 63%] [32mBuilding CXX object CMakeFiles/lslidar_msgs__rosidl_typesupport_c.dir/rosidl_typesupport_c/lslidar_msgs/msg/lslidar_scan__type_support.cpp.o[0m
[15.781s] [ 65%] [32mBuilding CXX object CMakeFiles/lslidar_msgs__rosidl_typesupport_c.dir/rosidl_typesupport_c/lslidar_msgs/msg/lslidar_packet__type_support.cpp.o[0m
[15.791s] [ 67%] [32mBuilding CXX object CMakeFiles/lslidar_msgs__rosidl_typesupport_c.dir/rosidl_typesupport_c/lslidar_msgs/srv/lslidarcontrol__type_support.cpp.o[0m
[15.822s] [ 69%] [32mBuilding CXX object CMakeFiles/lslidar_msgs__rosidl_typesupport_c.dir/rosidl_typesupport_c/lslidar_msgs/msg/lslidar_point__type_support.cpp.o[0m
[15.895s] [ 70%] [32m[1mLinking CXX shared library liblslidar_msgs__rosidl_typesupport_c.so[0m
[16.043s] [ 70%] Built target lslidar_msgs__rosidl_typesupport_c
[16.372s] [ 72%] [32m[1mLinking CXX shared library liblslidar_msgs__rosidl_typesupport_cpp.so[0m
[16.540s] [ 72%] Built target lslidar_msgs__rosidl_typesupport_cpp
[17.025s] [ 74%] [32m[1mLinking CXX shared library liblslidar_msgs__rosidl_typesupport_fastrtps_c.so[0m
[17.138s] [ 76%] [32m[1mLinking CXX shared library liblslidar_msgs__rosidl_typesupport_introspection_cpp.so[0m
[17.220s] [ 76%] Built target lslidar_msgs__rosidl_typesupport_fastrtps_c
[17.380s] [ 76%] Built target lslidar_msgs__rosidl_typesupport_introspection_cpp
[17.596s] [ 78%] [32m[1mLinking CXX shared library liblslidar_msgs__rosidl_typesupport_fastrtps_cpp.so[0m
[18.025s] [ 78%] Built target lslidar_msgs__rosidl_typesupport_fastrtps_cpp
[18.075s] [ 78%] Built target lslidar_msgs
[18.160s] [ 80%] [34m[1mGenerating Python code for ROS interfaces[0m
[20.276s] [ 80%] Built target lslidar_msgs__py
[20.364s] [ 81%] [32mBuilding C object CMakeFiles/lslidar_msgs__rosidl_generator_py.dir/rosidl_generator_py/lslidar_msgs/msg/_lslidar_point_s.c.o[0m
[20.367s] [ 83%] [32mBuilding C object CMakeFiles/lslidar_msgs__rosidl_generator_py.dir/rosidl_generator_py/lslidar_msgs/msg/_lslidar_packet_s.c.o[0m
[20.371s] [ 85%] [32mBuilding C object CMakeFiles/lslidar_msgs__rosidl_generator_py.dir/rosidl_generator_py/lslidar_msgs/msg/_lslidar_scan_s.c.o[0m
[20.384s] [ 87%] [32mBuilding C object CMakeFiles/lslidar_msgs__rosidl_generator_py.dir/rosidl_generator_py/lslidar_msgs/srv/_lslidarcontrol_s.c.o[0m
[21.261s] [ 89%] [32m[1mLinking C shared library rosidl_generator_py/lslidar_msgs/liblslidar_msgs__rosidl_generator_py.so[0m
[21.445s] [ 89%] Built target lslidar_msgs__rosidl_generator_py
[21.550s] [ 90%] [32mBuilding C object CMakeFiles/lslidar_msgs__rosidl_typesupport_fastrtps_c__pyext.dir/rosidl_generator_py/lslidar_msgs/_lslidar_msgs_s.ep.rosidl_typesupport_fastrtps_c.c.o[0m
[21.556s] [ 92%] [32mBuilding C object CMakeFiles/lslidar_msgs__rosidl_typesupport_c__pyext.dir/rosidl_generator_py/lslidar_msgs/_lslidar_msgs_s.ep.rosidl_typesupport_c.c.o[0m
[21.556s] [ 94%] [32mBuilding C object CMakeFiles/lslidar_msgs__rosidl_typesupport_introspection_c__pyext.dir/rosidl_generator_py/lslidar_msgs/_lslidar_msgs_s.ep.rosidl_typesupport_introspection_c.c.o[0m
[22.035s] [ 96%] [32m[1mLinking C shared library rosidl_generator_py/lslidar_msgs/lslidar_msgs_s__rosidl_typesupport_introspection_c.cpython-310-x86_64-linux-gnu.so[0m
[22.218s] [ 96%] Built target lslidar_msgs__rosidl_typesupport_introspection_c__pyext
[23.260s] [ 98%] [32m[1mLinking C shared library rosidl_generator_py/lslidar_msgs/lslidar_msgs_s__rosidl_typesupport_fastrtps_c.cpython-310-x86_64-linux-gnu.so[0m
[23.448s] [ 98%] Built target lslidar_msgs__rosidl_typesupport_fastrtps_c__pyext
[23.556s] [100%] [32m[1mLinking C shared library rosidl_generator_py/lslidar_msgs/lslidar_msgs_s__rosidl_typesupport_c.cpython-310-x86_64-linux-gnu.so[0m
[23.693s] [100%] Built target lslidar_msgs__rosidl_typesupport_c__pyext
[23.803s] Invoked command in '/home/jason9308/robot_ws/src/build/lslidar_msgs' returned '0': CMAKE_PREFIX_PATH=/home/jason9308/robot_ws/install/xarm_planner:/home/jason9308/robot_ws/install/xarm_moveit_servo:/home/jason9308/robot_ws/install/xarm_moveit_config:/home/jason9308/robot_ws/install/xarm_gazebo:/home/jason9308/robot_ws/install/xarm_controller:/home/jason9308/robot_ws/install/xarm_api:/home/jason9308/robot_ws/install/xarm_sdk:/home/jason9308/robot_ws/install/move_arm:/home/jason9308/robot_ws/install/medicine_grabber:/home/jason9308/robot_ws/install/lite6_handeye:/home/jason9308/robot_ws/install/json_file_watcher:/home/jason9308/robot_ws/install/aruco_grab:/home/jason9308/robot_ws/install/xarm_msgs:/home/jason9308/robot_ws/install/xarm_description:/home/jason9308/robot_ws/install/ui_for_debug_and_demo:/home/jason9308/robot_ws/install/tracer_base:/home/jason9308/robot_ws/install/xarm_simulation:/home/jason9308/robot_ws/install/write_pose:/home/jason9308/robot_ws/install/voice_control:/home/jason9308/robot_ws/install/uf_ros_lib:/home/jason9308/robot_ws/install/tm_simulation_node:/home/jason9308/robot_ws/install/tm_mod_urdf:/home/jason9308/robot_ws/install/tm_get_status:/home/jason9308/robot_ws/install/speech_recognition_pkg:/home/jason9308/robot_ws/install/my_2f85gripper_py:/home/jason9308/robot_ws/install/hand_detection:/home/jason9308/robot_ws/install/face_recognition:/home/jason9308/robot_ws/install/chatbot:/home/jason9308/robot_ws/install/calibration_cross:/opt/ros/humble:/home/jason9308/robot_ws/install/ugv_sdk:/home/jason9308/robot_ws/install/tracer_msgs:/home/jason9308/robot_ws/install/tm_driver:/home/jason9308/robot_ws/install/demo:/home/jason9308/robot_ws/install/tm_msgs:/home/jason9308/robot_ws/install/tm_description:/home/jason9308/robot_ws/install/custom_package:/home/jason9308/robot_ws/install/techman_robot_msgs:/home/jason9308/robot_ws/install/realsense_gazebo_plugin:/home/jason9308/robot_ws/install/navigation_server:/home/jason9308/robot_ws/install/navigation_interfaces:/home/jason9308/robot_ws/install/mbot_demo:/home/jason9308/robot_ws/install/lslidar_driver:/home/jason9308/robot_ws/install/lslidar_msgs:/home/jason9308/robot_ws/install/grpr2f85_ifaces:/home/jason9308/robot_ws/install/control_node /usr/local/cuda-11.5/bin/cmake --build /home/jason9308/robot_ws/src/build/lslidar_msgs -- -j20 -l20
[23.804s] Invoking command in '/home/jason9308/robot_ws/src/build/lslidar_msgs': CMAKE_PREFIX_PATH=/home/jason9308/robot_ws/install/xarm_planner:/home/jason9308/robot_ws/install/xarm_moveit_servo:/home/jason9308/robot_ws/install/xarm_moveit_config:/home/jason9308/robot_ws/install/xarm_gazebo:/home/jason9308/robot_ws/install/xarm_controller:/home/jason9308/robot_ws/install/xarm_api:/home/jason9308/robot_ws/install/xarm_sdk:/home/jason9308/robot_ws/install/move_arm:/home/jason9308/robot_ws/install/medicine_grabber:/home/jason9308/robot_ws/install/lite6_handeye:/home/jason9308/robot_ws/install/json_file_watcher:/home/jason9308/robot_ws/install/aruco_grab:/home/jason9308/robot_ws/install/xarm_msgs:/home/jason9308/robot_ws/install/xarm_description:/home/jason9308/robot_ws/install/ui_for_debug_and_demo:/home/jason9308/robot_ws/install/tracer_base:/home/jason9308/robot_ws/install/xarm_simulation:/home/jason9308/robot_ws/install/write_pose:/home/jason9308/robot_ws/install/voice_control:/home/jason9308/robot_ws/install/uf_ros_lib:/home/jason9308/robot_ws/install/tm_simulation_node:/home/jason9308/robot_ws/install/tm_mod_urdf:/home/jason9308/robot_ws/install/tm_get_status:/home/jason9308/robot_ws/install/speech_recognition_pkg:/home/jason9308/robot_ws/install/my_2f85gripper_py:/home/jason9308/robot_ws/install/hand_detection:/home/jason9308/robot_ws/install/face_recognition:/home/jason9308/robot_ws/install/chatbot:/home/jason9308/robot_ws/install/calibration_cross:/opt/ros/humble:/home/jason9308/robot_ws/install/ugv_sdk:/home/jason9308/robot_ws/install/tracer_msgs:/home/jason9308/robot_ws/install/tm_driver:/home/jason9308/robot_ws/install/demo:/home/jason9308/robot_ws/install/tm_msgs:/home/jason9308/robot_ws/install/tm_description:/home/jason9308/robot_ws/install/custom_package:/home/jason9308/robot_ws/install/techman_robot_msgs:/home/jason9308/robot_ws/install/realsense_gazebo_plugin:/home/jason9308/robot_ws/install/navigation_server:/home/jason9308/robot_ws/install/navigation_interfaces:/home/jason9308/robot_ws/install/mbot_demo:/home/jason9308/robot_ws/install/lslidar_driver:/home/jason9308/robot_ws/install/lslidar_msgs:/home/jason9308/robot_ws/install/grpr2f85_ifaces:/home/jason9308/robot_ws/install/control_node /usr/local/cuda-11.5/bin/cmake --install /home/jason9308/robot_ws/src/build/lslidar_msgs
[23.831s] -- Install configuration: "Release"
[23.832s] -- Installing: /home/jason9308/robot_ws/src/install/lslidar_msgs/share/ament_index/resource_index/rosidl_interfaces/lslidar_msgs
[23.832s] -- Installing: /home/jason9308/robot_ws/src/install/lslidar_msgs/include/lslidar_msgs/lslidar_msgs
[23.832s] -- Installing: /home/jason9308/robot_ws/src/install/lslidar_msgs/include/lslidar_msgs/lslidar_msgs/msg
[23.832s] -- Installing: /home/jason9308/robot_ws/src/install/lslidar_msgs/include/lslidar_msgs/lslidar_msgs/msg/lslidar_scan.h
[23.833s] -- Installing: /home/jason9308/robot_ws/src/install/lslidar_msgs/include/lslidar_msgs/lslidar_msgs/msg/lslidar_point.h
[23.833s] -- Installing: /home/jason9308/robot_ws/src/install/lslidar_msgs/include/lslidar_msgs/lslidar_msgs/msg/detail
[23.833s] -- Installing: /home/jason9308/robot_ws/src/install/lslidar_msgs/include/lslidar_msgs/lslidar_msgs/msg/detail/lslidar_packet__struct.h
[23.833s] -- Installing: /home/jason9308/robot_ws/src/install/lslidar_msgs/include/lslidar_msgs/lslidar_msgs/msg/detail/lslidar_point__functions.c
[23.833s] -- Installing: /home/jason9308/robot_ws/src/install/lslidar_msgs/include/lslidar_msgs/lslidar_msgs/msg/detail/lslidar_scan__struct.h
[23.835s] -- Installing: /home/jason9308/robot_ws/src/install/lslidar_msgs/include/lslidar_msgs/lslidar_msgs/msg/detail/lslidar_point__struct.h
[23.835s] -- Installing: /home/jason9308/robot_ws/src/install/lslidar_msgs/include/lslidar_msgs/lslidar_msgs/msg/detail/lslidar_scan__type_support.h
[23.835s] -- Installing: /home/jason9308/robot_ws/src/install/lslidar_msgs/include/lslidar_msgs/lslidar_msgs/msg/detail/lslidar_point__functions.h
[23.835s] -- Installing: /home/jason9308/robot_ws/src/install/lslidar_msgs/include/lslidar_msgs/lslidar_msgs/msg/detail/lslidar_scan__functions.c
[23.835s] -- Installing: /home/jason9308/robot_ws/src/install/lslidar_msgs/include/lslidar_msgs/lslidar_msgs/msg/detail/lslidar_packet__functions.c
[23.835s] -- Installing: /home/jason9308/robot_ws/src/install/lslidar_msgs/include/lslidar_msgs/lslidar_msgs/msg/detail/lslidar_packet__type_support.h
[23.835s] -- Installing: /home/jason9308/robot_ws/src/install/lslidar_msgs/include/lslidar_msgs/lslidar_msgs/msg/detail/lslidar_scan__functions.h
[23.835s] -- Installing: /home/jason9308/robot_ws/src/install/lslidar_msgs/include/lslidar_msgs/lslidar_msgs/msg/detail/lslidar_packet__functions.h
[23.835s] -- Installing: /home/jason9308/robot_ws/src/install/lslidar_msgs/include/lslidar_msgs/lslidar_msgs/msg/detail/lslidar_point__type_support.h
[23.835s] -- Installing: /home/jason9308/robot_ws/src/install/lslidar_msgs/include/lslidar_msgs/lslidar_msgs/msg/lslidar_packet.h
[23.836s] -- Installing: /home/jason9308/robot_ws/src/install/lslidar_msgs/include/lslidar_msgs/lslidar_msgs/msg/rosidl_generator_c__visibility_control.h
[23.837s] -- Installing: /home/jason9308/robot_ws/src/install/lslidar_msgs/include/lslidar_msgs/lslidar_msgs/srv
[23.838s] -- Installing: /home/jason9308/robot_ws/src/install/lslidar_msgs/include/lslidar_msgs/lslidar_msgs/srv/lslidarcontrol.h
[23.838s] -- Installing: /home/jason9308/robot_ws/src/install/lslidar_msgs/include/lslidar_msgs/lslidar_msgs/srv/detail
[23.838s] -- Installing: /home/jason9308/robot_ws/src/install/lslidar_msgs/include/lslidar_msgs/lslidar_msgs/srv/detail/lslidarcontrol__functions.c
[23.838s] -- Installing: /home/jason9308/robot_ws/src/install/lslidar_msgs/include/lslidar_msgs/lslidar_msgs/srv/detail/lslidarcontrol__type_support.h
[23.838s] -- Installing: /home/jason9308/robot_ws/src/install/lslidar_msgs/include/lslidar_msgs/lslidar_msgs/srv/detail/lslidarcontrol__functions.h
[23.838s] -- Installing: /home/jason9308/robot_ws/src/install/lslidar_msgs/include/lslidar_msgs/lslidar_msgs/srv/detail/lslidarcontrol__struct.h
[23.838s] -- Installing: /home/jason9308/robot_ws/src/install/lslidar_msgs/share/lslidar_msgs/environment/library_path.sh
[23.838s] -- Installing: /home/jason9308/robot_ws/src/install/lslidar_msgs/share/lslidar_msgs/environment/library_path.dsv
[23.839s] -- Installing: /home/jason9308/robot_ws/src/install/lslidar_msgs/lib/liblslidar_msgs__rosidl_generator_c.so
[23.840s] -- Set runtime path of "/home/jason9308/robot_ws/src/install/lslidar_msgs/lib/liblslidar_msgs__rosidl_generator_c.so" to ""
[23.840s] -- Up-to-date: /home/jason9308/robot_ws/src/install/lslidar_msgs/include/lslidar_msgs/lslidar_msgs
[23.840s] -- Up-to-date: /home/jason9308/robot_ws/src/install/lslidar_msgs/include/lslidar_msgs/lslidar_msgs/msg
[23.840s] -- Up-to-date: /home/jason9308/robot_ws/src/install/lslidar_msgs/include/lslidar_msgs/lslidar_msgs/msg/detail
[23.841s] -- Installing: /home/jason9308/robot_ws/src/install/lslidar_msgs/include/lslidar_msgs/lslidar_msgs/msg/detail/lslidar_scan__rosidl_typesupport_fastrtps_c.h
[23.841s] -- Installing: /home/jason9308/robot_ws/src/install/lslidar_msgs/include/lslidar_msgs/lslidar_msgs/msg/detail/lslidar_packet__rosidl_typesupport_fastrtps_c.h
[23.841s] -- Installing: /home/jason9308/robot_ws/src/install/lslidar_msgs/include/lslidar_msgs/lslidar_msgs/msg/detail/lslidar_point__rosidl_typesupport_fastrtps_c.h
[23.841s] -- Installing: /home/jason9308/robot_ws/src/install/lslidar_msgs/include/lslidar_msgs/lslidar_msgs/msg/rosidl_typesupport_fastrtps_c__visibility_control.h
[23.841s] -- Up-to-date: /home/jason9308/robot_ws/src/install/lslidar_msgs/include/lslidar_msgs/lslidar_msgs/srv
[23.843s] -- Up-to-date: /home/jason9308/robot_ws/src/install/lslidar_msgs/include/lslidar_msgs/lslidar_msgs/srv/detail
[23.843s] -- Installing: /home/jason9308/robot_ws/src/install/lslidar_msgs/include/lslidar_msgs/lslidar_msgs/srv/detail/lslidarcontrol__rosidl_typesupport_fastrtps_c.h
[23.844s] -- Installing: /home/jason9308/robot_ws/src/install/lslidar_msgs/lib/liblslidar_msgs__rosidl_typesupport_fastrtps_c.so
[23.845s] -- Set runtime path of "/home/jason9308/robot_ws/src/install/lslidar_msgs/lib/liblslidar_msgs__rosidl_typesupport_fastrtps_c.so" to ""
[23.845s] -- Up-to-date: /home/jason9308/robot_ws/src/install/lslidar_msgs/include/lslidar_msgs/lslidar_msgs
[23.845s] -- Up-to-date: /home/jason9308/robot_ws/src/install/lslidar_msgs/include/lslidar_msgs/lslidar_msgs/msg
[23.845s] -- Installing: /home/jason9308/robot_ws/src/install/lslidar_msgs/include/lslidar_msgs/lslidar_msgs/msg/lslidar_packet.hpp
[23.846s] -- Up-to-date: /home/jason9308/robot_ws/src/install/lslidar_msgs/include/lslidar_msgs/lslidar_msgs/msg/detail
[23.846s] -- Installing: /home/jason9308/robot_ws/src/install/lslidar_msgs/include/lslidar_msgs/lslidar_msgs/msg/detail/lslidar_point__builder.hpp
[23.850s] -- Installing: /home/jason9308/robot_ws/src/install/lslidar_msgs/include/lslidar_msgs/lslidar_msgs/msg/detail/lslidar_scan__builder.hpp
[23.850s] -- Installing: /home/jason9308/robot_ws/src/install/lslidar_msgs/include/lslidar_msgs/lslidar_msgs/msg/detail/lslidar_point__traits.hpp
[23.851s] -- Installing: /home/jason9308/robot_ws/src/install/lslidar_msgs/include/lslidar_msgs/lslidar_msgs/msg/detail/lslidar_scan__traits.hpp
[23.854s] -- Installing: /home/jason9308/robot_ws/src/install/lslidar_msgs/include/lslidar_msgs/lslidar_msgs/msg/detail/lslidar_packet__struct.hpp
[23.854s] -- Installing: /home/jason9308/robot_ws/src/install/lslidar_msgs/include/lslidar_msgs/lslidar_msgs/msg/detail/lslidar_point__type_support.hpp
[23.854s] -- Installing: /home/jason9308/robot_ws/src/install/lslidar_msgs/include/lslidar_msgs/lslidar_msgs/msg/detail/lslidar_point__struct.hpp
[23.865s] -- Installing: /home/jason9308/robot_ws/src/install/lslidar_msgs/include/lslidar_msgs/lslidar_msgs/msg/detail/lslidar_scan__struct.hpp
[23.868s] -- Installing: /home/jason9308/robot_ws/src/install/lslidar_msgs/include/lslidar_msgs/lslidar_msgs/msg/detail/lslidar_packet__builder.hpp
[23.868s] -- Installing: /home/jason9308/robot_ws/src/install/lslidar_msgs/include/lslidar_msgs/lslidar_msgs/msg/detail/lslidar_scan__type_support.hpp
[23.868s] -- Installing: /home/jason9308/robot_ws/src/install/lslidar_msgs/include/lslidar_msgs/lslidar_msgs/msg/detail/lslidar_packet__traits.hpp
[23.868s] -- Installing: /home/jason9308/robot_ws/src/install/lslidar_msgs/include/lslidar_msgs/lslidar_msgs/msg/detail/lslidar_packet__type_support.hpp
[23.868s] -- Installing: /home/jason9308/robot_ws/src/install/lslidar_msgs/include/lslidar_msgs/lslidar_msgs/msg/lslidar_point.hpp
[23.873s] -- Installing: /home/jason9308/robot_ws/src/install/lslidar_msgs/include/lslidar_msgs/lslidar_msgs/msg/lslidar_scan.hpp
[23.873s] -- Installing: /home/jason9308/robot_ws/src/install/lslidar_msgs/include/lslidar_msgs/lslidar_msgs/msg/rosidl_generator_cpp__visibility_control.hpp
[23.873s] -- Up-to-date: /home/jason9308/robot_ws/src/install/lslidar_msgs/include/lslidar_msgs/lslidar_msgs/srv
[23.873s] -- Installing: /home/jason9308/robot_ws/src/install/lslidar_msgs/include/lslidar_msgs/lslidar_msgs/srv/lslidarcontrol.hpp
[23.873s] -- Up-to-date: /home/jason9308/robot_ws/src/install/lslidar_msgs/include/lslidar_msgs/lslidar_msgs/srv/detail
[23.873s] -- Installing: /home/jason9308/robot_ws/src/install/lslidar_msgs/include/lslidar_msgs/lslidar_msgs/srv/detail/lslidarcontrol__struct.hpp
[23.873s] -- Installing: /home/jason9308/robot_ws/src/install/lslidar_msgs/include/lslidar_msgs/lslidar_msgs/srv/detail/lslidarcontrol__traits.hpp
[23.873s] -- Installing: /home/jason9308/robot_ws/src/install/lslidar_msgs/include/lslidar_msgs/lslidar_msgs/srv/detail/lslidarcontrol__type_support.hpp
[23.874s] -- Installing: /home/jason9308/robot_ws/src/install/lslidar_msgs/include/lslidar_msgs/lslidar_msgs/srv/detail/lslidarcontrol__builder.hpp
[23.874s] -- Up-to-date: /home/jason9308/robot_ws/src/install/lslidar_msgs/include/lslidar_msgs/lslidar_msgs
[23.874s] -- Up-to-date: /home/jason9308/robot_ws/src/install/lslidar_msgs/include/lslidar_msgs/lslidar_msgs/msg
[23.874s] -- Installing: /home/jason9308/robot_ws/src/install/lslidar_msgs/include/lslidar_msgs/lslidar_msgs/msg/rosidl_typesupport_fastrtps_cpp__visibility_control.h
[23.874s] -- Up-to-date: /home/jason9308/robot_ws/src/install/lslidar_msgs/include/lslidar_msgs/lslidar_msgs/msg/detail
[23.874s] -- Installing: /home/jason9308/robot_ws/src/install/lslidar_msgs/include/lslidar_msgs/lslidar_msgs/msg/detail/dds_fastrtps
[23.874s] -- Installing: /home/jason9308/robot_ws/src/install/lslidar_msgs/include/lslidar_msgs/lslidar_msgs/msg/detail/lslidar_packet__rosidl_typesupport_fastrtps_cpp.hpp
[23.882s] -- Installing: /home/jason9308/robot_ws/src/install/lslidar_msgs/include/lslidar_msgs/lslidar_msgs/msg/detail/lslidar_point__rosidl_typesupport_fastrtps_cpp.hpp
[23.882s] -- Installing: /home/jason9308/robot_ws/src/install/lslidar_msgs/include/lslidar_msgs/lslidar_msgs/msg/detail/lslidar_scan__rosidl_typesupport_fastrtps_cpp.hpp
[23.882s] -- Up-to-date: /home/jason9308/robot_ws/src/install/lslidar_msgs/include/lslidar_msgs/lslidar_msgs/srv
[23.882s] -- Up-to-date: /home/jason9308/robot_ws/src/install/lslidar_msgs/include/lslidar_msgs/lslidar_msgs/srv/detail
[23.882s] -- Installing: /home/jason9308/robot_ws/src/install/lslidar_msgs/include/lslidar_msgs/lslidar_msgs/srv/detail/lslidarcontrol__rosidl_typesupport_fastrtps_cpp.hpp
[23.882s] -- Installing: /home/jason9308/robot_ws/src/install/lslidar_msgs/include/lslidar_msgs/lslidar_msgs/srv/detail/dds_fastrtps
[23.883s] -- Installing: /home/jason9308/robot_ws/src/install/lslidar_msgs/lib/liblslidar_msgs__rosidl_typesupport_fastrtps_cpp.so
[23.883s] -- Set runtime path of "/home/jason9308/robot_ws/src/install/lslidar_msgs/lib/liblslidar_msgs__rosidl_typesupport_fastrtps_cpp.so" to ""
[23.883s] -- Up-to-date: /home/jason9308/robot_ws/src/install/lslidar_msgs/include/lslidar_msgs/lslidar_msgs
[23.883s] -- Up-to-date: /home/jason9308/robot_ws/src/install/lslidar_msgs/include/lslidar_msgs/lslidar_msgs/msg
[23.883s] -- Installing: /home/jason9308/robot_ws/src/install/lslidar_msgs/include/lslidar_msgs/lslidar_msgs/msg/rosidl_typesupport_introspection_c__visibility_control.h
[23.883s] -- Up-to-date: /home/jason9308/robot_ws/src/install/lslidar_msgs/include/lslidar_msgs/lslidar_msgs/msg/detail
[23.883s] -- Installing: /home/jason9308/robot_ws/src/install/lslidar_msgs/include/lslidar_msgs/lslidar_msgs/msg/detail/lslidar_point__type_support.c
[23.884s] -- Installing: /home/jason9308/robot_ws/src/install/lslidar_msgs/include/lslidar_msgs/lslidar_msgs/msg/detail/lslidar_scan__rosidl_typesupport_introspection_c.h
[23.884s] -- Installing: /home/jason9308/robot_ws/src/install/lslidar_msgs/include/lslidar_msgs/lslidar_msgs/msg/detail/lslidar_point__rosidl_typesupport_introspection_c.h
[23.884s] -- Installing: /home/jason9308/robot_ws/src/install/lslidar_msgs/include/lslidar_msgs/lslidar_msgs/msg/detail/lslidar_scan__type_support.c
[23.885s] -- Installing: /home/jason9308/robot_ws/src/install/lslidar_msgs/include/lslidar_msgs/lslidar_msgs/msg/detail/lslidar_packet__type_support.c
[23.889s] -- Installing: /home/jason9308/robot_ws/src/install/lslidar_msgs/include/lslidar_msgs/lslidar_msgs/msg/detail/lslidar_packet__rosidl_typesupport_introspection_c.h
[23.889s] -- Up-to-date: /home/jason9308/robot_ws/src/install/lslidar_msgs/include/lslidar_msgs/lslidar_msgs/srv
[23.889s] -- Up-to-date: /home/jason9308/robot_ws/src/install/lslidar_msgs/include/lslidar_msgs/lslidar_msgs/srv/detail
[23.889s] -- Installing: /home/jason9308/robot_ws/src/install/lslidar_msgs/include/lslidar_msgs/lslidar_msgs/srv/detail/lslidarcontrol__type_support.c
[23.889s] -- Installing: /home/jason9308/robot_ws/src/install/lslidar_msgs/include/lslidar_msgs/lslidar_msgs/srv/detail/lslidarcontrol__rosidl_typesupport_introspection_c.h
[23.889s] -- Installing: /home/jason9308/robot_ws/src/install/lslidar_msgs/lib/liblslidar_msgs__rosidl_typesupport_introspection_c.so
[23.889s] -- Set runtime path of "/home/jason9308/robot_ws/src/install/lslidar_msgs/lib/liblslidar_msgs__rosidl_typesupport_introspection_c.so" to ""
[23.889s] -- Installing: /home/jason9308/robot_ws/src/install/lslidar_msgs/lib/liblslidar_msgs__rosidl_typesupport_c.so
[23.890s] -- Set runtime path of "/home/jason9308/robot_ws/src/install/lslidar_msgs/lib/liblslidar_msgs__rosidl_typesupport_c.so" to ""
[23.890s] -- Up-to-date: /home/jason9308/robot_ws/src/install/lslidar_msgs/include/lslidar_msgs/lslidar_msgs
[23.890s] -- Up-to-date: /home/jason9308/robot_ws/src/install/lslidar_msgs/include/lslidar_msgs/lslidar_msgs/msg
[23.890s] -- Up-to-date: /home/jason9308/robot_ws/src/install/lslidar_msgs/include/lslidar_msgs/lslidar_msgs/msg/detail
[23.890s] -- Installing: /home/jason9308/robot_ws/src/install/lslidar_msgs/include/lslidar_msgs/lslidar_msgs/msg/detail/lslidar_packet__type_support.cpp
[23.890s] -- Installing: /home/jason9308/robot_ws/src/install/lslidar_msgs/include/lslidar_msgs/lslidar_msgs/msg/detail/lslidar_scan__type_support.cpp
[23.891s] -- Installing: /home/jason9308/robot_ws/src/install/lslidar_msgs/include/lslidar_msgs/lslidar_msgs/msg/detail/lslidar_point__type_support.cpp
[23.891s] -- Installing: /home/jason9308/robot_ws/src/install/lslidar_msgs/include/lslidar_msgs/lslidar_msgs/msg/detail/lslidar_packet__rosidl_typesupport_introspection_cpp.hpp
[23.891s] -- Installing: /home/jason9308/robot_ws/src/install/lslidar_msgs/include/lslidar_msgs/lslidar_msgs/msg/detail/lslidar_point__rosidl_typesupport_introspection_cpp.hpp
[23.891s] -- Installing: /home/jason9308/robot_ws/src/install/lslidar_msgs/include/lslidar_msgs/lslidar_msgs/msg/detail/lslidar_scan__rosidl_typesupport_introspection_cpp.hpp
[23.891s] -- Up-to-date: /home/jason9308/robot_ws/src/install/lslidar_msgs/include/lslidar_msgs/lslidar_msgs/srv
[23.892s] -- Up-to-date: /home/jason9308/robot_ws/src/install/lslidar_msgs/include/lslidar_msgs/lslidar_msgs/srv/detail
[23.892s] -- Installing: /home/jason9308/robot_ws/src/install/lslidar_msgs/include/lslidar_msgs/lslidar_msgs/srv/detail/lslidarcontrol__rosidl_typesupport_introspection_cpp.hpp
[23.892s] -- Installing: /home/jason9308/robot_ws/src/install/lslidar_msgs/include/lslidar_msgs/lslidar_msgs/srv/detail/lslidarcontrol__type_support.cpp
[23.892s] -- Installing: /home/jason9308/robot_ws/src/install/lslidar_msgs/lib/liblslidar_msgs__rosidl_typesupport_introspection_cpp.so
[23.892s] -- Set runtime path of "/home/jason9308/robot_ws/src/install/lslidar_msgs/lib/liblslidar_msgs__rosidl_typesupport_introspection_cpp.so" to ""
[23.893s] -- Installing: /home/jason9308/robot_ws/src/install/lslidar_msgs/lib/liblslidar_msgs__rosidl_typesupport_cpp.so
[23.907s] -- Set runtime path of "/home/jason9308/robot_ws/src/install/lslidar_msgs/lib/liblslidar_msgs__rosidl_typesupport_cpp.so" to ""
[23.907s] -- Installing: /home/jason9308/robot_ws/src/install/lslidar_msgs/share/lslidar_msgs/environment/pythonpath.sh
[23.908s] -- Installing: /home/jason9308/robot_ws/src/install/lslidar_msgs/share/lslidar_msgs/environment/pythonpath.dsv
[23.908s] -- Installing: /home/jason9308/robot_ws/src/install/lslidar_msgs/local/lib/python3.10/dist-packages/lslidar_msgs-3.0.1-py3.10.egg-info
[23.908s] -- Installing: /home/jason9308/robot_ws/src/install/lslidar_msgs/local/lib/python3.10/dist-packages/lslidar_msgs-3.0.1-py3.10.egg-info/dependency_links.txt
[23.908s] -- Installing: /home/jason9308/robot_ws/src/install/lslidar_msgs/local/lib/python3.10/dist-packages/lslidar_msgs-3.0.1-py3.10.egg-info/PKG-INFO
[23.915s] -- Installing: /home/jason9308/robot_ws/src/install/lslidar_msgs/local/lib/python3.10/dist-packages/lslidar_msgs-3.0.1-py3.10.egg-info/top_level.txt
[23.915s] -- Installing: /home/jason9308/robot_ws/src/install/lslidar_msgs/local/lib/python3.10/dist-packages/lslidar_msgs-3.0.1-py3.10.egg-info/SOURCES.txt
[23.916s] -- Installing: /home/jason9308/robot_ws/src/install/lslidar_msgs/local/lib/python3.10/dist-packages/lslidar_msgs
[23.916s] -- Installing: /home/jason9308/robot_ws/src/install/lslidar_msgs/local/lib/python3.10/dist-packages/lslidar_msgs/lslidar_msgs_s__rosidl_typesupport_introspection_c.cpython-310-x86_64-linux-gnu.so
[23.916s] -- Installing: /home/jason9308/robot_ws/src/install/lslidar_msgs/local/lib/python3.10/dist-packages/lslidar_msgs/__init__.py
[23.916s] -- Installing: /home/jason9308/robot_ws/src/install/lslidar_msgs/local/lib/python3.10/dist-packages/lslidar_msgs/_lslidar_msgs_s.ep.rosidl_typesupport_c.c
[23.916s] -- Installing: /home/jason9308/robot_ws/src/install/lslidar_msgs/local/lib/python3.10/dist-packages/lslidar_msgs/msg
[23.920s] -- Installing: /home/jason9308/robot_ws/src/install/lslidar_msgs/local/lib/python3.10/dist-packages/lslidar_msgs/msg/_lslidar_packet.py
[23.920s] -- Installing: /home/jason9308/robot_ws/src/install/lslidar_msgs/local/lib/python3.10/dist-packages/lslidar_msgs/msg/__init__.py
[23.920s] -- Installing: /home/jason9308/robot_ws/src/install/lslidar_msgs/local/lib/python3.10/dist-packages/lslidar_msgs/msg/_lslidar_point_s.c
[23.921s] -- Installing: /home/jason9308/robot_ws/src/install/lslidar_msgs/local/lib/python3.10/dist-packages/lslidar_msgs/msg/_lslidar_scan_s.c
[23.921s] -- Installing: /home/jason9308/robot_ws/src/install/lslidar_msgs/local/lib/python3.10/dist-packages/lslidar_msgs/msg/_lslidar_point.py
[23.924s] -- Installing: /home/jason9308/robot_ws/src/install/lslidar_msgs/local/lib/python3.10/dist-packages/lslidar_msgs/msg/_lslidar_scan.py
[23.926s] -- Installing: /home/jason9308/robot_ws/src/install/lslidar_msgs/local/lib/python3.10/dist-packages/lslidar_msgs/msg/_lslidar_packet_s.c
[23.926s] -- Installing: /home/jason9308/robot_ws/src/install/lslidar_msgs/local/lib/python3.10/dist-packages/lslidar_msgs/lslidar_msgs_s__rosidl_typesupport_c.cpython-310-x86_64-linux-gnu.so
[23.926s] -- Installing: /home/jason9308/robot_ws/src/install/lslidar_msgs/local/lib/python3.10/dist-packages/lslidar_msgs/srv
[23.927s] -- Installing: /home/jason9308/robot_ws/src/install/lslidar_msgs/local/lib/python3.10/dist-packages/lslidar_msgs/srv/__init__.py
[23.928s] -- Installing: /home/jason9308/robot_ws/src/install/lslidar_msgs/local/lib/python3.10/dist-packages/lslidar_msgs/srv/_lslidarcontrol.py
[23.928s] -- Installing: /home/jason9308/robot_ws/src/install/lslidar_msgs/local/lib/python3.10/dist-packages/lslidar_msgs/srv/_lslidarcontrol_s.c
[23.932s] -- Installing: /home/jason9308/robot_ws/src/install/lslidar_msgs/local/lib/python3.10/dist-packages/lslidar_msgs/lslidar_msgs_s__rosidl_typesupport_fastrtps_c.cpython-310-x86_64-linux-gnu.so
[23.933s] -- Installing: /home/jason9308/robot_ws/src/install/lslidar_msgs/local/lib/python3.10/dist-packages/lslidar_msgs/_lslidar_msgs_s.ep.rosidl_typesupport_introspection_c.c
[23.935s] -- Installing: /home/jason9308/robot_ws/src/install/lslidar_msgs/local/lib/python3.10/dist-packages/lslidar_msgs/_lslidar_msgs_s.ep.rosidl_typesupport_fastrtps_c.c
[23.940s] -- Installing: /home/jason9308/robot_ws/src/install/lslidar_msgs/local/lib/python3.10/dist-packages/lslidar_msgs/liblslidar_msgs__rosidl_generator_py.so
[24.277s] Listing '/home/jason9308/robot_ws/src/install/lslidar_msgs/local/lib/python3.10/dist-packages/lslidar_msgs'...
[24.277s] Compiling '/home/jason9308/robot_ws/src/install/lslidar_msgs/local/lib/python3.10/dist-packages/lslidar_msgs/__init__.py'...
[24.277s] Listing '/home/jason9308/robot_ws/src/install/lslidar_msgs/local/lib/python3.10/dist-packages/lslidar_msgs/msg'...
[24.277s] Compiling '/home/jason9308/robot_ws/src/install/lslidar_msgs/local/lib/python3.10/dist-packages/lslidar_msgs/msg/__init__.py'...
[24.278s] Compiling '/home/jason9308/robot_ws/src/install/lslidar_msgs/local/lib/python3.10/dist-packages/lslidar_msgs/msg/_lslidar_packet.py'...
[24.278s] Compiling '/home/jason9308/robot_ws/src/install/lslidar_msgs/local/lib/python3.10/dist-packages/lslidar_msgs/msg/_lslidar_point.py'...
[24.278s] Compiling '/home/jason9308/robot_ws/src/install/lslidar_msgs/local/lib/python3.10/dist-packages/lslidar_msgs/msg/_lslidar_scan.py'...
[24.278s] Listing '/home/jason9308/robot_ws/src/install/lslidar_msgs/local/lib/python3.10/dist-packages/lslidar_msgs/srv'...
[24.278s] Compiling '/home/jason9308/robot_ws/src/install/lslidar_msgs/local/lib/python3.10/dist-packages/lslidar_msgs/srv/__init__.py'...
[24.278s] Compiling '/home/jason9308/robot_ws/src/install/lslidar_msgs/local/lib/python3.10/dist-packages/lslidar_msgs/srv/_lslidarcontrol.py'...
[24.290s] -- Installing: /home/jason9308/robot_ws/src/install/lslidar_msgs/local/lib/python3.10/dist-packages/lslidar_msgs/lslidar_msgs_s__rosidl_typesupport_fastrtps_c.cpython-310-x86_64-linux-gnu.so
[24.291s] -- Set runtime path of "/home/jason9308/robot_ws/src/install/lslidar_msgs/local/lib/python3.10/dist-packages/lslidar_msgs/lslidar_msgs_s__rosidl_typesupport_fastrtps_c.cpython-310-x86_64-linux-gnu.so" to ""
[24.292s] -- Installing: /home/jason9308/robot_ws/src/install/lslidar_msgs/local/lib/python3.10/dist-packages/lslidar_msgs/lslidar_msgs_s__rosidl_typesupport_introspection_c.cpython-310-x86_64-linux-gnu.so
[24.293s] -- Set runtime path of "/home/jason9308/robot_ws/src/install/lslidar_msgs/local/lib/python3.10/dist-packages/lslidar_msgs/lslidar_msgs_s__rosidl_typesupport_introspection_c.cpython-310-x86_64-linux-gnu.so" to ""
[24.295s] -- Installing: /home/jason9308/robot_ws/src/install/lslidar_msgs/local/lib/python3.10/dist-packages/lslidar_msgs/lslidar_msgs_s__rosidl_typesupport_c.cpython-310-x86_64-linux-gnu.so
[24.295s] -- Set runtime path of "/home/jason9308/robot_ws/src/install/lslidar_msgs/local/lib/python3.10/dist-packages/lslidar_msgs/lslidar_msgs_s__rosidl_typesupport_c.cpython-310-x86_64-linux-gnu.so" to ""
[24.296s] -- Installing: /home/jason9308/robot_ws/src/install/lslidar_msgs/lib/liblslidar_msgs__rosidl_generator_py.so
[24.297s] -- Set runtime path of "/home/jason9308/robot_ws/src/install/lslidar_msgs/lib/liblslidar_msgs__rosidl_generator_py.so" to ""
[24.297s] -- Installing: /home/jason9308/robot_ws/src/install/lslidar_msgs/share/lslidar_msgs/msg/LslidarPacket.idl
[24.298s] -- Installing: /home/jason9308/robot_ws/src/install/lslidar_msgs/share/lslidar_msgs/msg/LslidarPoint.idl
[24.299s] -- Installing: /home/jason9308/robot_ws/src/install/lslidar_msgs/share/lslidar_msgs/msg/LslidarScan.idl
[24.304s] -- Installing: /home/jason9308/robot_ws/src/install/lslidar_msgs/share/lslidar_msgs/srv/Lslidarcontrol.idl
[24.308s] -- Installing: /home/jason9308/robot_ws/src/install/lslidar_msgs/share/lslidar_msgs/msg/LslidarPacket.msg
[24.308s] -- Installing: /home/jason9308/robot_ws/src/install/lslidar_msgs/share/lslidar_msgs/msg/LslidarPoint.msg
[24.309s] -- Installing: /home/jason9308/robot_ws/src/install/lslidar_msgs/share/lslidar_msgs/msg/LslidarScan.msg
[24.310s] -- Installing: /home/jason9308/robot_ws/src/install/lslidar_msgs/share/lslidar_msgs/srv/Lslidarcontrol.srv
[24.310s] -- Installing: /home/jason9308/robot_ws/src/install/lslidar_msgs/share/lslidar_msgs/srv/Lslidarcontrol_Request.msg
[24.317s] -- Installing: /home/jason9308/robot_ws/src/install/lslidar_msgs/share/lslidar_msgs/srv/Lslidarcontrol_Response.msg
[24.317s] -- Installing: /home/jason9308/robot_ws/src/install/lslidar_msgs/share/ament_index/resource_index/package_run_dependencies/lslidar_msgs
[24.317s] -- Installing: /home/jason9308/robot_ws/src/install/lslidar_msgs/share/ament_index/resource_index/parent_prefix_path/lslidar_msgs
[24.317s] -- Installing: /home/jason9308/robot_ws/src/install/lslidar_msgs/share/lslidar_msgs/environment/ament_prefix_path.sh
[24.318s] -- Installing: /home/jason9308/robot_ws/src/install/lslidar_msgs/share/lslidar_msgs/environment/ament_prefix_path.dsv
[24.318s] -- Installing: /home/jason9308/robot_ws/src/install/lslidar_msgs/share/lslidar_msgs/environment/path.sh
[24.323s] -- Installing: /home/jason9308/robot_ws/src/install/lslidar_msgs/share/lslidar_msgs/environment/path.dsv
[24.323s] -- Installing: /home/jason9308/robot_ws/src/install/lslidar_msgs/share/lslidar_msgs/local_setup.bash
[24.323s] -- Installing: /home/jason9308/robot_ws/src/install/lslidar_msgs/share/lslidar_msgs/local_setup.sh
[24.325s] -- Installing: /home/jason9308/robot_ws/src/install/lslidar_msgs/share/lslidar_msgs/local_setup.zsh
[24.325s] -- Installing: /home/jason9308/robot_ws/src/install/lslidar_msgs/share/lslidar_msgs/local_setup.dsv
[24.325s] -- Installing: /home/jason9308/robot_ws/src/install/lslidar_msgs/share/lslidar_msgs/package.dsv
[24.325s] -- Installing: /home/jason9308/robot_ws/src/install/lslidar_msgs/share/ament_index/resource_index/packages/lslidar_msgs
[24.326s] -- Installing: /home/jason9308/robot_ws/src/install/lslidar_msgs/share/lslidar_msgs/cmake/export_lslidar_msgs__rosidl_generator_cExport.cmake
[24.326s] -- Installing: /home/jason9308/robot_ws/src/install/lslidar_msgs/share/lslidar_msgs/cmake/export_lslidar_msgs__rosidl_generator_cExport-release.cmake
[24.327s] -- Installing: /home/jason9308/robot_ws/src/install/lslidar_msgs/share/lslidar_msgs/cmake/export_lslidar_msgs__rosidl_typesupport_fastrtps_cExport.cmake
[24.329s] -- Installing: /home/jason9308/robot_ws/src/install/lslidar_msgs/share/lslidar_msgs/cmake/export_lslidar_msgs__rosidl_typesupport_fastrtps_cExport-release.cmake
[24.346s] -- Installing: /home/jason9308/robot_ws/src/install/lslidar_msgs/share/lslidar_msgs/cmake/export_lslidar_msgs__rosidl_generator_cppExport.cmake
[24.346s] -- Installing: /home/jason9308/robot_ws/src/install/lslidar_msgs/share/lslidar_msgs/cmake/export_lslidar_msgs__rosidl_typesupport_fastrtps_cppExport.cmake
[24.346s] -- Installing: /home/jason9308/robot_ws/src/install/lslidar_msgs/share/lslidar_msgs/cmake/export_lslidar_msgs__rosidl_typesupport_fastrtps_cppExport-release.cmake
[24.346s] -- Installing: /home/jason9308/robot_ws/src/install/lslidar_msgs/share/lslidar_msgs/cmake/lslidar_msgs__rosidl_typesupport_introspection_cExport.cmake
[24.346s] -- Installing: /home/jason9308/robot_ws/src/install/lslidar_msgs/share/lslidar_msgs/cmake/lslidar_msgs__rosidl_typesupport_introspection_cExport-release.cmake
[24.346s] -- Installing: /home/jason9308/robot_ws/src/install/lslidar_msgs/share/lslidar_msgs/cmake/lslidar_msgs__rosidl_typesupport_cExport.cmake
[24.346s] -- Installing: /home/jason9308/robot_ws/src/install/lslidar_msgs/share/lslidar_msgs/cmake/lslidar_msgs__rosidl_typesupport_cExport-release.cmake
[24.346s] -- Installing: /home/jason9308/robot_ws/src/install/lslidar_msgs/share/lslidar_msgs/cmake/lslidar_msgs__rosidl_typesupport_introspection_cppExport.cmake
[24.346s] -- Installing: /home/jason9308/robot_ws/src/install/lslidar_msgs/share/lslidar_msgs/cmake/lslidar_msgs__rosidl_typesupport_introspection_cppExport-release.cmake
[24.346s] -- Installing: /home/jason9308/robot_ws/src/install/lslidar_msgs/share/lslidar_msgs/cmake/lslidar_msgs__rosidl_typesupport_cppExport.cmake
[24.346s] -- Installing: /home/jason9308/robot_ws/src/install/lslidar_msgs/share/lslidar_msgs/cmake/lslidar_msgs__rosidl_typesupport_cppExport-release.cmake
[24.346s] -- Installing: /home/jason9308/robot_ws/src/install/lslidar_msgs/share/lslidar_msgs/cmake/export_lslidar_msgs__rosidl_generator_pyExport.cmake
[24.351s] -- Installing: /home/jason9308/robot_ws/src/install/lslidar_msgs/share/lslidar_msgs/cmake/export_lslidar_msgs__rosidl_generator_pyExport-release.cmake
[24.351s] -- Installing: /home/jason9308/robot_ws/src/install/lslidar_msgs/share/lslidar_msgs/cmake/rosidl_cmake-extras.cmake
[24.351s] -- Installing: /home/jason9308/robot_ws/src/install/lslidar_msgs/share/lslidar_msgs/cmake/ament_cmake_export_dependencies-extras.cmake
[24.351s] -- Installing: /home/jason9308/robot_ws/src/install/lslidar_msgs/share/lslidar_msgs/cmake/ament_cmake_export_include_directories-extras.cmake
[24.351s] -- Installing: /home/jason9308/robot_ws/src/install/lslidar_msgs/share/lslidar_msgs/cmake/ament_cmake_export_libraries-extras.cmake
[24.352s] -- Installing: /home/jason9308/robot_ws/src/install/lslidar_msgs/share/lslidar_msgs/cmake/ament_cmake_export_targets-extras.cmake
[24.352s] -- Installing: /home/jason9308/robot_ws/src/install/lslidar_msgs/share/lslidar_msgs/cmake/rosidl_cmake_export_typesupport_targets-extras.cmake
[24.352s] -- Installing: /home/jason9308/robot_ws/src/install/lslidar_msgs/share/lslidar_msgs/cmake/rosidl_cmake_export_typesupport_libraries-extras.cmake
[24.352s] -- Installing: /home/jason9308/robot_ws/src/install/lslidar_msgs/share/lslidar_msgs/cmake/lslidar_msgsConfig.cmake
[24.352s] -- Installing: /home/jason9308/robot_ws/src/install/lslidar_msgs/share/lslidar_msgs/cmake/lslidar_msgsConfig-version.cmake
[24.353s] -- Installing: /home/jason9308/robot_ws/src/install/lslidar_msgs/share/lslidar_msgs/package.xml
[24.362s] Invoked command in '/home/jason9308/robot_ws/src/build/lslidar_msgs' returned '0': CMAKE_PREFIX_PATH=/home/jason9308/robot_ws/install/xarm_planner:/home/jason9308/robot_ws/install/xarm_moveit_servo:/home/jason9308/robot_ws/install/xarm_moveit_config:/home/jason9308/robot_ws/install/xarm_gazebo:/home/jason9308/robot_ws/install/xarm_controller:/home/jason9308/robot_ws/install/xarm_api:/home/jason9308/robot_ws/install/xarm_sdk:/home/jason9308/robot_ws/install/move_arm:/home/jason9308/robot_ws/install/medicine_grabber:/home/jason9308/robot_ws/install/lite6_handeye:/home/jason9308/robot_ws/install/json_file_watcher:/home/jason9308/robot_ws/install/aruco_grab:/home/jason9308/robot_ws/install/xarm_msgs:/home/jason9308/robot_ws/install/xarm_description:/home/jason9308/robot_ws/install/ui_for_debug_and_demo:/home/jason9308/robot_ws/install/tracer_base:/home/jason9308/robot_ws/install/xarm_simulation:/home/jason9308/robot_ws/install/write_pose:/home/jason9308/robot_ws/install/voice_control:/home/jason9308/robot_ws/install/uf_ros_lib:/home/jason9308/robot_ws/install/tm_simulation_node:/home/jason9308/robot_ws/install/tm_mod_urdf:/home/jason9308/robot_ws/install/tm_get_status:/home/jason9308/robot_ws/install/speech_recognition_pkg:/home/jason9308/robot_ws/install/my_2f85gripper_py:/home/jason9308/robot_ws/install/hand_detection:/home/jason9308/robot_ws/install/face_recognition:/home/jason9308/robot_ws/install/chatbot:/home/jason9308/robot_ws/install/calibration_cross:/opt/ros/humble:/home/jason9308/robot_ws/install/ugv_sdk:/home/jason9308/robot_ws/install/tracer_msgs:/home/jason9308/robot_ws/install/tm_driver:/home/jason9308/robot_ws/install/demo:/home/jason9308/robot_ws/install/tm_msgs:/home/jason9308/robot_ws/install/tm_description:/home/jason9308/robot_ws/install/custom_package:/home/jason9308/robot_ws/install/techman_robot_msgs:/home/jason9308/robot_ws/install/realsense_gazebo_plugin:/home/jason9308/robot_ws/install/navigation_server:/home/jason9308/robot_ws/install/navigation_interfaces:/home/jason9308/robot_ws/install/mbot_demo:/home/jason9308/robot_ws/install/lslidar_driver:/home/jason9308/robot_ws/install/lslidar_msgs:/home/jason9308/robot_ws/install/grpr2f85_ifaces:/home/jason9308/robot_ws/install/control_node /usr/local/cuda-11.5/bin/cmake --install /home/jason9308/robot_ws/src/build/lslidar_msgs
