running egg_info
creating ../build/face_recognition/face_recognition.egg-info
writing ../build/face_recognition/face_recognition.egg-info/PKG-INFO
writing dependency_links to ../build/face_recognition/face_recognition.egg-info/dependency_links.txt
writing entry points to ../build/face_recognition/face_recognition.egg-info/entry_points.txt
writing requirements to ../build/face_recognition/face_recognition.egg-info/requires.txt
writing top-level names to ../build/face_recognition/face_recognition.egg-info/top_level.txt
writing manifest file '../build/face_recognition/face_recognition.egg-info/SOURCES.txt'
reading manifest file '../build/face_recognition/face_recognition.egg-info/SOURCES.txt'
writing manifest file '../build/face_recognition/face_recognition.egg-info/SOURCES.txt'
running build
running build_py
creating /home/jason9308/robot_ws/src/build/face_recognition/build
creating /home/jason9308/robot_ws/src/build/face_recognition/build/lib
creating /home/jason9308/robot_ws/src/build/face_recognition/build/lib/face_recognition
copying face_recognition/__init__.py -> /home/jason9308/robot_ws/src/build/face_recognition/build/lib/face_recognition
copying face_recognition/face_recognition.py -> /home/jason9308/robot_ws/src/build/face_recognition/build/lib/face_recognition
copying face_recognition/camera.py -> /home/jason9308/robot_ws/src/build/face_recognition/build/lib/face_recognition
running install
running install_lib
creating /home/jason9308/robot_ws/src/install/face_recognition/lib/python3.10/site-packages/face_recognition
copying /home/jason9308/robot_ws/src/build/face_recognition/build/lib/face_recognition/__init__.py -> /home/jason9308/robot_ws/src/install/face_recognition/lib/python3.10/site-packages/face_recognition
copying /home/jason9308/robot_ws/src/build/face_recognition/build/lib/face_recognition/face_recognition.py -> /home/jason9308/robot_ws/src/install/face_recognition/lib/python3.10/site-packages/face_recognition
copying /home/jason9308/robot_ws/src/build/face_recognition/build/lib/face_recognition/camera.py -> /home/jason9308/robot_ws/src/install/face_recognition/lib/python3.10/site-packages/face_recognition
byte-compiling /home/jason9308/robot_ws/src/install/face_recognition/lib/python3.10/site-packages/face_recognition/__init__.py to __init__.cpython-310.pyc
byte-compiling /home/jason9308/robot_ws/src/install/face_recognition/lib/python3.10/site-packages/face_recognition/face_recognition.py to face_recognition.cpython-310.pyc
byte-compiling /home/jason9308/robot_ws/src/install/face_recognition/lib/python3.10/site-packages/face_recognition/camera.py to camera.cpython-310.pyc
running install_data
creating /home/jason9308/robot_ws/src/install/face_recognition/share/ament_index
creating /home/jason9308/robot_ws/src/install/face_recognition/share/ament_index/resource_index
creating /home/jason9308/robot_ws/src/install/face_recognition/share/ament_index/resource_index/packages
copying resource/face_recognition -> /home/jason9308/robot_ws/src/install/face_recognition/share/ament_index/resource_index/packages
copying package.xml -> /home/jason9308/robot_ws/src/install/face_recognition/share/face_recognition
running install_egg_info
Copying ../build/face_recognition/face_recognition.egg-info to /home/jason9308/robot_ws/src/install/face_recognition/lib/python3.10/site-packages/face_recognition-0.0.0-py3.10.egg-info
running install_scripts
Installing camera script to /home/jason9308/robot_ws/src/install/face_recognition/lib/face_recognition
Installing face_recognition script to /home/jason9308/robot_ws/src/install/face_recognition/lib/face_recognition
writing list of installed files to '/home/jason9308/robot_ws/src/build/face_recognition/install.log'
