[4.082s] Invoking command in '/home/jason9308/robot_ws/src/tmr_ros2/tm_mod_urdf': PYTHONPATH=/home/jason9308/robot_ws/src/build/tm_mod_urdf/prefix_override:/usr/lib/python3/dist-packages/colcon_core/task/python/colcon_distutils_commands:/home/jason9308/robot_ws/src/install/tm_mod_urdf/lib/python3.10/site-packages:${PYTHONPATH} /usr/bin/python3 -W ignore:setup.py install is deprecated -W ignore:easy_install command is deprecated setup.py egg_info --egg-base ../../build/tm_mod_urdf build --build-base /home/jason9308/robot_ws/src/build/tm_mod_urdf/build install --record /home/jason9308/robot_ws/src/build/tm_mod_urdf/install.log --single-version-externally-managed install_data
[8.157s] running egg_info
[8.157s] creating ../../build/tm_mod_urdf/tm_mod_urdf.egg-info
[8.157s] writing ../../build/tm_mod_urdf/tm_mod_urdf.egg-info/PKG-INFO
[8.157s] writing dependency_links to ../../build/tm_mod_urdf/tm_mod_urdf.egg-info/dependency_links.txt
[8.157s] writing entry points to ../../build/tm_mod_urdf/tm_mod_urdf.egg-info/entry_points.txt
[8.157s] writing requirements to ../../build/tm_mod_urdf/tm_mod_urdf.egg-info/requires.txt
[8.157s] writing top-level names to ../../build/tm_mod_urdf/tm_mod_urdf.egg-info/top_level.txt
[8.158s] writing manifest file '../../build/tm_mod_urdf/tm_mod_urdf.egg-info/SOURCES.txt'
[8.158s] reading manifest file '../../build/tm_mod_urdf/tm_mod_urdf.egg-info/SOURCES.txt'
[8.158s] writing manifest file '../../build/tm_mod_urdf/tm_mod_urdf.egg-info/SOURCES.txt'
[8.158s] running build
[8.158s] running build_py
[8.158s] creating /home/jason9308/robot_ws/src/build/tm_mod_urdf/build
[8.158s] creating /home/jason9308/robot_ws/src/build/tm_mod_urdf/build/lib
[8.158s] creating /home/jason9308/robot_ws/src/build/tm_mod_urdf/build/lib/tm_mod_urdf
[8.159s] copying tm_mod_urdf/modify_urdf.py -> /home/jason9308/robot_ws/src/build/tm_mod_urdf/build/lib/tm_mod_urdf
[8.159s] copying tm_mod_urdf/__init__.py -> /home/jason9308/robot_ws/src/build/tm_mod_urdf/build/lib/tm_mod_urdf
[8.159s] copying tm_mod_urdf/modify_xacro.py -> /home/jason9308/robot_ws/src/build/tm_mod_urdf/build/lib/tm_mod_urdf
[8.159s] copying tm_mod_urdf/_modify_urdf.py -> /home/jason9308/robot_ws/src/build/tm_mod_urdf/build/lib/tm_mod_urdf
[8.164s] running install
[8.164s] running install_lib
[8.164s] creating /home/jason9308/robot_ws/src/install/tm_mod_urdf/lib/python3.10/site-packages/tm_mod_urdf
[8.164s] copying /home/jason9308/robot_ws/src/build/tm_mod_urdf/build/lib/tm_mod_urdf/modify_urdf.py -> /home/jason9308/robot_ws/src/install/tm_mod_urdf/lib/python3.10/site-packages/tm_mod_urdf
[8.164s] copying /home/jason9308/robot_ws/src/build/tm_mod_urdf/build/lib/tm_mod_urdf/__init__.py -> /home/jason9308/robot_ws/src/install/tm_mod_urdf/lib/python3.10/site-packages/tm_mod_urdf
[8.178s] copying /home/jason9308/robot_ws/src/build/tm_mod_urdf/build/lib/tm_mod_urdf/modify_xacro.py -> /home/jason9308/robot_ws/src/install/tm_mod_urdf/lib/python3.10/site-packages/tm_mod_urdf
[8.178s] copying /home/jason9308/robot_ws/src/build/tm_mod_urdf/build/lib/tm_mod_urdf/_modify_urdf.py -> /home/jason9308/robot_ws/src/install/tm_mod_urdf/lib/python3.10/site-packages/tm_mod_urdf
[8.178s] byte-compiling /home/jason9308/robot_ws/src/install/tm_mod_urdf/lib/python3.10/site-packages/tm_mod_urdf/modify_urdf.py to modify_urdf.cpython-310.pyc
[8.178s] byte-compiling /home/jason9308/robot_ws/src/install/tm_mod_urdf/lib/python3.10/site-packages/tm_mod_urdf/__init__.py to __init__.cpython-310.pyc
[8.179s] byte-compiling /home/jason9308/robot_ws/src/install/tm_mod_urdf/lib/python3.10/site-packages/tm_mod_urdf/modify_xacro.py to modify_xacro.cpython-310.pyc
[8.179s] byte-compiling /home/jason9308/robot_ws/src/install/tm_mod_urdf/lib/python3.10/site-packages/tm_mod_urdf/_modify_urdf.py to _modify_urdf.cpython-310.pyc
[8.179s] running install_data
[8.179s] creating /home/jason9308/robot_ws/src/install/tm_mod_urdf/share/ament_index
[8.179s] creating /home/jason9308/robot_ws/src/install/tm_mod_urdf/share/ament_index/resource_index
[8.179s] creating /home/jason9308/robot_ws/src/install/tm_mod_urdf/share/ament_index/resource_index/packages
[8.179s] copying resource/tm_mod_urdf -> /home/jason9308/robot_ws/src/install/tm_mod_urdf/share/ament_index/resource_index/packages
[8.179s] copying package.xml -> /home/jason9308/robot_ws/src/install/tm_mod_urdf/share/tm_mod_urdf
[8.180s] running install_egg_info
[8.180s] Copying ../../build/tm_mod_urdf/tm_mod_urdf.egg-info to /home/jason9308/robot_ws/src/install/tm_mod_urdf/lib/python3.10/site-packages/tm_mod_urdf-1.1.2-py3.10.egg-info
[8.180s] running install_scripts
[8.180s] Installing modify_urdf script to /home/jason9308/robot_ws/src/install/tm_mod_urdf/lib/tm_mod_urdf
[8.180s] Installing modify_xacro script to /home/jason9308/robot_ws/src/install/tm_mod_urdf/lib/tm_mod_urdf
[8.180s] writing list of installed files to '/home/jason9308/robot_ws/src/build/tm_mod_urdf/install.log'
[8.223s] Invoked command in '/home/jason9308/robot_ws/src/tmr_ros2/tm_mod_urdf' returned '0': PYTHONPATH=/home/jason9308/robot_ws/src/build/tm_mod_urdf/prefix_override:/usr/lib/python3/dist-packages/colcon_core/task/python/colcon_distutils_commands:/home/jason9308/robot_ws/src/install/tm_mod_urdf/lib/python3.10/site-packages:${PYTHONPATH} /usr/bin/python3 -W ignore:setup.py install is deprecated -W ignore:easy_install command is deprecated setup.py egg_info --egg-base ../../build/tm_mod_urdf build --build-base /home/jason9308/robot_ws/src/build/tm_mod_urdf/build install --record /home/jason9308/robot_ws/src/build/tm_mod_urdf/install.log --single-version-externally-managed install_data
