[0.114s] Invoking command in '/home/jason9308/robot_ws/src/build/xarm_description': CMAKE_PREFIX_PATH=/home/jason9308/robot_ws/install/xarm_planner:/home/jason9308/robot_ws/install/xarm_moveit_servo:/home/jason9308/robot_ws/install/xarm_moveit_config:/home/jason9308/robot_ws/install/xarm_gazebo:/home/jason9308/robot_ws/install/xarm_controller:/home/jason9308/robot_ws/install/xarm_api:/home/jason9308/robot_ws/install/xarm_sdk:/home/jason9308/robot_ws/install/move_arm:/home/jason9308/robot_ws/install/medicine_grabber:/home/jason9308/robot_ws/install/lite6_handeye:/home/jason9308/robot_ws/install/json_file_watcher:/home/jason9308/robot_ws/install/aruco_grab:/home/jason9308/robot_ws/install/xarm_msgs:/home/jason9308/robot_ws/install/xarm_description:/home/jason9308/robot_ws/install/ui_for_debug_and_demo:/home/jason9308/robot_ws/install/tracer_base:/home/jason9308/robot_ws/install/xarm_simulation:/home/jason9308/robot_ws/install/write_pose:/home/jason9308/robot_ws/install/voice_control:/home/jason9308/robot_ws/install/uf_ros_lib:/home/jason9308/robot_ws/install/tm_simulation_node:/home/jason9308/robot_ws/install/tm_mod_urdf:/home/jason9308/robot_ws/install/tm_get_status:/home/jason9308/robot_ws/install/speech_recognition_pkg:/home/jason9308/robot_ws/install/my_2f85gripper_py:/home/jason9308/robot_ws/install/hand_detection:/home/jason9308/robot_ws/install/face_recognition:/home/jason9308/robot_ws/install/chatbot:/home/jason9308/robot_ws/install/calibration_cross:/opt/ros/humble:/home/jason9308/robot_ws/install/ugv_sdk:/home/jason9308/robot_ws/install/tracer_msgs:/home/jason9308/robot_ws/install/tm_driver:/home/jason9308/robot_ws/install/demo:/home/jason9308/robot_ws/install/tm_msgs:/home/jason9308/robot_ws/install/tm_description:/home/jason9308/robot_ws/install/custom_package:/home/jason9308/robot_ws/install/techman_robot_msgs:/home/jason9308/robot_ws/install/realsense_gazebo_plugin:/home/jason9308/robot_ws/install/navigation_server:/home/jason9308/robot_ws/install/navigation_interfaces:/home/jason9308/robot_ws/install/mbot_demo:/home/jason9308/robot_ws/install/lslidar_driver:/home/jason9308/robot_ws/install/lslidar_msgs:/home/jason9308/robot_ws/install/grpr2f85_ifaces:/home/jason9308/robot_ws/install/control_node /usr/local/cuda-11.5/bin/cmake /home/jason9308/robot_ws/src/xarm_ros2/xarm_description -DCMAKE_INSTALL_PREFIX=/home/jason9308/robot_ws/src/install/xarm_description
[2.692s] -- The C compiler identification is GNU 11.4.0
[2.692s] -- The CXX compiler identification is GNU 11.4.0
[2.693s] -- Detecting C compiler ABI info
[2.694s] -- Detecting C compiler ABI info - done
[2.695s] -- Check for working C compiler: /usr/local/cuda-11.5/bin/cc - skipped
[2.695s] -- Detecting C compile features
[2.695s] -- Detecting C compile features - done
[2.695s] -- Detecting CXX compiler ABI info
[2.695s] -- Detecting CXX compiler ABI info - done
[2.695s] -- Check for working CXX compiler: /usr/local/cuda-11.5/bin/c++ - skipped
[2.695s] -- Detecting CXX compile features
[2.696s] -- Detecting CXX compile features - done
[2.697s] -- Found ament_cmake: 1.3.11 (/opt/ros/humble/share/ament_cmake/cmake)
[2.698s] -- Found Python3: /usr/local/cuda-11.5/bin/python3 (found version "3.10.12") found components: Interpreter 
[2.698s] -- Found ament_lint_auto: 0.12.11 (/opt/ros/humble/share/ament_lint_auto/cmake)
[2.698s] -- Added test 'copyright' to check source files copyright and LICENSE
[2.698s] -- Added test 'flake8' to check Python code syntax and style conventions
[2.698s] -- Added test 'lint_cmake' to check CMake code style
[2.702s] -- Added test 'pep257' to check Python code against some of the docstring style conventions in PEP 257
[2.703s] -- Added test 'xmllint' to check XML markup files
[2.703s] -- Configuring done
[2.703s] -- Generating done
[2.703s] -- Build files have been written to: /home/jason9308/robot_ws/src/build/xarm_description
[2.811s] Invoked command in '/home/jason9308/robot_ws/src/build/xarm_description' returned '0': CMAKE_PREFIX_PATH=/home/jason9308/robot_ws/install/xarm_planner:/home/jason9308/robot_ws/install/xarm_moveit_servo:/home/jason9308/robot_ws/install/xarm_moveit_config:/home/jason9308/robot_ws/install/xarm_gazebo:/home/jason9308/robot_ws/install/xarm_controller:/home/jason9308/robot_ws/install/xarm_api:/home/jason9308/robot_ws/install/xarm_sdk:/home/jason9308/robot_ws/install/move_arm:/home/jason9308/robot_ws/install/medicine_grabber:/home/jason9308/robot_ws/install/lite6_handeye:/home/jason9308/robot_ws/install/json_file_watcher:/home/jason9308/robot_ws/install/aruco_grab:/home/jason9308/robot_ws/install/xarm_msgs:/home/jason9308/robot_ws/install/xarm_description:/home/jason9308/robot_ws/install/ui_for_debug_and_demo:/home/jason9308/robot_ws/install/tracer_base:/home/jason9308/robot_ws/install/xarm_simulation:/home/jason9308/robot_ws/install/write_pose:/home/jason9308/robot_ws/install/voice_control:/home/jason9308/robot_ws/install/uf_ros_lib:/home/jason9308/robot_ws/install/tm_simulation_node:/home/jason9308/robot_ws/install/tm_mod_urdf:/home/jason9308/robot_ws/install/tm_get_status:/home/jason9308/robot_ws/install/speech_recognition_pkg:/home/jason9308/robot_ws/install/my_2f85gripper_py:/home/jason9308/robot_ws/install/hand_detection:/home/jason9308/robot_ws/install/face_recognition:/home/jason9308/robot_ws/install/chatbot:/home/jason9308/robot_ws/install/calibration_cross:/opt/ros/humble:/home/jason9308/robot_ws/install/ugv_sdk:/home/jason9308/robot_ws/install/tracer_msgs:/home/jason9308/robot_ws/install/tm_driver:/home/jason9308/robot_ws/install/demo:/home/jason9308/robot_ws/install/tm_msgs:/home/jason9308/robot_ws/install/tm_description:/home/jason9308/robot_ws/install/custom_package:/home/jason9308/robot_ws/install/techman_robot_msgs:/home/jason9308/robot_ws/install/realsense_gazebo_plugin:/home/jason9308/robot_ws/install/navigation_server:/home/jason9308/robot_ws/install/navigation_interfaces:/home/jason9308/robot_ws/install/mbot_demo:/home/jason9308/robot_ws/install/lslidar_driver:/home/jason9308/robot_ws/install/lslidar_msgs:/home/jason9308/robot_ws/install/grpr2f85_ifaces:/home/jason9308/robot_ws/install/control_node /usr/local/cuda-11.5/bin/cmake /home/jason9308/robot_ws/src/xarm_ros2/xarm_description -DCMAKE_INSTALL_PREFIX=/home/jason9308/robot_ws/src/install/xarm_description
[2.820s] Invoking command in '/home/jason9308/robot_ws/src/build/xarm_description': CMAKE_PREFIX_PATH=/home/jason9308/robot_ws/install/xarm_planner:/home/jason9308/robot_ws/install/xarm_moveit_servo:/home/jason9308/robot_ws/install/xarm_moveit_config:/home/jason9308/robot_ws/install/xarm_gazebo:/home/jason9308/robot_ws/install/xarm_controller:/home/jason9308/robot_ws/install/xarm_api:/home/jason9308/robot_ws/install/xarm_sdk:/home/jason9308/robot_ws/install/move_arm:/home/jason9308/robot_ws/install/medicine_grabber:/home/jason9308/robot_ws/install/lite6_handeye:/home/jason9308/robot_ws/install/json_file_watcher:/home/jason9308/robot_ws/install/aruco_grab:/home/jason9308/robot_ws/install/xarm_msgs:/home/jason9308/robot_ws/install/xarm_description:/home/jason9308/robot_ws/install/ui_for_debug_and_demo:/home/jason9308/robot_ws/install/tracer_base:/home/jason9308/robot_ws/install/xarm_simulation:/home/jason9308/robot_ws/install/write_pose:/home/jason9308/robot_ws/install/voice_control:/home/jason9308/robot_ws/install/uf_ros_lib:/home/jason9308/robot_ws/install/tm_simulation_node:/home/jason9308/robot_ws/install/tm_mod_urdf:/home/jason9308/robot_ws/install/tm_get_status:/home/jason9308/robot_ws/install/speech_recognition_pkg:/home/jason9308/robot_ws/install/my_2f85gripper_py:/home/jason9308/robot_ws/install/hand_detection:/home/jason9308/robot_ws/install/face_recognition:/home/jason9308/robot_ws/install/chatbot:/home/jason9308/robot_ws/install/calibration_cross:/opt/ros/humble:/home/jason9308/robot_ws/install/ugv_sdk:/home/jason9308/robot_ws/install/tracer_msgs:/home/jason9308/robot_ws/install/tm_driver:/home/jason9308/robot_ws/install/demo:/home/jason9308/robot_ws/install/tm_msgs:/home/jason9308/robot_ws/install/tm_description:/home/jason9308/robot_ws/install/custom_package:/home/jason9308/robot_ws/install/techman_robot_msgs:/home/jason9308/robot_ws/install/realsense_gazebo_plugin:/home/jason9308/robot_ws/install/navigation_server:/home/jason9308/robot_ws/install/navigation_interfaces:/home/jason9308/robot_ws/install/mbot_demo:/home/jason9308/robot_ws/install/lslidar_driver:/home/jason9308/robot_ws/install/lslidar_msgs:/home/jason9308/robot_ws/install/grpr2f85_ifaces:/home/jason9308/robot_ws/install/control_node /usr/local/cuda-11.5/bin/cmake --build /home/jason9308/robot_ws/src/build/xarm_description -- -j20 -l20
[3.354s] Invoked command in '/home/jason9308/robot_ws/src/build/xarm_description' returned '0': CMAKE_PREFIX_PATH=/home/jason9308/robot_ws/install/xarm_planner:/home/jason9308/robot_ws/install/xarm_moveit_servo:/home/jason9308/robot_ws/install/xarm_moveit_config:/home/jason9308/robot_ws/install/xarm_gazebo:/home/jason9308/robot_ws/install/xarm_controller:/home/jason9308/robot_ws/install/xarm_api:/home/jason9308/robot_ws/install/xarm_sdk:/home/jason9308/robot_ws/install/move_arm:/home/jason9308/robot_ws/install/medicine_grabber:/home/jason9308/robot_ws/install/lite6_handeye:/home/jason9308/robot_ws/install/json_file_watcher:/home/jason9308/robot_ws/install/aruco_grab:/home/jason9308/robot_ws/install/xarm_msgs:/home/jason9308/robot_ws/install/xarm_description:/home/jason9308/robot_ws/install/ui_for_debug_and_demo:/home/jason9308/robot_ws/install/tracer_base:/home/jason9308/robot_ws/install/xarm_simulation:/home/jason9308/robot_ws/install/write_pose:/home/jason9308/robot_ws/install/voice_control:/home/jason9308/robot_ws/install/uf_ros_lib:/home/jason9308/robot_ws/install/tm_simulation_node:/home/jason9308/robot_ws/install/tm_mod_urdf:/home/jason9308/robot_ws/install/tm_get_status:/home/jason9308/robot_ws/install/speech_recognition_pkg:/home/jason9308/robot_ws/install/my_2f85gripper_py:/home/jason9308/robot_ws/install/hand_detection:/home/jason9308/robot_ws/install/face_recognition:/home/jason9308/robot_ws/install/chatbot:/home/jason9308/robot_ws/install/calibration_cross:/opt/ros/humble:/home/jason9308/robot_ws/install/ugv_sdk:/home/jason9308/robot_ws/install/tracer_msgs:/home/jason9308/robot_ws/install/tm_driver:/home/jason9308/robot_ws/install/demo:/home/jason9308/robot_ws/install/tm_msgs:/home/jason9308/robot_ws/install/tm_description:/home/jason9308/robot_ws/install/custom_package:/home/jason9308/robot_ws/install/techman_robot_msgs:/home/jason9308/robot_ws/install/realsense_gazebo_plugin:/home/jason9308/robot_ws/install/navigation_server:/home/jason9308/robot_ws/install/navigation_interfaces:/home/jason9308/robot_ws/install/mbot_demo:/home/jason9308/robot_ws/install/lslidar_driver:/home/jason9308/robot_ws/install/lslidar_msgs:/home/jason9308/robot_ws/install/grpr2f85_ifaces:/home/jason9308/robot_ws/install/control_node /usr/local/cuda-11.5/bin/cmake --build /home/jason9308/robot_ws/src/build/xarm_description -- -j20 -l20
[3.377s] Invoking command in '/home/jason9308/robot_ws/src/build/xarm_description': CMAKE_PREFIX_PATH=/home/jason9308/robot_ws/install/xarm_planner:/home/jason9308/robot_ws/install/xarm_moveit_servo:/home/jason9308/robot_ws/install/xarm_moveit_config:/home/jason9308/robot_ws/install/xarm_gazebo:/home/jason9308/robot_ws/install/xarm_controller:/home/jason9308/robot_ws/install/xarm_api:/home/jason9308/robot_ws/install/xarm_sdk:/home/jason9308/robot_ws/install/move_arm:/home/jason9308/robot_ws/install/medicine_grabber:/home/jason9308/robot_ws/install/lite6_handeye:/home/jason9308/robot_ws/install/json_file_watcher:/home/jason9308/robot_ws/install/aruco_grab:/home/jason9308/robot_ws/install/xarm_msgs:/home/jason9308/robot_ws/install/xarm_description:/home/jason9308/robot_ws/install/ui_for_debug_and_demo:/home/jason9308/robot_ws/install/tracer_base:/home/jason9308/robot_ws/install/xarm_simulation:/home/jason9308/robot_ws/install/write_pose:/home/jason9308/robot_ws/install/voice_control:/home/jason9308/robot_ws/install/uf_ros_lib:/home/jason9308/robot_ws/install/tm_simulation_node:/home/jason9308/robot_ws/install/tm_mod_urdf:/home/jason9308/robot_ws/install/tm_get_status:/home/jason9308/robot_ws/install/speech_recognition_pkg:/home/jason9308/robot_ws/install/my_2f85gripper_py:/home/jason9308/robot_ws/install/hand_detection:/home/jason9308/robot_ws/install/face_recognition:/home/jason9308/robot_ws/install/chatbot:/home/jason9308/robot_ws/install/calibration_cross:/opt/ros/humble:/home/jason9308/robot_ws/install/ugv_sdk:/home/jason9308/robot_ws/install/tracer_msgs:/home/jason9308/robot_ws/install/tm_driver:/home/jason9308/robot_ws/install/demo:/home/jason9308/robot_ws/install/tm_msgs:/home/jason9308/robot_ws/install/tm_description:/home/jason9308/robot_ws/install/custom_package:/home/jason9308/robot_ws/install/techman_robot_msgs:/home/jason9308/robot_ws/install/realsense_gazebo_plugin:/home/jason9308/robot_ws/install/navigation_server:/home/jason9308/robot_ws/install/navigation_interfaces:/home/jason9308/robot_ws/install/mbot_demo:/home/jason9308/robot_ws/install/lslidar_driver:/home/jason9308/robot_ws/install/lslidar_msgs:/home/jason9308/robot_ws/install/grpr2f85_ifaces:/home/jason9308/robot_ws/install/control_node /usr/local/cuda-11.5/bin/cmake --install /home/jason9308/robot_ws/src/build/xarm_description
[3.413s] -- Install configuration: ""
[3.413s] -- Installing: /home/jason9308/robot_ws/src/install/xarm_description/share/xarm_description//rviz
[3.413s] -- Installing: /home/jason9308/robot_ws/src/install/xarm_description/share/xarm_description//rviz/display.rviz
[3.413s] -- Installing: /home/jason9308/robot_ws/src/install/xarm_description/share/xarm_description//urdf
[3.413s] -- Installing: /home/jason9308/robot_ws/src/install/xarm_description/share/xarm_description//urdf/xarm_device.urdf.xacro
[3.413s] -- Installing: /home/jason9308/robot_ws/src/install/xarm_description/share/xarm_description//urdf/uf850
[3.413s] -- Installing: /home/jason9308/robot_ws/src/install/xarm_description/share/xarm_description//urdf/uf850/uf850_robot_macro.xacro
[3.413s] -- Installing: /home/jason9308/robot_ws/src/install/xarm_description/share/xarm_description//urdf/uf850/uf850.gazebo.xacro
[3.413s] -- Installing: /home/jason9308/robot_ws/src/install/xarm_description/share/xarm_description//urdf/uf850/uf850.urdf.xacro
[3.413s] -- Installing: /home/jason9308/robot_ws/src/install/xarm_description/share/xarm_description//urdf/uf850/uf850.transmission.xacro
[3.413s] -- Installing: /home/jason9308/robot_ws/src/install/xarm_description/share/xarm_description//urdf/uf850/uf850.ros2_control.xacro
[3.414s] -- Installing: /home/jason9308/robot_ws/src/install/xarm_description/share/xarm_description//urdf/vacuum_gripper
[3.414s] -- Installing: /home/jason9308/robot_ws/src/install/xarm_description/share/xarm_description//urdf/vacuum_gripper/lite_vacuum_gripper.urdf.xacro
[3.414s] -- Installing: /home/jason9308/robot_ws/src/install/xarm_description/share/xarm_description//urdf/vacuum_gripper/vacuum_gripper_macro.xacro
[3.414s] -- Installing: /home/jason9308/robot_ws/src/install/xarm_description/share/xarm_description//urdf/vacuum_gripper/vacuum_gripper.urdf.xacro
[3.415s] -- Installing: /home/jason9308/robot_ws/src/install/xarm_description/share/xarm_description//urdf/vacuum_gripper/xarm_vacuum_gripper.urdf.xacro
[3.416s] -- Installing: /home/jason9308/robot_ws/src/install/xarm_description/share/xarm_description//urdf/xarm6
[3.416s] -- Installing: /home/jason9308/robot_ws/src/install/xarm_description/share/xarm_description//urdf/xarm6/xarm6.urdf.xacro
[3.416s] -- Installing: /home/jason9308/robot_ws/src/install/xarm_description/share/xarm_description//urdf/xarm6/xarm6_robot_macro.xacro
[3.417s] -- Installing: /home/jason9308/robot_ws/src/install/xarm_description/share/xarm_description//urdf/xarm6/xarm6.gazebo.xacro
[3.417s] -- Installing: /home/jason9308/robot_ws/src/install/xarm_description/share/xarm_description//urdf/xarm6/xarm6.transmission.xacro
[3.418s] -- Installing: /home/jason9308/robot_ws/src/install/xarm_description/share/xarm_description//urdf/xarm6/xarm6.ros2_control.xacro
[3.420s] -- Installing: /home/jason9308/robot_ws/src/install/xarm_description/share/xarm_description//urdf/common
[3.421s] -- Installing: /home/jason9308/robot_ws/src/install/xarm_description/share/xarm_description//urdf/common/common.material.xacro
[3.429s] -- Installing: /home/jason9308/robot_ws/src/install/xarm_description/share/xarm_description//urdf/common/common.link.xacro
[3.429s] -- Installing: /home/jason9308/robot_ws/src/install/xarm_description/share/xarm_description//urdf/common/common.gazebo.xacro
[3.429s] -- Installing: /home/jason9308/robot_ws/src/install/xarm_description/share/xarm_description//urdf/xarm7_mirror
[3.429s] -- Installing: /home/jason9308/robot_ws/src/install/xarm_description/share/xarm_description//urdf/xarm7_mirror/xarm7_mirror.gazebo.xacro
[3.429s] -- Installing: /home/jason9308/robot_ws/src/install/xarm_description/share/xarm_description//urdf/xarm7_mirror/xarm7_mirror.urdf.xacro
[3.429s] -- Installing: /home/jason9308/robot_ws/src/install/xarm_description/share/xarm_description//urdf/xarm7_mirror/xarm7_mirror.ros2_control.xacro
[3.430s] -- Installing: /home/jason9308/robot_ws/src/install/xarm_description/share/xarm_description//urdf/xarm7_mirror/xarm7_mirror_robot_macro.xacro
[3.430s] -- Installing: /home/jason9308/robot_ws/src/install/xarm_description/share/xarm_description//urdf/xarm7_mirror/xarm7_mirror.transmission.xacro
[3.430s] -- Installing: /home/jason9308/robot_ws/src/install/xarm_description/share/xarm_description//urdf/camera
[3.430s] -- Installing: /home/jason9308/robot_ws/src/install/xarm_description/share/xarm_description//urdf/camera/realsense_d435i.urdf.xacro
[3.431s] -- Installing: /home/jason9308/robot_ws/src/install/xarm_description/share/xarm_description//urdf/camera/realsense.gazebo.xacro
[3.431s] -- Installing: /home/jason9308/robot_ws/src/install/xarm_description/share/xarm_description//urdf/camera/camera.gazebo.xacro
[3.432s] -- Installing: /home/jason9308/robot_ws/src/install/xarm_description/share/xarm_description//urdf/dual_xarm_device.urdf.xacro
[3.432s] -- Installing: /home/jason9308/robot_ws/src/install/xarm_description/share/xarm_description//urdf/_private_macro.xacro
[3.433s] -- Installing: /home/jason9308/robot_ws/src/install/xarm_description/share/xarm_description//urdf/xarm7
[3.433s] -- Installing: /home/jason9308/robot_ws/src/install/xarm_description/share/xarm_description//urdf/xarm7/xarm7.transmission.xacro
[3.434s] -- Installing: /home/jason9308/robot_ws/src/install/xarm_description/share/xarm_description//urdf/xarm7/xarm7.gazebo.xacro
[3.439s] -- Installing: /home/jason9308/robot_ws/src/install/xarm_description/share/xarm_description//urdf/xarm7/xarm7.ros2_control.xacro
[3.439s] -- Installing: /home/jason9308/robot_ws/src/install/xarm_description/share/xarm_description//urdf/xarm7/xarm7_robot_macro.xacro
[3.439s] -- Installing: /home/jason9308/robot_ws/src/install/xarm_description/share/xarm_description//urdf/xarm7/xarm7.urdf.xacro
[3.439s] -- Installing: /home/jason9308/robot_ws/src/install/xarm_description/share/xarm_description//urdf/gripper
[3.440s] -- Installing: /home/jason9308/robot_ws/src/install/xarm_description/share/xarm_description//urdf/gripper/gripper_macro.xacro
[3.443s] -- Installing: /home/jason9308/robot_ws/src/install/xarm_description/share/xarm_description//urdf/gripper/xarm_gripper_macro.xacro
[3.444s] -- Installing: /home/jason9308/robot_ws/src/install/xarm_description/share/xarm_description//urdf/gripper/xarm_gripper.gazebo.xacro
[3.446s] -- Installing: /home/jason9308/robot_ws/src/install/xarm_description/share/xarm_description//urdf/gripper/gripper.urdf.xacro
[3.446s] -- Installing: /home/jason9308/robot_ws/src/install/xarm_description/share/xarm_description//urdf/gripper/xarm_gripper.ros2_control.xacro
[3.446s] -- Installing: /home/jason9308/robot_ws/src/install/xarm_description/share/xarm_description//urdf/gripper/xarm_gripper.transmission.xacro
[3.447s] -- Installing: /home/jason9308/robot_ws/src/install/xarm_description/share/xarm_description//urdf/gripper/bio_gripper.ros2_control.xacro
[3.449s] -- Installing: /home/jason9308/robot_ws/src/install/xarm_description/share/xarm_description//urdf/gripper/lite_gripper.urdf.xacro
[3.449s] -- Installing: /home/jason9308/robot_ws/src/install/xarm_description/share/xarm_description//urdf/gripper/bio_gripper.gazebo.xacro
[3.450s] -- Installing: /home/jason9308/robot_ws/src/install/xarm_description/share/xarm_description//urdf/gripper/bio_gripper_macro.xacro
[3.465s] -- Installing: /home/jason9308/robot_ws/src/install/xarm_description/share/xarm_description//urdf/gripper/bio_gripper.transmission.xacro
[3.465s] -- Installing: /home/jason9308/robot_ws/src/install/xarm_description/share/xarm_description//urdf/gripper/bio_gripper.urdf.xacro
[3.465s] -- Installing: /home/jason9308/robot_ws/src/install/xarm_description/share/xarm_description//urdf/gripper/xarm_gripper.urdf.xacro
[3.465s] -- Installing: /home/jason9308/robot_ws/src/install/xarm_description/share/xarm_description//urdf/xarm_device_macro.xacro
[3.465s] -- Installing: /home/jason9308/robot_ws/src/install/xarm_description/share/xarm_description//urdf/lite6
[3.466s] -- Installing: /home/jason9308/robot_ws/src/install/xarm_description/share/xarm_description//urdf/lite6/lite6.urdf.xacro
[3.466s] -- Installing: /home/jason9308/robot_ws/src/install/xarm_description/share/xarm_description//urdf/lite6/lite6.gazebo.xacro
[3.466s] -- Installing: /home/jason9308/robot_ws/src/install/xarm_description/share/xarm_description//urdf/lite6/lite6.ros2_control.xacro
[3.466s] -- Installing: /home/jason9308/robot_ws/src/install/xarm_description/share/xarm_description//urdf/lite6/lite6_robot_macro.xacro
[3.466s] -- Installing: /home/jason9308/robot_ws/src/install/xarm_description/share/xarm_description//urdf/lite6/lite6.transmission.xacro
[3.466s] -- Installing: /home/jason9308/robot_ws/src/install/xarm_description/share/xarm_description//urdf/other
[3.466s] -- Installing: /home/jason9308/robot_ws/src/install/xarm_description/share/xarm_description//urdf/other/other_geometry.urdf.xacro
[3.467s] -- Installing: /home/jason9308/robot_ws/src/install/xarm_description/share/xarm_description//urdf/xarm5
[3.467s] -- Installing: /home/jason9308/robot_ws/src/install/xarm_description/share/xarm_description//urdf/xarm5/xarm5.transmission.xacro
[3.467s] -- Installing: /home/jason9308/robot_ws/src/install/xarm_description/share/xarm_description//urdf/xarm5/xarm5.urdf.xacro
[3.467s] -- Installing: /home/jason9308/robot_ws/src/install/xarm_description/share/xarm_description//urdf/xarm5/xarm5_robot_macro.xacro
[3.467s] -- Installing: /home/jason9308/robot_ws/src/install/xarm_description/share/xarm_description//urdf/xarm5/xarm5.gazebo.xacro
[3.467s] -- Installing: /home/jason9308/robot_ws/src/install/xarm_description/share/xarm_description//urdf/xarm5/xarm5.ros2_control.xacro
[3.482s] -- Installing: /home/jason9308/robot_ws/src/install/xarm_description/share/xarm_description//config
[3.482s] -- Installing: /home/jason9308/robot_ws/src/install/xarm_description/share/xarm_description//config/link_inertial
[3.482s] -- Installing: /home/jason9308/robot_ws/src/install/xarm_description/share/xarm_description//config/link_inertial/xarm7_type7_HT_BR2.yaml
[3.482s] -- Installing: /home/jason9308/robot_ws/src/install/xarm_description/share/xarm_description//config/link_inertial/xarm5_type5_HT_BR2.yaml
[3.482s] -- Installing: /home/jason9308/robot_ws/src/install/xarm_description/share/xarm_description//config/link_inertial/gen_link_inertial_params.py
[3.483s] -- Installing: /home/jason9308/robot_ws/src/install/xarm_description/share/xarm_description//config/link_inertial/xarm6_type12_HT_LDBR2.yaml
[3.483s] -- Installing: /home/jason9308/robot_ws/src/install/xarm_description/share/xarm_description//config/link_inertial/xarm7_type13_HT_BR2.yaml
[3.483s] -- Installing: /home/jason9308/robot_ws/src/install/xarm_description/share/xarm_description//config/link_inertial/xarm6_type6_HT2_LD.yaml
[3.483s] -- Installing: /home/jason9308/robot_ws/src/install/xarm_description/share/xarm_description//config/link_inertial/xarm6_type9_HT_BR2.yaml
[3.483s] -- Installing: /home/jason9308/robot_ws/src/install/xarm_description/share/xarm_description//config/link_inertial/xarm6_type6_HT_BR.yaml
[3.483s] -- Installing: /home/jason9308/robot_ws/src/install/xarm_description/share/xarm_description//config/link_inertial/xarm5_type5_HT_BR.yaml
[3.483s] -- Installing: /home/jason9308/robot_ws/src/install/xarm_description/share/xarm_description//config/link_inertial/xarm6_type6_UJ_BR_2403.yaml
[3.483s] -- Installing: /home/jason9308/robot_ws/src/install/xarm_description/share/xarm_description//config/link_inertial/xarm5_type5_UJ_BR_2403.yaml
[3.483s] -- Installing: /home/jason9308/robot_ws/src/install/xarm_description/share/xarm_description//config/link_inertial/xarm5_type5_HT_LD.yaml
[3.484s] -- Installing: /home/jason9308/robot_ws/src/install/xarm_description/share/xarm_description//config/link_inertial/xarm7_type7_HT_BR.yaml
[3.484s] -- Installing: /home/jason9308/robot_ws/src/install/xarm_description/share/xarm_description//config/link_inertial/xarm7_type3_YT_SP.yaml
[3.484s] -- Installing: /home/jason9308/robot_ws/src/install/xarm_description/share/xarm_description//config/link_inertial/xarm6_type6_HT_BR2.yaml
[3.484s] -- Installing: /home/jason9308/robot_ws/src/install/xarm_description/share/xarm_description//config/link_inertial/xarm6_type8_HT2_BR2.yaml
[3.484s] -- Installing: /home/jason9308/robot_ws/src/install/xarm_description/share/xarm_description//config/link_inertial/xarm7_type7_HT_LD.yaml
[3.484s] -- Installing: /home/jason9308/robot_ws/src/install/xarm_description/share/xarm_description//config/link_inertial/xarm7_type7_UJ_BR_2403.yaml
[3.484s] -- Installing: /home/jason9308/robot_ws/src/install/xarm_description/share/xarm_description//config/link_inertial/xarm6_type6_HT_LD.yaml
[3.484s] -- Installing: /home/jason9308/robot_ws/src/install/xarm_description/share/xarm_description//config/link_inertial/xarm6_type11_HT_LD.yaml
[3.485s] -- Installing: /home/jason9308/robot_ws/src/install/xarm_description/share/xarm_description//config/kinematics
[3.485s] -- Installing: /home/jason9308/robot_ws/src/install/xarm_description/share/xarm_description//config/kinematics/gen_kinematics_params.py
[3.485s] -- Installing: /home/jason9308/robot_ws/src/install/xarm_description/share/xarm_description//config/kinematics/default
[3.505s] -- Installing: /home/jason9308/robot_ws/src/install/xarm_description/share/xarm_description//config/kinematics/default/xarm5_default_kinematics.yaml
[3.505s] -- Installing: /home/jason9308/robot_ws/src/install/xarm_description/share/xarm_description//config/kinematics/default/lite6_default_kinematics.yaml
[3.506s] -- Installing: /home/jason9308/robot_ws/src/install/xarm_description/share/xarm_description//config/kinematics/default/xarm7_default_kinematics.yaml
[3.506s] -- Installing: /home/jason9308/robot_ws/src/install/xarm_description/share/xarm_description//config/kinematics/default/uf850_default_kinematics.yaml
[3.506s] -- Installing: /home/jason9308/robot_ws/src/install/xarm_description/share/xarm_description//config/kinematics/default/xarm7_mirror_default_kinematics.yaml
[3.506s] -- Installing: /home/jason9308/robot_ws/src/install/xarm_description/share/xarm_description//config/kinematics/default/xarm6_default_kinematics.yaml
[3.506s] -- Installing: /home/jason9308/robot_ws/src/install/xarm_description/share/xarm_description//meshes
[3.506s] -- Installing: /home/jason9308/robot_ws/src/install/xarm_description/share/xarm_description//meshes/end_tool
[3.506s] -- Installing: /home/jason9308/robot_ws/src/install/xarm_description/share/xarm_description//meshes/end_tool/collision
[3.507s] -- Installing: /home/jason9308/robot_ws/src/install/xarm_description/share/xarm_description//meshes/end_tool/collision/end_tool_1300.stl
[3.507s] -- Installing: /home/jason9308/robot_ws/src/install/xarm_description/share/xarm_description//meshes/end_tool/collision/end_tool.stl
[3.507s] -- Installing: /home/jason9308/robot_ws/src/install/xarm_description/share/xarm_description//meshes/end_tool/visual
[3.507s] -- Installing: /home/jason9308/robot_ws/src/install/xarm_description/share/xarm_description//meshes/end_tool/visual/end_tool_1300.stl
[3.507s] -- Installing: /home/jason9308/robot_ws/src/install/xarm_description/share/xarm_description//meshes/xarm6_1305
[3.507s] -- Installing: /home/jason9308/robot_ws/src/install/xarm_description/share/xarm_description//meshes/xarm6_1305/collision
[3.507s] -- Installing: /home/jason9308/robot_ws/src/install/xarm_description/share/xarm_description//meshes/xarm6_1305/collision/link_base.obj
[3.508s] -- Installing: /home/jason9308/robot_ws/src/install/xarm_description/share/xarm_description//meshes/xarm6_1305/collision/link2.obj
[3.508s] -- Installing: /home/jason9308/robot_ws/src/install/xarm_description/share/xarm_description//meshes/xarm6_1305/collision/link6.obj
[3.508s] -- Installing: /home/jason9308/robot_ws/src/install/xarm_description/share/xarm_description//meshes/xarm6_1305/collision/link4.obj
[3.508s] -- Installing: /home/jason9308/robot_ws/src/install/xarm_description/share/xarm_description//meshes/xarm6_1305/collision/link5.obj
[3.523s] -- Installing: /home/jason9308/robot_ws/src/install/xarm_description/share/xarm_description//meshes/xarm6_1305/collision/link3.obj
[3.523s] -- Installing: /home/jason9308/robot_ws/src/install/xarm_description/share/xarm_description//meshes/xarm6_1305/collision/link1.obj
[3.523s] -- Installing: /home/jason9308/robot_ws/src/install/xarm_description/share/xarm_description//meshes/xarm6_1305/visual
[3.523s] -- Installing: /home/jason9308/robot_ws/src/install/xarm_description/share/xarm_description//meshes/xarm6_1305/visual/link5.stl
[3.523s] -- Installing: /home/jason9308/robot_ws/src/install/xarm_description/share/xarm_description//meshes/xarm6_1305/visual/link1.stl
[3.523s] -- Installing: /home/jason9308/robot_ws/src/install/xarm_description/share/xarm_description//meshes/xarm6_1305/visual/link2.stl
[3.523s] -- Installing: /home/jason9308/robot_ws/src/install/xarm_description/share/xarm_description//meshes/xarm6_1305/visual/link3.stl
[3.524s] -- Installing: /home/jason9308/robot_ws/src/install/xarm_description/share/xarm_description//meshes/xarm6_1305/visual/link4.stl
[3.524s] -- Installing: /home/jason9308/robot_ws/src/install/xarm_description/share/xarm_description//meshes/xarm6_1305/visual/link_base.stl
[3.534s] -- Installing: /home/jason9308/robot_ws/src/install/xarm_description/share/xarm_description//meshes/xarm6_1305/visual/link6.stl
[3.534s] -- Installing: /home/jason9308/robot_ws/src/install/xarm_description/share/xarm_description//meshes/uf850
[3.534s] -- Installing: /home/jason9308/robot_ws/src/install/xarm_description/share/xarm_description//meshes/uf850/collision
[3.535s] -- Installing: /home/jason9308/robot_ws/src/install/xarm_description/share/xarm_description//meshes/uf850/collision/link5.stl
[3.538s] -- Installing: /home/jason9308/robot_ws/src/install/xarm_description/share/xarm_description//meshes/uf850/collision/link1.stl
[3.538s] -- Installing: /home/jason9308/robot_ws/src/install/xarm_description/share/xarm_description//meshes/uf850/collision/link2.stl
[3.546s] -- Installing: /home/jason9308/robot_ws/src/install/xarm_description/share/xarm_description//meshes/uf850/collision/link3.stl
[3.546s] -- Installing: /home/jason9308/robot_ws/src/install/xarm_description/share/xarm_description//meshes/uf850/collision/link4.stl
[3.547s] -- Installing: /home/jason9308/robot_ws/src/install/xarm_description/share/xarm_description//meshes/uf850/collision/link_base.stl
[3.547s] -- Installing: /home/jason9308/robot_ws/src/install/xarm_description/share/xarm_description//meshes/uf850/collision/link6.stl
[3.548s] -- Installing: /home/jason9308/robot_ws/src/install/xarm_description/share/xarm_description//meshes/uf850/visual
[3.548s] -- Installing: /home/jason9308/robot_ws/src/install/xarm_description/share/xarm_description//meshes/uf850/visual/link5.stl
[3.556s] -- Installing: /home/jason9308/robot_ws/src/install/xarm_description/share/xarm_description//meshes/uf850/visual/link1.stl
[3.557s] -- Installing: /home/jason9308/robot_ws/src/install/xarm_description/share/xarm_description//meshes/uf850/visual/link2.stl
[3.557s] -- Installing: /home/jason9308/robot_ws/src/install/xarm_description/share/xarm_description//meshes/uf850/visual/link3.stl
[3.564s] -- Installing: /home/jason9308/robot_ws/src/install/xarm_description/share/xarm_description//meshes/uf850/visual/link4.stl
[3.566s] -- Installing: /home/jason9308/robot_ws/src/install/xarm_description/share/xarm_description//meshes/uf850/visual/link_base.stl
[3.571s] -- Installing: /home/jason9308/robot_ws/src/install/xarm_description/share/xarm_description//meshes/uf850/visual/link6.stl
[3.579s] -- Installing: /home/jason9308/robot_ws/src/install/xarm_description/share/xarm_description//meshes/vacuum_gripper
[3.579s] -- Installing: /home/jason9308/robot_ws/src/install/xarm_description/share/xarm_description//meshes/vacuum_gripper/xarm
[3.579s] -- Installing: /home/jason9308/robot_ws/src/install/xarm_description/share/xarm_description//meshes/vacuum_gripper/xarm/collision
[3.579s] -- Installing: /home/jason9308/robot_ws/src/install/xarm_description/share/xarm_description//meshes/vacuum_gripper/xarm/collision/vacuum_gripper.stl
[3.589s] -- Installing: /home/jason9308/robot_ws/src/install/xarm_description/share/xarm_description//meshes/vacuum_gripper/xarm/visual
[3.589s] -- Installing: /home/jason9308/robot_ws/src/install/xarm_description/share/xarm_description//meshes/vacuum_gripper/xarm/visual/vacuum_gripper.stl
[3.589s] -- Installing: /home/jason9308/robot_ws/src/install/xarm_description/share/xarm_description//meshes/vacuum_gripper/lite
[3.590s] -- Installing: /home/jason9308/robot_ws/src/install/xarm_description/share/xarm_description//meshes/vacuum_gripper/lite/collision
[3.599s] -- Installing: /home/jason9308/robot_ws/src/install/xarm_description/share/xarm_description//meshes/vacuum_gripper/lite/collision/vacuum_gripper_lite.stl
[3.599s] -- Installing: /home/jason9308/robot_ws/src/install/xarm_description/share/xarm_description//meshes/vacuum_gripper/lite/visual
[3.600s] -- Installing: /home/jason9308/robot_ws/src/install/xarm_description/share/xarm_description//meshes/vacuum_gripper/lite/visual/vacuum_gripper_lite.stl
[3.600s] -- Installing: /home/jason9308/robot_ws/src/install/xarm_description/share/xarm_description//meshes/xarm6
[3.600s] -- Installing: /home/jason9308/robot_ws/src/install/xarm_description/share/xarm_description//meshes/xarm6/visual
[3.600s] -- Installing: /home/jason9308/robot_ws/src/install/xarm_description/share/xarm_description//meshes/xarm6/visual/link5.stl
[3.602s] -- Installing: /home/jason9308/robot_ws/src/install/xarm_description/share/xarm_description//meshes/xarm6/visual/link1.stl
[3.628s] -- Installing: /home/jason9308/robot_ws/src/install/xarm_description/share/xarm_description//meshes/xarm6/visual/link2.stl
[3.628s] -- Installing: /home/jason9308/robot_ws/src/install/xarm_description/share/xarm_description//meshes/xarm6/visual/link3.stl
[3.628s] -- Installing: /home/jason9308/robot_ws/src/install/xarm_description/share/xarm_description//meshes/xarm6/visual/link4.stl
[3.628s] -- Installing: /home/jason9308/robot_ws/src/install/xarm_description/share/xarm_description//meshes/xarm6/visual/link_base.stl
[3.631s] -- Installing: /home/jason9308/robot_ws/src/install/xarm_description/share/xarm_description//meshes/xarm6/visual/link6.stl
[3.638s] -- Installing: /home/jason9308/robot_ws/src/install/xarm_description/share/xarm_description//meshes/xarm7_mirror
[3.638s] -- Installing: /home/jason9308/robot_ws/src/install/xarm_description/share/xarm_description//meshes/xarm7_mirror/collision
[3.638s] -- Installing: /home/jason9308/robot_ws/src/install/xarm_description/share/xarm_description//meshes/xarm7_mirror/collision/link5.stl
[3.641s] -- Installing: /home/jason9308/robot_ws/src/install/xarm_description/share/xarm_description//meshes/xarm7_mirror/collision/link1.stl
[3.642s] -- Installing: /home/jason9308/robot_ws/src/install/xarm_description/share/xarm_description//meshes/xarm7_mirror/collision/link2.stl
[3.643s] -- Installing: /home/jason9308/robot_ws/src/install/xarm_description/share/xarm_description//meshes/xarm7_mirror/collision/link3.stl
[3.644s] -- Installing: /home/jason9308/robot_ws/src/install/xarm_description/share/xarm_description//meshes/xarm7_mirror/collision/link4.stl
[3.645s] -- Installing: /home/jason9308/robot_ws/src/install/xarm_description/share/xarm_description//meshes/xarm7_mirror/collision/link_base.stl
[3.651s] -- Installing: /home/jason9308/robot_ws/src/install/xarm_description/share/xarm_description//meshes/xarm7_mirror/collision/link6.stl
[3.654s] -- Installing: /home/jason9308/robot_ws/src/install/xarm_description/share/xarm_description//meshes/xarm7_mirror/collision/link7.stl
[3.662s] -- Installing: /home/jason9308/robot_ws/src/install/xarm_description/share/xarm_description//meshes/xarm7_mirror/visual
[3.662s] -- Installing: /home/jason9308/robot_ws/src/install/xarm_description/share/xarm_description//meshes/xarm7_mirror/visual/link5.stl
[3.665s] -- Installing: /home/jason9308/robot_ws/src/install/xarm_description/share/xarm_description//meshes/xarm7_mirror/visual/link1.stl
[3.668s] -- Installing: /home/jason9308/robot_ws/src/install/xarm_description/share/xarm_description//meshes/xarm7_mirror/visual/link2.stl
[3.675s] -- Installing: /home/jason9308/robot_ws/src/install/xarm_description/share/xarm_description//meshes/xarm7_mirror/visual/link3.stl
[3.677s] -- Installing: /home/jason9308/robot_ws/src/install/xarm_description/share/xarm_description//meshes/xarm7_mirror/visual/link4.stl
[3.678s] -- Installing: /home/jason9308/robot_ws/src/install/xarm_description/share/xarm_description//meshes/xarm7_mirror/visual/link_base.stl
[3.680s] -- Installing: /home/jason9308/robot_ws/src/install/xarm_description/share/xarm_description//meshes/xarm7_mirror/visual/link6.stl
[3.686s] -- Installing: /home/jason9308/robot_ws/src/install/xarm_description/share/xarm_description//meshes/xarm7_mirror/visual/link7.stl
[3.687s] -- Installing: /home/jason9308/robot_ws/src/install/xarm_description/share/xarm_description//meshes/camera
[3.688s] -- Installing: /home/jason9308/robot_ws/src/install/xarm_description/share/xarm_description//meshes/camera/realsense
[3.688s] -- Installing: /home/jason9308/robot_ws/src/install/xarm_description/share/xarm_description//meshes/camera/realsense/collision
[3.688s] -- Installing: /home/jason9308/robot_ws/src/install/xarm_description/share/xarm_description//meshes/camera/realsense/collision/d435_with_cam_stand.stl
[3.690s] -- Installing: /home/jason9308/robot_ws/src/install/xarm_description/share/xarm_description//meshes/camera/realsense/visual
[3.691s] -- Installing: /home/jason9308/robot_ws/src/install/xarm_description/share/xarm_description//meshes/camera/realsense/visual/d435_with_cam_stand.stl
[3.704s] -- Installing: /home/jason9308/robot_ws/src/install/xarm_description/share/xarm_description//meshes/xarm5_1305
[3.705s] -- Installing: /home/jason9308/robot_ws/src/install/xarm_description/share/xarm_description//meshes/xarm5_1305/collision
[3.705s] -- Installing: /home/jason9308/robot_ws/src/install/xarm_description/share/xarm_description//meshes/xarm5_1305/collision/link_base.obj
[3.705s] -- Installing: /home/jason9308/robot_ws/src/install/xarm_description/share/xarm_description//meshes/xarm5_1305/collision/link2.obj
[3.713s] -- Installing: /home/jason9308/robot_ws/src/install/xarm_description/share/xarm_description//meshes/xarm5_1305/collision/link4.obj
[3.713s] -- Installing: /home/jason9308/robot_ws/src/install/xarm_description/share/xarm_description//meshes/xarm5_1305/collision/link5.obj
[3.713s] -- Installing: /home/jason9308/robot_ws/src/install/xarm_description/share/xarm_description//meshes/xarm5_1305/collision/link3.obj
[3.720s] -- Installing: /home/jason9308/robot_ws/src/install/xarm_description/share/xarm_description//meshes/xarm5_1305/collision/link1.obj
[3.721s] -- Installing: /home/jason9308/robot_ws/src/install/xarm_description/share/xarm_description//meshes/xarm5_1305/visual
[3.721s] -- Installing: /home/jason9308/robot_ws/src/install/xarm_description/share/xarm_description//meshes/xarm5_1305/visual/link5.stl
[3.721s] -- Installing: /home/jason9308/robot_ws/src/install/xarm_description/share/xarm_description//meshes/xarm5_1305/visual/link1.stl
[3.721s] -- Installing: /home/jason9308/robot_ws/src/install/xarm_description/share/xarm_description//meshes/xarm5_1305/visual/link2.stl
[3.721s] -- Installing: /home/jason9308/robot_ws/src/install/xarm_description/share/xarm_description//meshes/xarm5_1305/visual/link3.stl
[3.730s] -- Installing: /home/jason9308/robot_ws/src/install/xarm_description/share/xarm_description//meshes/xarm5_1305/visual/link4.stl
[3.731s] -- Installing: /home/jason9308/robot_ws/src/install/xarm_description/share/xarm_description//meshes/xarm5_1305/visual/link_base.stl
[3.731s] -- Installing: /home/jason9308/robot_ws/src/install/xarm_description/share/xarm_description//meshes/xarm7_1305
[3.731s] -- Installing: /home/jason9308/robot_ws/src/install/xarm_description/share/xarm_description//meshes/xarm7_1305/collision
[3.731s] -- Installing: /home/jason9308/robot_ws/src/install/xarm_description/share/xarm_description//meshes/xarm7_1305/collision/link_base.obj
[3.732s] -- Installing: /home/jason9308/robot_ws/src/install/xarm_description/share/xarm_description//meshes/xarm7_1305/collision/link2.obj
[3.735s] -- Installing: /home/jason9308/robot_ws/src/install/xarm_description/share/xarm_description//meshes/xarm7_1305/collision/link6.obj
[3.736s] -- Installing: /home/jason9308/robot_ws/src/install/xarm_description/share/xarm_description//meshes/xarm7_1305/collision/link4.obj
[3.741s] -- Installing: /home/jason9308/robot_ws/src/install/xarm_description/share/xarm_description//meshes/xarm7_1305/collision/link5.obj
[3.745s] -- Installing: /home/jason9308/robot_ws/src/install/xarm_description/share/xarm_description//meshes/xarm7_1305/collision/link3.obj
[3.746s] -- Installing: /home/jason9308/robot_ws/src/install/xarm_description/share/xarm_description//meshes/xarm7_1305/collision/link7.obj
[3.749s] -- Installing: /home/jason9308/robot_ws/src/install/xarm_description/share/xarm_description//meshes/xarm7_1305/collision/link1.obj
[3.749s] -- Installing: /home/jason9308/robot_ws/src/install/xarm_description/share/xarm_description//meshes/xarm7_1305/visual
[3.752s] -- Installing: /home/jason9308/robot_ws/src/install/xarm_description/share/xarm_description//meshes/xarm7_1305/visual/link5.stl
[3.756s] -- Installing: /home/jason9308/robot_ws/src/install/xarm_description/share/xarm_description//meshes/xarm7_1305/visual/link1.stl
[3.756s] -- Installing: /home/jason9308/robot_ws/src/install/xarm_description/share/xarm_description//meshes/xarm7_1305/visual/link2.stl
[3.759s] -- Installing: /home/jason9308/robot_ws/src/install/xarm_description/share/xarm_description//meshes/xarm7_1305/visual/link3.stl
[3.760s] -- Installing: /home/jason9308/robot_ws/src/install/xarm_description/share/xarm_description//meshes/xarm7_1305/visual/link4.stl
[3.761s] -- Installing: /home/jason9308/robot_ws/src/install/xarm_description/share/xarm_description//meshes/xarm7_1305/visual/link_base.stl
[3.768s] -- Installing: /home/jason9308/robot_ws/src/install/xarm_description/share/xarm_description//meshes/xarm7_1305/visual/link6.stl
[3.769s] -- Installing: /home/jason9308/robot_ws/src/install/xarm_description/share/xarm_description//meshes/xarm7_1305/visual/link7.stl
[3.771s] -- Installing: /home/jason9308/robot_ws/src/install/xarm_description/share/xarm_description//meshes/xarm7
[3.771s] -- Installing: /home/jason9308/robot_ws/src/install/xarm_description/share/xarm_description//meshes/xarm7/visual
[3.771s] -- Installing: /home/jason9308/robot_ws/src/install/xarm_description/share/xarm_description//meshes/xarm7/visual/link5.stl
[3.781s] -- Installing: /home/jason9308/robot_ws/src/install/xarm_description/share/xarm_description//meshes/xarm7/visual/link1.stl
[3.782s] -- Installing: /home/jason9308/robot_ws/src/install/xarm_description/share/xarm_description//meshes/xarm7/visual/link2.stl
[3.783s] -- Installing: /home/jason9308/robot_ws/src/install/xarm_description/share/xarm_description//meshes/xarm7/visual/link3.stl
[3.786s] -- Installing: /home/jason9308/robot_ws/src/install/xarm_description/share/xarm_description//meshes/xarm7/visual/link4.stl
[3.786s] -- Installing: /home/jason9308/robot_ws/src/install/xarm_description/share/xarm_description//meshes/xarm7/visual/link_base.stl
[3.808s] -- Installing: /home/jason9308/robot_ws/src/install/xarm_description/share/xarm_description//meshes/xarm7/visual/link6.stl
[3.808s] -- Installing: /home/jason9308/robot_ws/src/install/xarm_description/share/xarm_description//meshes/xarm7/visual/link7.stl
[3.809s] -- Installing: /home/jason9308/robot_ws/src/install/xarm_description/share/xarm_description//meshes/gripper
[3.809s] -- Installing: /home/jason9308/robot_ws/src/install/xarm_description/share/xarm_description//meshes/gripper/bio
[3.809s] -- Installing: /home/jason9308/robot_ws/src/install/xarm_description/share/xarm_description//meshes/gripper/bio/left_finger.stl
[3.809s] -- Installing: /home/jason9308/robot_ws/src/install/xarm_description/share/xarm_description//meshes/gripper/bio/link_base.stl
[3.809s] -- Installing: /home/jason9308/robot_ws/src/install/xarm_description/share/xarm_description//meshes/gripper/bio/right_finger.stl
[3.809s] -- Installing: /home/jason9308/robot_ws/src/install/xarm_description/share/xarm_description//meshes/gripper/xarm
[3.809s] -- Installing: /home/jason9308/robot_ws/src/install/xarm_description/share/xarm_description//meshes/gripper/xarm/left_outer_knuckle.stl
[3.809s] -- Installing: /home/jason9308/robot_ws/src/install/xarm_description/share/xarm_description//meshes/gripper/xarm/right_inner_knuckle.stl
[3.810s] -- Installing: /home/jason9308/robot_ws/src/install/xarm_description/share/xarm_description//meshes/gripper/xarm/left_inner_knuckle.stl
[3.820s] -- Installing: /home/jason9308/robot_ws/src/install/xarm_description/share/xarm_description//meshes/gripper/xarm/left_finger.stl
[3.820s] -- Installing: /home/jason9308/robot_ws/src/install/xarm_description/share/xarm_description//meshes/gripper/xarm/right_finger.stl
[3.820s] -- Installing: /home/jason9308/robot_ws/src/install/xarm_description/share/xarm_description//meshes/gripper/xarm/right_outer_knuckle.stl
[3.821s] -- Installing: /home/jason9308/robot_ws/src/install/xarm_description/share/xarm_description//meshes/gripper/xarm/base_link.stl
[3.832s] -- Installing: /home/jason9308/robot_ws/src/install/xarm_description/share/xarm_description//meshes/gripper/lite
[3.833s] -- Installing: /home/jason9308/robot_ws/src/install/xarm_description/share/xarm_description//meshes/gripper/lite/collision
[3.833s] -- Installing: /home/jason9308/robot_ws/src/install/xarm_description/share/xarm_description//meshes/gripper/lite/collision/gripper_lite.stl
[3.833s] -- Installing: /home/jason9308/robot_ws/src/install/xarm_description/share/xarm_description//meshes/gripper/lite/visual
[3.833s] -- Installing: /home/jason9308/robot_ws/src/install/xarm_description/share/xarm_description//meshes/gripper/lite/visual/gripper_lite.stl
[3.833s] -- Installing: /home/jason9308/robot_ws/src/install/xarm_description/share/xarm_description//meshes/lite6
[3.833s] -- Installing: /home/jason9308/robot_ws/src/install/xarm_description/share/xarm_description//meshes/lite6/collision
[3.834s] -- Installing: /home/jason9308/robot_ws/src/install/xarm_description/share/xarm_description//meshes/lite6/collision/link5.stl
[3.841s] -- Installing: /home/jason9308/robot_ws/src/install/xarm_description/share/xarm_description//meshes/lite6/collision/link1.stl
[3.841s] -- Installing: /home/jason9308/robot_ws/src/install/xarm_description/share/xarm_description//meshes/lite6/collision/link2.stl
[3.841s] -- Installing: /home/jason9308/robot_ws/src/install/xarm_description/share/xarm_description//meshes/lite6/collision/link3.stl
[3.842s] -- Installing: /home/jason9308/robot_ws/src/install/xarm_description/share/xarm_description//meshes/lite6/collision/link4.stl
[3.845s] -- Installing: /home/jason9308/robot_ws/src/install/xarm_description/share/xarm_description//meshes/lite6/collision/link_base.stl
[3.845s] -- Installing: /home/jason9308/robot_ws/src/install/xarm_description/share/xarm_description//meshes/lite6/collision/link6.stl
[3.845s] -- Installing: /home/jason9308/robot_ws/src/install/xarm_description/share/xarm_description//meshes/lite6/visual
[3.846s] -- Installing: /home/jason9308/robot_ws/src/install/xarm_description/share/xarm_description//meshes/lite6/visual/link5.stl
[3.849s] -- Installing: /home/jason9308/robot_ws/src/install/xarm_description/share/xarm_description//meshes/lite6/visual/link1.stl
[3.859s] -- Installing: /home/jason9308/robot_ws/src/install/xarm_description/share/xarm_description//meshes/lite6/visual/link2.stl
[3.860s] -- Installing: /home/jason9308/robot_ws/src/install/xarm_description/share/xarm_description//meshes/lite6/visual/link3.stl
[3.868s] -- Installing: /home/jason9308/robot_ws/src/install/xarm_description/share/xarm_description//meshes/lite6/visual/link4.stl
[3.882s] -- Installing: /home/jason9308/robot_ws/src/install/xarm_description/share/xarm_description//meshes/lite6/visual/link_base.stl
[3.882s] -- Installing: /home/jason9308/robot_ws/src/install/xarm_description/share/xarm_description//meshes/lite6/visual/link6.stl
[3.883s] -- Installing: /home/jason9308/robot_ws/src/install/xarm_description/share/xarm_description//meshes/xarm5
[3.883s] -- Installing: /home/jason9308/robot_ws/src/install/xarm_description/share/xarm_description//meshes/xarm5/visual
[3.883s] -- Installing: /home/jason9308/robot_ws/src/install/xarm_description/share/xarm_description//meshes/xarm5/visual/link5.stl
[3.901s] -- Installing: /home/jason9308/robot_ws/src/install/xarm_description/share/xarm_description//meshes/xarm5/visual/link1.stl
[3.901s] -- Installing: /home/jason9308/robot_ws/src/install/xarm_description/share/xarm_description//meshes/xarm5/visual/link2.stl
[3.917s] -- Installing: /home/jason9308/robot_ws/src/install/xarm_description/share/xarm_description//meshes/xarm5/visual/link3.stl
[3.921s] -- Installing: /home/jason9308/robot_ws/src/install/xarm_description/share/xarm_description//meshes/xarm5/visual/link4.stl
[3.930s] -- Installing: /home/jason9308/robot_ws/src/install/xarm_description/share/xarm_description//meshes/xarm5/visual/link_base.stl
[3.940s] -- Installing: /home/jason9308/robot_ws/src/install/xarm_description/share/xarm_description//launch
[3.941s] -- Installing: /home/jason9308/robot_ws/src/install/xarm_description/share/xarm_description//launch/xarm7_mirror_rviz_display.launch.py
[3.941s] -- Installing: /home/jason9308/robot_ws/src/install/xarm_description/share/xarm_description//launch/_robot_description.launch.py
[3.941s] -- Installing: /home/jason9308/robot_ws/src/install/xarm_description/share/xarm_description//launch/_robot_rviz_display.launch.py
[3.941s] -- Installing: /home/jason9308/robot_ws/src/install/xarm_description/share/xarm_description//launch/_rviz_display.launch.py
[3.941s] -- Installing: /home/jason9308/robot_ws/src/install/xarm_description/share/xarm_description//launch/_robot_joint_state.launch.py
[3.941s] -- Installing: /home/jason9308/robot_ws/src/install/xarm_description/share/xarm_description//launch/xarm7_rviz_display.launch.py
[3.941s] -- Installing: /home/jason9308/robot_ws/src/install/xarm_description/share/xarm_description//launch/lite6_rviz_display.launch.py
[3.941s] -- Installing: /home/jason9308/robot_ws/src/install/xarm_description/share/xarm_description//launch/xarm6_rviz_display.launch.py
[3.941s] -- Installing: /home/jason9308/robot_ws/src/install/xarm_description/share/xarm_description//launch/xarm5_rviz_display.launch.py
[3.941s] -- Installing: /home/jason9308/robot_ws/src/install/xarm_description/share/xarm_description//launch/lib
[3.941s] -- Installing: /home/jason9308/robot_ws/src/install/xarm_description/share/xarm_description//launch/lib/robot_description_lib.py
[3.941s] -- Installing: /home/jason9308/robot_ws/src/install/xarm_description/share/xarm_description//launch/uf850_rviz_display.launch.py
[3.942s] -- Installing: /home/jason9308/robot_ws/src/install/xarm_description/share/ament_index/resource_index/package_run_dependencies/xarm_description
[3.942s] -- Installing: /home/jason9308/robot_ws/src/install/xarm_description/share/ament_index/resource_index/parent_prefix_path/xarm_description
[3.942s] -- Installing: /home/jason9308/robot_ws/src/install/xarm_description/share/xarm_description/environment/ament_prefix_path.sh
[3.942s] -- Installing: /home/jason9308/robot_ws/src/install/xarm_description/share/xarm_description/environment/ament_prefix_path.dsv
[3.942s] -- Installing: /home/jason9308/robot_ws/src/install/xarm_description/share/xarm_description/environment/path.sh
[3.942s] -- Installing: /home/jason9308/robot_ws/src/install/xarm_description/share/xarm_description/environment/path.dsv
[3.949s] -- Installing: /home/jason9308/robot_ws/src/install/xarm_description/share/xarm_description/local_setup.bash
[3.949s] -- Installing: /home/jason9308/robot_ws/src/install/xarm_description/share/xarm_description/local_setup.sh
[3.950s] -- Installing: /home/jason9308/robot_ws/src/install/xarm_description/share/xarm_description/local_setup.zsh
[3.950s] -- Installing: /home/jason9308/robot_ws/src/install/xarm_description/share/xarm_description/local_setup.dsv
[3.950s] -- Installing: /home/jason9308/robot_ws/src/install/xarm_description/share/xarm_description/package.dsv
[3.960s] -- Installing: /home/jason9308/robot_ws/src/install/xarm_description/share/ament_index/resource_index/packages/xarm_description
[3.960s] -- Installing: /home/jason9308/robot_ws/src/install/xarm_description/share/xarm_description/cmake/xarm_descriptionConfig.cmake
[3.960s] -- Installing: /home/jason9308/robot_ws/src/install/xarm_description/share/xarm_description/cmake/xarm_descriptionConfig-version.cmake
[3.960s] -- Installing: /home/jason9308/robot_ws/src/install/xarm_description/share/xarm_description/package.xml
[3.970s] Invoked command in '/home/jason9308/robot_ws/src/build/xarm_description' returned '0': CMAKE_PREFIX_PATH=/home/jason9308/robot_ws/install/xarm_planner:/home/jason9308/robot_ws/install/xarm_moveit_servo:/home/jason9308/robot_ws/install/xarm_moveit_config:/home/jason9308/robot_ws/install/xarm_gazebo:/home/jason9308/robot_ws/install/xarm_controller:/home/jason9308/robot_ws/install/xarm_api:/home/jason9308/robot_ws/install/xarm_sdk:/home/jason9308/robot_ws/install/move_arm:/home/jason9308/robot_ws/install/medicine_grabber:/home/jason9308/robot_ws/install/lite6_handeye:/home/jason9308/robot_ws/install/json_file_watcher:/home/jason9308/robot_ws/install/aruco_grab:/home/jason9308/robot_ws/install/xarm_msgs:/home/jason9308/robot_ws/install/xarm_description:/home/jason9308/robot_ws/install/ui_for_debug_and_demo:/home/jason9308/robot_ws/install/tracer_base:/home/jason9308/robot_ws/install/xarm_simulation:/home/jason9308/robot_ws/install/write_pose:/home/jason9308/robot_ws/install/voice_control:/home/jason9308/robot_ws/install/uf_ros_lib:/home/jason9308/robot_ws/install/tm_simulation_node:/home/jason9308/robot_ws/install/tm_mod_urdf:/home/jason9308/robot_ws/install/tm_get_status:/home/jason9308/robot_ws/install/speech_recognition_pkg:/home/jason9308/robot_ws/install/my_2f85gripper_py:/home/jason9308/robot_ws/install/hand_detection:/home/jason9308/robot_ws/install/face_recognition:/home/jason9308/robot_ws/install/chatbot:/home/jason9308/robot_ws/install/calibration_cross:/opt/ros/humble:/home/jason9308/robot_ws/install/ugv_sdk:/home/jason9308/robot_ws/install/tracer_msgs:/home/jason9308/robot_ws/install/tm_driver:/home/jason9308/robot_ws/install/demo:/home/jason9308/robot_ws/install/tm_msgs:/home/jason9308/robot_ws/install/tm_description:/home/jason9308/robot_ws/install/custom_package:/home/jason9308/robot_ws/install/techman_robot_msgs:/home/jason9308/robot_ws/install/realsense_gazebo_plugin:/home/jason9308/robot_ws/install/navigation_server:/home/jason9308/robot_ws/install/navigation_interfaces:/home/jason9308/robot_ws/install/mbot_demo:/home/jason9308/robot_ws/install/lslidar_driver:/home/jason9308/robot_ws/install/lslidar_msgs:/home/jason9308/robot_ws/install/grpr2f85_ifaces:/home/jason9308/robot_ws/install/control_node /usr/local/cuda-11.5/bin/cmake --install /home/jason9308/robot_ws/src/build/xarm_description
