[0.047s] Invoking command in '/home/jason9308/robot_ws/src/build/ui_for_debug_and_demo': AMENT_PREFIX_PATH=/home/jason9308/robot_ws/src/install/tm_msgs:${AMENT_PREFIX_PATH} CMAKE_PREFIX_PATH=/home/jason9308/robot_ws/src/install/tm_msgs:/home/jason9308/robot_ws/install/xarm_planner:/home/jason9308/robot_ws/install/xarm_moveit_servo:/home/jason9308/robot_ws/install/xarm_moveit_config:/home/jason9308/robot_ws/install/xarm_gazebo:/home/jason9308/robot_ws/install/xarm_controller:/home/jason9308/robot_ws/install/xarm_api:/home/jason9308/robot_ws/install/xarm_sdk:/home/jason9308/robot_ws/install/move_arm:/home/jason9308/robot_ws/install/medicine_grabber:/home/jason9308/robot_ws/install/lite6_handeye:/home/jason9308/robot_ws/install/json_file_watcher:/home/jason9308/robot_ws/install/aruco_grab:/home/jason9308/robot_ws/install/xarm_msgs:/home/jason9308/robot_ws/install/xarm_description:/home/jason9308/robot_ws/install/ui_for_debug_and_demo:/home/jason9308/robot_ws/install/tracer_base:/home/jason9308/robot_ws/install/xarm_simulation:/home/jason9308/robot_ws/install/write_pose:/home/jason9308/robot_ws/install/voice_control:/home/jason9308/robot_ws/install/uf_ros_lib:/home/jason9308/robot_ws/install/tm_simulation_node:/home/jason9308/robot_ws/install/tm_mod_urdf:/home/jason9308/robot_ws/install/tm_get_status:/home/jason9308/robot_ws/install/speech_recognition_pkg:/home/jason9308/robot_ws/install/my_2f85gripper_py:/home/jason9308/robot_ws/install/hand_detection:/home/jason9308/robot_ws/install/face_recognition:/home/jason9308/robot_ws/install/chatbot:/home/jason9308/robot_ws/install/calibration_cross:/opt/ros/humble:/home/jason9308/robot_ws/install/ugv_sdk:/home/jason9308/robot_ws/install/tracer_msgs:/home/jason9308/robot_ws/install/tm_driver:/home/jason9308/robot_ws/install/demo:/home/jason9308/robot_ws/install/tm_msgs:/home/jason9308/robot_ws/install/tm_description:/home/jason9308/robot_ws/install/custom_package:/home/jason9308/robot_ws/install/techman_robot_msgs:/home/jason9308/robot_ws/install/realsense_gazebo_plugin:/home/jason9308/robot_ws/install/navigation_server:/home/jason9308/robot_ws/install/navigation_interfaces:/home/jason9308/robot_ws/install/mbot_demo:/home/jason9308/robot_ws/install/lslidar_driver:/home/jason9308/robot_ws/install/lslidar_msgs:/home/jason9308/robot_ws/install/grpr2f85_ifaces:/home/jason9308/robot_ws/install/control_node LD_LIBRARY_PATH=/home/jason9308/robot_ws/src/install/tm_msgs/lib:${LD_LIBRARY_PATH} PYTHONPATH=/home/jason9308/robot_ws/src/install/tm_msgs/local/lib/python3.10/dist-packages:${PYTHONPATH} /usr/local/cuda-11.5/bin/cmake /home/jason9308/robot_ws/src/tmr_ros2/ui_for_debug_and_demo -DCMAKE_INSTALL_PREFIX=/home/jason9308/robot_ws/src/install/ui_for_debug_and_demo
[0.239s] -- The C compiler identification is GNU 11.4.0
[0.399s] -- The CXX compiler identification is GNU 11.4.0
[0.429s] -- Detecting C compiler ABI info
[0.679s] -- Detecting C compiler ABI info - done
[0.700s] -- Check for working C compiler: /usr/local/cuda-11.5/bin/cc - skipped
[0.700s] -- Detecting C compile features
[0.702s] -- Detecting C compile features - done
[0.706s] -- Detecting CXX compiler ABI info
[0.930s] -- Detecting CXX compiler ABI info - done
[0.948s] -- Check for working CXX compiler: /usr/local/cuda-11.5/bin/c++ - skipped
[0.948s] -- Detecting CXX compile features
[0.951s] -- Detecting CXX compile features - done
[0.965s] -- Found ament_cmake: 1.3.11 (/opt/ros/humble/share/ament_cmake/cmake)
[1.515s] -- Found Python3: /usr/local/cuda-11.5/bin/python3 (found version "3.10.12") found components: Interpreter 
[1.908s] -- Found rclcpp: 16.0.11 (/opt/ros/humble/share/rclcpp/cmake)
[2.156s] -- Found rosidl_generator_c: 3.1.6 (/opt/ros/humble/share/rosidl_generator_c/cmake)
[2.178s] -- Found rosidl_adapter: 3.1.6 (/opt/ros/humble/share/rosidl_adapter/cmake)
[2.211s] -- Found rosidl_generator_cpp: 3.1.6 (/opt/ros/humble/share/rosidl_generator_cpp/cmake)
[2.289s] -- Using all available rosidl_typesupport_c: rosidl_typesupport_fastrtps_c;rosidl_typesupport_introspection_c
[2.395s] -- Using all available rosidl_typesupport_cpp: rosidl_typesupport_fastrtps_cpp;rosidl_typesupport_introspection_cpp
[2.707s] -- Found rmw_implementation_cmake: 6.1.2 (/opt/ros/humble/share/rmw_implementation_cmake/cmake)
[2.721s] -- Found rmw_fastrtps_cpp: 6.2.7 (/opt/ros/humble/share/rmw_fastrtps_cpp/cmake)
[3.074s] -- Found OpenSSL: /usr/lib/x86_64-linux-gnu/libcrypto.so (found version "3.0.2")  
[3.169s] -- Found FastRTPS: /opt/ros/humble/include  
[3.296s] -- Using RMW implementation 'rmw_fastrtps_cpp' as default
[3.367s] -- Looking for pthread.h
[3.569s] -- Looking for pthread.h - found
[3.570s] -- Performing Test CMAKE_HAVE_LIBC_PTHREAD
[3.753s] -- Performing Test CMAKE_HAVE_LIBC_PTHREAD - Success
[3.753s] -- Found Threads: TRUE  
[3.985s] -- Found rclcpp_action: 16.0.11 (/opt/ros/humble/share/rclcpp_action/cmake)
[4.238s] -- Found tm_msgs: 1.1.2 (/home/jason9308/robot_ws/src/install/tm_msgs/share/tm_msgs/cmake)
[4.436s] -- Found ament_lint_auto: 0.12.11 (/opt/ros/humble/share/ament_lint_auto/cmake)
[4.699s] -- Added test 'copyright' to check source files copyright and LICENSE
[4.707s] -- Added test 'cppcheck' to perform static code analysis on C / C++ code
[4.710s] -- Configured cppcheck include dirs: 
[4.711s] -- Configured cppcheck exclude dirs and/or files: 
[4.713s] -- Added test 'cpplint' to check C / C++ code against the Google style
[4.713s] -- Configured cpplint exclude dirs and/or files: 
[4.719s] -- Added test 'flake8' to check Python code syntax and style conventions
[4.723s] -- Added test 'lint_cmake' to check CMake code style
[4.727s] -- Added test 'pep257' to check Python code against some of the docstring style conventions in PEP 257
[4.729s] -- Added test 'uncrustify' to check C / C++ code style
[4.730s] -- Configured uncrustify additional arguments: 
[4.731s] -- Added test 'xmllint' to check XML markup files
[4.737s] -- Configuring done
[4.884s] -- Generating done
[4.905s] -- Build files have been written to: /home/jason9308/robot_ws/src/build/ui_for_debug_and_demo
[4.946s] Invoked command in '/home/jason9308/robot_ws/src/build/ui_for_debug_and_demo' returned '0': AMENT_PREFIX_PATH=/home/jason9308/robot_ws/src/install/tm_msgs:${AMENT_PREFIX_PATH} CMAKE_PREFIX_PATH=/home/jason9308/robot_ws/src/install/tm_msgs:/home/jason9308/robot_ws/install/xarm_planner:/home/jason9308/robot_ws/install/xarm_moveit_servo:/home/jason9308/robot_ws/install/xarm_moveit_config:/home/jason9308/robot_ws/install/xarm_gazebo:/home/jason9308/robot_ws/install/xarm_controller:/home/jason9308/robot_ws/install/xarm_api:/home/jason9308/robot_ws/install/xarm_sdk:/home/jason9308/robot_ws/install/move_arm:/home/jason9308/robot_ws/install/medicine_grabber:/home/jason9308/robot_ws/install/lite6_handeye:/home/jason9308/robot_ws/install/json_file_watcher:/home/jason9308/robot_ws/install/aruco_grab:/home/jason9308/robot_ws/install/xarm_msgs:/home/jason9308/robot_ws/install/xarm_description:/home/jason9308/robot_ws/install/ui_for_debug_and_demo:/home/jason9308/robot_ws/install/tracer_base:/home/jason9308/robot_ws/install/xarm_simulation:/home/jason9308/robot_ws/install/write_pose:/home/jason9308/robot_ws/install/voice_control:/home/jason9308/robot_ws/install/uf_ros_lib:/home/jason9308/robot_ws/install/tm_simulation_node:/home/jason9308/robot_ws/install/tm_mod_urdf:/home/jason9308/robot_ws/install/tm_get_status:/home/jason9308/robot_ws/install/speech_recognition_pkg:/home/jason9308/robot_ws/install/my_2f85gripper_py:/home/jason9308/robot_ws/install/hand_detection:/home/jason9308/robot_ws/install/face_recognition:/home/jason9308/robot_ws/install/chatbot:/home/jason9308/robot_ws/install/calibration_cross:/opt/ros/humble:/home/jason9308/robot_ws/install/ugv_sdk:/home/jason9308/robot_ws/install/tracer_msgs:/home/jason9308/robot_ws/install/tm_driver:/home/jason9308/robot_ws/install/demo:/home/jason9308/robot_ws/install/tm_msgs:/home/jason9308/robot_ws/install/tm_description:/home/jason9308/robot_ws/install/custom_package:/home/jason9308/robot_ws/install/techman_robot_msgs:/home/jason9308/robot_ws/install/realsense_gazebo_plugin:/home/jason9308/robot_ws/install/navigation_server:/home/jason9308/robot_ws/install/navigation_interfaces:/home/jason9308/robot_ws/install/mbot_demo:/home/jason9308/robot_ws/install/lslidar_driver:/home/jason9308/robot_ws/install/lslidar_msgs:/home/jason9308/robot_ws/install/grpr2f85_ifaces:/home/jason9308/robot_ws/install/control_node LD_LIBRARY_PATH=/home/jason9308/robot_ws/src/install/tm_msgs/lib:${LD_LIBRARY_PATH} PYTHONPATH=/home/jason9308/robot_ws/src/install/tm_msgs/local/lib/python3.10/dist-packages:${PYTHONPATH} /usr/local/cuda-11.5/bin/cmake /home/jason9308/robot_ws/src/tmr_ros2/ui_for_debug_and_demo -DCMAKE_INSTALL_PREFIX=/home/jason9308/robot_ws/src/install/ui_for_debug_and_demo
[4.947s] Invoking command in '/home/jason9308/robot_ws/src/build/ui_for_debug_and_demo': AMENT_PREFIX_PATH=/home/jason9308/robot_ws/src/install/tm_msgs:${AMENT_PREFIX_PATH} CMAKE_PREFIX_PATH=/home/jason9308/robot_ws/src/install/tm_msgs:/home/jason9308/robot_ws/install/xarm_planner:/home/jason9308/robot_ws/install/xarm_moveit_servo:/home/jason9308/robot_ws/install/xarm_moveit_config:/home/jason9308/robot_ws/install/xarm_gazebo:/home/jason9308/robot_ws/install/xarm_controller:/home/jason9308/robot_ws/install/xarm_api:/home/jason9308/robot_ws/install/xarm_sdk:/home/jason9308/robot_ws/install/move_arm:/home/jason9308/robot_ws/install/medicine_grabber:/home/jason9308/robot_ws/install/lite6_handeye:/home/jason9308/robot_ws/install/json_file_watcher:/home/jason9308/robot_ws/install/aruco_grab:/home/jason9308/robot_ws/install/xarm_msgs:/home/jason9308/robot_ws/install/xarm_description:/home/jason9308/robot_ws/install/ui_for_debug_and_demo:/home/jason9308/robot_ws/install/tracer_base:/home/jason9308/robot_ws/install/xarm_simulation:/home/jason9308/robot_ws/install/write_pose:/home/jason9308/robot_ws/install/voice_control:/home/jason9308/robot_ws/install/uf_ros_lib:/home/jason9308/robot_ws/install/tm_simulation_node:/home/jason9308/robot_ws/install/tm_mod_urdf:/home/jason9308/robot_ws/install/tm_get_status:/home/jason9308/robot_ws/install/speech_recognition_pkg:/home/jason9308/robot_ws/install/my_2f85gripper_py:/home/jason9308/robot_ws/install/hand_detection:/home/jason9308/robot_ws/install/face_recognition:/home/jason9308/robot_ws/install/chatbot:/home/jason9308/robot_ws/install/calibration_cross:/opt/ros/humble:/home/jason9308/robot_ws/install/ugv_sdk:/home/jason9308/robot_ws/install/tracer_msgs:/home/jason9308/robot_ws/install/tm_driver:/home/jason9308/robot_ws/install/demo:/home/jason9308/robot_ws/install/tm_msgs:/home/jason9308/robot_ws/install/tm_description:/home/jason9308/robot_ws/install/custom_package:/home/jason9308/robot_ws/install/techman_robot_msgs:/home/jason9308/robot_ws/install/realsense_gazebo_plugin:/home/jason9308/robot_ws/install/navigation_server:/home/jason9308/robot_ws/install/navigation_interfaces:/home/jason9308/robot_ws/install/mbot_demo:/home/jason9308/robot_ws/install/lslidar_driver:/home/jason9308/robot_ws/install/lslidar_msgs:/home/jason9308/robot_ws/install/grpr2f85_ifaces:/home/jason9308/robot_ws/install/control_node LD_LIBRARY_PATH=/home/jason9308/robot_ws/src/install/tm_msgs/lib:${LD_LIBRARY_PATH} PYTHONPATH=/home/jason9308/robot_ws/src/install/tm_msgs/local/lib/python3.10/dist-packages:${PYTHONPATH} /usr/local/cuda-11.5/bin/cmake --build /home/jason9308/robot_ws/src/build/ui_for_debug_and_demo -- -j20 -l20
[5.079s] [ 14%] [34m[1mAutomatic MOC and UIC for target robot_ui[0m
[6.326s] [ 14%] Built target robot_ui_autogen
[6.353s] [ 28%] [34m[1mGenerating ui_tm_ros_driver_windows.h[0m
[6.429s] [ 42%] [32mBuilding CXX object CMakeFiles/robot_ui.dir/robot_ui_autogen/mocs_compilation.cpp.o[0m
[13.741s] [ 57%] [32mBuilding CXX object CMakeFiles/robot_ui.dir/src/tm_ros_driver_windows.cpp.o[0m
[21.865s] [ 71%] [32mBuilding CXX object CMakeFiles/robot_ui.dir/src/ros_page.cpp.o[0m
[50.604s] [ 85%] [32mBuilding CXX object CMakeFiles/robot_ui.dir/src/main.cpp.o[0m
[58.978s] [100%] [32m[1mLinking CXX executable robot_ui[0m
[61.479s] [100%] Built target robot_ui
[61.495s] Invoked command in '/home/jason9308/robot_ws/src/build/ui_for_debug_and_demo' returned '0': AMENT_PREFIX_PATH=/home/jason9308/robot_ws/src/install/tm_msgs:${AMENT_PREFIX_PATH} CMAKE_PREFIX_PATH=/home/jason9308/robot_ws/src/install/tm_msgs:/home/jason9308/robot_ws/install/xarm_planner:/home/jason9308/robot_ws/install/xarm_moveit_servo:/home/jason9308/robot_ws/install/xarm_moveit_config:/home/jason9308/robot_ws/install/xarm_gazebo:/home/jason9308/robot_ws/install/xarm_controller:/home/jason9308/robot_ws/install/xarm_api:/home/jason9308/robot_ws/install/xarm_sdk:/home/jason9308/robot_ws/install/move_arm:/home/jason9308/robot_ws/install/medicine_grabber:/home/jason9308/robot_ws/install/lite6_handeye:/home/jason9308/robot_ws/install/json_file_watcher:/home/jason9308/robot_ws/install/aruco_grab:/home/jason9308/robot_ws/install/xarm_msgs:/home/jason9308/robot_ws/install/xarm_description:/home/jason9308/robot_ws/install/ui_for_debug_and_demo:/home/jason9308/robot_ws/install/tracer_base:/home/jason9308/robot_ws/install/xarm_simulation:/home/jason9308/robot_ws/install/write_pose:/home/jason9308/robot_ws/install/voice_control:/home/jason9308/robot_ws/install/uf_ros_lib:/home/jason9308/robot_ws/install/tm_simulation_node:/home/jason9308/robot_ws/install/tm_mod_urdf:/home/jason9308/robot_ws/install/tm_get_status:/home/jason9308/robot_ws/install/speech_recognition_pkg:/home/jason9308/robot_ws/install/my_2f85gripper_py:/home/jason9308/robot_ws/install/hand_detection:/home/jason9308/robot_ws/install/face_recognition:/home/jason9308/robot_ws/install/chatbot:/home/jason9308/robot_ws/install/calibration_cross:/opt/ros/humble:/home/jason9308/robot_ws/install/ugv_sdk:/home/jason9308/robot_ws/install/tracer_msgs:/home/jason9308/robot_ws/install/tm_driver:/home/jason9308/robot_ws/install/demo:/home/jason9308/robot_ws/install/tm_msgs:/home/jason9308/robot_ws/install/tm_description:/home/jason9308/robot_ws/install/custom_package:/home/jason9308/robot_ws/install/techman_robot_msgs:/home/jason9308/robot_ws/install/realsense_gazebo_plugin:/home/jason9308/robot_ws/install/navigation_server:/home/jason9308/robot_ws/install/navigation_interfaces:/home/jason9308/robot_ws/install/mbot_demo:/home/jason9308/robot_ws/install/lslidar_driver:/home/jason9308/robot_ws/install/lslidar_msgs:/home/jason9308/robot_ws/install/grpr2f85_ifaces:/home/jason9308/robot_ws/install/control_node LD_LIBRARY_PATH=/home/jason9308/robot_ws/src/install/tm_msgs/lib:${LD_LIBRARY_PATH} PYTHONPATH=/home/jason9308/robot_ws/src/install/tm_msgs/local/lib/python3.10/dist-packages:${PYTHONPATH} /usr/local/cuda-11.5/bin/cmake --build /home/jason9308/robot_ws/src/build/ui_for_debug_and_demo -- -j20 -l20
[61.499s] Invoking command in '/home/jason9308/robot_ws/src/build/ui_for_debug_and_demo': AMENT_PREFIX_PATH=/home/jason9308/robot_ws/src/install/tm_msgs:${AMENT_PREFIX_PATH} CMAKE_PREFIX_PATH=/home/jason9308/robot_ws/src/install/tm_msgs:/home/jason9308/robot_ws/install/xarm_planner:/home/jason9308/robot_ws/install/xarm_moveit_servo:/home/jason9308/robot_ws/install/xarm_moveit_config:/home/jason9308/robot_ws/install/xarm_gazebo:/home/jason9308/robot_ws/install/xarm_controller:/home/jason9308/robot_ws/install/xarm_api:/home/jason9308/robot_ws/install/xarm_sdk:/home/jason9308/robot_ws/install/move_arm:/home/jason9308/robot_ws/install/medicine_grabber:/home/jason9308/robot_ws/install/lite6_handeye:/home/jason9308/robot_ws/install/json_file_watcher:/home/jason9308/robot_ws/install/aruco_grab:/home/jason9308/robot_ws/install/xarm_msgs:/home/jason9308/robot_ws/install/xarm_description:/home/jason9308/robot_ws/install/ui_for_debug_and_demo:/home/jason9308/robot_ws/install/tracer_base:/home/jason9308/robot_ws/install/xarm_simulation:/home/jason9308/robot_ws/install/write_pose:/home/jason9308/robot_ws/install/voice_control:/home/jason9308/robot_ws/install/uf_ros_lib:/home/jason9308/robot_ws/install/tm_simulation_node:/home/jason9308/robot_ws/install/tm_mod_urdf:/home/jason9308/robot_ws/install/tm_get_status:/home/jason9308/robot_ws/install/speech_recognition_pkg:/home/jason9308/robot_ws/install/my_2f85gripper_py:/home/jason9308/robot_ws/install/hand_detection:/home/jason9308/robot_ws/install/face_recognition:/home/jason9308/robot_ws/install/chatbot:/home/jason9308/robot_ws/install/calibration_cross:/opt/ros/humble:/home/jason9308/robot_ws/install/ugv_sdk:/home/jason9308/robot_ws/install/tracer_msgs:/home/jason9308/robot_ws/install/tm_driver:/home/jason9308/robot_ws/install/demo:/home/jason9308/robot_ws/install/tm_msgs:/home/jason9308/robot_ws/install/tm_description:/home/jason9308/robot_ws/install/custom_package:/home/jason9308/robot_ws/install/techman_robot_msgs:/home/jason9308/robot_ws/install/realsense_gazebo_plugin:/home/jason9308/robot_ws/install/navigation_server:/home/jason9308/robot_ws/install/navigation_interfaces:/home/jason9308/robot_ws/install/mbot_demo:/home/jason9308/robot_ws/install/lslidar_driver:/home/jason9308/robot_ws/install/lslidar_msgs:/home/jason9308/robot_ws/install/grpr2f85_ifaces:/home/jason9308/robot_ws/install/control_node LD_LIBRARY_PATH=/home/jason9308/robot_ws/src/install/tm_msgs/lib:${LD_LIBRARY_PATH} PYTHONPATH=/home/jason9308/robot_ws/src/install/tm_msgs/local/lib/python3.10/dist-packages:${PYTHONPATH} /usr/local/cuda-11.5/bin/cmake --install /home/jason9308/robot_ws/src/build/ui_for_debug_and_demo
[61.510s] -- Install configuration: ""
[61.510s] -- Installing: /home/jason9308/robot_ws/src/install/ui_for_debug_and_demo/lib/ui_for_debug_and_demo/robot_ui
[61.518s] -- Set runtime path of "/home/jason9308/robot_ws/src/install/ui_for_debug_and_demo/lib/ui_for_debug_and_demo/robot_ui" to ""
[61.518s] -- Installing: /home/jason9308/robot_ws/src/install/ui_for_debug_and_demo/share/ui_for_debug_and_demo/launch
[61.518s] -- Installing: /home/jason9308/robot_ws/src/install/ui_for_debug_and_demo/share/ui_for_debug_and_demo/launch/tm_gui.launch.py
[61.519s] -- Installing: /home/jason9308/robot_ws/src/install/ui_for_debug_and_demo/share/ament_index/resource_index/package_run_dependencies/ui_for_debug_and_demo
[61.519s] -- Installing: /home/jason9308/robot_ws/src/install/ui_for_debug_and_demo/share/ament_index/resource_index/parent_prefix_path/ui_for_debug_and_demo
[61.519s] -- Installing: /home/jason9308/robot_ws/src/install/ui_for_debug_and_demo/share/ui_for_debug_and_demo/environment/ament_prefix_path.sh
[61.519s] -- Installing: /home/jason9308/robot_ws/src/install/ui_for_debug_and_demo/share/ui_for_debug_and_demo/environment/ament_prefix_path.dsv
[61.519s] -- Installing: /home/jason9308/robot_ws/src/install/ui_for_debug_and_demo/share/ui_for_debug_and_demo/environment/path.sh
[61.519s] -- Installing: /home/jason9308/robot_ws/src/install/ui_for_debug_and_demo/share/ui_for_debug_and_demo/environment/path.dsv
[61.519s] -- Installing: /home/jason9308/robot_ws/src/install/ui_for_debug_and_demo/share/ui_for_debug_and_demo/local_setup.bash
[61.519s] -- Installing: /home/jason9308/robot_ws/src/install/ui_for_debug_and_demo/share/ui_for_debug_and_demo/local_setup.sh
[61.519s] -- Installing: /home/jason9308/robot_ws/src/install/ui_for_debug_and_demo/share/ui_for_debug_and_demo/local_setup.zsh
[61.520s] -- Installing: /home/jason9308/robot_ws/src/install/ui_for_debug_and_demo/share/ui_for_debug_and_demo/local_setup.dsv
[61.520s] -- Installing: /home/jason9308/robot_ws/src/install/ui_for_debug_and_demo/share/ui_for_debug_and_demo/package.dsv
[61.520s] -- Installing: /home/jason9308/robot_ws/src/install/ui_for_debug_and_demo/share/ament_index/resource_index/packages/ui_for_debug_and_demo
[61.520s] -- Installing: /home/jason9308/robot_ws/src/install/ui_for_debug_and_demo/share/ui_for_debug_and_demo/cmake/ui_for_debug_and_demoConfig.cmake
[61.520s] -- Installing: /home/jason9308/robot_ws/src/install/ui_for_debug_and_demo/share/ui_for_debug_and_demo/cmake/ui_for_debug_and_demoConfig-version.cmake
[61.521s] -- Installing: /home/jason9308/robot_ws/src/install/ui_for_debug_and_demo/share/ui_for_debug_and_demo/package.xml
[61.524s] Invoked command in '/home/jason9308/robot_ws/src/build/ui_for_debug_and_demo' returned '0': AMENT_PREFIX_PATH=/home/jason9308/robot_ws/src/install/tm_msgs:${AMENT_PREFIX_PATH} CMAKE_PREFIX_PATH=/home/jason9308/robot_ws/src/install/tm_msgs:/home/jason9308/robot_ws/install/xarm_planner:/home/jason9308/robot_ws/install/xarm_moveit_servo:/home/jason9308/robot_ws/install/xarm_moveit_config:/home/jason9308/robot_ws/install/xarm_gazebo:/home/jason9308/robot_ws/install/xarm_controller:/home/jason9308/robot_ws/install/xarm_api:/home/jason9308/robot_ws/install/xarm_sdk:/home/jason9308/robot_ws/install/move_arm:/home/jason9308/robot_ws/install/medicine_grabber:/home/jason9308/robot_ws/install/lite6_handeye:/home/jason9308/robot_ws/install/json_file_watcher:/home/jason9308/robot_ws/install/aruco_grab:/home/jason9308/robot_ws/install/xarm_msgs:/home/jason9308/robot_ws/install/xarm_description:/home/jason9308/robot_ws/install/ui_for_debug_and_demo:/home/jason9308/robot_ws/install/tracer_base:/home/jason9308/robot_ws/install/xarm_simulation:/home/jason9308/robot_ws/install/write_pose:/home/jason9308/robot_ws/install/voice_control:/home/jason9308/robot_ws/install/uf_ros_lib:/home/jason9308/robot_ws/install/tm_simulation_node:/home/jason9308/robot_ws/install/tm_mod_urdf:/home/jason9308/robot_ws/install/tm_get_status:/home/jason9308/robot_ws/install/speech_recognition_pkg:/home/jason9308/robot_ws/install/my_2f85gripper_py:/home/jason9308/robot_ws/install/hand_detection:/home/jason9308/robot_ws/install/face_recognition:/home/jason9308/robot_ws/install/chatbot:/home/jason9308/robot_ws/install/calibration_cross:/opt/ros/humble:/home/jason9308/robot_ws/install/ugv_sdk:/home/jason9308/robot_ws/install/tracer_msgs:/home/jason9308/robot_ws/install/tm_driver:/home/jason9308/robot_ws/install/demo:/home/jason9308/robot_ws/install/tm_msgs:/home/jason9308/robot_ws/install/tm_description:/home/jason9308/robot_ws/install/custom_package:/home/jason9308/robot_ws/install/techman_robot_msgs:/home/jason9308/robot_ws/install/realsense_gazebo_plugin:/home/jason9308/robot_ws/install/navigation_server:/home/jason9308/robot_ws/install/navigation_interfaces:/home/jason9308/robot_ws/install/mbot_demo:/home/jason9308/robot_ws/install/lslidar_driver:/home/jason9308/robot_ws/install/lslidar_msgs:/home/jason9308/robot_ws/install/grpr2f85_ifaces:/home/jason9308/robot_ws/install/control_node LD_LIBRARY_PATH=/home/jason9308/robot_ws/src/install/tm_msgs/lib:${LD_LIBRARY_PATH} PYTHONPATH=/home/jason9308/robot_ws/src/install/tm_msgs/local/lib/python3.10/dist-packages:${PYTHONPATH} /usr/local/cuda-11.5/bin/cmake --install /home/jason9308/robot_ws/src/build/ui_for_debug_and_demo
