[0.356s] Invoking command in '/home/jason9308/robot_ws/src/build/techman_robot_msgs': CMAKE_PREFIX_PATH=/home/jason9308/robot_ws/install/xarm_planner:/home/jason9308/robot_ws/install/xarm_moveit_servo:/home/jason9308/robot_ws/install/xarm_moveit_config:/home/jason9308/robot_ws/install/xarm_gazebo:/home/jason9308/robot_ws/install/xarm_controller:/home/jason9308/robot_ws/install/xarm_api:/home/jason9308/robot_ws/install/xarm_sdk:/home/jason9308/robot_ws/install/move_arm:/home/jason9308/robot_ws/install/medicine_grabber:/home/jason9308/robot_ws/install/lite6_handeye:/home/jason9308/robot_ws/install/json_file_watcher:/home/jason9308/robot_ws/install/aruco_grab:/home/jason9308/robot_ws/install/xarm_msgs:/home/jason9308/robot_ws/install/xarm_description:/home/jason9308/robot_ws/install/ui_for_debug_and_demo:/home/jason9308/robot_ws/install/tracer_base:/home/jason9308/robot_ws/install/xarm_simulation:/home/jason9308/robot_ws/install/write_pose:/home/jason9308/robot_ws/install/voice_control:/home/jason9308/robot_ws/install/uf_ros_lib:/home/jason9308/robot_ws/install/tm_simulation_node:/home/jason9308/robot_ws/install/tm_mod_urdf:/home/jason9308/robot_ws/install/tm_get_status:/home/jason9308/robot_ws/install/speech_recognition_pkg:/home/jason9308/robot_ws/install/my_2f85gripper_py:/home/jason9308/robot_ws/install/hand_detection:/home/jason9308/robot_ws/install/face_recognition:/home/jason9308/robot_ws/install/chatbot:/home/jason9308/robot_ws/install/calibration_cross:/opt/ros/humble:/home/jason9308/robot_ws/install/ugv_sdk:/home/jason9308/robot_ws/install/tracer_msgs:/home/jason9308/robot_ws/install/tm_driver:/home/jason9308/robot_ws/install/demo:/home/jason9308/robot_ws/install/tm_msgs:/home/jason9308/robot_ws/install/tm_description:/home/jason9308/robot_ws/install/custom_package:/home/jason9308/robot_ws/install/techman_robot_msgs:/home/jason9308/robot_ws/install/realsense_gazebo_plugin:/home/jason9308/robot_ws/install/navigation_server:/home/jason9308/robot_ws/install/navigation_interfaces:/home/jason9308/robot_ws/install/mbot_demo:/home/jason9308/robot_ws/install/lslidar_driver:/home/jason9308/robot_ws/install/lslidar_msgs:/home/jason9308/robot_ws/install/grpr2f85_ifaces:/home/jason9308/robot_ws/install/control_node /usr/local/cuda-11.5/bin/cmake /home/jason9308/robot_ws/src/tmr_ros2/techman_robot_msgs -DCMAKE_INSTALL_PREFIX=/home/jason9308/robot_ws/src/install/techman_robot_msgs
[2.687s] -- The C compiler identification is GNU 11.4.0
[2.687s] -- The CXX compiler identification is GNU 11.4.0
[2.687s] -- Detecting C compiler ABI info
[2.687s] -- Detecting C compiler ABI info - done
[2.687s] -- Check for working C compiler: /usr/local/cuda-11.5/bin/cc - skipped
[2.687s] -- Detecting C compile features
[2.687s] -- Detecting C compile features - done
[2.687s] -- Detecting CXX compiler ABI info
[2.687s] -- Detecting CXX compiler ABI info - done
[2.688s] -- Check for working CXX compiler: /usr/local/cuda-11.5/bin/c++ - skipped
[2.688s] -- Detecting CXX compile features
[2.689s] -- Detecting CXX compile features - done
[2.691s] -- Found ament_cmake: 1.3.11 (/opt/ros/humble/share/ament_cmake/cmake)
[2.692s] -- Found Python3: /usr/local/cuda-11.5/bin/python3 (found version "3.10.12") found components: Interpreter 
[2.692s] -- Found rosidl_default_generators: 1.2.0 (/opt/ros/humble/share/rosidl_default_generators/cmake)
[2.692s] -- Using all available rosidl_typesupport_c: rosidl_typesupport_fastrtps_c;rosidl_typesupport_introspection_c
[2.692s] -- Found rosidl_adapter: 3.1.6 (/opt/ros/humble/share/rosidl_adapter/cmake)
[2.692s] -- Using all available rosidl_typesupport_cpp: rosidl_typesupport_fastrtps_cpp;rosidl_typesupport_introspection_cpp
[2.692s] -- Found action_msgs: 1.2.1 (/opt/ros/humble/share/action_msgs/cmake)
[2.692s] -- Found std_msgs: 4.2.4 (/opt/ros/humble/share/std_msgs/cmake)
[2.692s] -- Found geometry_msgs: 4.2.4 (/opt/ros/humble/share/geometry_msgs/cmake)
[2.692s] -- Found ament_cmake_ros: 0.10.0 (/opt/ros/humble/share/ament_cmake_ros/cmake)
[2.693s] -- Using all available rosidl_typesupport_c: rosidl_typesupport_fastrtps_c;rosidl_typesupport_introspection_c
[2.739s] -- Using all available rosidl_typesupport_cpp: rosidl_typesupport_fastrtps_cpp;rosidl_typesupport_introspection_cpp
[2.788s] -- Found PythonInterp: /usr/local/cuda-11.5/bin/python3 (found suitable version "3.10.12", minimum required is "3.6") 
[2.788s] -- Found python_cmake_module: 0.10.0 (/opt/ros/humble/share/python_cmake_module/cmake)
[2.810s] -- Found PythonLibs: /usr/lib/x86_64-linux-gnu/libpython3.10.so (found suitable version "3.10.12", minimum required is "3.5") 
[2.811s] -- Using PYTHON_EXECUTABLE: /usr/local/cuda-11.5/bin/python3
[2.811s] -- Using PYTHON_INCLUDE_DIRS: /usr/include/python3.10
[2.811s] -- Using PYTHON_LIBRARIES: /usr/lib/x86_64-linux-gnu/libpython3.10.so
[2.877s] -- Found PythonExtra: .so  
[3.165s] -- Configuring done
[3.203s] -- Generating done
[3.221s] -- Build files have been written to: /home/jason9308/robot_ws/src/build/techman_robot_msgs
[3.288s] Invoked command in '/home/jason9308/robot_ws/src/build/techman_robot_msgs' returned '0': CMAKE_PREFIX_PATH=/home/jason9308/robot_ws/install/xarm_planner:/home/jason9308/robot_ws/install/xarm_moveit_servo:/home/jason9308/robot_ws/install/xarm_moveit_config:/home/jason9308/robot_ws/install/xarm_gazebo:/home/jason9308/robot_ws/install/xarm_controller:/home/jason9308/robot_ws/install/xarm_api:/home/jason9308/robot_ws/install/xarm_sdk:/home/jason9308/robot_ws/install/move_arm:/home/jason9308/robot_ws/install/medicine_grabber:/home/jason9308/robot_ws/install/lite6_handeye:/home/jason9308/robot_ws/install/json_file_watcher:/home/jason9308/robot_ws/install/aruco_grab:/home/jason9308/robot_ws/install/xarm_msgs:/home/jason9308/robot_ws/install/xarm_description:/home/jason9308/robot_ws/install/ui_for_debug_and_demo:/home/jason9308/robot_ws/install/tracer_base:/home/jason9308/robot_ws/install/xarm_simulation:/home/jason9308/robot_ws/install/write_pose:/home/jason9308/robot_ws/install/voice_control:/home/jason9308/robot_ws/install/uf_ros_lib:/home/jason9308/robot_ws/install/tm_simulation_node:/home/jason9308/robot_ws/install/tm_mod_urdf:/home/jason9308/robot_ws/install/tm_get_status:/home/jason9308/robot_ws/install/speech_recognition_pkg:/home/jason9308/robot_ws/install/my_2f85gripper_py:/home/jason9308/robot_ws/install/hand_detection:/home/jason9308/robot_ws/install/face_recognition:/home/jason9308/robot_ws/install/chatbot:/home/jason9308/robot_ws/install/calibration_cross:/opt/ros/humble:/home/jason9308/robot_ws/install/ugv_sdk:/home/jason9308/robot_ws/install/tracer_msgs:/home/jason9308/robot_ws/install/tm_driver:/home/jason9308/robot_ws/install/demo:/home/jason9308/robot_ws/install/tm_msgs:/home/jason9308/robot_ws/install/tm_description:/home/jason9308/robot_ws/install/custom_package:/home/jason9308/robot_ws/install/techman_robot_msgs:/home/jason9308/robot_ws/install/realsense_gazebo_plugin:/home/jason9308/robot_ws/install/navigation_server:/home/jason9308/robot_ws/install/navigation_interfaces:/home/jason9308/robot_ws/install/mbot_demo:/home/jason9308/robot_ws/install/lslidar_driver:/home/jason9308/robot_ws/install/lslidar_msgs:/home/jason9308/robot_ws/install/grpr2f85_ifaces:/home/jason9308/robot_ws/install/control_node /usr/local/cuda-11.5/bin/cmake /home/jason9308/robot_ws/src/tmr_ros2/techman_robot_msgs -DCMAKE_INSTALL_PREFIX=/home/jason9308/robot_ws/src/install/techman_robot_msgs
[3.289s] Invoking command in '/home/jason9308/robot_ws/src/build/techman_robot_msgs': CMAKE_PREFIX_PATH=/home/jason9308/robot_ws/install/xarm_planner:/home/jason9308/robot_ws/install/xarm_moveit_servo:/home/jason9308/robot_ws/install/xarm_moveit_config:/home/jason9308/robot_ws/install/xarm_gazebo:/home/jason9308/robot_ws/install/xarm_controller:/home/jason9308/robot_ws/install/xarm_api:/home/jason9308/robot_ws/install/xarm_sdk:/home/jason9308/robot_ws/install/move_arm:/home/jason9308/robot_ws/install/medicine_grabber:/home/jason9308/robot_ws/install/lite6_handeye:/home/jason9308/robot_ws/install/json_file_watcher:/home/jason9308/robot_ws/install/aruco_grab:/home/jason9308/robot_ws/install/xarm_msgs:/home/jason9308/robot_ws/install/xarm_description:/home/jason9308/robot_ws/install/ui_for_debug_and_demo:/home/jason9308/robot_ws/install/tracer_base:/home/jason9308/robot_ws/install/xarm_simulation:/home/jason9308/robot_ws/install/write_pose:/home/jason9308/robot_ws/install/voice_control:/home/jason9308/robot_ws/install/uf_ros_lib:/home/jason9308/robot_ws/install/tm_simulation_node:/home/jason9308/robot_ws/install/tm_mod_urdf:/home/jason9308/robot_ws/install/tm_get_status:/home/jason9308/robot_ws/install/speech_recognition_pkg:/home/jason9308/robot_ws/install/my_2f85gripper_py:/home/jason9308/robot_ws/install/hand_detection:/home/jason9308/robot_ws/install/face_recognition:/home/jason9308/robot_ws/install/chatbot:/home/jason9308/robot_ws/install/calibration_cross:/opt/ros/humble:/home/jason9308/robot_ws/install/ugv_sdk:/home/jason9308/robot_ws/install/tracer_msgs:/home/jason9308/robot_ws/install/tm_driver:/home/jason9308/robot_ws/install/demo:/home/jason9308/robot_ws/install/tm_msgs:/home/jason9308/robot_ws/install/tm_description:/home/jason9308/robot_ws/install/custom_package:/home/jason9308/robot_ws/install/techman_robot_msgs:/home/jason9308/robot_ws/install/realsense_gazebo_plugin:/home/jason9308/robot_ws/install/navigation_server:/home/jason9308/robot_ws/install/navigation_interfaces:/home/jason9308/robot_ws/install/mbot_demo:/home/jason9308/robot_ws/install/lslidar_driver:/home/jason9308/robot_ws/install/lslidar_msgs:/home/jason9308/robot_ws/install/grpr2f85_ifaces:/home/jason9308/robot_ws/install/control_node /usr/local/cuda-11.5/bin/cmake --build /home/jason9308/robot_ws/src/build/techman_robot_msgs -- -j20 -l20
[3.515s] [  3%] [34m[1mGenerating C code for ROS interfaces[0m
[3.586s] [  6%] [34m[1mGenerating C++ code for ROS interfaces[0m
[3.663s] [  6%] Built target ament_cmake_python_copy_techman_robot_msgs
[4.959s] running egg_info
[4.959s] creating techman_robot_msgs.egg-info
[4.960s] writing techman_robot_msgs.egg-info/PKG-INFO
[4.965s] writing dependency_links to techman_robot_msgs.egg-info/dependency_links.txt
[4.966s] [  9%] [32mBuilding C object CMakeFiles/techman_robot_msgs__rosidl_generator_c.dir/rosidl_generator_c/techman_robot_msgs/srv/detail/techman_robot_command__functions.c.o[0m
[4.967s] writing top-level names to techman_robot_msgs.egg-info/top_level.txt
[4.967s] writing manifest file 'techman_robot_msgs.egg-info/SOURCES.txt'
[4.986s] reading manifest file 'techman_robot_msgs.egg-info/SOURCES.txt'
[5.011s] writing manifest file 'techman_robot_msgs.egg-info/SOURCES.txt'
[5.234s] [ 12%] [32m[1mLinking C shared library libtechman_robot_msgs__rosidl_generator_c.so[0m
[5.283s] [ 12%] Built target ament_cmake_python_build_techman_robot_msgs_egg
[5.411s] [ 12%] Built target techman_robot_msgs__rosidl_generator_c
[5.435s] [ 12%] Built target techman_robot_msgs__cpp
[5.457s] [ 16%] [34m[1mGenerating C introspection for ROS interfaces[0m
[5.464s] [ 19%] [34m[1mGenerating C type support for eProsima Fast-RTPS[0m
[5.485s] [ 22%] [34m[1mGenerating C type support dispatch for ROS interfaces[0m
[5.492s] [ 25%] [34m[1mGenerating C++ type support dispatch for ROS interfaces[0m
[5.521s] [ 29%] [34m[1mGenerating C++ type support for eProsima Fast-RTPS[0m
[5.566s] [ 32%] [34m[1mGenerating C++ introspection for ROS interfaces[0m
[6.282s] [ 35%] [32mBuilding CXX object CMakeFiles/techman_robot_msgs__rosidl_typesupport_cpp.dir/rosidl_typesupport_cpp/techman_robot_msgs/srv/techman_robot_command__type_support.cpp.o[0m
[6.364s] [ 38%] [32mBuilding CXX object CMakeFiles/techman_robot_msgs__rosidl_typesupport_fastrtps_cpp.dir/rosidl_typesupport_fastrtps_cpp/techman_robot_msgs/srv/detail/dds_fastrtps/techman_robot_command__type_support.cpp.o[0m
[6.734s] [ 41%] [32mBuilding CXX object CMakeFiles/techman_robot_msgs__rosidl_typesupport_fastrtps_c.dir/rosidl_typesupport_fastrtps_c/techman_robot_msgs/srv/detail/techman_robot_command__type_support_c.cpp.o[0m
[7.122s] [ 45%] [32m[1mLinking CXX shared library libtechman_robot_msgs__rosidl_typesupport_cpp.so[0m
[7.317s] [ 45%] Built target techman_robot_msgs__rosidl_typesupport_cpp
[7.502s] [ 48%] [32mBuilding CXX object CMakeFiles/techman_robot_msgs__rosidl_typesupport_introspection_cpp.dir/rosidl_typesupport_introspection_cpp/techman_robot_msgs/srv/detail/techman_robot_command__type_support.cpp.o[0m
[7.812s] [ 51%] [32mBuilding CXX object CMakeFiles/techman_robot_msgs__rosidl_typesupport_c.dir/rosidl_typesupport_c/techman_robot_msgs/srv/techman_robot_command__type_support.cpp.o[0m
[7.934s] [ 54%] [32m[1mLinking CXX shared library libtechman_robot_msgs__rosidl_typesupport_fastrtps_c.so[0m
[7.938s] [ 58%] [32m[1mLinking CXX shared library libtechman_robot_msgs__rosidl_typesupport_c.so[0m
[8.143s] [ 58%] Built target techman_robot_msgs__rosidl_typesupport_c
[8.278s] [ 61%] [32mBuilding C object CMakeFiles/techman_robot_msgs__rosidl_typesupport_introspection_c.dir/rosidl_typesupport_introspection_c/techman_robot_msgs/srv/detail/techman_robot_command__type_support.c.o[0m
[8.457s] [ 64%] [32m[1mLinking CXX shared library libtechman_robot_msgs__rosidl_typesupport_introspection_cpp.so[0m
[8.478s] [ 67%] [32m[1mLinking C shared library libtechman_robot_msgs__rosidl_typesupport_introspection_c.so[0m
[8.505s] [ 67%] Built target techman_robot_msgs__rosidl_typesupport_fastrtps_c
[8.750s] [ 67%] Built target techman_robot_msgs__rosidl_typesupport_introspection_c
[8.965s] [ 67%] Built target techman_robot_msgs__rosidl_typesupport_introspection_cpp
[10.843s] [ 70%] [32m[1mLinking CXX shared library libtechman_robot_msgs__rosidl_typesupport_fastrtps_cpp.so[0m
[11.694s] [ 70%] Built target techman_robot_msgs__rosidl_typesupport_fastrtps_cpp
[11.814s] [ 70%] Built target techman_robot_msgs
[11.870s] [ 74%] [34m[1mGenerating Python code for ROS interfaces[0m
[13.095s] [ 74%] Built target techman_robot_msgs__py
[13.166s] [ 77%] [32mBuilding C object CMakeFiles/techman_robot_msgs__rosidl_generator_py.dir/rosidl_generator_py/techman_robot_msgs/srv/_techman_robot_command_s.c.o[0m
[14.012s] [ 80%] [32m[1mLinking C shared library rosidl_generator_py/techman_robot_msgs/libtechman_robot_msgs__rosidl_generator_py.so[0m
[14.153s] [ 80%] Built target techman_robot_msgs__rosidl_generator_py
[14.235s] [ 83%] [32mBuilding C object CMakeFiles/techman_robot_msgs__rosidl_typesupport_fastrtps_c__pyext.dir/rosidl_generator_py/techman_robot_msgs/_techman_robot_msgs_s.ep.rosidl_typesupport_fastrtps_c.c.o[0m
[14.235s] [ 87%] [32mBuilding C object CMakeFiles/techman_robot_msgs__rosidl_typesupport_c__pyext.dir/rosidl_generator_py/techman_robot_msgs/_techman_robot_msgs_s.ep.rosidl_typesupport_c.c.o[0m
[14.246s] [ 90%] [32mBuilding C object CMakeFiles/techman_robot_msgs__rosidl_typesupport_introspection_c__pyext.dir/rosidl_generator_py/techman_robot_msgs/_techman_robot_msgs_s.ep.rosidl_typesupport_introspection_c.c.o[0m
[14.496s] [ 93%] [32m[1mLinking C shared library rosidl_generator_py/techman_robot_msgs/techman_robot_msgs_s__rosidl_typesupport_c.cpython-310-x86_64-linux-gnu.so[0m
[14.595s] [ 96%] [32m[1mLinking C shared library rosidl_generator_py/techman_robot_msgs/techman_robot_msgs_s__rosidl_typesupport_fastrtps_c.cpython-310-x86_64-linux-gnu.so[0m
[14.631s] [ 96%] Built target techman_robot_msgs__rosidl_typesupport_c__pyext
[14.801s] [ 96%] Built target techman_robot_msgs__rosidl_typesupport_fastrtps_c__pyext
[14.855s] [100%] [32m[1mLinking C shared library rosidl_generator_py/techman_robot_msgs/techman_robot_msgs_s__rosidl_typesupport_introspection_c.cpython-310-x86_64-linux-gnu.so[0m
[14.989s] [100%] Built target techman_robot_msgs__rosidl_typesupport_introspection_c__pyext
[16.741s] Invoked command in '/home/jason9308/robot_ws/src/build/techman_robot_msgs' returned '0': CMAKE_PREFIX_PATH=/home/jason9308/robot_ws/install/xarm_planner:/home/jason9308/robot_ws/install/xarm_moveit_servo:/home/jason9308/robot_ws/install/xarm_moveit_config:/home/jason9308/robot_ws/install/xarm_gazebo:/home/jason9308/robot_ws/install/xarm_controller:/home/jason9308/robot_ws/install/xarm_api:/home/jason9308/robot_ws/install/xarm_sdk:/home/jason9308/robot_ws/install/move_arm:/home/jason9308/robot_ws/install/medicine_grabber:/home/jason9308/robot_ws/install/lite6_handeye:/home/jason9308/robot_ws/install/json_file_watcher:/home/jason9308/robot_ws/install/aruco_grab:/home/jason9308/robot_ws/install/xarm_msgs:/home/jason9308/robot_ws/install/xarm_description:/home/jason9308/robot_ws/install/ui_for_debug_and_demo:/home/jason9308/robot_ws/install/tracer_base:/home/jason9308/robot_ws/install/xarm_simulation:/home/jason9308/robot_ws/install/write_pose:/home/jason9308/robot_ws/install/voice_control:/home/jason9308/robot_ws/install/uf_ros_lib:/home/jason9308/robot_ws/install/tm_simulation_node:/home/jason9308/robot_ws/install/tm_mod_urdf:/home/jason9308/robot_ws/install/tm_get_status:/home/jason9308/robot_ws/install/speech_recognition_pkg:/home/jason9308/robot_ws/install/my_2f85gripper_py:/home/jason9308/robot_ws/install/hand_detection:/home/jason9308/robot_ws/install/face_recognition:/home/jason9308/robot_ws/install/chatbot:/home/jason9308/robot_ws/install/calibration_cross:/opt/ros/humble:/home/jason9308/robot_ws/install/ugv_sdk:/home/jason9308/robot_ws/install/tracer_msgs:/home/jason9308/robot_ws/install/tm_driver:/home/jason9308/robot_ws/install/demo:/home/jason9308/robot_ws/install/tm_msgs:/home/jason9308/robot_ws/install/tm_description:/home/jason9308/robot_ws/install/custom_package:/home/jason9308/robot_ws/install/techman_robot_msgs:/home/jason9308/robot_ws/install/realsense_gazebo_plugin:/home/jason9308/robot_ws/install/navigation_server:/home/jason9308/robot_ws/install/navigation_interfaces:/home/jason9308/robot_ws/install/mbot_demo:/home/jason9308/robot_ws/install/lslidar_driver:/home/jason9308/robot_ws/install/lslidar_msgs:/home/jason9308/robot_ws/install/grpr2f85_ifaces:/home/jason9308/robot_ws/install/control_node /usr/local/cuda-11.5/bin/cmake --build /home/jason9308/robot_ws/src/build/techman_robot_msgs -- -j20 -l20
[16.742s] Invoking command in '/home/jason9308/robot_ws/src/build/techman_robot_msgs': CMAKE_PREFIX_PATH=/home/jason9308/robot_ws/install/xarm_planner:/home/jason9308/robot_ws/install/xarm_moveit_servo:/home/jason9308/robot_ws/install/xarm_moveit_config:/home/jason9308/robot_ws/install/xarm_gazebo:/home/jason9308/robot_ws/install/xarm_controller:/home/jason9308/robot_ws/install/xarm_api:/home/jason9308/robot_ws/install/xarm_sdk:/home/jason9308/robot_ws/install/move_arm:/home/jason9308/robot_ws/install/medicine_grabber:/home/jason9308/robot_ws/install/lite6_handeye:/home/jason9308/robot_ws/install/json_file_watcher:/home/jason9308/robot_ws/install/aruco_grab:/home/jason9308/robot_ws/install/xarm_msgs:/home/jason9308/robot_ws/install/xarm_description:/home/jason9308/robot_ws/install/ui_for_debug_and_demo:/home/jason9308/robot_ws/install/tracer_base:/home/jason9308/robot_ws/install/xarm_simulation:/home/jason9308/robot_ws/install/write_pose:/home/jason9308/robot_ws/install/voice_control:/home/jason9308/robot_ws/install/uf_ros_lib:/home/jason9308/robot_ws/install/tm_simulation_node:/home/jason9308/robot_ws/install/tm_mod_urdf:/home/jason9308/robot_ws/install/tm_get_status:/home/jason9308/robot_ws/install/speech_recognition_pkg:/home/jason9308/robot_ws/install/my_2f85gripper_py:/home/jason9308/robot_ws/install/hand_detection:/home/jason9308/robot_ws/install/face_recognition:/home/jason9308/robot_ws/install/chatbot:/home/jason9308/robot_ws/install/calibration_cross:/opt/ros/humble:/home/jason9308/robot_ws/install/ugv_sdk:/home/jason9308/robot_ws/install/tracer_msgs:/home/jason9308/robot_ws/install/tm_driver:/home/jason9308/robot_ws/install/demo:/home/jason9308/robot_ws/install/tm_msgs:/home/jason9308/robot_ws/install/tm_description:/home/jason9308/robot_ws/install/custom_package:/home/jason9308/robot_ws/install/techman_robot_msgs:/home/jason9308/robot_ws/install/realsense_gazebo_plugin:/home/jason9308/robot_ws/install/navigation_server:/home/jason9308/robot_ws/install/navigation_interfaces:/home/jason9308/robot_ws/install/mbot_demo:/home/jason9308/robot_ws/install/lslidar_driver:/home/jason9308/robot_ws/install/lslidar_msgs:/home/jason9308/robot_ws/install/grpr2f85_ifaces:/home/jason9308/robot_ws/install/control_node /usr/local/cuda-11.5/bin/cmake --install /home/jason9308/robot_ws/src/build/techman_robot_msgs
[16.851s] -- Install configuration: ""
[16.851s] -- Installing: /home/jason9308/robot_ws/src/install/techman_robot_msgs/share/ament_index/resource_index/rosidl_interfaces/techman_robot_msgs
[16.851s] -- Installing: /home/jason9308/robot_ws/src/install/techman_robot_msgs/include/techman_robot_msgs/techman_robot_msgs
[16.851s] -- Installing: /home/jason9308/robot_ws/src/install/techman_robot_msgs/include/techman_robot_msgs/techman_robot_msgs/msg
[16.851s] -- Installing: /home/jason9308/robot_ws/src/install/techman_robot_msgs/include/techman_robot_msgs/techman_robot_msgs/msg/rosidl_generator_c__visibility_control.h
[16.851s] -- Installing: /home/jason9308/robot_ws/src/install/techman_robot_msgs/include/techman_robot_msgs/techman_robot_msgs/srv
[16.851s] -- Installing: /home/jason9308/robot_ws/src/install/techman_robot_msgs/include/techman_robot_msgs/techman_robot_msgs/srv/techman_robot_command.h
[16.851s] -- Installing: /home/jason9308/robot_ws/src/install/techman_robot_msgs/include/techman_robot_msgs/techman_robot_msgs/srv/detail
[16.851s] -- Installing: /home/jason9308/robot_ws/src/install/techman_robot_msgs/include/techman_robot_msgs/techman_robot_msgs/srv/detail/techman_robot_command__struct.h
[16.851s] -- Installing: /home/jason9308/robot_ws/src/install/techman_robot_msgs/include/techman_robot_msgs/techman_robot_msgs/srv/detail/techman_robot_command__functions.h
[16.851s] -- Installing: /home/jason9308/robot_ws/src/install/techman_robot_msgs/include/techman_robot_msgs/techman_robot_msgs/srv/detail/techman_robot_command__functions.c
[16.851s] -- Installing: /home/jason9308/robot_ws/src/install/techman_robot_msgs/include/techman_robot_msgs/techman_robot_msgs/srv/detail/techman_robot_command__type_support.h
[16.855s] -- Installing: /home/jason9308/robot_ws/src/install/techman_robot_msgs/share/techman_robot_msgs/environment/library_path.sh
[16.855s] -- Installing: /home/jason9308/robot_ws/src/install/techman_robot_msgs/share/techman_robot_msgs/environment/library_path.dsv
[16.855s] -- Installing: /home/jason9308/robot_ws/src/install/techman_robot_msgs/lib/libtechman_robot_msgs__rosidl_generator_c.so
[16.855s] -- Set runtime path of "/home/jason9308/robot_ws/src/install/techman_robot_msgs/lib/libtechman_robot_msgs__rosidl_generator_c.so" to ""
[16.855s] -- Up-to-date: /home/jason9308/robot_ws/src/install/techman_robot_msgs/include/techman_robot_msgs/techman_robot_msgs
[16.855s] -- Up-to-date: /home/jason9308/robot_ws/src/install/techman_robot_msgs/include/techman_robot_msgs/techman_robot_msgs/msg
[16.855s] -- Installing: /home/jason9308/robot_ws/src/install/techman_robot_msgs/include/techman_robot_msgs/techman_robot_msgs/msg/rosidl_typesupport_fastrtps_c__visibility_control.h
[16.855s] -- Up-to-date: /home/jason9308/robot_ws/src/install/techman_robot_msgs/include/techman_robot_msgs/techman_robot_msgs/srv
[16.856s] -- Up-to-date: /home/jason9308/robot_ws/src/install/techman_robot_msgs/include/techman_robot_msgs/techman_robot_msgs/srv/detail
[16.856s] -- Installing: /home/jason9308/robot_ws/src/install/techman_robot_msgs/include/techman_robot_msgs/techman_robot_msgs/srv/detail/techman_robot_command__rosidl_typesupport_fastrtps_c.h
[16.856s] -- Installing: /home/jason9308/robot_ws/src/install/techman_robot_msgs/lib/libtechman_robot_msgs__rosidl_typesupport_fastrtps_c.so
[16.856s] -- Set runtime path of "/home/jason9308/robot_ws/src/install/techman_robot_msgs/lib/libtechman_robot_msgs__rosidl_typesupport_fastrtps_c.so" to ""
[16.856s] -- Up-to-date: /home/jason9308/robot_ws/src/install/techman_robot_msgs/include/techman_robot_msgs/techman_robot_msgs
[16.856s] -- Up-to-date: /home/jason9308/robot_ws/src/install/techman_robot_msgs/include/techman_robot_msgs/techman_robot_msgs/msg
[16.856s] -- Installing: /home/jason9308/robot_ws/src/install/techman_robot_msgs/include/techman_robot_msgs/techman_robot_msgs/msg/rosidl_typesupport_introspection_c__visibility_control.h
[16.856s] -- Up-to-date: /home/jason9308/robot_ws/src/install/techman_robot_msgs/include/techman_robot_msgs/techman_robot_msgs/srv
[16.856s] -- Up-to-date: /home/jason9308/robot_ws/src/install/techman_robot_msgs/include/techman_robot_msgs/techman_robot_msgs/srv/detail
[16.856s] -- Installing: /home/jason9308/robot_ws/src/install/techman_robot_msgs/include/techman_robot_msgs/techman_robot_msgs/srv/detail/techman_robot_command__rosidl_typesupport_introspection_c.h
[16.856s] -- Installing: /home/jason9308/robot_ws/src/install/techman_robot_msgs/include/techman_robot_msgs/techman_robot_msgs/srv/detail/techman_robot_command__type_support.c
[16.856s] -- Installing: /home/jason9308/robot_ws/src/install/techman_robot_msgs/lib/libtechman_robot_msgs__rosidl_typesupport_introspection_c.so
[16.856s] -- Set runtime path of "/home/jason9308/robot_ws/src/install/techman_robot_msgs/lib/libtechman_robot_msgs__rosidl_typesupport_introspection_c.so" to ""
[16.857s] -- Installing: /home/jason9308/robot_ws/src/install/techman_robot_msgs/lib/libtechman_robot_msgs__rosidl_typesupport_c.so
[16.857s] -- Set runtime path of "/home/jason9308/robot_ws/src/install/techman_robot_msgs/lib/libtechman_robot_msgs__rosidl_typesupport_c.so" to ""
[16.857s] -- Up-to-date: /home/jason9308/robot_ws/src/install/techman_robot_msgs/include/techman_robot_msgs/techman_robot_msgs
[16.857s] -- Up-to-date: /home/jason9308/robot_ws/src/install/techman_robot_msgs/include/techman_robot_msgs/techman_robot_msgs/msg
[16.857s] -- Installing: /home/jason9308/robot_ws/src/install/techman_robot_msgs/include/techman_robot_msgs/techman_robot_msgs/msg/rosidl_generator_cpp__visibility_control.hpp
[16.857s] -- Up-to-date: /home/jason9308/robot_ws/src/install/techman_robot_msgs/include/techman_robot_msgs/techman_robot_msgs/srv
[16.857s] -- Installing: /home/jason9308/robot_ws/src/install/techman_robot_msgs/include/techman_robot_msgs/techman_robot_msgs/srv/techman_robot_command.hpp
[16.857s] -- Up-to-date: /home/jason9308/robot_ws/src/install/techman_robot_msgs/include/techman_robot_msgs/techman_robot_msgs/srv/detail
[16.857s] -- Installing: /home/jason9308/robot_ws/src/install/techman_robot_msgs/include/techman_robot_msgs/techman_robot_msgs/srv/detail/techman_robot_command__type_support.hpp
[16.857s] -- Installing: /home/jason9308/robot_ws/src/install/techman_robot_msgs/include/techman_robot_msgs/techman_robot_msgs/srv/detail/techman_robot_command__builder.hpp
[16.857s] -- Installing: /home/jason9308/robot_ws/src/install/techman_robot_msgs/include/techman_robot_msgs/techman_robot_msgs/srv/detail/techman_robot_command__traits.hpp
[16.857s] -- Installing: /home/jason9308/robot_ws/src/install/techman_robot_msgs/include/techman_robot_msgs/techman_robot_msgs/srv/detail/techman_robot_command__struct.hpp
[16.857s] -- Up-to-date: /home/jason9308/robot_ws/src/install/techman_robot_msgs/include/techman_robot_msgs/techman_robot_msgs
[16.857s] -- Up-to-date: /home/jason9308/robot_ws/src/install/techman_robot_msgs/include/techman_robot_msgs/techman_robot_msgs/msg
[16.857s] -- Installing: /home/jason9308/robot_ws/src/install/techman_robot_msgs/include/techman_robot_msgs/techman_robot_msgs/msg/rosidl_typesupport_fastrtps_cpp__visibility_control.h
[16.858s] -- Up-to-date: /home/jason9308/robot_ws/src/install/techman_robot_msgs/include/techman_robot_msgs/techman_robot_msgs/srv
[16.858s] -- Up-to-date: /home/jason9308/robot_ws/src/install/techman_robot_msgs/include/techman_robot_msgs/techman_robot_msgs/srv/detail
[16.858s] -- Installing: /home/jason9308/robot_ws/src/install/techman_robot_msgs/include/techman_robot_msgs/techman_robot_msgs/srv/detail/dds_fastrtps
[16.858s] -- Installing: /home/jason9308/robot_ws/src/install/techman_robot_msgs/include/techman_robot_msgs/techman_robot_msgs/srv/detail/techman_robot_command__rosidl_typesupport_fastrtps_cpp.hpp
[16.858s] -- Installing: /home/jason9308/robot_ws/src/install/techman_robot_msgs/lib/libtechman_robot_msgs__rosidl_typesupport_fastrtps_cpp.so
[16.858s] -- Set runtime path of "/home/jason9308/robot_ws/src/install/techman_robot_msgs/lib/libtechman_robot_msgs__rosidl_typesupport_fastrtps_cpp.so" to ""
[16.858s] -- Up-to-date: /home/jason9308/robot_ws/src/install/techman_robot_msgs/include/techman_robot_msgs/techman_robot_msgs
[16.858s] -- Up-to-date: /home/jason9308/robot_ws/src/install/techman_robot_msgs/include/techman_robot_msgs/techman_robot_msgs/srv
[16.858s] -- Up-to-date: /home/jason9308/robot_ws/src/install/techman_robot_msgs/include/techman_robot_msgs/techman_robot_msgs/srv/detail
[16.858s] -- Installing: /home/jason9308/robot_ws/src/install/techman_robot_msgs/include/techman_robot_msgs/techman_robot_msgs/srv/detail/techman_robot_command__rosidl_typesupport_introspection_cpp.hpp
[16.858s] -- Installing: /home/jason9308/robot_ws/src/install/techman_robot_msgs/include/techman_robot_msgs/techman_robot_msgs/srv/detail/techman_robot_command__type_support.cpp
[16.858s] -- Installing: /home/jason9308/robot_ws/src/install/techman_robot_msgs/lib/libtechman_robot_msgs__rosidl_typesupport_introspection_cpp.so
[16.858s] -- Set runtime path of "/home/jason9308/robot_ws/src/install/techman_robot_msgs/lib/libtechman_robot_msgs__rosidl_typesupport_introspection_cpp.so" to ""
[16.858s] -- Installing: /home/jason9308/robot_ws/src/install/techman_robot_msgs/lib/libtechman_robot_msgs__rosidl_typesupport_cpp.so
[16.858s] -- Set runtime path of "/home/jason9308/robot_ws/src/install/techman_robot_msgs/lib/libtechman_robot_msgs__rosidl_typesupport_cpp.so" to ""
[16.858s] -- Installing: /home/jason9308/robot_ws/src/install/techman_robot_msgs/share/techman_robot_msgs/environment/pythonpath.sh
[16.864s] -- Installing: /home/jason9308/robot_ws/src/install/techman_robot_msgs/share/techman_robot_msgs/environment/pythonpath.dsv
[16.864s] -- Installing: /home/jason9308/robot_ws/src/install/techman_robot_msgs/local/lib/python3.10/dist-packages/techman_robot_msgs-1.0.0-py3.10.egg-info
[16.864s] -- Installing: /home/jason9308/robot_ws/src/install/techman_robot_msgs/local/lib/python3.10/dist-packages/techman_robot_msgs-1.0.0-py3.10.egg-info/dependency_links.txt
[16.864s] -- Installing: /home/jason9308/robot_ws/src/install/techman_robot_msgs/local/lib/python3.10/dist-packages/techman_robot_msgs-1.0.0-py3.10.egg-info/PKG-INFO
[16.864s] -- Installing: /home/jason9308/robot_ws/src/install/techman_robot_msgs/local/lib/python3.10/dist-packages/techman_robot_msgs-1.0.0-py3.10.egg-info/top_level.txt
[16.864s] -- Installing: /home/jason9308/robot_ws/src/install/techman_robot_msgs/local/lib/python3.10/dist-packages/techman_robot_msgs-1.0.0-py3.10.egg-info/SOURCES.txt
[16.864s] -- Installing: /home/jason9308/robot_ws/src/install/techman_robot_msgs/local/lib/python3.10/dist-packages/techman_robot_msgs
[16.864s] -- Installing: /home/jason9308/robot_ws/src/install/techman_robot_msgs/local/lib/python3.10/dist-packages/techman_robot_msgs/techman_robot_msgs_s__rosidl_typesupport_introspection_c.cpython-310-x86_64-linux-gnu.so
[16.864s] -- Installing: /home/jason9308/robot_ws/src/install/techman_robot_msgs/local/lib/python3.10/dist-packages/techman_robot_msgs/__init__.py
[16.865s] -- Installing: /home/jason9308/robot_ws/src/install/techman_robot_msgs/local/lib/python3.10/dist-packages/techman_robot_msgs/_techman_robot_msgs_s.ep.rosidl_typesupport_c.c
[16.865s] -- Installing: /home/jason9308/robot_ws/src/install/techman_robot_msgs/local/lib/python3.10/dist-packages/techman_robot_msgs/_techman_robot_msgs_s.ep.rosidl_typesupport_introspection_c.c
[16.865s] -- Installing: /home/jason9308/robot_ws/src/install/techman_robot_msgs/local/lib/python3.10/dist-packages/techman_robot_msgs/srv
[16.865s] -- Installing: /home/jason9308/robot_ws/src/install/techman_robot_msgs/local/lib/python3.10/dist-packages/techman_robot_msgs/srv/_techman_robot_command_s.c
[16.865s] -- Installing: /home/jason9308/robot_ws/src/install/techman_robot_msgs/local/lib/python3.10/dist-packages/techman_robot_msgs/srv/__init__.py
[16.865s] -- Installing: /home/jason9308/robot_ws/src/install/techman_robot_msgs/local/lib/python3.10/dist-packages/techman_robot_msgs/srv/_techman_robot_command.py
[16.865s] -- Installing: /home/jason9308/robot_ws/src/install/techman_robot_msgs/local/lib/python3.10/dist-packages/techman_robot_msgs/libtechman_robot_msgs__rosidl_generator_py.so
[16.865s] -- Installing: /home/jason9308/robot_ws/src/install/techman_robot_msgs/local/lib/python3.10/dist-packages/techman_robot_msgs/techman_robot_msgs_s__rosidl_typesupport_fastrtps_c.cpython-310-x86_64-linux-gnu.so
[16.865s] -- Installing: /home/jason9308/robot_ws/src/install/techman_robot_msgs/local/lib/python3.10/dist-packages/techman_robot_msgs/techman_robot_msgs_s__rosidl_typesupport_c.cpython-310-x86_64-linux-gnu.so
[16.865s] -- Installing: /home/jason9308/robot_ws/src/install/techman_robot_msgs/local/lib/python3.10/dist-packages/techman_robot_msgs/_techman_robot_msgs_s.ep.rosidl_typesupport_fastrtps_c.c
[17.050s] Listing '/home/jason9308/robot_ws/src/install/techman_robot_msgs/local/lib/python3.10/dist-packages/techman_robot_msgs'...
[17.050s] Compiling '/home/jason9308/robot_ws/src/install/techman_robot_msgs/local/lib/python3.10/dist-packages/techman_robot_msgs/__init__.py'...
[17.050s] Listing '/home/jason9308/robot_ws/src/install/techman_robot_msgs/local/lib/python3.10/dist-packages/techman_robot_msgs/srv'...
[17.050s] Compiling '/home/jason9308/robot_ws/src/install/techman_robot_msgs/local/lib/python3.10/dist-packages/techman_robot_msgs/srv/__init__.py'...
[17.050s] Compiling '/home/jason9308/robot_ws/src/install/techman_robot_msgs/local/lib/python3.10/dist-packages/techman_robot_msgs/srv/_techman_robot_command.py'...
[17.068s] -- Installing: /home/jason9308/robot_ws/src/install/techman_robot_msgs/local/lib/python3.10/dist-packages/techman_robot_msgs/techman_robot_msgs_s__rosidl_typesupport_fastrtps_c.cpython-310-x86_64-linux-gnu.so
[17.069s] -- Set runtime path of "/home/jason9308/robot_ws/src/install/techman_robot_msgs/local/lib/python3.10/dist-packages/techman_robot_msgs/techman_robot_msgs_s__rosidl_typesupport_fastrtps_c.cpython-310-x86_64-linux-gnu.so" to ""
[17.070s] -- Installing: /home/jason9308/robot_ws/src/install/techman_robot_msgs/local/lib/python3.10/dist-packages/techman_robot_msgs/techman_robot_msgs_s__rosidl_typesupport_introspection_c.cpython-310-x86_64-linux-gnu.so
[17.071s] -- Set runtime path of "/home/jason9308/robot_ws/src/install/techman_robot_msgs/local/lib/python3.10/dist-packages/techman_robot_msgs/techman_robot_msgs_s__rosidl_typesupport_introspection_c.cpython-310-x86_64-linux-gnu.so" to ""
[17.071s] -- Installing: /home/jason9308/robot_ws/src/install/techman_robot_msgs/local/lib/python3.10/dist-packages/techman_robot_msgs/techman_robot_msgs_s__rosidl_typesupport_c.cpython-310-x86_64-linux-gnu.so
[17.072s] -- Set runtime path of "/home/jason9308/robot_ws/src/install/techman_robot_msgs/local/lib/python3.10/dist-packages/techman_robot_msgs/techman_robot_msgs_s__rosidl_typesupport_c.cpython-310-x86_64-linux-gnu.so" to ""
[17.072s] -- Installing: /home/jason9308/robot_ws/src/install/techman_robot_msgs/lib/libtechman_robot_msgs__rosidl_generator_py.so
[17.080s] -- Set runtime path of "/home/jason9308/robot_ws/src/install/techman_robot_msgs/lib/libtechman_robot_msgs__rosidl_generator_py.so" to ""
[17.080s] -- Installing: /home/jason9308/robot_ws/src/install/techman_robot_msgs/share/techman_robot_msgs/srv/TechmanRobotCommand.idl
[17.081s] -- Installing: /home/jason9308/robot_ws/src/install/techman_robot_msgs/share/techman_robot_msgs/srv/TechmanRobotCommand.srv
[17.081s] -- Installing: /home/jason9308/robot_ws/src/install/techman_robot_msgs/share/techman_robot_msgs/srv/TechmanRobotCommand_Request.msg
[17.081s] -- Installing: /home/jason9308/robot_ws/src/install/techman_robot_msgs/share/techman_robot_msgs/srv/TechmanRobotCommand_Response.msg
[17.081s] -- Installing: /home/jason9308/robot_ws/src/install/techman_robot_msgs/share/ament_index/resource_index/package_run_dependencies/techman_robot_msgs
[17.082s] -- Installing: /home/jason9308/robot_ws/src/install/techman_robot_msgs/share/ament_index/resource_index/parent_prefix_path/techman_robot_msgs
[17.083s] -- Installing: /home/jason9308/robot_ws/src/install/techman_robot_msgs/share/techman_robot_msgs/environment/ament_prefix_path.sh
[17.083s] -- Installing: /home/jason9308/robot_ws/src/install/techman_robot_msgs/share/techman_robot_msgs/environment/ament_prefix_path.dsv
[17.083s] -- Installing: /home/jason9308/robot_ws/src/install/techman_robot_msgs/share/techman_robot_msgs/environment/path.sh
[17.083s] -- Installing: /home/jason9308/robot_ws/src/install/techman_robot_msgs/share/techman_robot_msgs/environment/path.dsv
[17.083s] -- Installing: /home/jason9308/robot_ws/src/install/techman_robot_msgs/share/techman_robot_msgs/local_setup.bash
[17.088s] -- Installing: /home/jason9308/robot_ws/src/install/techman_robot_msgs/share/techman_robot_msgs/local_setup.sh
[17.089s] -- Installing: /home/jason9308/robot_ws/src/install/techman_robot_msgs/share/techman_robot_msgs/local_setup.zsh
[17.090s] -- Installing: /home/jason9308/robot_ws/src/install/techman_robot_msgs/share/techman_robot_msgs/local_setup.dsv
[17.090s] -- Installing: /home/jason9308/robot_ws/src/install/techman_robot_msgs/share/techman_robot_msgs/package.dsv
[17.091s] -- Installing: /home/jason9308/robot_ws/src/install/techman_robot_msgs/share/ament_index/resource_index/packages/techman_robot_msgs
[17.091s] -- Installing: /home/jason9308/robot_ws/src/install/techman_robot_msgs/share/techman_robot_msgs/cmake/export_techman_robot_msgs__rosidl_generator_cExport.cmake
[17.091s] -- Installing: /home/jason9308/robot_ws/src/install/techman_robot_msgs/share/techman_robot_msgs/cmake/export_techman_robot_msgs__rosidl_generator_cExport-noconfig.cmake
[17.092s] -- Installing: /home/jason9308/robot_ws/src/install/techman_robot_msgs/share/techman_robot_msgs/cmake/export_techman_robot_msgs__rosidl_typesupport_fastrtps_cExport.cmake
[17.092s] -- Installing: /home/jason9308/robot_ws/src/install/techman_robot_msgs/share/techman_robot_msgs/cmake/export_techman_robot_msgs__rosidl_typesupport_fastrtps_cExport-noconfig.cmake
[17.093s] -- Installing: /home/jason9308/robot_ws/src/install/techman_robot_msgs/share/techman_robot_msgs/cmake/techman_robot_msgs__rosidl_typesupport_introspection_cExport.cmake
[17.093s] -- Installing: /home/jason9308/robot_ws/src/install/techman_robot_msgs/share/techman_robot_msgs/cmake/techman_robot_msgs__rosidl_typesupport_introspection_cExport-noconfig.cmake
[17.093s] -- Installing: /home/jason9308/robot_ws/src/install/techman_robot_msgs/share/techman_robot_msgs/cmake/techman_robot_msgs__rosidl_typesupport_cExport.cmake
[17.094s] -- Installing: /home/jason9308/robot_ws/src/install/techman_robot_msgs/share/techman_robot_msgs/cmake/techman_robot_msgs__rosidl_typesupport_cExport-noconfig.cmake
[17.094s] -- Installing: /home/jason9308/robot_ws/src/install/techman_robot_msgs/share/techman_robot_msgs/cmake/export_techman_robot_msgs__rosidl_generator_cppExport.cmake
[17.096s] -- Installing: /home/jason9308/robot_ws/src/install/techman_robot_msgs/share/techman_robot_msgs/cmake/export_techman_robot_msgs__rosidl_typesupport_fastrtps_cppExport.cmake
[17.096s] -- Installing: /home/jason9308/robot_ws/src/install/techman_robot_msgs/share/techman_robot_msgs/cmake/export_techman_robot_msgs__rosidl_typesupport_fastrtps_cppExport-noconfig.cmake
[17.097s] -- Installing: /home/jason9308/robot_ws/src/install/techman_robot_msgs/share/techman_robot_msgs/cmake/techman_robot_msgs__rosidl_typesupport_introspection_cppExport.cmake
[17.100s] -- Installing: /home/jason9308/robot_ws/src/install/techman_robot_msgs/share/techman_robot_msgs/cmake/techman_robot_msgs__rosidl_typesupport_introspection_cppExport-noconfig.cmake
[17.100s] -- Installing: /home/jason9308/robot_ws/src/install/techman_robot_msgs/share/techman_robot_msgs/cmake/techman_robot_msgs__rosidl_typesupport_cppExport.cmake
[17.101s] -- Installing: /home/jason9308/robot_ws/src/install/techman_robot_msgs/share/techman_robot_msgs/cmake/techman_robot_msgs__rosidl_typesupport_cppExport-noconfig.cmake
[17.101s] -- Installing: /home/jason9308/robot_ws/src/install/techman_robot_msgs/share/techman_robot_msgs/cmake/export_techman_robot_msgs__rosidl_generator_pyExport.cmake
[17.101s] -- Installing: /home/jason9308/robot_ws/src/install/techman_robot_msgs/share/techman_robot_msgs/cmake/export_techman_robot_msgs__rosidl_generator_pyExport-noconfig.cmake
[17.101s] -- Installing: /home/jason9308/robot_ws/src/install/techman_robot_msgs/share/techman_robot_msgs/cmake/rosidl_cmake-extras.cmake
[17.103s] -- Installing: /home/jason9308/robot_ws/src/install/techman_robot_msgs/share/techman_robot_msgs/cmake/ament_cmake_export_include_directories-extras.cmake
[17.104s] -- Installing: /home/jason9308/robot_ws/src/install/techman_robot_msgs/share/techman_robot_msgs/cmake/ament_cmake_export_libraries-extras.cmake
[17.104s] -- Installing: /home/jason9308/robot_ws/src/install/techman_robot_msgs/share/techman_robot_msgs/cmake/ament_cmake_export_targets-extras.cmake
[17.109s] -- Installing: /home/jason9308/robot_ws/src/install/techman_robot_msgs/share/techman_robot_msgs/cmake/rosidl_cmake_export_typesupport_targets-extras.cmake
[17.109s] -- Installing: /home/jason9308/robot_ws/src/install/techman_robot_msgs/share/techman_robot_msgs/cmake/ament_cmake_export_dependencies-extras.cmake
[17.109s] -- Installing: /home/jason9308/robot_ws/src/install/techman_robot_msgs/share/techman_robot_msgs/cmake/rosidl_cmake_export_typesupport_libraries-extras.cmake
[17.109s] -- Installing: /home/jason9308/robot_ws/src/install/techman_robot_msgs/share/techman_robot_msgs/cmake/techman_robot_msgsConfig.cmake
[17.113s] -- Installing: /home/jason9308/robot_ws/src/install/techman_robot_msgs/share/techman_robot_msgs/cmake/techman_robot_msgsConfig-version.cmake
[17.113s] -- Installing: /home/jason9308/robot_ws/src/install/techman_robot_msgs/share/techman_robot_msgs/package.xml
[17.123s] Invoked command in '/home/jason9308/robot_ws/src/build/techman_robot_msgs' returned '0': CMAKE_PREFIX_PATH=/home/jason9308/robot_ws/install/xarm_planner:/home/jason9308/robot_ws/install/xarm_moveit_servo:/home/jason9308/robot_ws/install/xarm_moveit_config:/home/jason9308/robot_ws/install/xarm_gazebo:/home/jason9308/robot_ws/install/xarm_controller:/home/jason9308/robot_ws/install/xarm_api:/home/jason9308/robot_ws/install/xarm_sdk:/home/jason9308/robot_ws/install/move_arm:/home/jason9308/robot_ws/install/medicine_grabber:/home/jason9308/robot_ws/install/lite6_handeye:/home/jason9308/robot_ws/install/json_file_watcher:/home/jason9308/robot_ws/install/aruco_grab:/home/jason9308/robot_ws/install/xarm_msgs:/home/jason9308/robot_ws/install/xarm_description:/home/jason9308/robot_ws/install/ui_for_debug_and_demo:/home/jason9308/robot_ws/install/tracer_base:/home/jason9308/robot_ws/install/xarm_simulation:/home/jason9308/robot_ws/install/write_pose:/home/jason9308/robot_ws/install/voice_control:/home/jason9308/robot_ws/install/uf_ros_lib:/home/jason9308/robot_ws/install/tm_simulation_node:/home/jason9308/robot_ws/install/tm_mod_urdf:/home/jason9308/robot_ws/install/tm_get_status:/home/jason9308/robot_ws/install/speech_recognition_pkg:/home/jason9308/robot_ws/install/my_2f85gripper_py:/home/jason9308/robot_ws/install/hand_detection:/home/jason9308/robot_ws/install/face_recognition:/home/jason9308/robot_ws/install/chatbot:/home/jason9308/robot_ws/install/calibration_cross:/opt/ros/humble:/home/jason9308/robot_ws/install/ugv_sdk:/home/jason9308/robot_ws/install/tracer_msgs:/home/jason9308/robot_ws/install/tm_driver:/home/jason9308/robot_ws/install/demo:/home/jason9308/robot_ws/install/tm_msgs:/home/jason9308/robot_ws/install/tm_description:/home/jason9308/robot_ws/install/custom_package:/home/jason9308/robot_ws/install/techman_robot_msgs:/home/jason9308/robot_ws/install/realsense_gazebo_plugin:/home/jason9308/robot_ws/install/navigation_server:/home/jason9308/robot_ws/install/navigation_interfaces:/home/jason9308/robot_ws/install/mbot_demo:/home/jason9308/robot_ws/install/lslidar_driver:/home/jason9308/robot_ws/install/lslidar_msgs:/home/jason9308/robot_ws/install/grpr2f85_ifaces:/home/jason9308/robot_ws/install/control_node /usr/local/cuda-11.5/bin/cmake --install /home/jason9308/robot_ws/src/build/techman_robot_msgs
